  Compiling CUDA source file A.cu...
  
  D:\virtual-discC-code\Dragon-alpha-3060ti\engine-cuda-base\Cuda_batchMatMul\Cuda_batchMatMul>"C:\Program Files\NVIDIA GPU Computing Toolkit\CUDA\v11.5\bin\nvcc.exe" -gencode=arch=compute_52,code=\"sm_52,compute_52\" --use-local-env -ccbin "C:\Program Files (x86)\Microsoft Visual Studio\2017\Community\VC\Tools\MSVC\14.16.27023\bin\HostX86\x64" -x cu   -I"C:\Program Files\NVIDIA GPU Computing Toolkit\CUDA\v11.5\include" -I"C:\Program Files\NVIDIA GPU Computing Toolkit\CUDA\v11.5\include"     --keep-dir x64\Release  -maxrregcount=0 --ptxas-options=-v --machine 64 --compile -cudart static    -DWIN32 -DWIN64 -DNDEBUG -D_CONSOLE -D_WINDLL -D_MBCS -Xcompiler "/EHsc /W3 /nologo /O2 /Fdx64\Release\vc141.pdb /FS   /MD " -o x64\Release\A.cu.obj "D:\virtual-discC-code\Dragon-alpha-3060ti\engine-cuda-base\Cuda_batchMatMul\Cuda_batchMatMul\A.cu" 
d:\virtual-discc-code\dragon-alpha-3060ti\engine-cuda-base\cuda_batchmatmul\cuda_batchmatmul\test.cuh(602): warning #938-D: return type "int" omitted in declaration of function "main"
  
  ptxas info    : 1040 bytes gmem
  ptxas info    : Compiling entry function '_Z32bmmT2_kernel_8_8_padding_textureILi3ELi4ELi3ELi1ELi1EEvyyPfiiiiii' for 'sm_52'
  ptxas info    : Function properties for _Z32bmmT2_kernel_8_8_padding_textureILi3ELi4ELi3ELi1ELi1EEvyyPfiiiiii
      0 bytes stack frame, 0 bytes spill stores, 0 bytes spill loads
  ptxas info    : Used 140 registers, 4608 bytes smem, 368 bytes cmem[0]
  ptxas info    : Compiling entry function '_Z24bmmT2_kernel_2_2_paddingILi3ELi8ELi1ELi1EEvPKfS1_Pfiiiiii' for 'sm_52'
  ptxas info    : Function properties for _Z24bmmT2_kernel_2_2_paddingILi3ELi8ELi1ELi1EEvPKfS1_Pfiiiiii
      0 bytes stack frame, 0 bytes spill stores, 0 bytes spill loads
  ptxas info    : Used 32 registers, 2304 bytes smem, 368 bytes cmem[0]
  ptxas info    : Compiling entry function '_Z16bmmT2_kernel_1_4ILi3ELi8ELi1ELi1EEvPKfS1_Pfiiiiii' for 'sm_52'
  ptxas info    : Function properties for _Z16bmmT2_kernel_1_4ILi3ELi8ELi1ELi1EEvPKfS1_Pfiiiiii
      0 bytes stack frame, 0 bytes spill stores, 0 bytes spill loads
  ptxas info    : Used 40 registers, 2880 bytes smem, 368 bytes cmem[0]
  ptxas info    : Compiling entry function '_Z16bmmT2_kernel_4_1ILi3ELi8ELi1ELi1EEvPKfS1_Pfiiiiii' for 'sm_52'
  ptxas info    : Function properties for _Z16bmmT2_kernel_4_1ILi3ELi8ELi1ELi1EEvPKfS1_Pfiiiiii
      0 bytes stack frame, 0 bytes spill stores, 0 bytes spill loads
  ptxas info    : Used 40 registers, 2880 bytes smem, 368 bytes cmem[0]
  ptxas info    : Compiling entry function '_Z16bmmT2_kernel_2_2ILi3ELi8ELi1ELi1EEvPKfS1_Pfiiiiii' for 'sm_52'
  ptxas info    : Function properties for _Z16bmmT2_kernel_2_2ILi3ELi8ELi1ELi1EEvPKfS1_Pfiiiiii
      0 bytes stack frame, 0 bytes spill stores, 0 bytes spill loads
  ptxas info    : Used 35 registers, 2304 bytes smem, 368 bytes cmem[0]
  ptxas info    : Compiling entry function '_Z16bmmT2_kernel_4_2ILi3ELi4ELi1ELi1EEvPKfS1_Pfiiiiii' for 'sm_52'
  ptxas info    : Function properties for _Z16bmmT2_kernel_4_2ILi3ELi4ELi1ELi1EEvPKfS1_Pfiiiiii
      0 bytes stack frame, 0 bytes spill stores, 0 bytes spill loads
  ptxas info    : Used 46 registers, 1728 bytes smem, 368 bytes cmem[0]
  ptxas info    : Compiling entry function '_Z16bmmT2_kernel_2_4ILi3ELi4ELi1ELi1EEvPKfS1_Pfiiiiii' for 'sm_52'
  ptxas info    : Function properties for _Z16bmmT2_kernel_2_4ILi3ELi4ELi1ELi1EEvPKfS1_Pfiiiiii
      0 bytes stack frame, 0 bytes spill stores, 0 bytes spill loads
  ptxas info    : Used 40 registers, 1728 bytes smem, 368 bytes cmem[0]
  ptxas info    : Compiling entry function '_Z16bmmT2_kernel_8_2ILi3ELi4ELi1ELi1EEvPKfS1_Pfiiiiii' for 'sm_52'
  ptxas info    : Function properties for _Z16bmmT2_kernel_8_2ILi3ELi4ELi1ELi1EEvPKfS1_Pfiiiiii
      0 bytes stack frame, 0 bytes spill stores, 0 bytes spill loads
  ptxas info    : Used 55 registers, 2880 bytes smem, 368 bytes cmem[0]
  ptxas info    : Compiling entry function '_Z16bmmT2_kernel_2_8ILi3ELi4ELi1ELi1EEvPKfS1_Pfiiiiii' for 'sm_52'
  ptxas info    : Function properties for _Z16bmmT2_kernel_2_8ILi3ELi4ELi1ELi1EEvPKfS1_Pfiiiiii
      0 bytes stack frame, 0 bytes spill stores, 0 bytes spill loads
  ptxas info    : Used 56 registers, 2880 bytes smem, 368 bytes cmem[0]
  ptxas info    : Compiling entry function '_Z24bmmT2_kernel_4_4_paddingILi3ELi4ELi1ELi1EEvPKfS1_Pfiiiiii' for 'sm_52'
  ptxas info    : Function properties for _Z24bmmT2_kernel_4_4_paddingILi3ELi4ELi1ELi1EEvPKfS1_Pfiiiiii
      0 bytes stack frame, 0 bytes spill stores, 0 bytes spill loads
  ptxas info    : Used 52 registers, 2304 bytes smem, 368 bytes cmem[0]
  ptxas info    : Compiling entry function '_Z24bmmT2_uernel_4_4_paddingILi3ELi4ELi8ELi1ELi1EEvPKfS1_Pfiiiiii' for 'sm_52'
  ptxas info    : Function properties for _Z24bmmT2_uernel_4_4_paddingILi3ELi4ELi8ELi1ELi1EEvPKfS1_Pfiiiiii
      0 bytes stack frame, 0 bytes spill stores, 0 bytes spill loads
  ptxas info    : Used 64 registers, 4608 bytes smem, 368 bytes cmem[0]
  ptxas info    : Compiling entry function '_Z16bmmT2_kernel_4_4ILi3ELi4ELi1ELi1EEvPKfS1_Pfiiiiii' for 'sm_52'
  ptxas info    : Function properties for _Z16bmmT2_kernel_4_4ILi3ELi4ELi1ELi1EEvPKfS1_Pfiiiiii
      0 bytes stack frame, 0 bytes spill stores, 0 bytes spill loads
  ptxas info    : Used 54 registers, 2304 bytes smem, 368 bytes cmem[0]
  ptxas info    : Compiling entry function '_Z16bmmT2_uernel_4_4ILi3ELi4ELi8ELi1ELi1EEvPKfS1_Pfiiiiii' for 'sm_52'
  ptxas info    : Function properties for _Z16bmmT2_uernel_4_4ILi3ELi4ELi8ELi1ELi1EEvPKfS1_Pfiiiiii
      0 bytes stack frame, 0 bytes spill stores, 0 bytes spill loads
  ptxas info    : Used 56 registers, 4608 bytes smem, 368 bytes cmem[0]
  ptxas info    : Compiling entry function '_Z16bmmT2_kernel_8_8ILi3ELi4ELi3ELi1ELi1EEvPKfS1_Pfiiiiii' for 'sm_52'
  ptxas info    : Function properties for _Z16bmmT2_kernel_8_8ILi3ELi4ELi3ELi1ELi1EEvPKfS1_Pfiiiiii
      0 bytes stack frame, 0 bytes spill stores, 0 bytes spill loads
  ptxas info    : Used 127 registers, 4352 bytes smem, 368 bytes cmem[0]
  ptxas info    : Compiling entry function '_Z16bmmT2_uernel_8_8ILi3ELi4ELi8ELi1ELi1EEvPKfS1_Pfiiiiii' for 'sm_52'
  ptxas info    : Function properties for _Z16bmmT2_uernel_8_8ILi3ELi4ELi8ELi1ELi1EEvPKfS1_Pfiiiiii
      0 bytes stack frame, 0 bytes spill stores, 0 bytes spill loads
  ptxas info    : Used 112 registers, 8704 bytes smem, 368 bytes cmem[0]
  ptxas info    : Compiling entry function '_Z16bmmT2_uernel_8_8ILi4ELi8ELi16ELi1ELi1EEvPKfS1_Pfiiiiii' for 'sm_52'
  ptxas info    : Function properties for _Z16bmmT2_uernel_8_8ILi4ELi8ELi16ELi1ELi1EEvPKfS1_Pfiiiiii
      0 bytes stack frame, 0 bytes spill stores, 0 bytes spill loads
  ptxas info    : Used 128 registers, 33792 bytes smem, 368 bytes cmem[0]
  ptxas info    : Compiling entry function '_Z24bmmT2_kernel_8_8_paddingILi3ELi4ELi1ELi1EEvPKfS1_Pfiiiiii' for 'sm_52'
  ptxas info    : Function properties for _Z24bmmT2_kernel_8_8_paddingILi3ELi4ELi1ELi1EEvPKfS1_Pfiiiiii
      0 bytes stack frame, 0 bytes spill stores, 0 bytes spill loads
  ptxas info    : Used 128 registers, 4608 bytes smem, 368 bytes cmem[0]
  ptxas info    : Compiling entry function '_Z24bmmT1_kernel_2_2_paddingILi3ELi8ELi1ELi1EEvPKfS1_Pfiiiiii' for 'sm_52'
  ptxas info    : Function properties for _Z24bmmT1_kernel_2_2_paddingILi3ELi8ELi1ELi1EEvPKfS1_Pfiiiiii
      0 bytes stack frame, 0 bytes spill stores, 0 bytes spill loads
  ptxas info    : Used 32 registers, 2304 bytes smem, 368 bytes cmem[0]
  ptxas info    : Compiling entry function '_Z16bmmT1_kernel_1_4ILi3ELi8ELi1ELi1EEvPKfS1_Pfiiiiii' for 'sm_52'
  ptxas info    : Function properties for _Z16bmmT1_kernel_1_4ILi3ELi8ELi1ELi1EEvPKfS1_Pfiiiiii
      0 bytes stack frame, 0 bytes spill stores, 0 bytes spill loads
  ptxas info    : Used 48 registers, 2880 bytes smem, 368 bytes cmem[0]
  ptxas info    : Compiling entry function '_Z16bmmT1_kernel_4_1ILi3ELi8ELi1ELi1EEvPKfS1_Pfiiiiii' for 'sm_52'
  ptxas info    : Function properties for _Z16bmmT1_kernel_4_1ILi3ELi8ELi1ELi1EEvPKfS1_Pfiiiiii
      0 bytes stack frame, 0 bytes spill stores, 0 bytes spill loads
  ptxas info    : Used 48 registers, 2880 bytes smem, 368 bytes cmem[0]
  ptxas info    : Compiling entry function '_Z16bmmT1_kernel_2_2ILi3ELi8ELi1ELi1EEvPKfS1_Pfiiiiii' for 'sm_52'
  ptxas info    : Function properties for _Z16bmmT1_kernel_2_2ILi3ELi8ELi1ELi1EEvPKfS1_Pfiiiiii
      0 bytes stack frame, 0 bytes spill stores, 0 bytes spill loads
  ptxas info    : Used 40 registers, 2304 bytes smem, 368 bytes cmem[0]
  ptxas info    : Compiling entry function '_Z16bmmT1_kernel_4_2ILi3ELi4ELi1ELi1EEvPKfS1_Pfiiiiii' for 'sm_52'
  ptxas info    : Function properties for _Z16bmmT1_kernel_4_2ILi3ELi4ELi1ELi1EEvPKfS1_Pfiiiiii
      0 bytes stack frame, 0 bytes spill stores, 0 bytes spill loads
  ptxas info    : Used 48 registers, 1728 bytes smem, 368 bytes cmem[0]
  ptxas info    : Compiling entry function '_Z16bmmT1_kernel_2_4ILi3ELi4ELi1ELi1EEvPKfS1_Pfiiiiii' for 'sm_52'
  ptxas info    : Function properties for _Z16bmmT1_kernel_2_4ILi3ELi4ELi1ELi1EEvPKfS1_Pfiiiiii
      0 bytes stack frame, 0 bytes spill stores, 0 bytes spill loads
  ptxas info    : Used 40 registers, 1728 bytes smem, 368 bytes cmem[0]
  ptxas info    : Compiling entry function '_Z16bmmT1_kernel_8_2ILi3ELi4ELi1ELi1EEvPKfS1_Pfiiiiii' for 'sm_52'
  ptxas info    : Function properties for _Z16bmmT1_kernel_8_2ILi3ELi4ELi1ELi1EEvPKfS1_Pfiiiiii
      0 bytes stack frame, 0 bytes spill stores, 0 bytes spill loads
  ptxas info    : Used 56 registers, 2880 bytes smem, 368 bytes cmem[0]
  ptxas info    : Compiling entry function '_Z16bmmT1_kernel_2_8ILi3ELi4ELi1ELi1EEvPKfS1_Pfiiiiii' for 'sm_52'
  ptxas info    : Function properties for _Z16bmmT1_kernel_2_8ILi3ELi4ELi1ELi1EEvPKfS1_Pfiiiiii
      0 bytes stack frame, 0 bytes spill stores, 0 bytes spill loads
  ptxas info    : Used 64 registers, 2880 bytes smem, 368 bytes cmem[0]
  ptxas info    : Compiling entry function '_Z24bmmT1_kernel_4_4_paddingILi3ELi4ELi1ELi1EEvPKfS1_Pfiiiiii' for 'sm_52'
  ptxas info    : Function properties for _Z24bmmT1_kernel_4_4_paddingILi3ELi4ELi1ELi1EEvPKfS1_Pfiiiiii
      0 bytes stack frame, 0 bytes spill stores, 0 bytes spill loads
  ptxas info    : Used 51 registers, 2304 bytes smem, 368 bytes cmem[0]
  ptxas info    : Compiling entry function '_Z16bmmT1_kernel_4_4ILi3ELi4ELi1ELi1EEvPKfS1_Pfiiiiii' for 'sm_52'
  ptxas info    : Function properties for _Z16bmmT1_kernel_4_4ILi3ELi4ELi1ELi1EEvPKfS1_Pfiiiiii
      0 bytes stack frame, 0 bytes spill stores, 0 bytes spill loads
  ptxas info    : Used 49 registers, 2304 bytes smem, 368 bytes cmem[0]
  ptxas info    : Compiling entry function '_Z24bmmT1_kernel_8_8_paddingILi3ELi4ELi1ELi1EEvPKfS1_Pfiiiiii' for 'sm_52'
  ptxas info    : Function properties for _Z24bmmT1_kernel_8_8_paddingILi3ELi4ELi1ELi1EEvPKfS1_Pfiiiiii
      0 bytes stack frame, 0 bytes spill stores, 0 bytes spill loads
  ptxas info    : Used 121 registers, 4608 bytes smem, 368 bytes cmem[0]
  ptxas info    : Compiling entry function '_Z24bmmT1_kernel_8_8_paddingILi4ELi8ELi1ELi1EEvPKfS1_Pfiiiiii' for 'sm_52'
  ptxas info    : Function properties for _Z24bmmT1_kernel_8_8_paddingILi4ELi8ELi1ELi1EEvPKfS1_Pfiiiiii
      0 bytes stack frame, 0 bytes spill stores, 0 bytes spill loads
  ptxas info    : Used 118 registers, 17408 bytes smem, 368 bytes cmem[0]
  ptxas info    : Compiling entry function '_Z16bmmT1_kernel_8_8ILi3ELi4ELi3ELi1ELi1EEvPKfS1_Pfiiiiii' for 'sm_52'
  ptxas info    : Function properties for _Z16bmmT1_kernel_8_8ILi3ELi4ELi3ELi1ELi1EEvPKfS1_Pfiiiiii
      0 bytes stack frame, 0 bytes spill stores, 0 bytes spill loads
  ptxas info    : Used 142 registers, 4352 bytes smem, 368 bytes cmem[0]
  ptxas info    : Compiling entry function '_Z19bmmT1_kernel_8_8_MKILi3ELi4ELi1ELi1EEvPKfS1_Pfiiiiii' for 'sm_52'
  ptxas info    : Function properties for _Z19bmmT1_kernel_8_8_MKILi3ELi4ELi1ELi1EEvPKfS1_Pfiiiiii
      0 bytes stack frame, 0 bytes spill stores, 0 bytes spill loads
  ptxas info    : Used 125 registers, 4352 bytes smem, 368 bytes cmem[0]
  ptxas info    : Compiling entry function '_Z16bmmT1_kernel_8_8ILi4ELi8ELi7ELi1ELi1EEvPKfS1_Pfiiiiii' for 'sm_52'
  ptxas info    : Function properties for _Z16bmmT1_kernel_8_8ILi4ELi8ELi7ELi1ELi1EEvPKfS1_Pfiiiiii
      0 bytes stack frame, 0 bytes spill stores, 0 bytes spill loads
  ptxas info    : Used 128 registers, 16896 bytes smem, 368 bytes cmem[0]
  ptxas info    : Compiling entry function '_Z19bmmT1_kernel_8_8_MKILi4ELi8ELi1ELi1EEvPKfS1_Pfiiiiii' for 'sm_52'
  ptxas info    : Function properties for _Z19bmmT1_kernel_8_8_MKILi4ELi8ELi1ELi1EEvPKfS1_Pfiiiiii
      0 bytes stack frame, 0 bytes spill stores, 0 bytes spill loads
  ptxas info    : Used 120 registers, 16896 bytes smem, 368 bytes cmem[0]
  ptxas info    : Compiling entry function '_Z30bmm_kernel_8_8_padding_textureILi3ELi4ELi1ELi1EEvyPKfPfiiiiii' for 'sm_52'
  ptxas info    : Function properties for _Z30bmm_kernel_8_8_padding_textureILi3ELi4ELi1ELi1EEvyPKfPfiiiiii
      0 bytes stack frame, 0 bytes spill stores, 0 bytes spill loads
  ptxas info    : Used 127 registers, 4608 bytes smem, 368 bytes cmem[0]
  ptxas info    : Compiling entry function '_Z30bmm_kernel_8_8_padding_textureILi4ELi8ELi1ELi1EEvyPKfPfiiiiii' for 'sm_52'
  ptxas info    : Function properties for _Z30bmm_kernel_8_8_padding_textureILi4ELi8ELi1ELi1EEvyPKfPfiiiiii
      0 bytes stack frame, 0 bytes spill stores, 0 bytes spill loads
  ptxas info    : Used 122 registers, 17408 bytes smem, 368 bytes cmem[0]
  ptxas info    : Compiling entry function '_Z22bmm_kernel_2_2_paddingILi3ELi8ELi1ELi1EEvPKfS1_Pfiiiiii' for 'sm_52'
  ptxas info    : Function properties for _Z22bmm_kernel_2_2_paddingILi3ELi8ELi1ELi1EEvPKfS1_Pfiiiiii
      0 bytes stack frame, 0 bytes spill stores, 0 bytes spill loads
  ptxas info    : Used 32 registers, 2304 bytes smem, 368 bytes cmem[0]
  ptxas info    : Compiling entry function '_Z14bmm_kernel_1_4ILi3ELi8ELi1ELi1EEvPKfS1_Pfiiiiii' for 'sm_52'
  ptxas info    : Function properties for _Z14bmm_kernel_1_4ILi3ELi8ELi1ELi1EEvPKfS1_Pfiiiiii
      0 bytes stack frame, 0 bytes spill stores, 0 bytes spill loads
  ptxas info    : Used 40 registers, 2880 bytes smem, 368 bytes cmem[0]
  ptxas info    : Compiling entry function '_Z14bmm_kernel_4_1ILi3ELi8ELi1ELi1EEvPKfS1_Pfiiiiii' for 'sm_52'
  ptxas info    : Function properties for _Z14bmm_kernel_4_1ILi3ELi8ELi1ELi1EEvPKfS1_Pfiiiiii
      0 bytes stack frame, 0 bytes spill stores, 0 bytes spill loads
  ptxas info    : Used 46 registers, 2880 bytes smem, 368 bytes cmem[0]
  ptxas info    : Compiling entry function '_Z14bmm_kernel_2_2ILi3ELi8ELi1ELi1EEvPKfS1_Pfiiiiii' for 'sm_52'
  ptxas info    : Function properties for _Z14bmm_kernel_2_2ILi3ELi8ELi1ELi1EEvPKfS1_Pfiiiiii
      0 bytes stack frame, 0 bytes spill stores, 0 bytes spill loads
  ptxas info    : Used 36 registers, 2304 bytes smem, 368 bytes cmem[0]
  ptxas info    : Compiling entry function '_Z14bmm_kernel_4_2ILi3ELi4ELi1ELi1EEvPKfS1_Pfiiiiii' for 'sm_52'
  ptxas info    : Function properties for _Z14bmm_kernel_4_2ILi3ELi4ELi1ELi1EEvPKfS1_Pfiiiiii
      0 bytes stack frame, 0 bytes spill stores, 0 bytes spill loads
  ptxas info    : Used 48 registers, 1728 bytes smem, 368 bytes cmem[0]
  ptxas info    : Compiling entry function '_Z14bmm_kernel_2_4ILi3ELi4ELi1ELi1EEvPKfS1_Pfiiiiii' for 'sm_52'
  ptxas info    : Function properties for _Z14bmm_kernel_2_4ILi3ELi4ELi1ELi1EEvPKfS1_Pfiiiiii
      0 bytes stack frame, 0 bytes spill stores, 0 bytes spill loads
  ptxas info    : Used 40 registers, 1728 bytes smem, 368 bytes cmem[0]
  ptxas info    : Compiling entry function '_Z14bmm_kernel_8_2ILi3ELi4ELi1ELi1EEvPKfS1_Pfiiiiii' for 'sm_52'
  ptxas info    : Function properties for _Z14bmm_kernel_8_2ILi3ELi4ELi1ELi1EEvPKfS1_Pfiiiiii
      0 bytes stack frame, 0 bytes spill stores, 0 bytes spill loads
  ptxas info    : Used 64 registers, 2880 bytes smem, 368 bytes cmem[0]
  ptxas info    : Compiling entry function '_Z14bmm_kernel_2_8ILi3ELi4ELi1ELi1EEvPKfS1_Pfiiiiii' for 'sm_52'
  ptxas info    : Function properties for _Z14bmm_kernel_2_8ILi3ELi4ELi1ELi1EEvPKfS1_Pfiiiiii
      0 bytes stack frame, 0 bytes spill stores, 0 bytes spill loads
  ptxas info    : Used 62 registers, 2880 bytes smem, 368 bytes cmem[0]
  ptxas info    : Compiling entry function '_Z22bmm_kernel_4_4_paddingILi3ELi4ELi1ELi1EEvPKfS1_Pfiiiiii' for 'sm_52'
  ptxas info    : Function properties for _Z22bmm_kernel_4_4_paddingILi3ELi4ELi1ELi1EEvPKfS1_Pfiiiiii
      0 bytes stack frame, 0 bytes spill stores, 0 bytes spill loads
  ptxas info    : Used 56 registers, 2304 bytes smem, 368 bytes cmem[0]
  ptxas info    : Compiling entry function '_Z25bmm_uernel_4_4_MK_paddingILi3ELi4ELi8ELi1ELi1EEvPKfS1_Pfiiiiii' for 'sm_52'
  ptxas info    : Function properties for _Z25bmm_uernel_4_4_MK_paddingILi3ELi4ELi8ELi1ELi1EEvPKfS1_Pfiiiiii
      0 bytes stack frame, 0 bytes spill stores, 0 bytes spill loads
  ptxas info    : Used 62 registers, 4608 bytes smem, 368 bytes cmem[0]
  ptxas info    : Compiling entry function '_Z14bmm_kernel_4_4ILi3ELi4ELi1ELi1EEvPKfS1_Pfiiiiii' for 'sm_52'
  ptxas info    : Function properties for _Z14bmm_kernel_4_4ILi3ELi4ELi1ELi1EEvPKfS1_Pfiiiiii
      0 bytes stack frame, 0 bytes spill stores, 0 bytes spill loads
  ptxas info    : Used 56 registers, 2304 bytes smem, 368 bytes cmem[0]
  ptxas info    : Compiling entry function '_Z17bmm_uernel_4_4_MKILi3ELi4ELi8ELi1ELi1EEvPKfS1_Pfiiiiii' for 'sm_52'
  ptxas info    : Function properties for _Z17bmm_uernel_4_4_MKILi3ELi4ELi8ELi1ELi1EEvPKfS1_Pfiiiiii
      0 bytes stack frame, 0 bytes spill stores, 0 bytes spill loads
  ptxas info    : Used 56 registers, 4608 bytes smem, 368 bytes cmem[0]
  ptxas info    : Compiling entry function '_Z14bmm_kernel_8_8ILi3ELi4ELi3ELi1ELi1EEvPKfS1_Pfiiiiii' for 'sm_52'
  ptxas info    : Function properties for _Z14bmm_kernel_8_8ILi3ELi4ELi3ELi1ELi1EEvPKfS1_Pfiiiiii
      0 bytes stack frame, 0 bytes spill stores, 0 bytes spill loads
  ptxas info    : Used 147 registers, 4608 bytes smem, 368 bytes cmem[0]
  ptxas info    : Compiling entry function '_Z17bmm_kernel_8_8_MKILi3ELi4ELi3ELi1ELi1EEvPKfS1_Pfiiiiii' for 'sm_52'
  ptxas info    : Function properties for _Z17bmm_kernel_8_8_MKILi3ELi4ELi3ELi1ELi1EEvPKfS1_Pfiiiiii
      0 bytes stack frame, 0 bytes spill stores, 0 bytes spill loads
  ptxas info    : Used 128 registers, 4608 bytes smem, 368 bytes cmem[0]
  ptxas info    : Compiling entry function '_Z17bmm_uernel_8_8_MKILi3ELi4ELi8ELi3ELi1ELi1EEvPKfS1_Pfiiiiii' for 'sm_52'
  ptxas info    : Function properties for _Z17bmm_uernel_8_8_MKILi3ELi4ELi8ELi3ELi1ELi1EEvPKfS1_Pfiiiiii
      0 bytes stack frame, 0 bytes spill stores, 0 bytes spill loads
  ptxas info    : Used 128 registers, 9216 bytes smem, 368 bytes cmem[0]
  ptxas info    : Compiling entry function '_Z22bmm_kernel_8_8_paddingILi3ELi4ELi1ELi1EEvPKfS1_Pfiiiiii' for 'sm_52'
  ptxas info    : Function properties for _Z22bmm_kernel_8_8_paddingILi3ELi4ELi1ELi1EEvPKfS1_Pfiiiiii
      0 bytes stack frame, 0 bytes spill stores, 0 bytes spill loads
  ptxas info    : Used 129 registers, 4608 bytes smem, 368 bytes cmem[0]
  ptxas info    : Compiling entry function '_Z14bmm_kernel_8_8ILi4ELi8ELi7ELi1ELi1EEvPKfS1_Pfiiiiii' for 'sm_52'
  ptxas info    : Function properties for _Z14bmm_kernel_8_8ILi4ELi8ELi7ELi1ELi1EEvPKfS1_Pfiiiiii
      0 bytes stack frame, 0 bytes spill stores, 0 bytes spill loads
  ptxas info    : Used 128 registers, 17408 bytes smem, 368 bytes cmem[0]
  ptxas info    : Compiling entry function '_Z17bmm_kernel_8_8_MKILi4ELi8ELi7ELi1ELi1EEvPKfS1_Pfiiiiii' for 'sm_52'
  ptxas info    : Function properties for _Z17bmm_kernel_8_8_MKILi4ELi8ELi7ELi1ELi1EEvPKfS1_Pfiiiiii
      0 bytes stack frame, 0 bytes spill stores, 0 bytes spill loads
  ptxas info    : Used 125 registers, 17408 bytes smem, 368 bytes cmem[0]
  ptxas info    : Compiling entry function '_Z17bmm_uernel_8_8_MKILi4ELi8ELi16ELi7ELi1ELi1EEvPKfS1_Pfiiiiii' for 'sm_52'
  ptxas info    : Function properties for _Z17bmm_uernel_8_8_MKILi4ELi8ELi16ELi7ELi1ELi1EEvPKfS1_Pfiiiiii
      0 bytes stack frame, 0 bytes spill stores, 0 bytes spill loads
  ptxas info    : Used 128 registers, 34816 bytes smem, 368 bytes cmem[0]
  ptxas info    : Compiling entry function '_Z22bmm_kernel_8_8_paddingILi4ELi8ELi1ELi1EEvPKfS1_Pfiiiiii' for 'sm_52'
  ptxas info    : Function properties for _Z22bmm_kernel_8_8_paddingILi4ELi8ELi1ELi1EEvPKfS1_Pfiiiiii
      0 bytes stack frame, 0 bytes spill stores, 0 bytes spill loads
  ptxas info    : Used 128 registers, 17408 bytes smem, 368 bytes cmem[0]
  ptxas info    : Compiling entry function '_Z16bmmT2_kernel_8_8ILi4ELi8ELi7ELi1ELi1EEvPKfS1_Pfiiiiii' for 'sm_52'
  ptxas info    : Function properties for _Z16bmmT2_kernel_8_8ILi4ELi8ELi7ELi1ELi1EEvPKfS1_Pfiiiiii
      0 bytes stack frame, 0 bytes spill stores, 0 bytes spill loads
  ptxas info    : Used 126 registers, 16896 bytes smem, 368 bytes cmem[0]
d:\virtual-discc-code\dragon-alpha-3060ti\engine-cuda-base\cuda_batchmatmul\cuda_batchmatmul\test.cuh(602): warning #938-D: return type "int" omitted in declaration of function "main"
  
  A.cu
    正在创建库 D:\virtual-discC-code\Dragon-alpha-3060ti\engine-cuda-base\Cuda_batchMatMul\x64\Release\Cuda_batchMatMul.lib 和对象 D:\virtual-discC-code\Dragon-alpha-3060ti\engine-cuda-base\Cuda_batchMatMul\x64\Release\Cuda_batchMatMul.exp
  LINK : 已指定 /LTCG，但不需要生成代码；从链接命令行中移除 /LTCG 以提高链接器性能
  Cuda_batchMatMul.vcxproj -> D:\virtual-discC-code\Dragon-alpha-3060ti\engine-cuda-base\Cuda_batchMatMul\x64\Release\Cuda_batchMatMul.dll
