#
# A fatal error has been detected by the Java Runtime Environment:
#
#  EXCEPTION_ACCESS_VIOLATION (0xc0000005) at pc=0x00007ffec3b5172f, pid=3816, tid=0x0000000000003804
#
# JRE version: Java(TM) SE Runtime Environment (8.0_161-b12) (build 1.8.0_161-b12)
# Java VM: Java HotSpot(TM) 64-Bit Server VM (25.161-b12 mixed mode windows-amd64 compressed oops)
# Problematic frame:
# C  [nvcuda64.dll+0x15172f]
#
# Failed to write core dump. Minidumps are not enabled by default on client versions of Windows
#
# If you would like to submit a bug report, please visit:
#   http://bugreport.java.com/bugreport/crash.jsp
# The crash happened outside the Java Virtual Machine in native code.
# See problematic frame for where to report the bug.
#

---------------  T H R E A D  ---------------

Current thread (0x0000000029da6000):  JavaThread "Thread-1" daemon [_thread_in_native, id=14340, stack(0x0000000048c10000,0x0000000048d10000)]

siginfo: ExceptionCode=0xc0000005, reading address 0x00000000000004e8

Registers:
RAX=0x00007ffec4330980, RBX=0x0000000000000000, RCX=0x0000000000000000, RDX=0x0000000000000000
RSP=0x0000000048d0ec30, RBP=0x0000000048d0ece9, RSI=0x0000000000000000, RDI=0x000000009c410780
R8 =0x000000000000005b, R9 =0x0000000000000000, R10=0x0000000000000000, R11=0x0000000000000246
R12=0x0000000000000000, R13=0x0000000048d0ef90, R14=0x000000009c410780, R15=0x0000000029da6000
RIP=0x00007ffec3b5172f, EFLAGS=0x0000000000010246

Top of Stack: (sp=0x0000000048d0ec30)
0x0000000048d0ec30:   0000000000000000 0000000048d0ec30
0x0000000048d0ec40:   0000000000000000 0000000000003804
0x0000000048d0ec50:   00000003fffffffe 0000000000000000
0x0000000048d0ec60:   000000009c410780 0000000000003804
0x0000000048d0ec70:   0000000000000000 00007ffec3c42c98
0x0000000048d0ec80:   000000002aead050 0000000000003804
0x0000000048d0ec90:   000000002aead050 0000000000000000
0x0000000048d0eca0:   0000000000000000 0000000000000000
0x0000000048d0ecb0:   0000000048d0ece8 0000000000000000
0x0000000048d0ecc0:   0000000048d0eec0 000000002b24dda0
0x0000000048d0ecd0:   0000000048d0ed50 00007ffee6813fd9
0x0000000048d0ece0:   0000000000000001 000000002aead040
0x0000000048d0ecf0:   0000000000000000 0000000037e98550
0x0000000048d0ed00:   000000009c410780 0000000000000000
0x0000000048d0ed10:   0000000048d0edd9 00007ffee6814ee6
0x0000000048d0ed20:   0000000048d0eec0 000000009c410780 

Instructions: (pc=0x00007ffec3b5172f)
0x00007ffec3b5170f:   89 5c 24 28 48 85 c0 74 13 41 3b d0 75 0e 4c 8d
0x00007ffec3b5171f:   4c 24 20 8d 56 02 44 8d 46 10 ff d0 48 8b 4f 10
0x00007ffec3b5172f:   48 39 bb e8 04 00 00 75 12 48 89 8b e8 04 00 00
0x00007ffec3b5173f:   48 85 c9 74 1f 48 89 71 08 eb 19 48 8b 47 08 48 


Register to memory mapping:

RAX=0x00007ffec4330980 is an unknown value
RBX=0x0000000000000000 is an unknown value
RCX=0x0000000000000000 is an unknown value
RDX=0x0000000000000000 is an unknown value
RSP=0x0000000048d0ec30 is pointing into the stack for thread: 0x0000000029da6000
RBP=0x0000000048d0ece9 is pointing into the stack for thread: 0x0000000029da6000
RSI=0x0000000000000000 is an unknown value
RDI=0x000000009c410780 is an unknown value
R8 =0x000000000000005b is an unknown value
R9 =0x0000000000000000 is an unknown value
R10=0x0000000000000000 is an unknown value
R11=0x0000000000000246 is an unknown value
R12=0x0000000000000000 is an unknown value
R13=0x0000000048d0ef90 is pointing into the stack for thread: 0x0000000029da6000
R14=0x000000009c410780 is an unknown value
R15=0x0000000029da6000 is a thread


Stack: [0x0000000048c10000,0x0000000048d10000],  sp=0x0000000048d0ec30,  free space=1019k
Native frames: (J=compiled Java code, j=interpreted, Vv=VM code, C=native code)
C  [nvcuda64.dll+0x15172f]
C  [nvcuda64.dll+0x242c98]
C  [Cuda_sm86.dll+0x40ba]  cudart::cudaApiEventDestroy+0x2a
C  [Cuda_sm86.dll+0x19f5]  cudaEventDestroy+0x115
C  [Cuda_sm86.dll+0x15aae]  Java_z_dragon_engine_cuda_impl_Cuda_eventSynchronize_1delete+0x2e
C  0x0000000003880e43

Java frames: (J=compiled Java code, j=interpreted, Vv=VM code)
J 447  z.dragon.engine.cuda.impl.Cuda.eventSync_Del(J)V (0 bytes) @ 0x0000000003880dc1 [0x0000000003880d80+0x41]
J 446 C1 z.dragon.engine.cuda.CudaFloat32EngineBase$StreamSyncer.sync()V (48 bytes) @ 0x00000000038807e4 [0x0000000003880660+0x184]
J 855 C2 z.dragon.engine.Tensor.c()Lz/dragon/engine/Tensor; (25 bytes) @ 0x00000000039d3004 [0x00000000039d2f60+0xa4]
j  z.dragon.engine.Engine.tensor_int32([I[I)Lz/dragon/engine/Tensor;+13
j  z.dragon.engine.Engine.onehot([IFFI)Lz/dragon/engine/Tensor;+10
j  z.dragon.engine.Engine.onehot([II)Lz/dragon/engine/Tensor;+5
j  z.dragon.alpha.Alpha$Datas$Onehot.transform(Lz/dragon/engine/Engine;[Ljava/lang/Integer;)Lz/dragon/engine/Tensor;+38
j  z.dragon.alpha.Alpha$Datas$Onehot.transform(Lz/dragon/engine/Engine;Ljava/lang/Object;)Lz/dragon/engine/Tensor;+6
j  z.dragon.data.DataSet.lambda$create_tensor_pair$2(Lz/dragon/engine/Engine;[Ljava/lang/Object;)Lz/dragon/engine/Tensor;+6
j  z.dragon.data.DataSet$$Lambda$55.call()Ljava/lang/Object;+12
j  java.util.concurrent.FutureTask.run()V+42
j  java.util.concurrent.ThreadPoolExecutor.runWorker(Ljava/util/concurrent/ThreadPoolExecutor$Worker;)V+95
j  java.util.concurrent.ThreadPoolExecutor$Worker.run()V+5
j  java.lang.Thread.run()V+11
v  ~StubRoutines::call_stub

---------------  P R O C E S S  ---------------

Java Threads: ( => current thread )
  0x0000000029e40000 JavaThread "Thread-7" daemon [_thread_blocked, id=11192, stack(0x0000000000b10000,0x0000000000c10000)]
  0x0000000029e31800 JavaThread "Thread-6" daemon [_thread_blocked, id=10680, stack(0x0000000000a10000,0x0000000000b10000)]
  0x0000000029dc4800 JavaThread "Thread-5" daemon [_thread_blocked, id=14564, stack(0x000000007fe40000,0x000000007ff40000)]
  0x0000000029dcd000 JavaThread "Thread-4" daemon [_thread_blocked, id=4916, stack(0x000000007fd40000,0x000000007fe40000)]
  0x0000000029da7800 JavaThread "Thread-3" daemon [_thread_blocked, id=4716, stack(0x000000004da30000,0x000000004db30000)]
  0x0000000029da6800 JavaThread "Thread-2" daemon [_thread_in_native, id=15936, stack(0x0000000048d10000,0x0000000048e10000)]
=>0x0000000029da6000 JavaThread "Thread-1" daemon [_thread_in_native, id=14340, stack(0x0000000048c10000,0x0000000048d10000)]
  0x0000000029da1000 JavaThread "Thread-0" daemon [_thread_blocked, id=3324, stack(0x0000000048b10000,0x0000000048c10000)]
  0x0000000029cb4800 JavaThread "Java2D Disposer" daemon [_thread_blocked, id=16724, stack(0x000000002a2e0000,0x000000002a3e0000)]
  0x000000002807a800 JavaThread "Service Thread" daemon [_thread_blocked, id=8692, stack(0x00000000298e0000,0x00000000299e0000)]
  0x0000000027ff1000 JavaThread "C1 CompilerThread3" daemon [_thread_blocked, id=7788, stack(0x00000000297e0000,0x00000000298e0000)]
  0x0000000027ff0800 JavaThread "C2 CompilerThread2" daemon [_thread_blocked, id=7960, stack(0x00000000296e0000,0x00000000297e0000)]
  0x0000000027feb800 JavaThread "C2 CompilerThread1" daemon [_thread_blocked, id=17076, stack(0x00000000295e0000,0x00000000296e0000)]
  0x0000000027fe6000 JavaThread "C2 CompilerThread0" daemon [_thread_blocked, id=16864, stack(0x00000000294e0000,0x00000000295e0000)]
  0x0000000027fe5800 JavaThread "Attach Listener" daemon [_thread_blocked, id=14904, stack(0x00000000293e0000,0x00000000294e0000)]
  0x0000000027fe4800 JavaThread "Signal Dispatcher" daemon [_thread_blocked, id=4184, stack(0x00000000292e0000,0x00000000293e0000)]
  0x0000000027f73000 JavaThread "Finalizer" daemon [_thread_blocked, id=14632, stack(0x00000000291e0000,0x00000000292e0000)]
  0x000000000352c000 JavaThread "Reference Handler" daemon [_thread_blocked, id=17008, stack(0x00000000290e0000,0x00000000291e0000)]
  0x000000000362e000 JavaThread "main" [_thread_in_native, id=8936, stack(0x0000000002f80000,0x0000000003080000)]

Other Threads:
  0x0000000027f52800 VMThread [stack: 0x0000000028fe0000,0x00000000290e0000] [id=15512]
  0x000000002808b800 WatcherThread [stack: 0x00000000299e0000,0x0000000029ae0000] [id=836]

VM state:not at safepoint (normal execution)

VM Mutex/Monitor currently owned by a thread: None

Heap:
 PSYoungGen      total 2446848K, used 137888K [0x0000000715580000, 0x00000007c0000000, 0x00000007c0000000)
  eden space 2097664K, 6% used [0x0000000715580000,0x000000071dc280e0,0x0000000795600000)
  from space 349184K, 0% used [0x00000007aab00000,0x00000007aab00000,0x00000007c0000000)
  to   space 349184K, 0% used [0x0000000795600000,0x0000000795600000,0x00000007aab00000)
 ParOldGen       total 5592576K, used 153257K [0x00000005c0000000, 0x0000000715580000, 0x0000000715580000)
  object space 5592576K, 2% used [0x00000005c0000000,0x00000005c95aa758,0x0000000715580000)
 Metaspace       used 10984K, capacity 11370K, committed 11520K, reserved 1058816K
  class space    used 1132K, capacity 1243K, committed 1280K, reserved 1048576K

Card table byte_map: [0x00000000129f0000,0x0000000013a00000] byte_map_base: 0x000000000fbf0000

Marking Bits: (ParMarkBitMap*) 0x00000000676bf860
 Begin Bits: [0x0000000014eb0000, 0x000000001ceb0000)
 End Bits:   [0x000000001ceb0000, 0x0000000024eb0000)

Polling page: 0x00000000016e0000

CodeCache: size=245760Kb used=3814Kb max_used=3832Kb free=241945Kb
 bounds [0x0000000003630000, 0x00000000039f0000, 0x0000000012630000]
 total_blobs=1884 nmethods=894 adapters=903
 compilation: enabled

Compilation events (10 events):
Event: 1.666 Thread 0x0000000027ff1000  889   !   3       java.util.concurrent.locks.AbstractQueuedSynchronizer::acquireQueued (93 bytes)
Event: 1.666 Thread 0x0000000027feb800  890  s    4       z.dragon.engine.memp.Mempool::free (72 bytes)
Event: 1.666 Thread 0x0000000027ff1000 nmethod 889 0x00000000039e4550 code [0x00000000039e4780, 0x00000000039e52b8]
Event: 1.673 Thread 0x0000000027ff1000  891       1       z.dragon.engine.Parameter::need_grads (8 bytes)
Event: 1.673 Thread 0x0000000027ff1000 nmethod 891 0x00000000039e5950 code [0x00000000039e5aa0, 0x00000000039e5bb0]
Event: 1.678 Thread 0x0000000027ff1000  892       3       java.util.concurrent.FutureTask::get (23 bytes)
Event: 1.678 Thread 0x0000000027ff1000 nmethod 892 0x00000000039e5c50 code [0x00000000039e5dc0, 0x00000000039e5fd8]
Event: 1.678 Thread 0x0000000027ff1000  893       3       java.util.concurrent.FutureTask::report (37 bytes)
Event: 1.678 Thread 0x0000000027ff1000 nmethod 893 0x00000000039e6090 code [0x00000000039e6220, 0x00000000039e6618]
Event: 1.716 Thread 0x0000000027ff0800  894       4       java.lang.ref.ReferenceQueue::reallyPoll (66 bytes)

GC Heap History (10 events):
Event: 1.535 GC heap before
{Heap before GC invocations=16 (full 8):
 PSYoungGen      total 2446848K, used 224K [0x0000000715580000, 0x00000007c0000000, 0x00000007c0000000)
  eden space 2097664K, 0% used [0x0000000715580000,0x0000000715580000,0x0000000795600000)
  from space 349184K, 0% used [0x00000007aab00000,0x00000007aab38000,0x00000007c0000000)
  to   space 349184K, 0% used [0x0000000795600000,0x0000000795600000,0x00000007aab00000)
 ParOldGen       total 5592576K, used 153250K [0x00000005c0000000, 0x0000000715580000, 0x0000000715580000)
  object space 5592576K, 2% used [0x00000005c0000000,0x00000005c95a88b0,0x0000000715580000)
 Metaspace       used 10961K, capacity 11370K, committed 11520K, reserved 1058816K
  class space    used 1132K, capacity 1243K, committed 1280K, reserved 1048576K
Event: 1.551 GC heap after
Heap after GC invocations=16 (full 8):
 PSYoungGen      total 2446848K, used 0K [0x0000000715580000, 0x00000007c0000000, 0x00000007c0000000)
  eden space 2097664K, 0% used [0x0000000715580000,0x0000000715580000,0x0000000795600000)
  from space 349184K, 0% used [0x00000007aab00000,0x00000007aab00000,0x00000007c0000000)
  to   space 349184K, 0% used [0x0000000795600000,0x0000000795600000,0x00000007aab00000)
 ParOldGen       total 5592576K, used 153253K [0x00000005c0000000, 0x0000000715580000, 0x0000000715580000)
  object space 5592576K, 2% used [0x00000005c0000000,0x00000005c95a97f8,0x0000000715580000)
 Metaspace       used 10961K, capacity 11370K, committed 11520K, reserved 1058816K
  class space    used 1132K, capacity 1243K, committed 1280K, reserved 1048576K
}
Event: 1.608 GC heap before
{Heap before GC invocations=17 (full 8):
 PSYoungGen      total 2446848K, used 190329K [0x0000000715580000, 0x00000007c0000000, 0x00000007c0000000)
  eden space 2097664K, 9% used [0x0000000715580000,0x0000000720f5e7a0,0x0000000795600000)
  from space 349184K, 0% used [0x00000007aab00000,0x00000007aab00000,0x00000007c0000000)
  to   space 349184K, 0% used [0x0000000795600000,0x0000000795600000,0x00000007aab00000)
 ParOldGen       total 5592576K, used 153253K [0x00000005c0000000, 0x0000000715580000, 0x0000000715580000)
  object space 5592576K, 2% used [0x00000005c0000000,0x00000005c95a97f8,0x0000000715580000)
 Metaspace       used 10962K, capacity 11370K, committed 11520K, reserved 1058816K
  class space    used 1132K, capacity 1243K, committed 1280K, reserved 1048576K
Event: 1.608 GC heap after
Heap after GC invocations=17 (full 8):
 PSYoungGen      total 2446848K, used 320K [0x0000000715580000, 0x00000007c0000000, 0x00000007c0000000)
  eden space 2097664K, 0% used [0x0000000715580000,0x0000000715580000,0x0000000795600000)
  from space 349184K, 0% used [0x0000000795600000,0x0000000795650000,0x00000007aab00000)
  to   space 349184K, 0% used [0x00000007aab00000,0x00000007aab00000,0x00000007c0000000)
 ParOldGen       total 5592576K, used 153253K [0x00000005c0000000, 0x0000000715580000, 0x0000000715580000)
  object space 5592576K, 2% used [0x00000005c0000000,0x00000005c95a97f8,0x0000000715580000)
 Metaspace       used 10962K, capacity 11370K, committed 11520K, reserved 1058816K
  class space    used 1132K, capacity 1243K, committed 1280K, reserved 1048576K
}
Event: 1.608 GC heap before
{Heap before GC invocations=18 (full 9):
 PSYoungGen      total 2446848K, used 320K [0x0000000715580000, 0x00000007c0000000, 0x00000007c0000000)
  eden space 2097664K, 0% used [0x0000000715580000,0x0000000715580000,0x0000000795600000)
  from space 349184K, 0% used [0x0000000795600000,0x0000000795650000,0x00000007aab00000)
  to   space 349184K, 0% used [0x00000007aab00000,0x00000007aab00000,0x00000007c0000000)
 ParOldGen       total 5592576K, used 153253K [0x00000005c0000000, 0x0000000715580000, 0x0000000715580000)
  object space 5592576K, 2% used [0x00000005c0000000,0x00000005c95a97f8,0x0000000715580000)
 Metaspace       used 10962K, capacity 11370K, committed 11520K, reserved 1058816K
  class space    used 1132K, capacity 1243K, committed 1280K, reserved 1048576K
Event: 1.624 GC heap after
Heap after GC invocations=18 (full 9):
 PSYoungGen      total 2446848K, used 0K [0x0000000715580000, 0x00000007c0000000, 0x00000007c0000000)
  eden space 2097664K, 0% used [0x0000000715580000,0x0000000715580000,0x0000000795600000)
  from space 349184K, 0% used [0x0000000795600000,0x0000000795600000,0x00000007aab00000)
  to   space 349184K, 0% used [0x00000007aab00000,0x00000007aab00000,0x00000007c0000000)
 ParOldGen       total 5592576K, used 153255K [0x00000005c0000000, 0x0000000715580000, 0x0000000715580000)
  object space 5592576K, 2% used [0x00000005c0000000,0x00000005c95a9e58,0x0000000715580000)
 Metaspace       used 10962K, capacity 11370K, committed 11520K, reserved 1058816K
  class space    used 1132K, capacity 1243K, committed 1280K, reserved 1048576K
}
Event: 1.680 GC heap before
{Heap before GC invocations=19 (full 9):
 PSYoungGen      total 2446848K, used 190329K [0x0000000715580000, 0x00000007c0000000, 0x00000007c0000000)
  eden space 2097664K, 9% used [0x0000000715580000,0x0000000720f5e7c8,0x0000000795600000)
  from space 349184K, 0% used [0x0000000795600000,0x0000000795600000,0x00000007aab00000)
  to   space 349184K, 0% used [0x00000007aab00000,0x00000007aab00000,0x00000007c0000000)
 ParOldGen       total 5592576K, used 153255K [0x00000005c0000000, 0x0000000715580000, 0x0000000715580000)
  object space 5592576K, 2% used [0x00000005c0000000,0x00000005c95a9e58,0x0000000715580000)
 Metaspace       used 10984K, capacity 11370K, committed 11520K, reserved 1058816K
  class space    used 1132K, capacity 1243K, committed 1280K, reserved 1048576K
Event: 1.680 GC heap after
Heap after GC invocations=19 (full 9):
 PSYoungGen      total 2446848K, used 320K [0x0000000715580000, 0x00000007c0000000, 0x00000007c0000000)
  eden space 2097664K, 0% used [0x0000000715580000,0x0000000715580000,0x0000000795600000)
  from space 349184K, 0% used [0x00000007aab00000,0x00000007aab50000,0x00000007c0000000)
  to   space 349184K, 0% used [0x0000000795600000,0x0000000795600000,0x00000007aab00000)
 ParOldGen       total 5592576K, used 153255K [0x00000005c0000000, 0x0000000715580000, 0x0000000715580000)
  object space 5592576K, 2% used [0x00000005c0000000,0x00000005c95a9e58,0x0000000715580000)
 Metaspace       used 10984K, capacity 11370K, committed 11520K, reserved 1058816K
  class space    used 1132K, capacity 1243K, committed 1280K, reserved 1048576K
}
Event: 1.680 GC heap before
{Heap before GC invocations=20 (full 10):
 PSYoungGen      total 2446848K, used 320K [0x0000000715580000, 0x00000007c0000000, 0x00000007c0000000)
  eden space 2097664K, 0% used [0x0000000715580000,0x0000000715580000,0x0000000795600000)
  from space 349184K, 0% used [0x00000007aab00000,0x00000007aab50000,0x00000007c0000000)
  to   space 349184K, 0% used [0x0000000795600000,0x0000000795600000,0x00000007aab00000)
 ParOldGen       total 5592576K, used 153255K [0x00000005c0000000, 0x0000000715580000, 0x0000000715580000)
  object space 5592576K, 2% used [0x00000005c0000000,0x00000005c95a9e58,0x0000000715580000)
 Metaspace       used 10984K, capacity 11370K, committed 11520K, reserved 1058816K
  class space    used 1132K, capacity 1243K, committed 1280K, reserved 1048576K
Event: 1.715 GC heap after
Heap after GC invocations=20 (full 10):
 PSYoungGen      total 2446848K, used 0K [0x0000000715580000, 0x00000007c0000000, 0x00000007c0000000)
  eden space 2097664K, 0% used [0x0000000715580000,0x0000000715580000,0x0000000795600000)
  from space 349184K, 0% used [0x00000007aab00000,0x00000007aab00000,0x00000007c0000000)
  to   space 349184K, 0% used [0x0000000795600000,0x0000000795600000,0x00000007aab00000)
 ParOldGen       total 5592576K, used 153257K [0x00000005c0000000, 0x0000000715580000, 0x0000000715580000)
  object space 5592576K, 2% used [0x00000005c0000000,0x00000005c95aa758,0x0000000715580000)
 Metaspace       used 10984K, capacity 11370K, committed 11520K, reserved 1058816K
  class space    used 1132K, capacity 1243K, committed 1280K, reserved 1048576K
}

Deoptimization events (6 events):
Event: 0.086 Thread 0x000000000362e000 Uncommon trap: reason=unstable_if action=reinterpret pc=0x000000000377678c method=java.lang.String.indexOf([CII[CIII)I @ 123
Event: 0.397 Thread 0x000000000362e000 Uncommon trap: reason=unstable_if action=reinterpret pc=0x000000000388e4d4 method=java.io.BufferedInputStream.read([BII)I @ 31
Event: 0.433 Thread 0x000000000362e000 Uncommon trap: reason=unstable_if action=reinterpret pc=0x000000000389aae4 method=z.dragon.dataset.Cifar10.load(Lz/dragon/data/container/ListContainer;Ljava/lang/String;Ljava/lang/String;)V @ 45
Event: 0.467 Thread 0x000000000362e000 Uncommon trap: reason=unstable_if action=reinterpret pc=0x0000000003896330 method=z.dragon.dataset.Cifar10.load(Lz/dragon/data/container/ListContainer;Ljava/lang/String;Ljava/lang/String;)V @ 45
Event: 0.577 Thread 0x000000000362e000 Uncommon trap: reason=unstable_if action=reinterpret pc=0x000000000389ff94 method=java.io.BufferedInputStream.read1([BII)I @ 68
Event: 0.577 Thread 0x000000000362e000 Uncommon trap: reason=unstable_if action=reinterpret pc=0x0000000003890620 method=java.io.BufferedInputStream.read1([BII)I @ 68

Classes redefined (0 events):
No events

Internal exceptions (10 events):
Event: 1.100 Thread 0x0000000027f73000 Exception <a 'z/dragon/engine/cuda/impl/CudaException'> (0x0000000717e78718) thrown at [C:\re\workspace\8-2-build-windows-amd64-cygwin\jdk8u161\10277\hotspot\src\share\vm\prims\jni.cpp, line 709]
Event: 1.100 Thread 0x0000000027f73000 Exception <a 'z/dragon/engine/cuda/impl/CudaException'> (0x0000000717e78928) thrown at [C:\re\workspace\8-2-build-windows-amd64-cygwin\jdk8u161\10277\hotspot\src\share\vm\prims\jni.cpp, line 709]
Event: 1.288 Thread 0x0000000027f73000 Exception <a 'z/dragon/engine/cuda/impl/CudaException'> (0x000000071bd6dd38) thrown at [C:\re\workspace\8-2-build-windows-amd64-cygwin\jdk8u161\10277\hotspot\src\share\vm\prims\jni.cpp, line 709]
Event: 1.288 Thread 0x0000000027f73000 Exception <a 'z/dragon/engine/cuda/impl/CudaException'> (0x000000071bd6df48) thrown at [C:\re\workspace\8-2-build-windows-amd64-cygwin\jdk8u161\10277\hotspot\src\share\vm\prims\jni.cpp, line 709]
Event: 1.384 Thread 0x0000000027f73000 Exception <a 'z/dragon/engine/cuda/impl/CudaException'> (0x000000071b32fbf8) thrown at [C:\re\workspace\8-2-build-windows-amd64-cygwin\jdk8u161\10277\hotspot\src\share\vm\prims\jni.cpp, line 709]
Event: 1.384 Thread 0x0000000027f73000 Exception <a 'z/dragon/engine/cuda/impl/CudaException'> (0x000000071b32fe08) thrown at [C:\re\workspace\8-2-build-windows-amd64-cygwin\jdk8u161\10277\hotspot\src\share\vm\prims\jni.cpp, line 709]
Event: 1.551 Thread 0x0000000027f73000 Exception <a 'z/dragon/engine/cuda/impl/CudaException'> (0x000000071bd6dd38) thrown at [C:\re\workspace\8-2-build-windows-amd64-cygwin\jdk8u161\10277\hotspot\src\share\vm\prims\jni.cpp, line 709]
Event: 1.551 Thread 0x0000000027f73000 Exception <a 'z/dragon/engine/cuda/impl/CudaException'> (0x000000071bd6df48) thrown at [C:\re\workspace\8-2-build-windows-amd64-cygwin\jdk8u161\10277\hotspot\src\share\vm\prims\jni.cpp, line 709]
Event: 1.624 Thread 0x0000000027f73000 Exception <a 'z/dragon/engine/cuda/impl/CudaException'> (0x000000071bd6dd60) thrown at [C:\re\workspace\8-2-build-windows-amd64-cygwin\jdk8u161\10277\hotspot\src\share\vm\prims\jni.cpp, line 709]
Event: 1.624 Thread 0x0000000027f73000 Exception <a 'z/dragon/engine/cuda/impl/CudaException'> (0x000000071bd6df70) thrown at [C:\re\workspace\8-2-build-windows-amd64-cygwin\jdk8u161\10277\hotspot\src\share\vm\prims\jni.cpp, line 709]

Events (10 events):
Event: 1.345 Executing VM operation: ParallelGCSystemGC
Event: 1.383 Executing VM operation: ParallelGCSystemGC done
Event: 1.442 Executing VM operation: ParallelGCSystemGC
Event: 1.479 Executing VM operation: ParallelGCSystemGC done
Event: 1.535 Executing VM operation: ParallelGCSystemGC
Event: 1.551 Executing VM operation: ParallelGCSystemGC done
Event: 1.608 Executing VM operation: ParallelGCSystemGC
Event: 1.624 Executing VM operation: ParallelGCSystemGC done
Event: 1.680 Executing VM operation: ParallelGCSystemGC
Event: 1.715 Executing VM operation: ParallelGCSystemGC done


Dynamic libraries:
0x00007ff6049d0000 - 0x00007ff604a07000 	D:\virtual-discE-Java\JDK 8 Windows\jdk1.8.0_161\bin\java.exe
0x00007fff0e050000 - 0x00007fff0e248000 	C:\WINDOWS\SYSTEM32\ntdll.dll
0x00007fff0c320000 - 0x00007fff0c3e1000 	C:\WINDOWS\System32\KERNEL32.DLL
0x00007fff0b970000 - 0x00007fff0bc6d000 	C:\WINDOWS\System32\KERNELBASE.dll
0x00007fff0c080000 - 0x00007fff0c130000 	C:\WINDOWS\System32\ADVAPI32.dll
0x00007fff0c130000 - 0x00007fff0c1ce000 	C:\WINDOWS\System32\msvcrt.dll
0x00007fff0c280000 - 0x00007fff0c320000 	C:\WINDOWS\System32\sechost.dll
0x00007fff0cf30000 - 0x00007fff0d053000 	C:\WINDOWS\System32\RPCRT4.dll
0x00007fff0b700000 - 0x00007fff0b727000 	C:\WINDOWS\System32\bcrypt.dll
0x00007fff0d4a0000 - 0x00007fff0d63d000 	C:\WINDOWS\System32\USER32.dll
0x00007fff0bea0000 - 0x00007fff0bec2000 	C:\WINDOWS\System32\win32u.dll
0x00007fff0df70000 - 0x00007fff0df9b000 	C:\WINDOWS\System32\GDI32.dll
0x00007fff0bd10000 - 0x00007fff0be27000 	C:\WINDOWS\System32\gdi32full.dll
0x00007fff0bc70000 - 0x00007fff0bd0d000 	C:\WINDOWS\System32\msvcp_win.dll
0x00007fff0bed0000 - 0x00007fff0bfd0000 	C:\WINDOWS\System32\ucrtbase.dll
0x00007ffef2fc0000 - 0x00007ffef325a000 	C:\WINDOWS\WinSxS\amd64_microsoft.windows.common-controls_6595b64144ccf1df_6.0.19041.4355_none_60b8b9eb71f62e16\COMCTL32.dll
0x00007fff0dd30000 - 0x00007fff0dd5f000 	C:\WINDOWS\System32\IMM32.DLL
0x0000000066dc0000 - 0x0000000066e92000 	D:\virtual-discE-Java\JDK 8 Windows\jdk1.8.0_161\jre\bin\msvcr100.dll
0x0000000066ea0000 - 0x000000006773f000 	D:\virtual-discE-Java\JDK 8 Windows\jdk1.8.0_161\jre\bin\server\jvm.dll
0x00007fff0e000000 - 0x00007fff0e008000 	C:\WINDOWS\System32\PSAPI.DLL
0x00007ffeffc70000 - 0x00007ffeffc97000 	C:\WINDOWS\SYSTEM32\WINMM.dll
0x00007ffefded0000 - 0x00007ffefded9000 	C:\WINDOWS\SYSTEM32\WSOCK32.dll
0x00007fff03ce0000 - 0x00007fff03cea000 	C:\WINDOWS\SYSTEM32\VERSION.dll
0x00007fff0dc10000 - 0x00007fff0dc7b000 	C:\WINDOWS\System32\WS2_32.dll
0x0000000066d70000 - 0x0000000066d7f000 	D:\virtual-discE-Java\JDK 8 Windows\jdk1.8.0_161\jre\bin\verify.dll
0x0000000066d40000 - 0x0000000066d69000 	D:\virtual-discE-Java\JDK 8 Windows\jdk1.8.0_161\jre\bin\java.dll
0x0000000066d20000 - 0x0000000066d36000 	D:\virtual-discE-Java\JDK 8 Windows\jdk1.8.0_161\jre\bin\zip.dll
0x00007fff0c450000 - 0x00007fff0cbbf000 	C:\WINDOWS\System32\SHELL32.dll
0x00007fff09220000 - 0x00007fff099bf000 	C:\WINDOWS\SYSTEM32\windows.storage.dll
0x00007fff0d060000 - 0x00007fff0d3b3000 	C:\WINDOWS\System32\combase.dll
0x00007fff0b120000 - 0x00007fff0b14e000 	C:\WINDOWS\SYSTEM32\Wldp.dll
0x00007fff0d650000 - 0x00007fff0d71d000 	C:\WINDOWS\System32\OLEAUT32.dll
0x00007fff0dc80000 - 0x00007fff0dd2d000 	C:\WINDOWS\System32\SHCORE.dll
0x00007fff0ced0000 - 0x00007fff0cf25000 	C:\WINDOWS\System32\shlwapi.dll
0x00007fff0b630000 - 0x00007fff0b654000 	C:\WINDOWS\SYSTEM32\profapi.dll
0x0000000066b40000 - 0x0000000066cd8000 	D:\virtual-discE-Java\JDK 8 Windows\jdk1.8.0_161\jre\bin\awt.dll
0x00007fff05b40000 - 0x00007fff05bd4000 	C:\WINDOWS\SYSTEM32\apphelp.dll
0x00000000669d0000 - 0x0000000066a0e000 	D:\virtual-discE-Java\JDK 8 Windows\jdk1.8.0_161\jre\bin\lcms.dll
0x00007fff02c20000 - 0x00007fff02c4a000 	C:\Users\Gilgamesh\Desktop\Dragon-alpha-v1.2\native-lib\cuda_float32\CudaDevice_sm86.dll
0x00007ffefdef0000 - 0x00007ffefdf06000 	D:\virtual-discE-Java\JDK 8 Windows\jdk1.8.0_161\jre\bin\VCRUNTIME140.dll
0x00007ffedc500000 - 0x00007ffedc66a000 	C:\Users\Gilgamesh\Desktop\Dragon-alpha-v1.2\native-lib\cuda_float32\Cuda_batchMatMul_sm86.dll
0x00007ffec9010000 - 0x00007ffecc430000 	C:\Users\Gilgamesh\Desktop\Dragon-alpha-v1.2\native-lib\cuda_float32\Cuda_conv3D_sm86.dll
0x00007ffec87c0000 - 0x00007ffec9004000 	C:\Users\Gilgamesh\Desktop\Dragon-alpha-v1.2\native-lib\cuda_float32\Cuda_dconv3D_deltaW_sm86.dll
0x00007ffec4a40000 - 0x00007ffec87b3000 	C:\Users\Gilgamesh\Desktop\Dragon-alpha-v1.2\native-lib\cuda_float32\Cuda_dconv3D_deltaX_sm86.dll
0x00007ffefb2e0000 - 0x00007ffefb33f000 	C:\Users\Gilgamesh\Desktop\Dragon-alpha-v1.2\native-lib\cuda_float32\Cuda_expk2_sm86.dll
0x00007ffed41c0000 - 0x00007ffed449a000 	C:\Users\Gilgamesh\Desktop\Dragon-alpha-v1.2\native-lib\cuda_float32\Cuda_function_sm86.dll
0x00007ffedb180000 - 0x00007ffedb263000 	C:\Users\Gilgamesh\Desktop\Dragon-alpha-v1.2\native-lib\cuda_float32\Cuda_image_sm86.dll
0x00007ffed1fd0000 - 0x00007ffed2287000 	C:\Users\Gilgamesh\Desktop\Dragon-alpha-v1.2\native-lib\cuda_float32\Cuda_matMul_sm86.dll
0x00007ffeeedb0000 - 0x00007ffeeee06000 	C:\Users\Gilgamesh\Desktop\Dragon-alpha-v1.2\native-lib\cuda_float32\Cuda_pool2D_sm86.dll
0x00007ffee8db0000 - 0x00007ffee8e02000 	C:\Users\Gilgamesh\Desktop\Dragon-alpha-v1.2\native-lib\cuda_float32\Cuda_random_sm86.dll
0x00007ffece2a0000 - 0x00007ffece64a000 	C:\Users\Gilgamesh\Desktop\Dragon-alpha-v1.2\native-lib\cuda_float32\Cuda_reduce_sm86.dll
0x00007ffee6800000 - 0x00007ffee6851000 	C:\Users\Gilgamesh\Desktop\Dragon-alpha-v1.2\native-lib\cuda_float32\Cuda_sm86.dll
0x00007ffee4000000 - 0x00007ffee4075000 	C:\Users\Gilgamesh\Desktop\Dragon-alpha-v1.2\native-lib\cuda_float32\Cuda_upool2D_sm86.dll
0x00007ffecd140000 - 0x00007ffecd493000 	C:\WINDOWS\SYSTEM32\nvcuda.dll
0x00007ffec3a00000 - 0x00007ffec43b6000 	C:\WINDOWS\system32\DriverStore\FileRepository\nv_dispig.inf_amd64_7e5fd280efaa5445\nvcuda64.dll
0x00007fff0b2b0000 - 0x00007fff0b2c2000 	C:\WINDOWS\SYSTEM32\msasn1.dll
0x00007fff03ba0000 - 0x00007fff03bd1000 	C:\WINDOWS\SYSTEM32\cryptnet.dll
0x00007fff0b810000 - 0x00007fff0b96e000 	C:\WINDOWS\System32\CRYPT32.dll
0x00007fff03840000 - 0x00007fff03987000 	C:\WINDOWS\SYSTEM32\drvstore.dll
0x00007fff0b480000 - 0x00007fff0b4b3000 	C:\WINDOWS\SYSTEM32\devobj.dll
0x00007fff0b7c0000 - 0x00007fff0b80e000 	C:\WINDOWS\System32\cfgmgr32.dll
0x00007fff0b070000 - 0x00007fff0b07c000 	C:\WINDOWS\SYSTEM32\cryptbase.dll
0x00007fff00810000 - 0x00007fff00faf000 	C:\WINDOWS\SYSTEM32\nvapi64.dll
0x00007fff0d7a0000 - 0x00007fff0dc0e000 	C:\WINDOWS\System32\SETUPAPI.dll
0x00007fff0cda0000 - 0x00007fff0cecb000 	C:\WINDOWS\System32\ole32.dll
0x00007fff09f60000 - 0x00007fff09f72000 	C:\WINDOWS\SYSTEM32\kernel.appcore.dll
0x00007fff09a90000 - 0x00007fff09c74000 	C:\WINDOWS\SYSTEM32\dbghelp.dll
0x00007fff0b730000 - 0x00007fff0b7b2000 	C:\WINDOWS\System32\bcryptPrimitives.dll

VM Arguments:
jvm_args: -Dfile.encoding=UTF-8 -Xms8192m 
java_command: cifar10.resnet18_leaky_relu_attention.train
java_class_path (initial): D:\virtual-discC-code\Dragon-alpha-3060ti\ZUTIL-STD-1.2\build\classes;D:\virtual-discC-code\Dragon-alpha-3060ti\alpha-Dragon-v1.2\build\classes;D:\virtual-discC-code\Dragon-alpha-3060ti\alpha-Dragon-v1.2\build\test\classes
Launcher Type: SUN_STANDARD

Environment Variables:
JAVA_HOME=D:\virtual-discE-Java\JDK 8 Windows\jdk1.8.0_161
PATH=C:\Program Files\NVIDIA GPU Computing Toolkit\CUDA\v11.8\bin;C:\Program Files\NVIDIA GPU Computing Toolkit\CUDA\v11.8\libnvvp;C:\Program Files\NVIDIA GPU Computing Toolkit\CUDA\v11.5\bin;C:\Program Files\NVIDIA GPU Computing Toolkit\CUDA\v11.5\libnvvp;C:\Program Files\NVIDIA GPU Computing Toolkit\CUDA\v11.5\include;C:\WINDOWS\system32;C:\WINDOWS;C:\WINDOWS\System32\Wbem;C:\WINDOWS\System32\WindowsPowerShell\v1.0\;C:\WINDOWS\System32\OpenSSH\;C:\Program Files (x86)\NVIDIA Corporation\PhysX\Common;C:\Program Files\NVIDIA Corporation\NVIDIA NvDLISR;D:\virtual-discE-Java\JDK 8 Windows\jdk1.8.0_161\bin;C:\Program Files\NVIDIA Corporation\Nsight Compute 2022.3.0\;C:\Users\Gilgamesh\AppData\Local\Microsoft\WindowsApps;C:\Users\Gilgamesh\AppData\Local\GitHubDesktop\bin;D:\virtual-discA\LaTex\TeXLive\texlive\2023\bin\windows
USERNAME=Gilgamesh
OS=Windows_NT
PROCESSOR_IDENTIFIER=Intel64 Family 6 Model 151 Stepping 2, GenuineIntel



---------------  S Y S T E M  ---------------

OS: Windows 10.0 , 64 bit Build 19041 (10.0.19041.4717)

CPU:total 12 (initial active 12) (6 cores per cpu, 2 threads per core) family 6 model 151 stepping 2, cmov, cx8, fxsr, mmx, sse, sse2, sse3, ssse3, sse4.1, sse4.2, popcnt, avx, avx2, aes, clmul, erms, 3dnowpref, lzcnt, ht, tsc, tscinvbit, bmi1, bmi2, adx

Memory: 4k page, physical 16586168k(9341964k free), swap 22262928k(2968556k free)

vm_info: Java HotSpot(TM) 64-Bit Server VM (25.161-b12) for windows-amd64 JRE (1.8.0_161-b12), built on Dec 19 2017 17:52:25 by "java_re" with MS VC++ 10.0 (VS2010)

time: Mon Sep 02 23:35:31 2024
elapsed time: 1 seconds (0d 0h 0m 1s)

