#
# A fatal error has been detected by the Java Runtime Environment:
#
#  EXCEPTION_ACCESS_VIOLATION (0xc0000005) at pc=0x00007ffe9ad4169e, pid=6904, tid=0x00000000000012c0
#
# JRE version: Java(TM) SE Runtime Environment (8.0_161-b12) (build 1.8.0_161-b12)
# Java VM: Java HotSpot(TM) 64-Bit Server VM (25.161-b12 mixed mode windows-amd64 compressed oops)
# Problematic frame:
# C  [nvcuda64.dll+0x15169e]
#
# Failed to write core dump. Minidumps are not enabled by default on client versions of Windows
#
# If you would like to submit a bug report, please visit:
#   http://bugreport.java.com/bugreport/crash.jsp
# The crash happened outside the Java Virtual Machine in native code.
# See problematic frame for where to report the bug.
#

---------------  T H R E A D  ---------------

Current thread (0x00000000298f1800):  JavaThread "Thread-1" daemon [_thread_in_native, id=4800, stack(0x0000000048890000,0x0000000048990000)]

siginfo: ExceptionCode=0xc0000005, reading address 0x0000000000000048

Registers:
RAX=0x0000000000000000, RBX=0x0000000000000000, RCX=0x0000000000000000, RDX=0x0000000000000001
RSP=0x000000004898e9e0, RBP=0x000000004898ea79, RSI=0x0000000000000000, RDI=0x000000006283f0f0
R8 =0x0000000000000001, R9 =0x000000007ffec000, R10=0x00000000546c6148, R11=0xfffffffff83e2a27
R12=0x0000000000000000, R13=0x000000004898ed18, R14=0x000000004898ec50, R15=0x00000000298f1800
RIP=0x00007ffe9ad4169e, EFLAGS=0x0000000000010202

Top of Stack: (sp=0x000000004898e9e0)
0x000000004898e9e0:   000000004898ed18 0000000000000000
0x000000004898e9f0:   000000006283f0f0 0000000000000000
0x000000004898ea00:   0000000000000000 00007ffe9ae32964
0x000000004898ea10:   00000000298f1800 000000004898ea79
0x000000004898ea20:   0000000000000000 0000000066d72e12
0x000000004898ea30:   000000004898ead0 0000000000000000
0x000000004898ea40:   000000004898eae0 00007ffeef319ac0
0x000000004898ea50:   00000005c002a7d8 00007ffeef3186b0
0x000000004898ea60:   000000004898ea70 00007ffeef301b9d
0x000000004898ea70:   000000004898eb10 00000000260bc538
0x000000004898ea80:   000000004898eb20 00007ffeef3186c4
0x000000004898ea90:   00000000298f19f8 00000007186ab0f0
0x000000004898eaa0:   0000000000000000 0000000000000000
0x000000004898eab0:   00000000378777f0 00007ffeef315a80
0x000000004898eac0:   000000006283f0f0 0000000000000000
0x000000004898ead0:   000000004898eb69 00007ffeef304245 

Instructions: (pc=0x00007ffe9ad4169e)
0x00007ffe9ad4167e:   41 5d 41 5c 5f 5e 5d c3 cc cc cc cc cc cc cc cc
0x00007ffe9ad4168e:   cc cc 40 53 48 83 ec 20 48 8b 09 48 8b da b2 01
0x00007ffe9ad4169e:   48 8b 41 48 ff 90 18 41 00 00 85 c0 75 0d 48 8b
0x00007ffe9ad416ae:   cb 48 83 c4 20 5b e9 47 38 0b 00 48 83 c4 20 5b 


Register to memory mapping:

RAX=0x0000000000000000 is an unknown value
RBX=0x0000000000000000 is an unknown value
RCX=0x0000000000000000 is an unknown value
RDX=0x0000000000000001 is an unknown value
RSP=0x000000004898e9e0 is pointing into the stack for thread: 0x00000000298f1800
RBP=0x000000004898ea79 is pointing into the stack for thread: 0x00000000298f1800
RSI=0x0000000000000000 is an unknown value
RDI=0x000000006283f0f0 is an unknown value
R8 =0x0000000000000001 is an unknown value
R9 =0x000000007ffec000 is an unknown value
R10=0x00000000546c6148 is an unknown value
R11=0xfffffffff83e2a27 is an unknown value
R12=0x0000000000000000 is an unknown value
R13=0x000000004898ed18 is pointing into the stack for thread: 0x00000000298f1800
R14=0x000000004898ec50 is pointing into the stack for thread: 0x00000000298f1800
R15=0x00000000298f1800 is a thread


Stack: [0x0000000048890000,0x0000000048990000],  sp=0x000000004898e9e0,  free space=1018k
Native frames: (J=compiled Java code, j=interpreted, Vv=VM code, C=native code)
C  [nvcuda64.dll+0x15169e]
C  [nvcuda64.dll+0x242964]
C  [Cuda_sm86.dll+0x4245]  cudart::cudaApiEventSynchronize+0x15
C  [Cuda_sm86.dll+0x1e05]  cudaEventSynchronize+0x115
C  [Cuda_sm86.dll+0x15a98]  Java_z_dragon_engine_cuda_impl_Cuda_eventSynchronize_1delete+0x18
C  0x000000000334d743

Java frames: (J=compiled Java code, j=interpreted, Vv=VM code)
J 441  z.dragon.engine.cuda.impl.Cuda.eventSync_Del(J)V (0 bytes) @ 0x000000000334d6c1 [0x000000000334d680+0x41]
J 1091 C2 z.dragon.engine.cuda.CudaFloat32EngineBase$StreamSyncer.sync()V (32 bytes) @ 0x0000000003560b3c [0x0000000003560aa0+0x9c]
J 812 C2 z.dragon.engine.Tensor.c()Lz/dragon/engine/Tensor; (25 bytes) @ 0x00000000034848c4 [0x0000000003484820+0xa4]
j  z.dragon.engine.Engine.tensor_int32([I[I)Lz/dragon/engine/Tensor;+13
j  z.dragon.engine.Engine.onehot([IFFI)Lz/dragon/engine/Tensor;+10
J 1432 C1 z.dragon.engine.Engine.onehot([II)Lz/dragon/engine/Tensor; (9 bytes) @ 0x0000000003320a64 [0x00000000033209e0+0x84]
J 1407 C2 z.dragon.alpha.Alpha$Datas$Onehot.transform(Lz/dragon/engine/Engine;[Ljava/lang/Integer;)Lz/dragon/engine/Tensor; (42 bytes) @ 0x0000000003439efc [0x0000000003439d60+0x19c]
j  z.dragon.alpha.Alpha$Datas$Onehot.transform(Lz/dragon/engine/Engine;Ljava/lang/Object;)Lz/dragon/engine/Tensor;+6
j  z.dragon.data.DataSet.lambda$create_tensor_pair$2(Lz/dragon/engine/Engine;[Ljava/lang/Object;)Lz/dragon/engine/Tensor;+6
j  z.dragon.data.DataSet$$Lambda$55.call()Ljava/lang/Object;+12
J 1429 C2 java.util.concurrent.FutureTask.run()V (126 bytes) @ 0x000000000344d370 [0x000000000344d2c0+0xb0]
j  java.util.concurrent.ThreadPoolExecutor.runWorker(Ljava/util/concurrent/ThreadPoolExecutor$Worker;)V+95
j  java.util.concurrent.ThreadPoolExecutor$Worker.run()V+5
j  java.lang.Thread.run()V+11
v  ~StubRoutines::call_stub

---------------  P R O C E S S  ---------------

Java Threads: ( => current thread )
  0x0000000029942800 JavaThread "Thread-7" daemon [_thread_blocked, id=568, stack(0x000000007fe20000,0x000000007ff20000)]
  0x0000000029972800 JavaThread "Thread-6" daemon [_thread_blocked, id=11880, stack(0x000000007fd20000,0x000000007fe20000)]
  0x0000000029912800 JavaThread "Thread-5" daemon [_thread_blocked, id=2364, stack(0x0000000066860000,0x0000000066960000)]
  0x0000000029912000 JavaThread "Thread-4" daemon [_thread_blocked, id=13728, stack(0x0000000066760000,0x0000000066860000)]
  0x0000000029917000 JavaThread "Thread-3" daemon [_thread_blocked, id=6880, stack(0x000000004d6c0000,0x000000004d7c0000)]
  0x00000000298f4800 JavaThread "Thread-2" daemon [_thread_blocked, id=9352, stack(0x0000000048990000,0x0000000048a90000)]
=>0x00000000298f1800 JavaThread "Thread-1" daemon [_thread_in_native, id=4800, stack(0x0000000048890000,0x0000000048990000)]
  0x00000000298f0800 JavaThread "Thread-0" daemon [_thread_blocked, id=1712, stack(0x0000000048790000,0x0000000048890000)]
  0x0000000029716800 JavaThread "Java2D Disposer" daemon [_thread_blocked, id=11404, stack(0x0000000029ef0000,0x0000000029ff0000)]
  0x0000000027bde800 JavaThread "Service Thread" daemon [_thread_blocked, id=9312, stack(0x0000000029440000,0x0000000029540000)]
  0x0000000027b5e000 JavaThread "C1 CompilerThread3" daemon [_thread_blocked, id=10400, stack(0x0000000029340000,0x0000000029440000)]
  0x0000000027b5d800 JavaThread "C2 CompilerThread2" daemon [_thread_blocked, id=12100, stack(0x0000000029240000,0x0000000029340000)]
  0x0000000027b58800 JavaThread "C2 CompilerThread1" daemon [_thread_blocked, id=14576, stack(0x0000000029140000,0x0000000029240000)]
  0x0000000027afa000 JavaThread "C2 CompilerThread0" daemon [_thread_blocked, id=7836, stack(0x0000000029040000,0x0000000029140000)]
  0x0000000027af7800 JavaThread "Attach Listener" daemon [_thread_blocked, id=4804, stack(0x0000000028f40000,0x0000000029040000)]
  0x0000000027b54000 JavaThread "Signal Dispatcher" daemon [_thread_blocked, id=9128, stack(0x0000000028e40000,0x0000000028f40000)]
  0x00000000030fb000 JavaThread "Finalizer" daemon [_thread_blocked, id=15020, stack(0x0000000028d40000,0x0000000028e40000)]
  0x00000000030fa000 JavaThread "Reference Handler" daemon [_thread_blocked, id=7224, stack(0x0000000028c40000,0x0000000028d40000)]
  0x0000000002ffe000 JavaThread "main" [_thread_in_native, id=4776, stack(0x0000000002e80000,0x0000000002f80000)]

Other Threads:
  0x0000000026405800 VMThread [stack: 0x0000000028b40000,0x0000000028c40000] [id=4056]
  0x0000000027c00000 WatcherThread [stack: 0x0000000029540000,0x0000000029640000] [id=4896]

VM state:not at safepoint (normal execution)

VM Mutex/Monitor currently owned by a thread: None

Heap:
 PSYoungGen      total 2446848K, used 261650K [0x0000000715580000, 0x00000007c0000000, 0x00000007c0000000)
  eden space 2097664K, 12% used [0x0000000715580000,0x0000000725504998,0x0000000795600000)
  from space 349184K, 0% used [0x0000000795600000,0x0000000795600000,0x00000007aab00000)
  to   space 349184K, 0% used [0x00000007aab00000,0x00000007aab00000,0x00000007c0000000)
 ParOldGen       total 5592576K, used 153319K [0x00000005c0000000, 0x0000000715580000, 0x0000000715580000)
  object space 5592576K, 2% used [0x00000005c0000000,0x00000005c95b9db8,0x0000000715580000)
 Metaspace       used 11308K, capacity 11704K, committed 11776K, reserved 1060864K
  class space    used 1133K, capacity 1244K, committed 1280K, reserved 1048576K

Card table byte_map: [0x00000000124c0000,0x00000000134d0000] byte_map_base: 0x000000000f6c0000

Marking Bits: (ParMarkBitMap*) 0x000000006725f860
 Begin Bits: [0x0000000014980000, 0x000000001c980000)
 End Bits:   [0x000000001c980000, 0x0000000024980000)

Polling page: 0x0000000000d70000

CodeCache: size=245760Kb used=5111Kb max_used=5290Kb free=240648Kb
 bounds [0x0000000003100000, 0x0000000003640000, 0x0000000012100000]
 total_blobs=2253 nmethods=1262 adapters=903
 compilation: enabled

Compilation events (10 events):
Event: 18.416 Thread 0x0000000027b5e000 1432       3       z.dragon.engine.Engine::onehot (9 bytes)
Event: 18.417 Thread 0x0000000027b5e000 nmethod 1432 0x0000000003320850 code [0x00000000033209e0, 0x0000000003320b68]
Event: 18.473 Thread 0x0000000027b58800 1433       4       java.util.HashSet::iterator (13 bytes)
Event: 18.495 Thread 0x0000000027b58800 nmethod 1433 0x0000000003344590 code [0x0000000003344700, 0x0000000003344b58]
Event: 18.653 Thread 0x0000000027b5e000 1434       3       z.dragon.engine.cuda.CudaFloat32EngineBase$StreamBlock2Syncer::<init> (53 bytes)
Event: 18.653 Thread 0x0000000027b5e000 nmethod 1434 0x0000000003356a90 code [0x0000000003356c00, 0x0000000003356ed8]
Event: 18.653 Thread 0x0000000027b5e000 1435  s    3       z.dragon.engine.cuda.CudaFloat32EngineBase$StreamBlock2Syncer::sync (72 bytes)
Event: 18.653 Thread 0x0000000027b5e000 nmethod 1435 0x000000000344c3d0 code [0x000000000344c5a0, 0x000000000344cd38]
Event: 18.719 Thread 0x0000000027b5e000 1437       3       z.dragon.engine.cuda.CudaFloat32EngineBase$StreamBlock2Syncer::finalize (71 bytes)
Event: 18.719 Thread 0x0000000027b5e000 nmethod 1437 0x00000000033afb90 code [0x00000000033afd60, 0x00000000033b03b8]

GC Heap History (10 events):
Event: 18.623 GC heap before
{Heap before GC invocations=462 (full 231):
 PSYoungGen      total 2446848K, used 384K [0x0000000715580000, 0x00000007c0000000, 0x00000007c0000000)
  eden space 2097664K, 0% used [0x0000000715580000,0x0000000715580000,0x0000000795600000)
  from space 349184K, 0% used [0x0000000795600000,0x0000000795660000,0x00000007aab00000)
  to   space 349184K, 0% used [0x00000007aab00000,0x00000007aab00000,0x00000007c0000000)
 ParOldGen       total 5592576K, used 153319K [0x00000005c0000000, 0x0000000715580000, 0x0000000715580000)
  object space 5592576K, 2% used [0x00000005c0000000,0x00000005c95b9dd0,0x0000000715580000)
 Metaspace       used 11307K, capacity 11704K, committed 11776K, reserved 1060864K
  class space    used 1133K, capacity 1244K, committed 1280K, reserved 1048576K
Event: 18.642 GC heap after
Heap after GC invocations=462 (full 231):
 PSYoungGen      total 2446848K, used 0K [0x0000000715580000, 0x00000007c0000000, 0x00000007c0000000)
  eden space 2097664K, 0% used [0x0000000715580000,0x0000000715580000,0x0000000795600000)
  from space 349184K, 0% used [0x0000000795600000,0x0000000795600000,0x00000007aab00000)
  to   space 349184K, 0% used [0x00000007aab00000,0x00000007aab00000,0x00000007c0000000)
 ParOldGen       total 5592576K, used 153319K [0x00000005c0000000, 0x0000000715580000, 0x0000000715580000)
  object space 5592576K, 2% used [0x00000005c0000000,0x00000005c95b9fb8,0x0000000715580000)
 Metaspace       used 11307K, capacity 11704K, committed 11776K, reserved 1060864K
  class space    used 1133K, capacity 1244K, committed 1280K, reserved 1048576K
}
Event: 18.700 GC heap before
{Heap before GC invocations=463 (full 231):
 PSYoungGen      total 2446848K, used 295213K [0x0000000715580000, 0x00000007c0000000, 0x00000007c0000000)
  eden space 2097664K, 14% used [0x0000000715580000,0x00000007275cb410,0x0000000795600000)
  from space 349184K, 0% used [0x0000000795600000,0x0000000795600000,0x00000007aab00000)
  to   space 349184K, 0% used [0x00000007aab00000,0x00000007aab00000,0x00000007c0000000)
 ParOldGen       total 5592576K, used 153319K [0x00000005c0000000, 0x0000000715580000, 0x0000000715580000)
  object space 5592576K, 2% used [0x00000005c0000000,0x00000005c95b9fb8,0x0000000715580000)
 Metaspace       used 11308K, capacity 11704K, committed 11776K, reserved 1060864K
  class space    used 1133K, capacity 1244K, committed 1280K, reserved 1048576K
Event: 18.700 GC heap after
Heap after GC invocations=463 (full 231):
 PSYoungGen      total 2446848K, used 352K [0x0000000715580000, 0x00000007c0000000, 0x00000007c0000000)
  eden space 2097664K, 0% used [0x0000000715580000,0x0000000715580000,0x0000000795600000)
  from space 349184K, 0% used [0x00000007aab00000,0x00000007aab58000,0x00000007c0000000)
  to   space 349184K, 0% used [0x0000000795600000,0x0000000795600000,0x00000007aab00000)
 ParOldGen       total 5592576K, used 153319K [0x00000005c0000000, 0x0000000715580000, 0x0000000715580000)
  object space 5592576K, 2% used [0x00000005c0000000,0x00000005c95b9fb8,0x0000000715580000)
 Metaspace       used 11308K, capacity 11704K, committed 11776K, reserved 1060864K
  class space    used 1133K, capacity 1244K, committed 1280K, reserved 1048576K
}
Event: 18.701 GC heap before
{Heap before GC invocations=464 (full 232):
 PSYoungGen      total 2446848K, used 352K [0x0000000715580000, 0x00000007c0000000, 0x00000007c0000000)
  eden space 2097664K, 0% used [0x0000000715580000,0x0000000715580000,0x0000000795600000)
  from space 349184K, 0% used [0x00000007aab00000,0x00000007aab58000,0x00000007c0000000)
  to   space 349184K, 0% used [0x0000000795600000,0x0000000795600000,0x00000007aab00000)
 ParOldGen       total 5592576K, used 153319K [0x00000005c0000000, 0x0000000715580000, 0x0000000715580000)
  object space 5592576K, 2% used [0x00000005c0000000,0x00000005c95b9fb8,0x0000000715580000)
 Metaspace       used 11308K, capacity 11704K, committed 11776K, reserved 1060864K
  class space    used 1133K, capacity 1244K, committed 1280K, reserved 1048576K
Event: 18.719 GC heap after
Heap after GC invocations=464 (full 232):
 PSYoungGen      total 2446848K, used 0K [0x0000000715580000, 0x00000007c0000000, 0x00000007c0000000)
  eden space 2097664K, 0% used [0x0000000715580000,0x0000000715580000,0x0000000795600000)
  from space 349184K, 0% used [0x00000007aab00000,0x00000007aab00000,0x00000007c0000000)
  to   space 349184K, 0% used [0x0000000795600000,0x0000000795600000,0x00000007aab00000)
 ParOldGen       total 5592576K, used 153319K [0x00000005c0000000, 0x0000000715580000, 0x0000000715580000)
  object space 5592576K, 2% used [0x00000005c0000000,0x00000005c95b9dd0,0x0000000715580000)
 Metaspace       used 11308K, capacity 11704K, committed 11776K, reserved 1060864K
  class space    used 1133K, capacity 1244K, committed 1280K, reserved 1048576K
}
Event: 18.779 GC heap before
{Heap before GC invocations=465 (full 232):
 PSYoungGen      total 2446848K, used 295213K [0x0000000715580000, 0x00000007c0000000, 0x00000007c0000000)
  eden space 2097664K, 14% used [0x0000000715580000,0x00000007275cb410,0x0000000795600000)
  from space 349184K, 0% used [0x00000007aab00000,0x00000007aab00000,0x00000007c0000000)
  to   space 349184K, 0% used [0x0000000795600000,0x0000000795600000,0x00000007aab00000)
 ParOldGen       total 5592576K, used 153319K [0x00000005c0000000, 0x0000000715580000, 0x0000000715580000)
  object space 5592576K, 2% used [0x00000005c0000000,0x00000005c95b9dd0,0x0000000715580000)
 Metaspace       used 11308K, capacity 11704K, committed 11776K, reserved 1060864K
  class space    used 1133K, capacity 1244K, committed 1280K, reserved 1048576K
Event: 18.779 GC heap after
Heap after GC invocations=465 (full 232):
 PSYoungGen      total 2446848K, used 384K [0x0000000715580000, 0x00000007c0000000, 0x00000007c0000000)
  eden space 2097664K, 0% used [0x0000000715580000,0x0000000715580000,0x0000000795600000)
  from space 349184K, 0% used [0x0000000795600000,0x0000000795660000,0x00000007aab00000)
  to   space 349184K, 0% used [0x00000007aab00000,0x00000007aab00000,0x00000007c0000000)
 ParOldGen       total 5592576K, used 153319K [0x00000005c0000000, 0x0000000715580000, 0x0000000715580000)
  object space 5592576K, 2% used [0x00000005c0000000,0x00000005c95b9dd0,0x0000000715580000)
 Metaspace       used 11308K, capacity 11704K, committed 11776K, reserved 1060864K
  class space    used 1133K, capacity 1244K, committed 1280K, reserved 1048576K
}
Event: 18.779 GC heap before
{Heap before GC invocations=466 (full 233):
 PSYoungGen      total 2446848K, used 384K [0x0000000715580000, 0x00000007c0000000, 0x00000007c0000000)
  eden space 2097664K, 0% used [0x0000000715580000,0x0000000715580000,0x0000000795600000)
  from space 349184K, 0% used [0x0000000795600000,0x0000000795660000,0x00000007aab00000)
  to   space 349184K, 0% used [0x00000007aab00000,0x00000007aab00000,0x00000007c0000000)
 ParOldGen       total 5592576K, used 153319K [0x00000005c0000000, 0x0000000715580000, 0x0000000715580000)
  object space 5592576K, 2% used [0x00000005c0000000,0x00000005c95b9dd0,0x0000000715580000)
 Metaspace       used 11308K, capacity 11704K, committed 11776K, reserved 1060864K
  class space    used 1133K, capacity 1244K, committed 1280K, reserved 1048576K
Event: 18.797 GC heap after
Heap after GC invocations=466 (full 233):
 PSYoungGen      total 2446848K, used 0K [0x0000000715580000, 0x00000007c0000000, 0x00000007c0000000)
  eden space 2097664K, 0% used [0x0000000715580000,0x0000000715580000,0x0000000795600000)
  from space 349184K, 0% used [0x0000000795600000,0x0000000795600000,0x00000007aab00000)
  to   space 349184K, 0% used [0x00000007aab00000,0x00000007aab00000,0x00000007c0000000)
 ParOldGen       total 5592576K, used 153319K [0x00000005c0000000, 0x0000000715580000, 0x0000000715580000)
  object space 5592576K, 2% used [0x00000005c0000000,0x00000005c95b9db8,0x0000000715580000)
 Metaspace       used 11308K, capacity 11704K, committed 11776K, reserved 1060864K
  class space    used 1133K, capacity 1244K, committed 1280K, reserved 1048576K
}

Deoptimization events (10 events):
Event: 15.966 Thread 0x0000000002ffe000 Uncommon trap: reason=array_check action=maybe_recompile pc=0x0000000003401014 method=z.util.math.Sort.select_sort([I[Ljava/lang/Object;II)V @ 71
Event: 15.966 Thread 0x0000000002ffe000 Uncommon trap: reason=array_check action=maybe_recompile pc=0x0000000003401014 method=z.util.math.Sort.select_sort([I[Ljava/lang/Object;II)V @ 71
Event: 15.976 Thread 0x0000000002ffe000 Uncommon trap: reason=array_check action=maybe_recompile pc=0x000000000334ae60 method=z.util.math.Sort.dualPivot_part([I[Ljava/lang/Object;II)J @ 128
Event: 15.976 Thread 0x0000000002ffe000 Uncommon trap: reason=array_check action=maybe_recompile pc=0x000000000334ae60 method=z.util.math.Sort.dualPivot_part([I[Ljava/lang/Object;II)J @ 128
Event: 16.056 Thread 0x0000000029972800 Uncommon trap: reason=predicate action=maybe_recompile pc=0x00000000034475a0 method=z.dragon.data.container.ListContainer$BIter.next_inorder([Ljava/lang/Object;[Ljava/lang/Object;I)V @ 21
Event: 16.133 Thread 0x0000000029942800 Uncommon trap: reason=array_check action=maybe_recompile pc=0x0000000003611d7c method=z.dragon.data.container.ListContainer$BIter.next_inorder([Ljava/lang/Object;[Ljava/lang/Object;I)V @ 45
Event: 16.208 Thread 0x00000000298f0800 Uncommon trap: reason=array_check action=maybe_recompile pc=0x0000000003445574 method=z.dragon.data.container.ListContainer$BIter.next_inorder([Ljava/lang/Object;[Ljava/lang/Object;I)V @ 61
Event: 16.287 Thread 0x0000000029917000 Uncommon trap: reason=array_check action=maybe_recompile pc=0x0000000003445574 method=z.dragon.data.container.ListContainer$BIter.next_inorder([Ljava/lang/Object;[Ljava/lang/Object;I)V @ 61
Event: 16.287 Thread 0x0000000029917000 Uncommon trap: reason=array_check action=maybe_recompile pc=0x0000000003611d7c method=z.dragon.data.container.ListContainer$BIter.next_inorder([Ljava/lang/Object;[Ljava/lang/Object;I)V @ 45
Event: 16.364 Thread 0x0000000029972800 Uncommon trap: reason=array_check action=maybe_recompile pc=0x0000000003445574 method=z.dragon.data.container.ListContainer$BIter.next_inorder([Ljava/lang/Object;[Ljava/lang/Object;I)V @ 61

Classes redefined (0 events):
No events

Internal exceptions (10 events):
Event: 18.416 Thread 0x00000000030fb000 Exception <a 'z/dragon/engine/cuda/impl/CudaException'> (0x000000071fae2698) thrown at [C:\re\workspace\8-2-build-windows-amd64-cygwin\jdk8u161\10277\hotspot\src\share\vm\prims\jni.cpp, line 709]
Event: 18.493 Thread 0x00000000030fb000 Exception <a 'z/dragon/engine/cuda/impl/CudaException'> (0x000000071da1ba10) thrown at [C:\re\workspace\8-2-build-windows-amd64-cygwin\jdk8u161\10277\hotspot\src\share\vm\prims\jni.cpp, line 709]
Event: 18.493 Thread 0x00000000030fb000 Exception <a 'z/dragon/engine/cuda/impl/CudaException'> (0x000000071da1bc20) thrown at [C:\re\workspace\8-2-build-windows-amd64-cygwin\jdk8u161\10277\hotspot\src\share\vm\prims\jni.cpp, line 709]
Event: 18.567 Thread 0x00000000030fb000 Exception <a 'z/dragon/engine/cuda/impl/CudaException'> (0x000000071d8be048) thrown at [C:\re\workspace\8-2-build-windows-amd64-cygwin\jdk8u161\10277\hotspot\src\share\vm\prims\jni.cpp, line 709]
Event: 18.567 Thread 0x00000000030fb000 Exception <a 'z/dragon/engine/cuda/impl/CudaException'> (0x000000071d8be258) thrown at [C:\re\workspace\8-2-build-windows-amd64-cygwin\jdk8u161\10277\hotspot\src\share\vm\prims\jni.cpp, line 709]
Event: 18.642 Thread 0x00000000030fb000 Exception <a 'z/dragon/engine/cuda/impl/CudaException'> (0x000000071fae2488) thrown at [C:\re\workspace\8-2-build-windows-amd64-cygwin\jdk8u161\10277\hotspot\src\share\vm\prims\jni.cpp, line 709]
Event: 18.642 Thread 0x00000000030fb000 Exception <a 'z/dragon/engine/cuda/impl/CudaException'> (0x000000071fae2698) thrown at [C:\re\workspace\8-2-build-windows-amd64-cygwin\jdk8u161\10277\hotspot\src\share\vm\prims\jni.cpp, line 709]
Event: 18.719 Thread 0x00000000030fb000 Exception <a 'z/dragon/engine/cuda/impl/CudaException'> (0x000000071fae2488) thrown at [C:\re\workspace\8-2-build-windows-amd64-cygwin\jdk8u161\10277\hotspot\src\share\vm\prims\jni.cpp, line 709]
Event: 18.719 Thread 0x00000000030fb000 Exception <a 'z/dragon/engine/cuda/impl/CudaException'> (0x000000071fae2698) thrown at [C:\re\workspace\8-2-build-windows-amd64-cygwin\jdk8u161\10277\hotspot\src\share\vm\prims\jni.cpp, line 709]
Event: 18.798 Thread 0x00000000030fb000 Exception <a 'z/dragon/engine/cuda/impl/CudaException'> (0x000000071da1ba10) thrown at [C:\re\workspace\8-2-build-windows-amd64-cygwin\jdk8u161\10277\hotspot\src\share\vm\prims\jni.cpp, line 709]

Events (10 events):
Event: 18.653 Thread 0x0000000027b5e000 flushing nmethod 0x00000000033c4250
Event: 18.653 Thread 0x0000000027b5e000 flushing nmethod 0x00000000033c8c90
Event: 18.653 Thread 0x0000000027b5e000 flushing nmethod 0x00000000033e6790
Event: 18.653 Thread 0x0000000027b5e000 flushing nmethod 0x00000000033e94d0
Event: 18.700 Executing VM operation: ParallelGCSystemGC
Event: 18.719 Executing VM operation: ParallelGCSystemGC done
Event: 18.719 Thread 0x0000000027b5e000 flushing nmethod 0x0000000003439210
Event: 18.719 Thread 0x0000000027b5e000 flushing nmethod 0x0000000003454c50
Event: 18.778 Executing VM operation: ParallelGCSystemGC
Event: 18.798 Executing VM operation: ParallelGCSystemGC done


Dynamic libraries:
0x00007ff609480000 - 0x00007ff6094b7000 	D:\virtual-discE-Java\JDK 8 Windows\jdk1.8.0_161\bin\java.exe
0x00007fff0e050000 - 0x00007fff0e248000 	C:\WINDOWS\SYSTEM32\ntdll.dll
0x00007fff0c320000 - 0x00007fff0c3e1000 	C:\WINDOWS\System32\KERNEL32.DLL
0x00007fff0b970000 - 0x00007fff0bc6d000 	C:\WINDOWS\System32\KERNELBASE.dll
0x00007fff0c080000 - 0x00007fff0c130000 	C:\WINDOWS\System32\ADVAPI32.dll
0x00007fff0c130000 - 0x00007fff0c1ce000 	C:\WINDOWS\System32\msvcrt.dll
0x00007fff0c280000 - 0x00007fff0c320000 	C:\WINDOWS\System32\sechost.dll
0x00007fff0cf30000 - 0x00007fff0d053000 	C:\WINDOWS\System32\RPCRT4.dll
0x00007fff0b700000 - 0x00007fff0b727000 	C:\WINDOWS\System32\bcrypt.dll
0x00007fff0d4a0000 - 0x00007fff0d63d000 	C:\WINDOWS\System32\USER32.dll
0x00007fff0bea0000 - 0x00007fff0bec2000 	C:\WINDOWS\System32\win32u.dll
0x00007fff0df70000 - 0x00007fff0df9b000 	C:\WINDOWS\System32\GDI32.dll
0x00007fff0bd10000 - 0x00007fff0be27000 	C:\WINDOWS\System32\gdi32full.dll
0x00007fff0bc70000 - 0x00007fff0bd0d000 	C:\WINDOWS\System32\msvcp_win.dll
0x00007fff0bed0000 - 0x00007fff0bfd0000 	C:\WINDOWS\System32\ucrtbase.dll
0x00007ffef2fc0000 - 0x00007ffef325a000 	C:\WINDOWS\WinSxS\amd64_microsoft.windows.common-controls_6595b64144ccf1df_6.0.19041.4355_none_60b8b9eb71f62e16\COMCTL32.dll
0x00007fff0dd30000 - 0x00007fff0dd5f000 	C:\WINDOWS\System32\IMM32.DLL
0x0000000067840000 - 0x0000000067912000 	D:\virtual-discE-Java\JDK 8 Windows\jdk1.8.0_161\jre\bin\msvcr100.dll
0x0000000066a40000 - 0x00000000672df000 	D:\virtual-discE-Java\JDK 8 Windows\jdk1.8.0_161\jre\bin\server\jvm.dll
0x00007fff0e000000 - 0x00007fff0e008000 	C:\WINDOWS\System32\PSAPI.DLL
0x00007fff03ce0000 - 0x00007fff03cea000 	C:\WINDOWS\SYSTEM32\VERSION.dll
0x00007fff06e90000 - 0x00007fff06e99000 	C:\WINDOWS\SYSTEM32\WSOCK32.dll
0x00007ffeffc70000 - 0x00007ffeffc97000 	C:\WINDOWS\SYSTEM32\WINMM.dll
0x00007fff0dc10000 - 0x00007fff0dc7b000 	C:\WINDOWS\System32\WS2_32.dll
0x00000000677f0000 - 0x00000000677ff000 	D:\virtual-discE-Java\JDK 8 Windows\jdk1.8.0_161\jre\bin\verify.dll
0x00000000677c0000 - 0x00000000677e9000 	D:\virtual-discE-Java\JDK 8 Windows\jdk1.8.0_161\jre\bin\java.dll
0x00000000677a0000 - 0x00000000677b6000 	D:\virtual-discE-Java\JDK 8 Windows\jdk1.8.0_161\jre\bin\zip.dll
0x00007fff0c450000 - 0x00007fff0cbbf000 	C:\WINDOWS\System32\SHELL32.dll
0x00007fff09220000 - 0x00007fff099bf000 	C:\WINDOWS\SYSTEM32\windows.storage.dll
0x00007fff0d060000 - 0x00007fff0d3b3000 	C:\WINDOWS\System32\combase.dll
0x00007fff0b120000 - 0x00007fff0b14e000 	C:\WINDOWS\SYSTEM32\Wldp.dll
0x00007fff0d650000 - 0x00007fff0d71d000 	C:\WINDOWS\System32\OLEAUT32.dll
0x00007fff0dc80000 - 0x00007fff0dd2d000 	C:\WINDOWS\System32\SHCORE.dll
0x00007fff0ced0000 - 0x00007fff0cf25000 	C:\WINDOWS\System32\shlwapi.dll
0x00007fff0b630000 - 0x00007fff0b654000 	C:\WINDOWS\SYSTEM32\profapi.dll
0x00000000675c0000 - 0x0000000067758000 	D:\virtual-discE-Java\JDK 8 Windows\jdk1.8.0_161\jre\bin\awt.dll
0x00007fff05b40000 - 0x00007fff05bd4000 	C:\WINDOWS\SYSTEM32\apphelp.dll
0x00000000669d0000 - 0x0000000066a0e000 	D:\virtual-discE-Java\JDK 8 Windows\jdk1.8.0_161\jre\bin\lcms.dll
0x00007fff06d80000 - 0x00007fff06daa000 	C:\Users\Gilgamesh\Desktop\Dragon-alpha-v1.2\native-lib\cuda_float32\CudaDevice_sm86.dll
0x00007ffefdfb0000 - 0x00007ffefdfc6000 	D:\virtual-discE-Java\JDK 8 Windows\jdk1.8.0_161\jre\bin\VCRUNTIME140.dll
0x00007ffee2ff0000 - 0x00007ffee315a000 	C:\Users\Gilgamesh\Desktop\Dragon-alpha-v1.2\native-lib\cuda_float32\Cuda_batchMatMul_sm86.dll
0x00007ffea79b0000 - 0x00007ffeaadd0000 	C:\Users\Gilgamesh\Desktop\Dragon-alpha-v1.2\native-lib\cuda_float32\Cuda_conv3D_sm86.dll
0x00007ffea7160000 - 0x00007ffea79a4000 	C:\Users\Gilgamesh\Desktop\Dragon-alpha-v1.2\native-lib\cuda_float32\Cuda_dconv3D_deltaW_sm86.dll
0x00007ffe9b5b0000 - 0x00007ffe9f323000 	C:\Users\Gilgamesh\Desktop\Dragon-alpha-v1.2\native-lib\cuda_float32\Cuda_dconv3D_deltaX_sm86.dll
0x00007ffefb0f0000 - 0x00007ffefb14f000 	C:\Users\Gilgamesh\Desktop\Dragon-alpha-v1.2\native-lib\cuda_float32\Cuda_expk2_sm86.dll
0x00007ffebe9e0000 - 0x00007ffebecba000 	C:\Users\Gilgamesh\Desktop\Dragon-alpha-v1.2\native-lib\cuda_float32\Cuda_function_sm86.dll
0x00007ffedfb70000 - 0x00007ffedfc53000 	C:\Users\Gilgamesh\Desktop\Dragon-alpha-v1.2\native-lib\cuda_float32\Cuda_image_sm86.dll
0x00007ffea65a0000 - 0x00007ffea6857000 	C:\Users\Gilgamesh\Desktop\Dragon-alpha-v1.2\native-lib\cuda_float32\Cuda_matMul_sm86.dll
0x00007ffefb090000 - 0x00007ffefb0e6000 	C:\Users\Gilgamesh\Desktop\Dragon-alpha-v1.2\native-lib\cuda_float32\Cuda_pool2D_sm86.dll
0x00007ffefa6f0000 - 0x00007ffefa742000 	C:\Users\Gilgamesh\Desktop\Dragon-alpha-v1.2\native-lib\cuda_float32\Cuda_random_sm86.dll
0x00007ffea61f0000 - 0x00007ffea659a000 	C:\Users\Gilgamesh\Desktop\Dragon-alpha-v1.2\native-lib\cuda_float32\Cuda_reduce_sm86.dll
0x00007ffeef300000 - 0x00007ffeef351000 	C:\Users\Gilgamesh\Desktop\Dragon-alpha-v1.2\native-lib\cuda_float32\Cuda_sm86.dll
0x00007ffeeae20000 - 0x00007ffeeae95000 	C:\Users\Gilgamesh\Desktop\Dragon-alpha-v1.2\native-lib\cuda_float32\Cuda_upool2D_sm86.dll
0x00007ffea5e90000 - 0x00007ffea61e3000 	C:\WINDOWS\SYSTEM32\nvcuda.dll
0x00007ffe9abf0000 - 0x00007ffe9b5a6000 	C:\WINDOWS\system32\DriverStore\FileRepository\nv_dispig.inf_amd64_7e5fd280efaa5445\nvcuda64.dll
0x00007fff0b2b0000 - 0x00007fff0b2c2000 	C:\WINDOWS\SYSTEM32\msasn1.dll
0x00007fff03ba0000 - 0x00007fff03bd1000 	C:\WINDOWS\SYSTEM32\cryptnet.dll
0x00007fff0b810000 - 0x00007fff0b96e000 	C:\WINDOWS\System32\CRYPT32.dll
0x00007fff03840000 - 0x00007fff03987000 	C:\WINDOWS\SYSTEM32\drvstore.dll
0x00007fff0b480000 - 0x00007fff0b4b3000 	C:\WINDOWS\SYSTEM32\devobj.dll
0x00007fff0b7c0000 - 0x00007fff0b80e000 	C:\WINDOWS\System32\cfgmgr32.dll
0x00007fff0b070000 - 0x00007fff0b07c000 	C:\WINDOWS\SYSTEM32\cryptbase.dll
0x00007fff00810000 - 0x00007fff00faf000 	C:\WINDOWS\SYSTEM32\nvapi64.dll
0x00007fff0d7a0000 - 0x00007fff0dc0e000 	C:\WINDOWS\System32\SETUPAPI.dll
0x00007fff0cda0000 - 0x00007fff0cecb000 	C:\WINDOWS\System32\ole32.dll
0x00007fff09f60000 - 0x00007fff09f72000 	C:\WINDOWS\SYSTEM32\kernel.appcore.dll
0x00007fff09a90000 - 0x00007fff09c74000 	C:\WINDOWS\SYSTEM32\dbghelp.dll
0x00007fff0b730000 - 0x00007fff0b7b2000 	C:\WINDOWS\System32\bcryptPrimitives.dll

VM Arguments:
jvm_args: -Dfile.encoding=UTF-8 -Xms8192m 
java_command: cifar10.resnet18_leaky_relu_attention.train
java_class_path (initial): D:\virtual-discC-code\Dragon-alpha-3060ti\ZUTIL-STD-1.2\build\classes;D:\virtual-discC-code\Dragon-alpha-3060ti\alpha-Dragon-v1.2\build\classes;D:\virtual-discC-code\Dragon-alpha-3060ti\alpha-Dragon-v1.2\build\test\classes
Launcher Type: SUN_STANDARD

Environment Variables:
JAVA_HOME=D:\virtual-discE-Java\JDK 8 Windows\jdk1.8.0_161
PATH=C:\Program Files\NVIDIA GPU Computing Toolkit\CUDA\v11.8\bin;C:\Program Files\NVIDIA GPU Computing Toolkit\CUDA\v11.8\libnvvp;C:\Program Files\NVIDIA GPU Computing Toolkit\CUDA\v11.5\bin;C:\Program Files\NVIDIA GPU Computing Toolkit\CUDA\v11.5\libnvvp;C:\Program Files\NVIDIA GPU Computing Toolkit\CUDA\v11.5\include;C:\WINDOWS\system32;C:\WINDOWS;C:\WINDOWS\System32\Wbem;C:\WINDOWS\System32\WindowsPowerShell\v1.0\;C:\WINDOWS\System32\OpenSSH\;C:\Program Files (x86)\NVIDIA Corporation\PhysX\Common;C:\Program Files\NVIDIA Corporation\NVIDIA NvDLISR;D:\virtual-discE-Java\JDK 8 Windows\jdk1.8.0_161\bin;C:\Program Files\NVIDIA Corporation\Nsight Compute 2022.3.0\;C:\Users\Gilgamesh\AppData\Local\Microsoft\WindowsApps;C:\Users\Gilgamesh\AppData\Local\GitHubDesktop\bin;D:\virtual-discA\LaTex\TeXLive\texlive\2023\bin\windows
USERNAME=Gilgamesh
OS=Windows_NT
PROCESSOR_IDENTIFIER=Intel64 Family 6 Model 151 Stepping 2, GenuineIntel



---------------  S Y S T E M  ---------------

OS: Windows 10.0 , 64 bit Build 19041 (10.0.19041.4717)

CPU:total 12 (initial active 12) (6 cores per cpu, 2 threads per core) family 6 model 151 stepping 2, cmov, cx8, fxsr, mmx, sse, sse2, sse3, ssse3, sse4.1, sse4.2, popcnt, avx, avx2, aes, clmul, erms, 3dnowpref, lzcnt, ht, tsc, tscinvbit, bmi1, bmi2, adx

Memory: 4k page, physical 16586168k(9443672k free), swap 20142080k(2540020k free)

vm_info: Java HotSpot(TM) 64-Bit Server VM (25.161-b12) for windows-amd64 JRE (1.8.0_161-b12), built on Dec 19 2017 17:52:25 by "java_re" with MS VC++ 10.0 (VS2010)

time: Mon Sep 02 15:00:20 2024
elapsed time: 18 seconds (0d 0h 0m 18s)

