#
# A fatal error has been detected by the Java Runtime Environment:
#
#  EXCEPTION_ACCESS_VIOLATION (0xc0000005) at pc=0x00007ffeac01169e, pid=16268, tid=0x000000000000410c
#
# JRE version: Java(TM) SE Runtime Environment (8.0_161-b12) (build 1.8.0_161-b12)
# Java VM: Java HotSpot(TM) 64-Bit Server VM (25.161-b12 mixed mode windows-amd64 compressed oops)
# Problematic frame:
# C  [nvcuda64.dll+0x15169e]
#
# Failed to write core dump. Minidumps are not enabled by default on client versions of Windows
#
# If you would like to submit a bug report, please visit:
#   http://bugreport.java.com/bugreport/crash.jsp
# The crash happened outside the Java Virtual Machine in native code.
# See problematic frame for where to report the bug.
#

---------------  T H R E A D  ---------------

Current thread (0x0000000002e7b000):  JavaThread "Finalizer" daemon [_thread_in_native, id=16652, stack(0x0000000028a20000,0x0000000028b20000)]

siginfo: ExceptionCode=0xc0000005, reading address 0x0000000000000048

Registers:
RAX=0x0000000000000000, RBX=0x0000000000000000, RCX=0x0000000000000000, RDX=0x0000000000000001
RSP=0x0000000028b1ef60, RBP=0x0000000028b1eff9, RSI=0x0000000000000000, RDI=0x000000009c57f770
R8 =0x0000000000000118, R9 =0x0000000000000000, R10=0x0000000000000000, R11=0x0000000028b1ee20
R12=0x0000000000000000, R13=0x0000000028b1f4c0, R14=0x0000000028b1f1d0, R15=0x0000000002e7b000
RIP=0x00007ffeac01169e, EFLAGS=0x0000000000010206

Top of Stack: (sp=0x0000000028b1ef60)
0x0000000028b1ef60:   0000000028b1f4c0 0000000000000000
0x0000000028b1ef70:   000000009c57f770 0000000000000000
0x0000000028b1ef80:   0000000000000000 00007ffeac102964
0x0000000028b1ef90:   0000000028b1f1e0 0000000028b1eff9
0x0000000028b1efa0:   0000000000000000 00007ffeabf5ec00
0x0000000028b1efb0:   000000000000064d 00000000672eabac
0x0000000028b1efc0:   000000000000064d 0000000028b1f268
0x0000000028b1efd0:   0000fd7d098a0a62 000000002a58dda0
0x0000000028b1efe0:   0000000000000b37 0000000002f7e85e
0x0000000028b1eff0:   0000000002e7b000 0000000002e7b000
0x0000000028b1f000:   0000000002e7b000 0000000002e7b000
0x0000000028b1f010:   00000000260f0aa8 00000000670bb332
0x0000000028b1f020:   0000000000001385 0000000002e7a000
0x0000000028b1f030:   0000000028b1f0b0 00007ffee56e5a80
0x0000000028b1f040:   000000009c57f770 0000000000000000
0x0000000028b1f050:   0000000028b1f0e9 00007ffee56d4245 

Instructions: (pc=0x00007ffeac01169e)
0x00007ffeac01167e:   41 5d 41 5c 5f 5e 5d c3 cc cc cc cc cc cc cc cc
0x00007ffeac01168e:   cc cc 40 53 48 83 ec 20 48 8b 09 48 8b da b2 01
0x00007ffeac01169e:   48 8b 41 48 ff 90 18 41 00 00 85 c0 75 0d 48 8b
0x00007ffeac0116ae:   cb 48 83 c4 20 5b e9 47 38 0b 00 48 83 c4 20 5b 


Register to memory mapping:

RAX=0x0000000000000000 is an unknown value
RBX=0x0000000000000000 is an unknown value
RCX=0x0000000000000000 is an unknown value
RDX=0x0000000000000001 is an unknown value
RSP=0x0000000028b1ef60 is pointing into the stack for thread: 0x0000000002e7b000
RBP=0x0000000028b1eff9 is pointing into the stack for thread: 0x0000000002e7b000
RSI=0x0000000000000000 is an unknown value
RDI=0x000000009c57f770 is an unknown value
R8 =0x0000000000000118 is an unknown value
R9 =0x0000000000000000 is an unknown value
R10=0x0000000000000000 is an unknown value
R11=0x0000000028b1ee20 is pointing into the stack for thread: 0x0000000002e7b000
R12=0x0000000000000000 is an unknown value
R13=0x0000000028b1f4c0 is pointing into the stack for thread: 0x0000000002e7b000
R14=0x0000000028b1f1d0 is pointing into the stack for thread: 0x0000000002e7b000
R15=0x0000000002e7b000 is a thread


Stack: [0x0000000028a20000,0x0000000028b20000],  sp=0x0000000028b1ef60,  free space=1019k
Native frames: (J=compiled Java code, j=interpreted, Vv=VM code, C=native code)
C  [nvcuda64.dll+0x15169e]
C  [nvcuda64.dll+0x242964]
C  [Cuda_sm86.dll+0x4245]  cudart::cudaApiEventSynchronize+0x15
C  [Cuda_sm86.dll+0x1e05]  cudaEventSynchronize+0x115
C  [Cuda_sm86.dll+0x15a98]  Java_z_dragon_engine_cuda_impl_Cuda_eventSynchronize_1delete+0x18
C  0x00000000030cfdc3

Java frames: (J=compiled Java code, j=interpreted, Vv=VM code)
J 448  z.dragon.engine.cuda.impl.Cuda.eventSync_Del(J)V (0 bytes) @ 0x00000000030cfd41 [0x00000000030cfd00+0x41]
J 447 C1 z.dragon.engine.cuda.CudaFloat32EngineBase$StreamSyncer.sync()V (48 bytes) @ 0x00000000030cf764 [0x00000000030cf5e0+0x184]
J 787 C2 z.dragon.engine.Tensor.c()Lz/dragon/engine/Tensor; (45 bytes) @ 0x00000000031e7864 [0x00000000031e77a0+0xc4]
J 683 C1 z.dragon.engine.Engine.delete_core(Lz/dragon/engine/Tensor;)V (150 bytes) @ 0x00000000031ae6fc [0x00000000031ae2c0+0x43c]
J 765 C1 z.dragon.engine.Tensor.finalize()V (14 bytes) @ 0x00000000031d981c [0x00000000031d9540+0x2dc]
J 690 C1 java.lang.ref.Finalizer.runFinalizer(Lsun/misc/JavaLangAccess;)V (62 bytes) @ 0x00000000031ac814 [0x00000000031ac280+0x594]
J 689 C1 java.lang.ref.Finalizer.access$100(Ljava/lang/ref/Finalizer;Lsun/misc/JavaLangAccess;)V (6 bytes) @ 0x00000000031abf1c [0x00000000031abec0+0x5c]
j  java.lang.ref.Finalizer$FinalizerThread.run()V+45
v  ~StubRoutines::call_stub

---------------  P R O C E S S  ---------------

Java Threads: ( => current thread )
  0x000000002963c800 JavaThread "Thread-7" daemon [_thread_blocked, id=16952, stack(0x0000000000510000,0x0000000000610000)]
  0x000000002962b000 JavaThread "Thread-6" daemon [_thread_blocked, id=14292, stack(0x0000000000410000,0x0000000000510000)]
  0x0000000029724000 JavaThread "Thread-5" daemon [_thread_blocked, id=15892, stack(0x0000000066a10000,0x0000000066b10000)]
  0x00000000295f5000 JavaThread "Thread-4" daemon [_thread_blocked, id=288, stack(0x00000000668b0000,0x00000000669b0000)]
  0x00000000295da000 JavaThread "Thread-3" daemon [_thread_blocked, id=11016, stack(0x000000004d410000,0x000000004d510000)]
  0x00000000295e1000 JavaThread "Thread-2" daemon [_thread_blocked, id=8048, stack(0x00000000486f0000,0x00000000487f0000)]
  0x00000000295de000 JavaThread "Thread-1" daemon [_thread_blocked, id=10208, stack(0x00000000485f0000,0x00000000486f0000)]
  0x00000000295cd000 JavaThread "Thread-0" daemon [_thread_blocked, id=14984, stack(0x00000000484f0000,0x00000000485f0000)]
  0x0000000029481800 JavaThread "Java2D Disposer" daemon [_thread_blocked, id=12712, stack(0x0000000029bd0000,0x0000000029cd0000)]
  0x00000000278b6800 JavaThread "Service Thread" daemon [_thread_blocked, id=10372, stack(0x0000000029120000,0x0000000029220000)]
  0x0000000027832800 JavaThread "C1 CompilerThread3" daemon [_thread_blocked, id=4976, stack(0x0000000029020000,0x0000000029120000)]
  0x000000002782e800 JavaThread "C2 CompilerThread2" daemon [_thread_blocked, id=10716, stack(0x0000000028f20000,0x0000000029020000)]
  0x0000000027828800 JavaThread "C2 CompilerThread1" daemon [_thread_blocked, id=15640, stack(0x0000000028e20000,0x0000000028f20000)]
  0x00000000277cc000 JavaThread "C2 CompilerThread0" daemon [_thread_blocked, id=10360, stack(0x0000000028d20000,0x0000000028e20000)]
  0x00000000277c7800 JavaThread "Attach Listener" daemon [_thread_blocked, id=4680, stack(0x0000000028c20000,0x0000000028d20000)]
  0x0000000027824000 JavaThread "Signal Dispatcher" daemon [_thread_blocked, id=2980, stack(0x0000000028b20000,0x0000000028c20000)]
=>0x0000000002e7b000 JavaThread "Finalizer" daemon [_thread_in_native, id=16652, stack(0x0000000028a20000,0x0000000028b20000)]
  0x0000000002e7a000 JavaThread "Reference Handler" daemon [_thread_blocked, id=9968, stack(0x0000000028920000,0x0000000028a20000)]
  0x0000000002d7e000 JavaThread "main" [_thread_in_Java, id=10452, stack(0x0000000002bd0000,0x0000000002cd0000)]

Other Threads:
  0x00000000260e5800 VMThread [stack: 0x0000000028820000,0x0000000028920000] [id=1344]
  0x00000000278d5000 WatcherThread [stack: 0x0000000029220000,0x0000000029320000] [id=11696]

VM state:not at safepoint (normal execution)

VM Mutex/Monitor currently owned by a thread: None

Heap:
 PSYoungGen      total 2446848K, used 95934K [0x0000000715580000, 0x00000007c0000000, 0x00000007c0000000)
  eden space 2097664K, 4% used [0x0000000715580000,0x000000071b32fbf8,0x0000000795600000)
  from space 349184K, 0% used [0x00000007aab00000,0x00000007aab00000,0x00000007c0000000)
  to   space 349184K, 0% used [0x0000000795600000,0x0000000795600000,0x00000007aab00000)
 ParOldGen       total 5592576K, used 153248K [0x00000005c0000000, 0x0000000715580000, 0x0000000715580000)
  object space 5592576K, 2% used [0x00000005c0000000,0x00000005c95a8018,0x0000000715580000)
 Metaspace       used 10950K, capacity 11302K, committed 11520K, reserved 1058816K
  class space    used 1132K, capacity 1243K, committed 1280K, reserved 1048576K

Card table byte_map: [0x0000000012240000,0x0000000013250000] byte_map_base: 0x000000000f440000

Marking Bits: (ParMarkBitMap*) 0x00000000676bf860
 Begin Bits: [0x0000000014700000, 0x000000001c700000)
 End Bits:   [0x000000001c700000, 0x0000000024700000)

Polling page: 0x0000000000a00000

CodeCache: size=245760Kb used=3611Kb max_used=3621Kb free=242148Kb
 bounds [0x0000000002e80000, 0x0000000003210000, 0x0000000011e80000]
 total_blobs=1809 nmethods=819 adapters=903
 compilation: enabled

Compilation events (10 events):
Event: 1.419 Thread 0x0000000027832800 nmethod 810 0x0000000003201790 code [0x0000000003201920, 0x0000000003201db0]
Event: 1.421 Thread 0x0000000027832800  811       3       z.dragon.nn.core.simple.SimpleCore::collectGradientFromNext (42 bytes)
Event: 1.421 Thread 0x0000000027832800 nmethod 811 0x0000000003201fd0 code [0x0000000003202160, 0x0000000003202678]
Event: 1.421 Thread 0x0000000027832800  812       3       z.dragon.nn.core.simple.SimpleCore::backward (165 bytes)
Event: 1.421 Thread 0x0000000027832800 nmethod 812 0x00000000032027d0 code [0x0000000003202a20, 0x00000000032041f8]
Event: 1.421 Thread 0x0000000027832800  813       3       z.dragon.nn.core.simple.SimpleCore::gradient (19 bytes)
Event: 1.421 Thread 0x0000000027832800 nmethod 813 0x0000000003204a10 code [0x0000000003204b80, 0x0000000003204dc8]
Event: 1.421 Thread 0x0000000027832800  814   !   3       z.dragon.engine.cuda.CudaFloat32EngineBase$Stream2Block2Syncer_1::sync (99 bytes)
Event: 1.422 Thread 0x0000000027832800 nmethod 814 0x0000000003204e90 code [0x0000000003205060, 0x0000000003205908]
Event: 1.432 Thread 0x0000000027832800  815       3       z.dragon.nn.unit.Unit$UnitCoreManager::gc (36 bytes)

GC Heap History (10 events):
Event: 1.219 GC heap before
{Heap before GC invocations=8 (full 4):
 PSYoungGen      total 2446848K, used 352K [0x0000000715580000, 0x00000007c0000000, 0x00000007c0000000)
  eden space 2097664K, 0% used [0x0000000715580000,0x0000000715580000,0x0000000795600000)
  from space 349184K, 0% used [0x00000007aab00000,0x00000007aab58000,0x00000007c0000000)
  to   space 349184K, 0% used [0x0000000795600000,0x0000000795600000,0x00000007aab00000)
 ParOldGen       total 5592576K, used 153240K [0x00000005c0000000, 0x0000000715580000, 0x0000000715580000)
  object space 5592576K, 2% used [0x00000005c0000000,0x00000005c95a6028,0x0000000715580000)
 Metaspace       used 10906K, capacity 11298K, committed 11520K, reserved 1058816K
  class space    used 1132K, capacity 1243K, committed 1280K, reserved 1048576K
Event: 1.267 GC heap after
Heap after GC invocations=8 (full 4):
 PSYoungGen      total 2446848K, used 0K [0x0000000715580000, 0x00000007c0000000, 0x00000007c0000000)
  eden space 2097664K, 0% used [0x0000000715580000,0x0000000715580000,0x0000000795600000)
  from space 349184K, 0% used [0x00000007aab00000,0x00000007aab00000,0x00000007c0000000)
  to   space 349184K, 0% used [0x0000000795600000,0x0000000795600000,0x00000007aab00000)
 ParOldGen       total 5592576K, used 153243K [0x00000005c0000000, 0x0000000715580000, 0x0000000715580000)
  object space 5592576K, 2% used [0x00000005c0000000,0x00000005c95a6e78,0x0000000715580000)
 Metaspace       used 10906K, capacity 11298K, committed 11520K, reserved 1058816K
  class space    used 1132K, capacity 1243K, committed 1280K, reserved 1048576K
}
Event: 1.326 GC heap before
{Heap before GC invocations=9 (full 4):
 PSYoungGen      total 2446848K, used 232283K [0x0000000715580000, 0x00000007c0000000, 0x00000007c0000000)
  eden space 2097664K, 11% used [0x0000000715580000,0x0000000723856cf8,0x0000000795600000)
  from space 349184K, 0% used [0x00000007aab00000,0x00000007aab00000,0x00000007c0000000)
  to   space 349184K, 0% used [0x0000000795600000,0x0000000795600000,0x00000007aab00000)
 ParOldGen       total 5592576K, used 153243K [0x00000005c0000000, 0x0000000715580000, 0x0000000715580000)
  object space 5592576K, 2% used [0x00000005c0000000,0x00000005c95a6e78,0x0000000715580000)
 Metaspace       used 10929K, capacity 11298K, committed 11520K, reserved 1058816K
  class space    used 1132K, capacity 1243K, committed 1280K, reserved 1048576K
Event: 1.327 GC heap after
Heap after GC invocations=9 (full 4):
 PSYoungGen      total 2446848K, used 288K [0x0000000715580000, 0x00000007c0000000, 0x00000007c0000000)
  eden space 2097664K, 0% used [0x0000000715580000,0x0000000715580000,0x0000000795600000)
  from space 349184K, 0% used [0x0000000795600000,0x0000000795648000,0x00000007aab00000)
  to   space 349184K, 0% used [0x00000007aab00000,0x00000007aab00000,0x00000007c0000000)
 ParOldGen       total 5592576K, used 153251K [0x00000005c0000000, 0x0000000715580000, 0x0000000715580000)
  object space 5592576K, 2% used [0x00000005c0000000,0x00000005c95a8e78,0x0000000715580000)
 Metaspace       used 10929K, capacity 11298K, committed 11520K, reserved 1058816K
  class space    used 1132K, capacity 1243K, committed 1280K, reserved 1048576K
}
Event: 1.327 GC heap before
{Heap before GC invocations=10 (full 5):
 PSYoungGen      total 2446848K, used 288K [0x0000000715580000, 0x00000007c0000000, 0x00000007c0000000)
  eden space 2097664K, 0% used [0x0000000715580000,0x0000000715580000,0x0000000795600000)
  from space 349184K, 0% used [0x0000000795600000,0x0000000795648000,0x00000007aab00000)
  to   space 349184K, 0% used [0x00000007aab00000,0x00000007aab00000,0x00000007c0000000)
 ParOldGen       total 5592576K, used 153251K [0x00000005c0000000, 0x0000000715580000, 0x0000000715580000)
  object space 5592576K, 2% used [0x00000005c0000000,0x00000005c95a8e78,0x0000000715580000)
 Metaspace       used 10929K, capacity 11298K, committed 11520K, reserved 1058816K
  class space    used 1132K, capacity 1243K, committed 1280K, reserved 1048576K
Event: 1.375 GC heap after
Heap after GC invocations=10 (full 5):
 PSYoungGen      total 2446848K, used 0K [0x0000000715580000, 0x00000007c0000000, 0x00000007c0000000)
  eden space 2097664K, 0% used [0x0000000715580000,0x0000000715580000,0x0000000795600000)
  from space 349184K, 0% used [0x0000000795600000,0x0000000795600000,0x00000007aab00000)
  to   space 349184K, 0% used [0x00000007aab00000,0x00000007aab00000,0x00000007c0000000)
 ParOldGen       total 5592576K, used 153246K [0x00000005c0000000, 0x0000000715580000, 0x0000000715580000)
  object space 5592576K, 2% used [0x00000005c0000000,0x00000005c95a78c8,0x0000000715580000)
 Metaspace       used 10929K, capacity 11298K, committed 11520K, reserved 1058816K
  class space    used 1132K, capacity 1243K, committed 1280K, reserved 1048576K
}
Event: 1.432 GC heap before
{Heap before GC invocations=11 (full 5):
 PSYoungGen      total 2446848K, used 232283K [0x0000000715580000, 0x00000007c0000000, 0x00000007c0000000)
  eden space 2097664K, 11% used [0x0000000715580000,0x0000000723856cb8,0x0000000795600000)
  from space 349184K, 0% used [0x0000000795600000,0x0000000795600000,0x00000007aab00000)
  to   space 349184K, 0% used [0x00000007aab00000,0x00000007aab00000,0x00000007c0000000)
 ParOldGen       total 5592576K, used 153246K [0x00000005c0000000, 0x0000000715580000, 0x0000000715580000)
  object space 5592576K, 2% used [0x00000005c0000000,0x00000005c95a78c8,0x0000000715580000)
 Metaspace       used 10950K, capacity 11302K, committed 11520K, reserved 1058816K
  class space    used 1132K, capacity 1243K, committed 1280K, reserved 1048576K
Event: 1.433 GC heap after
Heap after GC invocations=11 (full 5):
 PSYoungGen      total 2446848K, used 288K [0x0000000715580000, 0x00000007c0000000, 0x00000007c0000000)
  eden space 2097664K, 0% used [0x0000000715580000,0x0000000715580000,0x0000000795600000)
  from space 349184K, 0% used [0x00000007aab00000,0x00000007aab48000,0x00000007c0000000)
  to   space 349184K, 0% used [0x0000000795600000,0x0000000795600000,0x00000007aab00000)
 ParOldGen       total 5592576K, used 153254K [0x00000005c0000000, 0x0000000715580000, 0x0000000715580000)
  object space 5592576K, 2% used [0x00000005c0000000,0x00000005c95a98c8,0x0000000715580000)
 Metaspace       used 10950K, capacity 11302K, committed 11520K, reserved 1058816K
  class space    used 1132K, capacity 1243K, committed 1280K, reserved 1048576K
}
Event: 1.433 GC heap before
{Heap before GC invocations=12 (full 6):
 PSYoungGen      total 2446848K, used 288K [0x0000000715580000, 0x00000007c0000000, 0x00000007c0000000)
  eden space 2097664K, 0% used [0x0000000715580000,0x0000000715580000,0x0000000795600000)
  from space 349184K, 0% used [0x00000007aab00000,0x00000007aab48000,0x00000007c0000000)
  to   space 349184K, 0% used [0x0000000795600000,0x0000000795600000,0x00000007aab00000)
 ParOldGen       total 5592576K, used 153254K [0x00000005c0000000, 0x0000000715580000, 0x0000000715580000)
  object space 5592576K, 2% used [0x00000005c0000000,0x00000005c95a98c8,0x0000000715580000)
 Metaspace       used 10950K, capacity 11302K, committed 11520K, reserved 1058816K
  class space    used 1132K, capacity 1243K, committed 1280K, reserved 1048576K
Event: 1.470 GC heap after
Heap after GC invocations=12 (full 6):
 PSYoungGen      total 2446848K, used 0K [0x0000000715580000, 0x00000007c0000000, 0x00000007c0000000)
  eden space 2097664K, 0% used [0x0000000715580000,0x0000000715580000,0x0000000795600000)
  from space 349184K, 0% used [0x00000007aab00000,0x00000007aab00000,0x00000007c0000000)
  to   space 349184K, 0% used [0x0000000795600000,0x0000000795600000,0x00000007aab00000)
 ParOldGen       total 5592576K, used 153248K [0x00000005c0000000, 0x0000000715580000, 0x0000000715580000)
  object space 5592576K, 2% used [0x00000005c0000000,0x00000005c95a8018,0x0000000715580000)
 Metaspace       used 10950K, capacity 11302K, committed 11520K, reserved 1058816K
  class space    used 1132K, capacity 1243K, committed 1280K, reserved 1048576K
}

Deoptimization events (7 events):
Event: 0.085 Thread 0x0000000002d7e000 Uncommon trap: reason=unstable_if action=reinterpret pc=0x0000000002fc10cc method=java.lang.String.indexOf([CII[CIII)I @ 123
Event: 0.393 Thread 0x0000000002d7e000 Uncommon trap: reason=unstable_if action=reinterpret pc=0x00000000030dd4d4 method=java.io.BufferedInputStream.read([BII)I @ 31
Event: 0.425 Thread 0x0000000002d7e000 Uncommon trap: reason=unstable_if action=reinterpret pc=0x00000000030e7480 method=z.dragon.dataset.Cifar10.load(Lz/dragon/data/container/ListContainer;Ljava/lang/String;Ljava/lang/String;)V @ 45
Event: 0.463 Thread 0x0000000002d7e000 Uncommon trap: reason=unstable_if action=reinterpret pc=0x00000000030eba58 method=z.dragon.dataset.Cifar10.load(Lz/dragon/data/container/ListContainer;Ljava/lang/String;Ljava/lang/String;)V @ 45
Event: 0.506 Thread 0x0000000002d7e000 Uncommon trap: reason=unstable_if action=reinterpret pc=0x00000000030e9be8 method=z.dragon.dataset.Cifar10.load(Lz/dragon/data/container/ListContainer;Ljava/lang/String;Ljava/lang/String;)V @ 45
Event: 0.588 Thread 0x0000000002d7e000 Uncommon trap: reason=unstable_if action=reinterpret pc=0x00000000030ed2d4 method=java.io.BufferedInputStream.read1([BII)I @ 68
Event: 0.588 Thread 0x0000000002d7e000 Uncommon trap: reason=unstable_if action=reinterpret pc=0x00000000030df620 method=java.io.BufferedInputStream.read1([BII)I @ 68

Classes redefined (0 events):
No events

Internal exceptions (10 events):
Event: 0.097 Thread 0x0000000002d7e000 Exception <a 'java/lang/NoSuchFieldError': method resolution failed> (0x0000000715999718) thrown at [C:\re\workspace\8-2-build-windows-amd64-cygwin\jdk8u161\10277\hotspot\src\share\vm\prims\methodHandles.cpp, line 1167]
Event: 0.110 Thread 0x0000000002d7e000 Exception <a 'java/security/PrivilegedActionException'> (0x0000000715a4e060) thrown at [C:\re\workspace\8-2-build-windows-amd64-cygwin\jdk8u161\10277\hotspot\src\share\vm\prims\jvm.cpp, line 1390]
Event: 0.110 Thread 0x0000000002d7e000 Exception <a 'java/security/PrivilegedActionException'> (0x0000000715a4e270) thrown at [C:\re\workspace\8-2-build-windows-amd64-cygwin\jdk8u161\10277\hotspot\src\share\vm\prims\jvm.cpp, line 1390]
Event: 0.110 Thread 0x0000000002d7e000 Exception <a 'java/security/PrivilegedActionException'> (0x0000000715a52fd8) thrown at [C:\re\workspace\8-2-build-windows-amd64-cygwin\jdk8u161\10277\hotspot\src\share\vm\prims\jvm.cpp, line 1390]
Event: 0.110 Thread 0x0000000002d7e000 Exception <a 'java/security/PrivilegedActionException'> (0x0000000715a531e8) thrown at [C:\re\workspace\8-2-build-windows-amd64-cygwin\jdk8u161\10277\hotspot\src\share\vm\prims\jvm.cpp, line 1390]
Event: 0.112 Thread 0x0000000002d7e000 Exception <a 'java/io/FileNotFoundException'> (0x0000000715a61c90) thrown at [C:\re\workspace\8-2-build-windows-amd64-cygwin\jdk8u161\10277\hotspot\src\share\vm\prims\jni.cpp, line 709]
Event: 1.037 Thread 0x0000000002e7b000 Exception <a 'z/dragon/engine/cuda/impl/CudaException'> (0x000000071b334fc0) thrown at [C:\re\workspace\8-2-build-windows-amd64-cygwin\jdk8u161\10277\hotspot\src\share\vm\prims\jni.cpp, line 709]
Event: 1.037 Thread 0x0000000002e7b000 Exception <a 'z/dragon/engine/cuda/impl/CudaException'> (0x000000071b3351d0) thrown at [C:\re\workspace\8-2-build-windows-amd64-cygwin\jdk8u161\10277\hotspot\src\share\vm\prims\jni.cpp, line 709]
Event: 1.156 Thread 0x0000000002e7b000 Exception <a 'z/dragon/engine/cuda/impl/CudaException'> (0x0000000717e78718) thrown at [C:\re\workspace\8-2-build-windows-amd64-cygwin\jdk8u161\10277\hotspot\src\share\vm\prims\jni.cpp, line 709]
Event: 1.156 Thread 0x0000000002e7b000 Exception <a 'z/dragon/engine/cuda/impl/CudaException'> (0x0000000717e78928) thrown at [C:\re\workspace\8-2-build-windows-amd64-cygwin\jdk8u161\10277\hotspot\src\share\vm\prims\jni.cpp, line 709]

Events (10 events):
Event: 1.037 loading class z/dragon/engine/cuda/impl/CudaException done
Event: 1.104 Executing VM operation: ParallelGCSystemGC
Event: 1.156 Executing VM operation: ParallelGCSystemGC done
Event: 1.156 Thread 0x000000002963c800 Thread added: 0x000000002963c800
Event: 1.218 Executing VM operation: ParallelGCSystemGC
Event: 1.267 Executing VM operation: ParallelGCSystemGC done
Event: 1.326 Executing VM operation: ParallelGCSystemGC
Event: 1.375 Executing VM operation: ParallelGCSystemGC done
Event: 1.432 Executing VM operation: ParallelGCSystemGC
Event: 1.470 Executing VM operation: ParallelGCSystemGC done


Dynamic libraries:
0x00007ff753440000 - 0x00007ff753477000 	D:\virtual-discE-Java\JDK 8 Windows\jdk1.8.0_161\bin\java.exe
0x00007fff0e050000 - 0x00007fff0e248000 	C:\WINDOWS\SYSTEM32\ntdll.dll
0x00007fff0c320000 - 0x00007fff0c3e1000 	C:\WINDOWS\System32\KERNEL32.DLL
0x00007fff0b970000 - 0x00007fff0bc6d000 	C:\WINDOWS\System32\KERNELBASE.dll
0x00007fff0c080000 - 0x00007fff0c130000 	C:\WINDOWS\System32\ADVAPI32.dll
0x00007fff0c130000 - 0x00007fff0c1ce000 	C:\WINDOWS\System32\msvcrt.dll
0x00007fff0c280000 - 0x00007fff0c320000 	C:\WINDOWS\System32\sechost.dll
0x00007fff0cf30000 - 0x00007fff0d053000 	C:\WINDOWS\System32\RPCRT4.dll
0x00007fff0b700000 - 0x00007fff0b727000 	C:\WINDOWS\System32\bcrypt.dll
0x00007fff0d4a0000 - 0x00007fff0d63d000 	C:\WINDOWS\System32\USER32.dll
0x00007fff0bea0000 - 0x00007fff0bec2000 	C:\WINDOWS\System32\win32u.dll
0x00007fff0df70000 - 0x00007fff0df9b000 	C:\WINDOWS\System32\GDI32.dll
0x00007fff0bd10000 - 0x00007fff0be27000 	C:\WINDOWS\System32\gdi32full.dll
0x00007fff0bc70000 - 0x00007fff0bd0d000 	C:\WINDOWS\System32\msvcp_win.dll
0x00007fff0bed0000 - 0x00007fff0bfd0000 	C:\WINDOWS\System32\ucrtbase.dll
0x00007ffef2fc0000 - 0x00007ffef325a000 	C:\WINDOWS\WinSxS\amd64_microsoft.windows.common-controls_6595b64144ccf1df_6.0.19041.4355_none_60b8b9eb71f62e16\COMCTL32.dll
0x00007fff0dd30000 - 0x00007fff0dd5f000 	C:\WINDOWS\System32\IMM32.DLL
0x0000000066dc0000 - 0x0000000066e92000 	D:\virtual-discE-Java\JDK 8 Windows\jdk1.8.0_161\jre\bin\msvcr100.dll
0x0000000066ea0000 - 0x000000006773f000 	D:\virtual-discE-Java\JDK 8 Windows\jdk1.8.0_161\jre\bin\server\jvm.dll
0x00007fff0e000000 - 0x00007fff0e008000 	C:\WINDOWS\System32\PSAPI.DLL
0x00007fff032f0000 - 0x00007fff032f9000 	C:\WINDOWS\SYSTEM32\WSOCK32.dll
0x00007fff03ce0000 - 0x00007fff03cea000 	C:\WINDOWS\SYSTEM32\VERSION.dll
0x00007ffeffc70000 - 0x00007ffeffc97000 	C:\WINDOWS\SYSTEM32\WINMM.dll
0x00007fff0dc10000 - 0x00007fff0dc7b000 	C:\WINDOWS\System32\WS2_32.dll
0x0000000066d70000 - 0x0000000066d7f000 	D:\virtual-discE-Java\JDK 8 Windows\jdk1.8.0_161\jre\bin\verify.dll
0x0000000066d40000 - 0x0000000066d69000 	D:\virtual-discE-Java\JDK 8 Windows\jdk1.8.0_161\jre\bin\java.dll
0x0000000066d20000 - 0x0000000066d36000 	D:\virtual-discE-Java\JDK 8 Windows\jdk1.8.0_161\jre\bin\zip.dll
0x00007fff0c450000 - 0x00007fff0cbbf000 	C:\WINDOWS\System32\SHELL32.dll
0x00007fff09220000 - 0x00007fff099bf000 	C:\WINDOWS\SYSTEM32\windows.storage.dll
0x00007fff0d060000 - 0x00007fff0d3b3000 	C:\WINDOWS\System32\combase.dll
0x00007fff0b120000 - 0x00007fff0b14e000 	C:\WINDOWS\SYSTEM32\Wldp.dll
0x00007fff0d650000 - 0x00007fff0d71d000 	C:\WINDOWS\System32\OLEAUT32.dll
0x00007fff0dc80000 - 0x00007fff0dd2d000 	C:\WINDOWS\System32\SHCORE.dll
0x00007fff0ced0000 - 0x00007fff0cf25000 	C:\WINDOWS\System32\shlwapi.dll
0x00007fff0b630000 - 0x00007fff0b654000 	C:\WINDOWS\SYSTEM32\profapi.dll
0x0000000066b40000 - 0x0000000066cd8000 	D:\virtual-discE-Java\JDK 8 Windows\jdk1.8.0_161\jre\bin\awt.dll
0x00007fff05b40000 - 0x00007fff05bd4000 	C:\WINDOWS\SYSTEM32\apphelp.dll
0x00000000669d0000 - 0x0000000066a0e000 	D:\virtual-discE-Java\JDK 8 Windows\jdk1.8.0_161\jre\bin\lcms.dll
0x00007fff06e00000 - 0x00007fff06e2a000 	C:\Users\Gilgamesh\Desktop\Dragon-alpha-v1.2\native-lib\cuda_float32\CudaDevice_sm86.dll
0x00007fff07dc0000 - 0x00007fff07dd6000 	D:\virtual-discE-Java\JDK 8 Windows\jdk1.8.0_161\jre\bin\VCRUNTIME140.dll
0x00007ffed3460000 - 0x00007ffed35ca000 	C:\Users\Gilgamesh\Desktop\Dragon-alpha-v1.2\native-lib\cuda_float32\Cuda_batchMatMul_sm86.dll
0x00007ffead0d0000 - 0x00007ffeb04f0000 	C:\Users\Gilgamesh\Desktop\Dragon-alpha-v1.2\native-lib\cuda_float32\Cuda_conv3D_sm86.dll
0x00007ffeac880000 - 0x00007ffead0c4000 	C:\Users\Gilgamesh\Desktop\Dragon-alpha-v1.2\native-lib\cuda_float32\Cuda_dconv3D_deltaW_sm86.dll
0x00007ffea6320000 - 0x00007ffeaa093000 	C:\Users\Gilgamesh\Desktop\Dragon-alpha-v1.2\native-lib\cuda_float32\Cuda_dconv3D_deltaX_sm86.dll
0x00007ffefdb00000 - 0x00007ffefdb5f000 	C:\Users\Gilgamesh\Desktop\Dragon-alpha-v1.2\native-lib\cuda_float32\Cuda_expk2_sm86.dll
0x00007ffed3180000 - 0x00007ffed345a000 	C:\Users\Gilgamesh\Desktop\Dragon-alpha-v1.2\native-lib\cuda_float32\Cuda_function_sm86.dll
0x00007ffedc580000 - 0x00007ffedc663000 	C:\Users\Gilgamesh\Desktop\Dragon-alpha-v1.2\native-lib\cuda_float32\Cuda_image_sm86.dll
0x00007ffec15a0000 - 0x00007ffec1857000 	C:\Users\Gilgamesh\Desktop\Dragon-alpha-v1.2\native-lib\cuda_float32\Cuda_matMul_sm86.dll
0x00007ffef94f0000 - 0x00007ffef9546000 	C:\Users\Gilgamesh\Desktop\Dragon-alpha-v1.2\native-lib\cuda_float32\Cuda_pool2D_sm86.dll
0x00007ffeeed70000 - 0x00007ffeeedc2000 	C:\Users\Gilgamesh\Desktop\Dragon-alpha-v1.2\native-lib\cuda_float32\Cuda_random_sm86.dll
0x00007ffec0370000 - 0x00007ffec071a000 	C:\Users\Gilgamesh\Desktop\Dragon-alpha-v1.2\native-lib\cuda_float32\Cuda_reduce_sm86.dll
0x00007ffee56d0000 - 0x00007ffee5721000 	C:\Users\Gilgamesh\Desktop\Dragon-alpha-v1.2\native-lib\cuda_float32\Cuda_sm86.dll
0x00007ffee2fa0000 - 0x00007ffee3015000 	C:\Users\Gilgamesh\Desktop\Dragon-alpha-v1.2\native-lib\cuda_float32\Cuda_upool2D_sm86.dll
0x00007ffec0010000 - 0x00007ffec0363000 	C:\WINDOWS\SYSTEM32\nvcuda.dll
0x00007ffeabec0000 - 0x00007ffeac876000 	C:\WINDOWS\system32\DriverStore\FileRepository\nv_dispig.inf_amd64_7e5fd280efaa5445\nvcuda64.dll
0x00007fff0b2b0000 - 0x00007fff0b2c2000 	C:\WINDOWS\SYSTEM32\msasn1.dll
0x00007fff03ba0000 - 0x00007fff03bd1000 	C:\WINDOWS\SYSTEM32\cryptnet.dll
0x00007fff0b810000 - 0x00007fff0b96e000 	C:\WINDOWS\System32\CRYPT32.dll
0x00007fff03840000 - 0x00007fff03987000 	C:\WINDOWS\SYSTEM32\drvstore.dll
0x00007fff0b480000 - 0x00007fff0b4b3000 	C:\WINDOWS\SYSTEM32\devobj.dll
0x00007fff0b7c0000 - 0x00007fff0b80e000 	C:\WINDOWS\System32\cfgmgr32.dll
0x00007fff0b070000 - 0x00007fff0b07c000 	C:\WINDOWS\SYSTEM32\cryptbase.dll
0x00007fff00810000 - 0x00007fff00faf000 	C:\WINDOWS\SYSTEM32\nvapi64.dll
0x00007fff0d7a0000 - 0x00007fff0dc0e000 	C:\WINDOWS\System32\SETUPAPI.dll
0x00007fff0cda0000 - 0x00007fff0cecb000 	C:\WINDOWS\System32\ole32.dll
0x00007fff09f60000 - 0x00007fff09f72000 	C:\WINDOWS\SYSTEM32\kernel.appcore.dll
0x00007fff09a90000 - 0x00007fff09c74000 	C:\WINDOWS\SYSTEM32\dbghelp.dll
0x00007fff0b730000 - 0x00007fff0b7b2000 	C:\WINDOWS\System32\bcryptPrimitives.dll

VM Arguments:
jvm_args: -Dfile.encoding=UTF-8 -Xms8192m 
java_command: cifar10.resnet18_leaky_relu_attention.train
java_class_path (initial): D:\virtual-discC-code\Dragon-alpha-3060ti\ZUTIL-STD-1.2\build\classes;D:\virtual-discC-code\Dragon-alpha-3060ti\alpha-Dragon-v1.2\build\classes;D:\virtual-discC-code\Dragon-alpha-3060ti\alpha-Dragon-v1.2\build\test\classes
Launcher Type: SUN_STANDARD

Environment Variables:
JAVA_HOME=D:\virtual-discE-Java\JDK 8 Windows\jdk1.8.0_161
PATH=C:\Program Files\NVIDIA GPU Computing Toolkit\CUDA\v11.8\bin;C:\Program Files\NVIDIA GPU Computing Toolkit\CUDA\v11.8\libnvvp;C:\Program Files\NVIDIA GPU Computing Toolkit\CUDA\v11.5\bin;C:\Program Files\NVIDIA GPU Computing Toolkit\CUDA\v11.5\libnvvp;C:\Program Files\NVIDIA GPU Computing Toolkit\CUDA\v11.5\include;C:\WINDOWS\system32;C:\WINDOWS;C:\WINDOWS\System32\Wbem;C:\WINDOWS\System32\WindowsPowerShell\v1.0\;C:\WINDOWS\System32\OpenSSH\;C:\Program Files (x86)\NVIDIA Corporation\PhysX\Common;C:\Program Files\NVIDIA Corporation\NVIDIA NvDLISR;D:\virtual-discE-Java\JDK 8 Windows\jdk1.8.0_161\bin;C:\Program Files\NVIDIA Corporation\Nsight Compute 2022.3.0\;C:\Users\Gilgamesh\AppData\Local\Microsoft\WindowsApps;C:\Users\Gilgamesh\AppData\Local\GitHubDesktop\bin;D:\virtual-discA\LaTex\TeXLive\texlive\2023\bin\windows
USERNAME=Gilgamesh
OS=Windows_NT
PROCESSOR_IDENTIFIER=Intel64 Family 6 Model 151 Stepping 2, GenuineIntel



---------------  S Y S T E M  ---------------

OS: Windows 10.0 , 64 bit Build 19041 (10.0.19041.4717)

CPU:total 12 (initial active 12) (6 cores per cpu, 2 threads per core) family 6 model 151 stepping 2, cmov, cx8, fxsr, mmx, sse, sse2, sse3, ssse3, sse4.1, sse4.2, popcnt, avx, avx2, aes, clmul, erms, 3dnowpref, lzcnt, ht, tsc, tscinvbit, bmi1, bmi2, adx

Memory: 4k page, physical 16586168k(9027960k free), swap 21099888k(2868096k free)

vm_info: Java HotSpot(TM) 64-Bit Server VM (25.161-b12) for windows-amd64 JRE (1.8.0_161-b12), built on Dec 19 2017 17:52:25 by "java_re" with MS VC++ 10.0 (VS2010)

time: Tue Sep 03 10:41:46 2024
elapsed time: 1 seconds (0d 0h 0m 1s)

