#
# A fatal error has been detected by the Java Runtime Environment:
#
#  EXCEPTION_ACCESS_VIOLATION (0xc0000005) at pc=0x00007ffeaaf4143c, pid=11148, tid=0x00000000000035f0
#
# JRE version: Java(TM) SE Runtime Environment (8.0_161-b12) (build 1.8.0_161-b12)
# Java VM: Java HotSpot(TM) 64-Bit Server VM (25.161-b12 mixed mode windows-amd64 compressed oops)
# Problematic frame:
# C  [Wldp.dll+0x15143c]
#
# Failed to write core dump. Minidumps are not enabled by default on client versions of Windows
#
# If you would like to submit a bug report, please visit:
#   http://bugreport.java.com/bugreport/crash.jsp
# The crash happened outside the Java Virtual Machine in native code.
# See problematic frame for where to report the bug.
#

---------------  T H R E A D  ---------------

Current thread (0x0000000029a03000):  JavaThread "Thread-2" daemon [_thread_in_native, id=13808, stack(0x0000000048b80000,0x0000000048c80000)]

siginfo: ExceptionCode=0xc0000005, reading address 0x0000000000000010

Registers:
RAX=0x0000000000000000, RBX=0x0000000000000002, RCX=0x0000000048c7ebf0, RDX=0x0000000000000001
RSP=0x0000000048c7eba0, RBP=0x0000000048c7eca0, RSI=0x000000009cce5e50, RDI=0x000000009cce5eb8
R8 =0x0000000048c7e9e8, R9 =0x0000000048c7ea39, R10=0x0000000000000000, R11=0x0000000048c7ea80
R12=0x000000009cce5eb8, R13=0x0000000000000000, R14=0x0000000000000000, R15=0x0000000000000000
RIP=0x00007ffeaaf4143c, EFLAGS=0x0000000000010297

Top of Stack: (sp=0x0000000048c7eba0)
0x0000000048c7eba0:   0000000048c7ebc4 0000000000000002
0x0000000048c7ebb0:   0000000048c7eca0 000000009cce5e50
0x0000000048c7ebc0:   0000000429a03000 0000000048c7ef18
0x0000000048c7ebd0:   000000002ae5d040 0000000000000000
0x0000000048c7ebe0:   000000009cce5ee0 00007fff0e0b2adf
0x0000000048c7ebf0:   000000002afce780 000000002ae5d040
0x0000000048c7ec00:   0000000000000000 0000000048c7ec18
0x0000000048c7ec10:   0000000000000004 0000000000000000
0x0000000048c7ec20:   0000cadf1eb19ac7 00007ffeaaf74c17
0x0000000048c7ec30:   000000009cce5e50 00007ffeaafdbb6c
0x0000000048c7ec40:   0000000048c7f028 0000000000000000
0x0000000048c7ec50:   0000000037c76440 000000002ae5d040
0x0000000048c7ec60:   0000000000000000 00007ffeaae3127a
0x0000000048c7ec70:   0000000000000000 0000000000000000
0x0000000048c7ec80:   0000000000000000 000000002ae5d040
0x0000000048c7ec90:   0000000048c7eca0 0000000000000002 

Instructions: (pc=0x00007ffeaaf4143c)
0x00007ffeaaf4141c:   24 45 33 c0 e8 7b 24 1a 00 44 8b f0 85 c0 75 64
0x00007ffeaaf4142c:   83 7c 24 24 05 74 4e 4c 8b 6f 28 48 8d 4c 24 50
0x00007ffeaaf4143c:   41 8b 55 10 e8 6b 1f 1a 00 44 8b f0 85 c0 74 0e
0x00007ffeaaf4144c:   49 8b cc ff 15 1b 1e 43 00 e9 eb 01 00 00 41 8b 


Register to memory mapping:

RAX=0x0000000000000000 is an unknown value
RBX=0x0000000000000002 is an unknown value
RCX=0x0000000048c7ebf0 is pointing into the stack for thread: 0x0000000029a03000
RDX=0x0000000000000001 is an unknown value
RSP=0x0000000048c7eba0 is pointing into the stack for thread: 0x0000000029a03000
RBP=0x0000000048c7eca0 is pointing into the stack for thread: 0x0000000029a03000
RSI=0x000000009cce5e50 is an unknown value
RDI=0x000000009cce5eb8 is an unknown value
R8 =0x0000000048c7e9e8 is pointing into the stack for thread: 0x0000000029a03000
R9 =0x0000000048c7ea39 is pointing into the stack for thread: 0x0000000029a03000
R10=0x0000000000000000 is an unknown value
R11=0x0000000048c7ea80 is pointing into the stack for thread: 0x0000000029a03000
R12=0x000000009cce5eb8 is an unknown value
R13=0x0000000000000000 is an unknown value
R14=0x0000000000000000 is an unknown value
R15=0x0000000000000000 is an unknown value


Stack: [0x0000000048b80000,0x0000000048c80000],  sp=0x0000000048c7eba0,  free space=1018k
Native frames: (J=compiled Java code, j=interpreted, Vv=VM code, C=native code)
C  [sechost.dll+0x15143c]
C  [nvcuda64.dll+0x242954]
C  [Cuda_sm86.dll+0x4245]  cudart::cudaApiEventSynchronize+0x15
C  [Cuda_sm86.dll+0x1e05]  cudaEventSynchronize+0x115
C  [Cuda_sm86.dll+0x15a98]  Java_z_dragon_engine_cuda_impl_Cuda_eventSynchronize_1delete+0x18
C  0x00000000033d4783

Java frames: (J=compiled Java code, j=interpreted, Vv=VM code)
J 455  z.dragon.engine.cuda.impl.Cuda.eventSync_Del(J)V (0 bytes) @ 0x00000000033d4701 [0x00000000033d46c0+0x41]
J 454 C1 z.dragon.engine.cuda.CudaFloat32EngineBase$StreamSyncer.sync()V (48 bytes) @ 0x00000000033d4124 [0x00000000033d3fa0+0x184]
J 796 C2 z.dragon.engine.Tensor.c()Lz/dragon/engine/Tensor; (45 bytes) @ 0x00000000034e1c24 [0x00000000034e1b60+0xc4]
j  z.dragon.engine.Engine.tensor_int32([I[I)Lz/dragon/engine/Tensor;+13
j  z.dragon.engine.Engine.onehot([IFFI)Lz/dragon/engine/Tensor;+10
j  z.dragon.engine.Engine.onehot([II)Lz/dragon/engine/Tensor;+5
j  z.dragon.alpha.Alpha$Datas$Onehot.transform(Lz/dragon/engine/Engine;[Ljava/lang/Integer;)Lz/dragon/engine/Tensor;+38
j  z.dragon.alpha.Alpha$Datas$Onehot.transform(Lz/dragon/engine/Engine;Ljava/lang/Object;)Lz/dragon/engine/Tensor;+6
j  z.dragon.data.DataSet.lambda$create_tensor_pair$2(Lz/dragon/engine/Engine;[Ljava/lang/Object;)Lz/dragon/engine/Tensor;+6
j  z.dragon.data.DataSet$$Lambda$55.call()Ljava/lang/Object;+12
J 967 C1 java.util.concurrent.FutureTask.run()V (126 bytes) @ 0x0000000003561ad4 [0x0000000003561880+0x254]
j  java.util.concurrent.ThreadPoolExecutor.runWorker(Ljava/util/concurrent/ThreadPoolExecutor$Worker;)V+95
j  java.util.concurrent.ThreadPoolExecutor$Worker.run()V+5
j  java.lang.Thread.run()V+11
v  ~StubRoutines::call_stub

---------------  P R O C E S S  ---------------

Java Threads: ( => current thread )
  0x0000000029a58800 JavaThread "Thread-7" daemon [_thread_blocked, id=9600, stack(0x0000000000110000,0x0000000000210000)]
  0x0000000029a58000 JavaThread "Thread-6" daemon [_thread_blocked, id=16548, stack(0x0000000000010000,0x0000000000110000)]
  0x0000000029be1000 JavaThread "Thread-5" daemon [_thread_blocked, id=10872, stack(0x000000007fd40000,0x000000007fe40000)]
  0x0000000029a02000 JavaThread "Thread-4" daemon [_thread_blocked, id=13596, stack(0x0000000066a10000,0x0000000066b10000)]
  0x0000000029a18800 JavaThread "Thread-3" daemon [_thread_blocked, id=14476, stack(0x000000004d8b0000,0x000000004d9b0000)]
=>0x0000000029a03000 JavaThread "Thread-2" daemon [_thread_in_native, id=13808, stack(0x0000000048b80000,0x0000000048c80000)]
  0x0000000029a1b000 JavaThread "Thread-1" daemon [_thread_blocked, id=13284, stack(0x0000000048a80000,0x0000000048b80000)]
  0x00000000299e6800 JavaThread "Thread-0" daemon [_thread_blocked, id=10812, stack(0x0000000048980000,0x0000000048a80000)]
  0x000000002989f000 JavaThread "Java2D Disposer" daemon [_thread_blocked, id=9660, stack(0x0000000029fe0000,0x000000002a0e0000)]
  0x0000000027bf8000 JavaThread "Service Thread" daemon [_thread_blocked, id=1524, stack(0x0000000029530000,0x0000000029630000)]
  0x0000000027bee800 JavaThread "C1 CompilerThread3" daemon [_thread_blocked, id=2492, stack(0x0000000029430000,0x0000000029530000)]
  0x0000000027bee000 JavaThread "C2 CompilerThread2" daemon [_thread_blocked, id=13608, stack(0x0000000029330000,0x0000000029430000)]
  0x0000000027be9000 JavaThread "C2 CompilerThread1" daemon [_thread_blocked, id=10612, stack(0x0000000029230000,0x0000000029330000)]
  0x0000000027b8d800 JavaThread "C2 CompilerThread0" daemon [_thread_blocked, id=11432, stack(0x0000000029130000,0x0000000029230000)]
  0x0000000027be5800 JavaThread "Attach Listener" daemon [_thread_blocked, id=12472, stack(0x0000000029030000,0x0000000029130000)]
  0x0000000027be4800 JavaThread "Signal Dispatcher" daemon [_thread_blocked, id=13412, stack(0x0000000028f30000,0x0000000029030000)]
  0x0000000027b73000 JavaThread "Finalizer" daemon [_thread_blocked, id=8784, stack(0x0000000028dd0000,0x0000000028ed0000)]
  0x000000000317a000 JavaThread "Reference Handler" daemon [_thread_blocked, id=11552, stack(0x0000000028cd0000,0x0000000028dd0000)]
  0x000000000138e000 JavaThread "main" [_thread_in_native, id=11608, stack(0x0000000002f80000,0x0000000003080000)]

Other Threads:
  0x0000000026485800 VMThread [stack: 0x0000000028bd0000,0x0000000028cd0000] [id=12572]
  0x0000000027c89000 WatcherThread [stack: 0x0000000029630000,0x0000000029730000] [id=6768]

VM state:not at safepoint (normal execution)

VM Mutex/Monitor currently owned by a thread: None

Heap:
 PSYoungGen      total 2446848K, used 190329K [0x0000000715580000, 0x00000007c0000000, 0x00000007c0000000)
  eden space 2097664K, 9% used [0x0000000715580000,0x0000000720f5e748,0x0000000795600000)
  from space 349184K, 0% used [0x00000007aab00000,0x00000007aab00000,0x00000007c0000000)
  to   space 349184K, 0% used [0x0000000795600000,0x0000000795600000,0x00000007aab00000)
 ParOldGen       total 5592576K, used 153297K [0x00000005c0000000, 0x0000000715580000, 0x0000000715580000)
  object space 5592576K, 2% used [0x00000005c0000000,0x00000005c95b4580,0x0000000715580000)
 Metaspace       used 11096K, capacity 11498K, committed 11776K, reserved 1060864K
  class space    used 1132K, capacity 1243K, committed 1280K, reserved 1048576K

Card table byte_map: [0x0000000012540000,0x0000000013550000] byte_map_base: 0x000000000f740000

Marking Bits: (ParMarkBitMap*) 0x00000000676bf860
 Begin Bits: [0x0000000014a00000, 0x000000001ca00000)
 End Bits:   [0x000000001ca00000, 0x0000000024a00000)

Polling page: 0x0000000001370000

CodeCache: size=245760Kb used=4264Kb max_used=4264Kb free=241495Kb
 bounds [0x0000000003180000, 0x00000000035b0000, 0x0000000012180000]
 total_blobs=2041 nmethods=1051 adapters=903
 compilation: enabled

Compilation events (10 events):
Event: 2.367 Thread 0x0000000027bee000 nmethod 1021 0x0000000003594750 code [0x0000000003594b20, 0x00000000035980e0]
Event: 2.376 Thread 0x0000000027bee800 1037       3       z.dragon.engine.cuda.impl.math.Cuda_matMul::nstream (276 bytes)
Event: 2.377 Thread 0x0000000027bee800 nmethod 1037 0x0000000003592e10 code [0x0000000003592fc0, 0x0000000003593810]
Event: 2.392 Thread 0x0000000027b8d800 nmethod 1024 0x000000000359d850 code [0x000000000359db80, 0x000000000359fd90]
Event: 2.449 Thread 0x0000000027bee800 1039       3       z.dragon.engine.cuda.CudaFloat32EngineBase$2::apply (26 bytes)
Event: 2.449 Thread 0x0000000027bee800 nmethod 1039 0x0000000003592950 code [0x0000000003592ac0, 0x0000000003592d48]
Event: 2.476 Thread 0x0000000027be9000 1040       4       java.util.HashMap::containsKey (18 bytes)
Event: 2.478 Thread 0x0000000027be9000 nmethod 1040 0x000000000358ed50 code [0x000000000358eec0, 0x000000000358f2f8]
Event: 2.482 Thread 0x0000000027bee800 1041       3       z.dragon.engine.cuda.impl.math.Cuda_conv3D::Im2colWinograd_64x32_nblock (231 bytes)
Event: 2.482 Thread 0x0000000027bee800 nmethod 1041 0x000000000358e510 code [0x000000000358e6a0, 0x000000000358ec70]

GC Heap History (10 events):
Event: 2.349 GC heap before
{Heap before GC invocations=36 (full 18):
 PSYoungGen      total 2446848K, used 320K [0x0000000715580000, 0x00000007c0000000, 0x00000007c0000000)
  eden space 2097664K, 0% used [0x0000000715580000,0x0000000715580000,0x0000000795600000)
  from space 349184K, 0% used [0x00000007aab00000,0x00000007aab50000,0x00000007c0000000)
  to   space 349184K, 0% used [0x0000000795600000,0x0000000795600000,0x00000007aab00000)
 ParOldGen       total 5592576K, used 153295K [0x00000005c0000000, 0x0000000715580000, 0x0000000715580000)
  object space 5592576K, 2% used [0x00000005c0000000,0x00000005c95b3c40,0x0000000715580000)
 Metaspace       used 11079K, capacity 11498K, committed 11776K, reserved 1060864K
  class space    used 1132K, capacity 1243K, committed 1280K, reserved 1048576K
Event: 2.366 GC heap after
Heap after GC invocations=36 (full 18):
 PSYoungGen      total 2446848K, used 0K [0x0000000715580000, 0x00000007c0000000, 0x00000007c0000000)
  eden space 2097664K, 0% used [0x0000000715580000,0x0000000715580000,0x0000000795600000)
  from space 349184K, 0% used [0x00000007aab00000,0x00000007aab00000,0x00000007c0000000)
  to   space 349184K, 0% used [0x0000000795600000,0x0000000795600000,0x00000007aab00000)
 ParOldGen       total 5592576K, used 153295K [0x00000005c0000000, 0x0000000715580000, 0x0000000715580000)
  object space 5592576K, 2% used [0x00000005c0000000,0x00000005c95b3f98,0x0000000715580000)
 Metaspace       used 11079K, capacity 11498K, committed 11776K, reserved 1060864K
  class space    used 1132K, capacity 1243K, committed 1280K, reserved 1048576K
}
Event: 2.425 GC heap before
{Heap before GC invocations=37 (full 18):
 PSYoungGen      total 2446848K, used 179841K [0x0000000715580000, 0x00000007c0000000, 0x00000007c0000000)
  eden space 2097664K, 8% used [0x0000000715580000,0x0000000720520610,0x0000000795600000)
  from space 349184K, 0% used [0x00000007aab00000,0x00000007aab00000,0x00000007c0000000)
  to   space 349184K, 0% used [0x0000000795600000,0x0000000795600000,0x00000007aab00000)
 ParOldGen       total 5592576K, used 153295K [0x00000005c0000000, 0x0000000715580000, 0x0000000715580000)
  object space 5592576K, 2% used [0x00000005c0000000,0x00000005c95b3f98,0x0000000715580000)
 Metaspace       used 11082K, capacity 11498K, committed 11776K, reserved 1060864K
  class space    used 1132K, capacity 1243K, committed 1280K, reserved 1048576K
Event: 2.426 GC heap after
Heap after GC invocations=37 (full 18):
 PSYoungGen      total 2446848K, used 224K [0x0000000715580000, 0x00000007c0000000, 0x00000007c0000000)
  eden space 2097664K, 0% used [0x0000000715580000,0x0000000715580000,0x0000000795600000)
  from space 349184K, 0% used [0x0000000795600000,0x0000000795638000,0x00000007aab00000)
  to   space 349184K, 0% used [0x00000007aab00000,0x00000007aab00000,0x00000007c0000000)
 ParOldGen       total 5592576K, used 153295K [0x00000005c0000000, 0x0000000715580000, 0x0000000715580000)
  object space 5592576K, 2% used [0x00000005c0000000,0x00000005c95b3f98,0x0000000715580000)
 Metaspace       used 11082K, capacity 11498K, committed 11776K, reserved 1060864K
  class space    used 1132K, capacity 1243K, committed 1280K, reserved 1048576K
}
Event: 2.426 GC heap before
{Heap before GC invocations=38 (full 19):
 PSYoungGen      total 2446848K, used 224K [0x0000000715580000, 0x00000007c0000000, 0x00000007c0000000)
  eden space 2097664K, 0% used [0x0000000715580000,0x0000000715580000,0x0000000795600000)
  from space 349184K, 0% used [0x0000000795600000,0x0000000795638000,0x00000007aab00000)
  to   space 349184K, 0% used [0x00000007aab00000,0x00000007aab00000,0x00000007c0000000)
 ParOldGen       total 5592576K, used 153295K [0x00000005c0000000, 0x0000000715580000, 0x0000000715580000)
  object space 5592576K, 2% used [0x00000005c0000000,0x00000005c95b3f98,0x0000000715580000)
 Metaspace       used 11082K, capacity 11498K, committed 11776K, reserved 1060864K
  class space    used 1132K, capacity 1243K, committed 1280K, reserved 1048576K
Event: 2.443 GC heap after
Heap after GC invocations=38 (full 19):
 PSYoungGen      total 2446848K, used 0K [0x0000000715580000, 0x00000007c0000000, 0x00000007c0000000)
  eden space 2097664K, 0% used [0x0000000715580000,0x0000000715580000,0x0000000795600000)
  from space 349184K, 0% used [0x0000000795600000,0x0000000795600000,0x00000007aab00000)
  to   space 349184K, 0% used [0x00000007aab00000,0x00000007aab00000,0x00000007c0000000)
 ParOldGen       total 5592576K, used 153295K [0x00000005c0000000, 0x0000000715580000, 0x0000000715580000)
  object space 5592576K, 2% used [0x00000005c0000000,0x00000005c95b3f20,0x0000000715580000)
 Metaspace       used 11082K, capacity 11498K, committed 11776K, reserved 1060864K
  class space    used 1132K, capacity 1243K, committed 1280K, reserved 1048576K
}
Event: 2.501 GC heap before
{Heap before GC invocations=39 (full 19):
 PSYoungGen      total 2446848K, used 177743K [0x0000000715580000, 0x00000007c0000000, 0x00000007c0000000)
  eden space 2097664K, 8% used [0x0000000715580000,0x0000000720313f68,0x0000000795600000)
  from space 349184K, 0% used [0x0000000795600000,0x0000000795600000,0x00000007aab00000)
  to   space 349184K, 0% used [0x00000007aab00000,0x00000007aab00000,0x00000007c0000000)
 ParOldGen       total 5592576K, used 153295K [0x00000005c0000000, 0x0000000715580000, 0x0000000715580000)
  object space 5592576K, 2% used [0x00000005c0000000,0x00000005c95b3f20,0x0000000715580000)
 Metaspace       used 11083K, capacity 11498K, committed 11776K, reserved 1060864K
  class space    used 1132K, capacity 1243K, committed 1280K, reserved 1048576K
Event: 2.501 GC heap after
Heap after GC invocations=39 (full 19):
 PSYoungGen      total 2446848K, used 352K [0x0000000715580000, 0x00000007c0000000, 0x00000007c0000000)
  eden space 2097664K, 0% used [0x0000000715580000,0x0000000715580000,0x0000000795600000)
  from space 349184K, 0% used [0x00000007aab00000,0x00000007aab58000,0x00000007c0000000)
  to   space 349184K, 0% used [0x0000000795600000,0x0000000795600000,0x00000007aab00000)
 ParOldGen       total 5592576K, used 153295K [0x00000005c0000000, 0x0000000715580000, 0x0000000715580000)
  object space 5592576K, 2% used [0x00000005c0000000,0x00000005c95b3f20,0x0000000715580000)
 Metaspace       used 11083K, capacity 11498K, committed 11776K, reserved 1060864K
  class space    used 1132K, capacity 1243K, committed 1280K, reserved 1048576K
}
Event: 2.501 GC heap before
{Heap before GC invocations=40 (full 20):
 PSYoungGen      total 2446848K, used 352K [0x0000000715580000, 0x00000007c0000000, 0x00000007c0000000)
  eden space 2097664K, 0% used [0x0000000715580000,0x0000000715580000,0x0000000795600000)
  from space 349184K, 0% used [0x00000007aab00000,0x00000007aab58000,0x00000007c0000000)
  to   space 349184K, 0% used [0x0000000795600000,0x0000000795600000,0x00000007aab00000)
 ParOldGen       total 5592576K, used 153295K [0x00000005c0000000, 0x0000000715580000, 0x0000000715580000)
  object space 5592576K, 2% used [0x00000005c0000000,0x00000005c95b3f20,0x0000000715580000)
 Metaspace       used 11083K, capacity 11498K, committed 11776K, reserved 1060864K
  class space    used 1132K, capacity 1243K, committed 1280K, reserved 1048576K
Event: 2.520 GC heap after
Heap after GC invocations=40 (full 20):
 PSYoungGen      total 2446848K, used 0K [0x0000000715580000, 0x00000007c0000000, 0x00000007c0000000)
  eden space 2097664K, 0% used [0x0000000715580000,0x0000000715580000,0x0000000795600000)
  from space 349184K, 0% used [0x00000007aab00000,0x00000007aab00000,0x00000007c0000000)
  to   space 349184K, 0% used [0x0000000795600000,0x0000000795600000,0x00000007aab00000)
 ParOldGen       total 5592576K, used 153297K [0x00000005c0000000, 0x0000000715580000, 0x0000000715580000)
  object space 5592576K, 2% used [0x00000005c0000000,0x00000005c95b4580,0x0000000715580000)
 Metaspace       used 11083K, capacity 11498K, committed 11776K, reserved 1060864K
  class space    used 1132K, capacity 1243K, committed 1280K, reserved 1048576K
}

Deoptimization events (6 events):
Event: 0.085 Thread 0x000000000138e000 Uncommon trap: reason=unstable_if action=reinterpret pc=0x00000000032c21c8 method=java.lang.String.indexOf([CII[CIII)I @ 123
Event: 0.402 Thread 0x000000000138e000 Uncommon trap: reason=unstable_if action=reinterpret pc=0x00000000033e1e94 method=java.io.BufferedInputStream.read([BII)I @ 31
Event: 0.503 Thread 0x000000000138e000 Uncommon trap: reason=unstable_if action=reinterpret pc=0x00000000033f1a2c method=z.dragon.dataset.Cifar10.load(Lz/dragon/data/container/ListContainer;Ljava/lang/String;Ljava/lang/String;)V @ 45
Event: 0.537 Thread 0x000000000138e000 Uncommon trap: reason=unstable_if action=reinterpret pc=0x00000000033f6d28 method=z.dragon.dataset.Cifar10.load(Lz/dragon/data/container/ListContainer;Ljava/lang/String;Ljava/lang/String;)V @ 45
Event: 0.576 Thread 0x000000000138e000 Uncommon trap: reason=unstable_if action=reinterpret pc=0x00000000033ed2d4 method=java.io.BufferedInputStream.read1([BII)I @ 68
Event: 0.576 Thread 0x000000000138e000 Uncommon trap: reason=unstable_if action=reinterpret pc=0x00000000033e3fe0 method=java.io.BufferedInputStream.read1([BII)I @ 68

Classes redefined (0 events):
No events

Internal exceptions (10 events):
Event: 1.394 Thread 0x0000000027b73000 Exception <a 'z/dragon/engine/cuda/impl/CudaException'> (0x0000000715fc3f00) thrown at [C:\re\workspace\8-2-build-windows-amd64-cygwin\jdk8u161\10277\hotspot\src\share\vm\prims\jni.cpp, line 709]
Event: 1.734 Thread 0x0000000027b73000 Exception <a 'z/dragon/engine/cuda/impl/CudaException'> (0x00000007188b6f28) thrown at [C:\re\workspace\8-2-build-windows-amd64-cygwin\jdk8u161\10277\hotspot\src\share\vm\prims\jni.cpp, line 709]
Event: 1.734 Thread 0x0000000027b73000 Exception <a 'z/dragon/engine/cuda/impl/CudaException'> (0x00000007188b7138) thrown at [C:\re\workspace\8-2-build-windows-amd64-cygwin\jdk8u161\10277\hotspot\src\share\vm\prims\jni.cpp, line 709]
Event: 2.139 Thread 0x0000000027b73000 Exception <a 'z/dragon/engine/cuda/impl/CudaException'> (0x0000000719ca6b10) thrown at [C:\re\workspace\8-2-build-windows-amd64-cygwin\jdk8u161\10277\hotspot\src\share\vm\prims\jni.cpp, line 709]
Event: 2.139 Thread 0x0000000027b73000 Exception <a 'z/dragon/engine/cuda/impl/CudaException'> (0x0000000719ca6d20) thrown at [C:\re\workspace\8-2-build-windows-amd64-cygwin\jdk8u161\10277\hotspot\src\share\vm\prims\jni.cpp, line 709]
Event: 2.215 Thread 0x0000000027b73000 Exception <a 'z/dragon/engine/cuda/impl/CudaException'> (0x000000071a8f12f8) thrown at [C:\re\workspace\8-2-build-windows-amd64-cygwin\jdk8u161\10277\hotspot\src\share\vm\prims\jni.cpp, line 709]
Event: 2.215 Thread 0x0000000027b73000 Exception <a 'z/dragon/engine/cuda/impl/CudaException'> (0x000000071a8f1508) thrown at [C:\re\workspace\8-2-build-windows-amd64-cygwin\jdk8u161\10277\hotspot\src\share\vm\prims\jni.cpp, line 709]
Event: 2.291 Thread 0x0000000027b73000 Exception <a 'z/dragon/engine/cuda/impl/CudaException'> (0x00000007192f5068) thrown at [C:\re\workspace\8-2-build-windows-amd64-cygwin\jdk8u161\10277\hotspot\src\share\vm\prims\jni.cpp, line 709]
Event: 2.291 Thread 0x0000000027b73000 Exception <a 'z/dragon/engine/cuda/impl/CudaException'> (0x00000007192f5278) thrown at [C:\re\workspace\8-2-build-windows-amd64-cygwin\jdk8u161\10277\hotspot\src\share\vm\prims\jni.cpp, line 709]
Event: 2.520 Thread 0x0000000027b73000 Exception <a 'z/dragon/engine/cuda/impl/CudaException'> (0x0000000717e785d8) thrown at [C:\re\workspace\8-2-build-windows-amd64-cygwin\jdk8u161\10277\hotspot\src\share\vm\prims\jni.cpp, line 709]

Events (10 events):
Event: 2.198 Executing VM operation: ParallelGCSystemGC
Event: 2.215 Executing VM operation: ParallelGCSystemGC done
Event: 2.273 Executing VM operation: ParallelGCSystemGC
Event: 2.290 Executing VM operation: ParallelGCSystemGC done
Event: 2.348 Executing VM operation: ParallelGCSystemGC
Event: 2.366 Executing VM operation: ParallelGCSystemGC done
Event: 2.425 Executing VM operation: ParallelGCSystemGC
Event: 2.443 Executing VM operation: ParallelGCSystemGC done
Event: 2.501 Executing VM operation: ParallelGCSystemGC
Event: 2.520 Executing VM operation: ParallelGCSystemGC done


Dynamic libraries:
0x00007ff753440000 - 0x00007ff753477000 	D:\virtual-discE-Java\JDK 8 Windows\jdk1.8.0_161\bin\java.exe
0x00007fff0e050000 - 0x00007fff0e248000 	C:\WINDOWS\SYSTEM32\ntdll.dll
0x00007fff0c320000 - 0x00007fff0c3e1000 	C:\WINDOWS\System32\KERNEL32.DLL
0x00007fff0b970000 - 0x00007fff0bc6d000 	C:\WINDOWS\System32\KERNELBASE.dll
0x00007fff0c080000 - 0x00007fff0c130000 	C:\WINDOWS\System32\ADVAPI32.dll
0x00007fff0c130000 - 0x00007fff0c1ce000 	C:\WINDOWS\System32\msvcrt.dll
0x00007fff0c280000 - 0x00007fff0c320000 	C:\WINDOWS\System32\sechost.dll
0x00007fff0cf30000 - 0x00007fff0d053000 	C:\WINDOWS\System32\RPCRT4.dll
0x00007fff0b700000 - 0x00007fff0b727000 	C:\WINDOWS\System32\bcrypt.dll
0x00007fff0d4a0000 - 0x00007fff0d63d000 	C:\WINDOWS\System32\USER32.dll
0x00007fff0bea0000 - 0x00007fff0bec2000 	C:\WINDOWS\System32\win32u.dll
0x00007fff0df70000 - 0x00007fff0df9b000 	C:\WINDOWS\System32\GDI32.dll
0x00007fff0bd10000 - 0x00007fff0be27000 	C:\WINDOWS\System32\gdi32full.dll
0x00007fff0bc70000 - 0x00007fff0bd0d000 	C:\WINDOWS\System32\msvcp_win.dll
0x00007fff0bed0000 - 0x00007fff0bfd0000 	C:\WINDOWS\System32\ucrtbase.dll
0x00007ffef2fc0000 - 0x00007ffef325a000 	C:\WINDOWS\WinSxS\amd64_microsoft.windows.common-controls_6595b64144ccf1df_6.0.19041.4355_none_60b8b9eb71f62e16\COMCTL32.dll
0x00007fff0dd30000 - 0x00007fff0dd5f000 	C:\WINDOWS\System32\IMM32.DLL
0x0000000066dc0000 - 0x0000000066e92000 	D:\virtual-discE-Java\JDK 8 Windows\jdk1.8.0_161\jre\bin\msvcr100.dll
0x0000000066ea0000 - 0x000000006773f000 	D:\virtual-discE-Java\JDK 8 Windows\jdk1.8.0_161\jre\bin\server\jvm.dll
0x00007fff0e000000 - 0x00007fff0e008000 	C:\WINDOWS\System32\PSAPI.DLL
0x00007ffeffc70000 - 0x00007ffeffc97000 	C:\WINDOWS\SYSTEM32\WINMM.dll
0x00007fff032f0000 - 0x00007fff032f9000 	C:\WINDOWS\SYSTEM32\WSOCK32.dll
0x00007fff03ce0000 - 0x00007fff03cea000 	C:\WINDOWS\SYSTEM32\VERSION.dll
0x00007fff0dc10000 - 0x00007fff0dc7b000 	C:\WINDOWS\System32\WS2_32.dll
0x0000000066d70000 - 0x0000000066d7f000 	D:\virtual-discE-Java\JDK 8 Windows\jdk1.8.0_161\jre\bin\verify.dll
0x0000000066d40000 - 0x0000000066d69000 	D:\virtual-discE-Java\JDK 8 Windows\jdk1.8.0_161\jre\bin\java.dll
0x0000000066d20000 - 0x0000000066d36000 	D:\virtual-discE-Java\JDK 8 Windows\jdk1.8.0_161\jre\bin\zip.dll
0x00007fff0c450000 - 0x00007fff0cbbf000 	C:\WINDOWS\System32\SHELL32.dll
0x00007fff09220000 - 0x00007fff099bf000 	C:\WINDOWS\SYSTEM32\windows.storage.dll
0x00007fff0d060000 - 0x00007fff0d3b3000 	C:\WINDOWS\System32\combase.dll
0x00007fff0b120000 - 0x00007fff0b14e000 	C:\WINDOWS\SYSTEM32\Wldp.dll
0x00007fff0d650000 - 0x00007fff0d71d000 	C:\WINDOWS\System32\OLEAUT32.dll
0x00007fff0dc80000 - 0x00007fff0dd2d000 	C:\WINDOWS\System32\SHCORE.dll
0x00007fff0ced0000 - 0x00007fff0cf25000 	C:\WINDOWS\System32\shlwapi.dll
0x00007fff0b630000 - 0x00007fff0b654000 	C:\WINDOWS\SYSTEM32\profapi.dll
0x0000000066b40000 - 0x0000000066cd8000 	D:\virtual-discE-Java\JDK 8 Windows\jdk1.8.0_161\jre\bin\awt.dll
0x00007fff05b40000 - 0x00007fff05bd4000 	C:\WINDOWS\SYSTEM32\apphelp.dll
0x00000000669d0000 - 0x0000000066a0e000 	D:\virtual-discE-Java\JDK 8 Windows\jdk1.8.0_161\jre\bin\lcms.dll
0x00007ffefdb30000 - 0x00007ffefdb5a000 	C:\Users\Gilgamesh\Desktop\Dragon-alpha-v1.2\native-lib\cuda_float32\CudaDevice_sm86.dll
0x00007ffefde20000 - 0x00007ffefde36000 	D:\virtual-discE-Java\JDK 8 Windows\jdk1.8.0_161\jre\bin\VCRUNTIME140.dll
0x00007ffed3250000 - 0x00007ffed33ba000 	C:\Users\Gilgamesh\Desktop\Dragon-alpha-v1.2\native-lib\cuda_float32\Cuda_batchMatMul_sm86.dll
0x00007ffeac000000 - 0x00007ffeaf420000 	C:\Users\Gilgamesh\Desktop\Dragon-alpha-v1.2\native-lib\cuda_float32\Cuda_conv3D_sm86.dll
0x00007ffeab7b0000 - 0x00007ffeabff4000 	C:\Users\Gilgamesh\Desktop\Dragon-alpha-v1.2\native-lib\cuda_float32\Cuda_dconv3D_deltaW_sm86.dll
0x00007ffea6320000 - 0x00007ffeaa093000 	C:\Users\Gilgamesh\Desktop\Dragon-alpha-v1.2\native-lib\cuda_float32\Cuda_dconv3D_deltaX_sm86.dll
0x00007ffef94f0000 - 0x00007ffef954f000 	C:\Users\Gilgamesh\Desktop\Dragon-alpha-v1.2\native-lib\cuda_float32\Cuda_expk2_sm86.dll
0x00007ffec1580000 - 0x00007ffec185a000 	C:\Users\Gilgamesh\Desktop\Dragon-alpha-v1.2\native-lib\cuda_float32\Cuda_function_sm86.dll
0x00007ffedc580000 - 0x00007ffedc663000 	C:\Users\Gilgamesh\Desktop\Dragon-alpha-v1.2\native-lib\cuda_float32\Cuda_image_sm86.dll
0x00007ffebffd0000 - 0x00007ffec0287000 	C:\Users\Gilgamesh\Desktop\Dragon-alpha-v1.2\native-lib\cuda_float32\Cuda_matMul_sm86.dll
0x00007ffee56d0000 - 0x00007ffee5726000 	C:\Users\Gilgamesh\Desktop\Dragon-alpha-v1.2\native-lib\cuda_float32\Cuda_pool2D_sm86.dll
0x00007ffee2fc0000 - 0x00007ffee3012000 	C:\Users\Gilgamesh\Desktop\Dragon-alpha-v1.2\native-lib\cuda_float32\Cuda_random_sm86.dll
0x00007ffebf800000 - 0x00007ffebfbaa000 	C:\Users\Gilgamesh\Desktop\Dragon-alpha-v1.2\native-lib\cuda_float32\Cuda_reduce_sm86.dll
0x00007ffedc520000 - 0x00007ffedc571000 	C:\Users\Gilgamesh\Desktop\Dragon-alpha-v1.2\native-lib\cuda_float32\Cuda_sm86.dll
0x00007ffeda1f0000 - 0x00007ffeda265000 	C:\Users\Gilgamesh\Desktop\Dragon-alpha-v1.2\native-lib\cuda_float32\Cuda_upool2D_sm86.dll
0x00007ffebf010000 - 0x00007ffebf363000 	C:\WINDOWS\SYSTEM32\nvcuda.dll
0x00007ffeaadf0000 - 0x00007ffeab7a6000 	C:\WINDOWS\system32\DriverStore\FileRepository\nv_dispig.inf_amd64_7e5fd280efaa5445\nvcuda64.dll
0x00007fff0b2b0000 - 0x00007fff0b2c2000 	C:\WINDOWS\SYSTEM32\msasn1.dll
0x00007fff03ba0000 - 0x00007fff03bd1000 	C:\WINDOWS\SYSTEM32\cryptnet.dll
0x00007fff0b810000 - 0x00007fff0b96e000 	C:\WINDOWS\System32\CRYPT32.dll
0x00007fff03840000 - 0x00007fff03987000 	C:\WINDOWS\SYSTEM32\drvstore.dll
0x00007fff0b480000 - 0x00007fff0b4b3000 	C:\WINDOWS\SYSTEM32\devobj.dll
0x00007fff0b7c0000 - 0x00007fff0b80e000 	C:\WINDOWS\System32\cfgmgr32.dll
0x00007fff0b070000 - 0x00007fff0b07c000 	C:\WINDOWS\SYSTEM32\cryptbase.dll
0x00007fff00810000 - 0x00007fff00faf000 	C:\WINDOWS\SYSTEM32\nvapi64.dll
0x00007fff0d7a0000 - 0x00007fff0dc0e000 	C:\WINDOWS\System32\SETUPAPI.dll
0x00007fff0cda0000 - 0x00007fff0cecb000 	C:\WINDOWS\System32\ole32.dll
0x00007fff09f60000 - 0x00007fff09f72000 	C:\WINDOWS\SYSTEM32\kernel.appcore.dll
0x00007fff09a90000 - 0x00007fff09c74000 	C:\WINDOWS\SYSTEM32\dbghelp.dll
0x00007fff0b730000 - 0x00007fff0b7b2000 	C:\WINDOWS\System32\bcryptPrimitives.dll

VM Arguments:
jvm_args: -Dfile.encoding=UTF-8 -Xms8192m 
java_command: cifar10.resnet18_leaky_relu_attention.train
java_class_path (initial): D:\virtual-discC-code\Dragon-alpha-3060ti\ZUTIL-STD-1.2\build\classes;D:\virtual-discC-code\Dragon-alpha-3060ti\alpha-Dragon-v1.2\build\classes;D:\virtual-discC-code\Dragon-alpha-3060ti\alpha-Dragon-v1.2\build\test\classes
Launcher Type: SUN_STANDARD

Environment Variables:
JAVA_HOME=D:\virtual-discE-Java\JDK 8 Windows\jdk1.8.0_161
PATH=C:\Program Files\NVIDIA GPU Computing Toolkit\CUDA\v11.8\bin;C:\Program Files\NVIDIA GPU Computing Toolkit\CUDA\v11.8\libnvvp;C:\Program Files\NVIDIA GPU Computing Toolkit\CUDA\v11.5\bin;C:\Program Files\NVIDIA GPU Computing Toolkit\CUDA\v11.5\libnvvp;C:\Program Files\NVIDIA GPU Computing Toolkit\CUDA\v11.5\include;C:\WINDOWS\system32;C:\WINDOWS;C:\WINDOWS\System32\Wbem;C:\WINDOWS\System32\WindowsPowerShell\v1.0\;C:\WINDOWS\System32\OpenSSH\;C:\Program Files (x86)\NVIDIA Corporation\PhysX\Common;C:\Program Files\NVIDIA Corporation\NVIDIA NvDLISR;D:\virtual-discE-Java\JDK 8 Windows\jdk1.8.0_161\bin;C:\Program Files\NVIDIA Corporation\Nsight Compute 2022.3.0\;C:\Users\Gilgamesh\AppData\Local\Microsoft\WindowsApps;C:\Users\Gilgamesh\AppData\Local\GitHubDesktop\bin;D:\virtual-discA\LaTex\TeXLive\texlive\2023\bin\windows
USERNAME=Gilgamesh
OS=Windows_NT
PROCESSOR_IDENTIFIER=Intel64 Family 6 Model 151 Stepping 2, GenuineIntel



---------------  S Y S T E M  ---------------

OS: Windows 10.0 , 64 bit Build 19041 (10.0.19041.4717)

CPU:total 12 (initial active 12) (6 cores per cpu, 2 threads per core) family 6 model 151 stepping 2, cmov, cx8, fxsr, mmx, sse, sse2, sse3, ssse3, sse4.1, sse4.2, popcnt, avx, avx2, aes, clmul, erms, 3dnowpref, lzcnt, ht, tsc, tscinvbit, bmi1, bmi2, adx

Memory: 4k page, physical 16586168k(8660832k free), swap 21193676k(2524780k free)

vm_info: Java HotSpot(TM) 64-Bit Server VM (25.161-b12) for windows-amd64 JRE (1.8.0_161-b12), built on Dec 19 2017 17:52:25 by "java_re" with MS VC++ 10.0 (VS2010)

time: Tue Sep 03 10:57:19 2024
elapsed time: 2 seconds (0d 0h 0m 2s)

