#
# A fatal error has been detected by the Java Runtime Environment:
#
#  EXCEPTION_ACCESS_VIOLATION (0xc0000005) at pc=0x00007ffeaaf4169e, pid=14672, tid=0x0000000000002464
#
# JRE version: Java(TM) SE Runtime Environment (8.0_161-b12) (build 1.8.0_161-b12)
# Java VM: Java HotSpot(TM) 64-Bit Server VM (25.161-b12 mixed mode windows-amd64 compressed oops)
# Problematic frame:
# C  [nvcuda64.dll+0x15169e]
#
# Failed to write core dump. Minidumps are not enabled by default on client versions of Windows
#
# If you would like to submit a bug report, please visit:
#   http://bugreport.java.com/bugreport/crash.jsp
# The crash happened outside the Java Virtual Machine in native code.
# See problematic frame for where to report the bug.
#

---------------  T H R E A D  ---------------

Current thread (0x000000002923f800):  JavaThread "Thread-2" daemon [_thread_in_native, id=9316, stack(0x00000000482e0000,0x00000000483e0000)]

siginfo: ExceptionCode=0xc0000005, reading address 0x0000000000000048

Registers:
RAX=0x0000000000000000, RBX=0x0000000000000000, RCX=0x0000000000000000, RDX=0x0000000000000001
RSP=0x00000000483deaf0, RBP=0x00000000483deb89, RSI=0x0000000000000000, RDI=0x0000000062192dd0
R8 =0x0000000000000001, R9 =0x00000000483de908, R10=0x0000000000000001, R11=0x00000000483de8e0
R12=0x0000000000000000, R13=0x00000000483dee28, R14=0x00000000483ded60, R15=0x000000002923f800
RIP=0x00007ffeaaf4169e, EFLAGS=0x0000000000010206

Top of Stack: (sp=0x00000000483deaf0)
0x00000000483deaf0:   00000000483dee28 0000000000000000
0x00000000483deb00:   0000000062192dd0 0000000000000000
0x00000000483deb10:   0000000000000000 00007ffeab032964
0x00000000483deb20:   00000000483deec8 00000000483deb89
0x00000000483deb30:   0000000000000000 0000000000000000
0x00000000483deb40:   0000000000000000 0000000000000000
0x00000000483deb50:   0000000000000000 00007ffee56e9ac0
0x00000000483deb60:   0000000002c4c9e0 00007ffee56e86b0
0x00000000483deb70:   00000000483deb80 00007ffee56d1b9d
0x00000000483deb80:   00000000483dec20 00000000259bbb80
0x00000000483deb90:   00000000483dec30 00007ffee56e86c4
0x00000000483deba0:   000000002923f9f8 0000000719475158
0x00000000483debb0:   0000000000000000 0000000000000000
0x00000000483debc0:   00000005c0077330 00007ffee56e5a80
0x00000000483debd0:   0000000062192dd0 0000000000000000
0x00000000483debe0:   00000000483dec79 00007ffee56d4245 

Instructions: (pc=0x00007ffeaaf4169e)
0x00007ffeaaf4167e:   41 5d 41 5c 5f 5e 5d c3 cc cc cc cc cc cc cc cc
0x00007ffeaaf4168e:   cc cc 40 53 48 83 ec 20 48 8b 09 48 8b da b2 01
0x00007ffeaaf4169e:   48 8b 41 48 ff 90 18 41 00 00 85 c0 75 0d 48 8b
0x00007ffeaaf416ae:   cb 48 83 c4 20 5b e9 47 38 0b 00 48 83 c4 20 5b 


Register to memory mapping:

RAX=0x0000000000000000 is an unknown value
RBX=0x0000000000000000 is an unknown value
RCX=0x0000000000000000 is an unknown value
RDX=0x0000000000000001 is an unknown value
RSP=0x00000000483deaf0 is pointing into the stack for thread: 0x000000002923f800
RBP=0x00000000483deb89 is pointing into the stack for thread: 0x000000002923f800
RSI=0x0000000000000000 is an unknown value
RDI=0x0000000062192dd0 is an unknown value
R8 =0x0000000000000001 is an unknown value
R9 =0x00000000483de908 is pointing into the stack for thread: 0x000000002923f800
R10=0x0000000000000001 is an unknown value
R11=0x00000000483de8e0 is pointing into the stack for thread: 0x000000002923f800
R12=0x0000000000000000 is an unknown value
R13=0x00000000483dee28 is pointing into the stack for thread: 0x000000002923f800
R14=0x00000000483ded60 is pointing into the stack for thread: 0x000000002923f800
R15=0x000000002923f800 is a thread


Stack: [0x00000000482e0000,0x00000000483e0000],  sp=0x00000000483deaf0,  free space=1018k
Native frames: (J=compiled Java code, j=interpreted, Vv=VM code, C=native code)
C  [nvcuda64.dll+0x15169e]
C  [nvcuda64.dll+0x242964]
C  [Cuda_sm86.dll+0x4245]  cudart::cudaApiEventSynchronize+0x15
C  [Cuda_sm86.dll+0x1e05]  cudaEventSynchronize+0x115
C  [Cuda_sm86.dll+0x15a98]  Java_z_dragon_engine_cuda_impl_Cuda_eventSynchronize_1delete+0x18
C  0x0000000002c53443

Java frames: (J=compiled Java code, j=interpreted, Vv=VM code)
J 451  z.dragon.engine.cuda.impl.Cuda.eventSync_Del(J)V (0 bytes) @ 0x0000000002c533c1 [0x0000000002c53380+0x41]
J 450 C1 z.dragon.engine.cuda.CudaFloat32EngineBase$StreamSyncer.sync()V (48 bytes) @ 0x0000000002c52de4 [0x0000000002c52c60+0x184]
J 792 C2 z.dragon.engine.Tensor.c()Lz/dragon/engine/Tensor; (39 bytes) @ 0x0000000002d74d04 [0x0000000002d74c60+0xa4]
j  z.dragon.engine.Engine.tensor_int8([B[I)Lz/dragon/engine/Tensor;+13
j  z.dragon.engine.Engine.pixel_to_tensor([B[I)Lz/dragon/engine/Tensor;+11
j  z.dragon.engine.Engine.pix_to_tensor([[B[I)Lz/dragon/engine/Tensor;+30
j  z.dragon.alpha.Alpha$Datas$PixelToTensor.transform(Lz/dragon/engine/Engine;[[B)Lz/dragon/engine/Tensor;+6
j  z.dragon.alpha.Alpha$Datas$PixelToTensor.transform(Lz/dragon/engine/Engine;Ljava/lang/Object;)Lz/dragon/engine/Tensor;+6
j  z.dragon.data.DataSet.lambda$create_tensor_pair$1(Lz/dragon/engine/Engine;[Ljava/lang/Object;)Lz/dragon/engine/Tensor;+6
j  z.dragon.data.DataSet$$Lambda$54.call()Ljava/lang/Object;+12
j  java.util.concurrent.FutureTask.run()V+42
j  java.util.concurrent.ThreadPoolExecutor.runWorker(Ljava/util/concurrent/ThreadPoolExecutor$Worker;)V+95
j  java.util.concurrent.ThreadPoolExecutor$Worker.run()V+5
j  java.lang.Thread.run()V+11
v  ~StubRoutines::call_stub

---------------  P R O C E S S  ---------------

Java Threads: ( => current thread )
  0x0000000029262800 JavaThread "Thread-7" daemon [_thread_blocked, id=3568, stack(0x000000008b8f0000,0x000000008b9f0000)]
  0x0000000029298800 JavaThread "Thread-6" daemon [_thread_blocked, id=14752, stack(0x0000000000010000,0x0000000000110000)]
  0x000000002924f000 JavaThread "Thread-5" daemon [_thread_blocked, id=1532, stack(0x0000000066a10000,0x0000000066b10000)]
  0x000000002924e800 JavaThread "Thread-4" daemon [_thread_blocked, id=15396, stack(0x00000000668b0000,0x00000000669b0000)]
  0x0000000029241800 JavaThread "Thread-3" daemon [_thread_blocked, id=7840, stack(0x000000004d000000,0x000000004d100000)]
=>0x000000002923f800 JavaThread "Thread-2" daemon [_thread_in_native, id=9316, stack(0x00000000482e0000,0x00000000483e0000)]
  0x0000000029232800 JavaThread "Thread-1" daemon [_thread_blocked, id=16992, stack(0x00000000481e0000,0x00000000482e0000)]
  0x0000000029230800 JavaThread "Thread-0" daemon [_thread_blocked, id=2996, stack(0x00000000480e0000,0x00000000481e0000)]
  0x00000000290b3800 JavaThread "Java2D Disposer" daemon [_thread_blocked, id=6440, stack(0x00000000297e0000,0x00000000298e0000)]
  0x00000000274d8000 JavaThread "Service Thread" daemon [_thread_blocked, id=5012, stack(0x0000000028d30000,0x0000000028e30000)]
  0x0000000027457800 JavaThread "C1 CompilerThread3" daemon [_thread_blocked, id=15964, stack(0x0000000028c30000,0x0000000028d30000)]
  0x0000000027450000 JavaThread "C2 CompilerThread2" daemon [_thread_blocked, id=2076, stack(0x0000000028b30000,0x0000000028c30000)]
  0x000000002744b000 JavaThread "C2 CompilerThread1" daemon [_thread_blocked, id=14488, stack(0x0000000028a30000,0x0000000028b30000)]
  0x0000000027446000 JavaThread "C2 CompilerThread0" daemon [_thread_blocked, id=276, stack(0x0000000028930000,0x0000000028a30000)]
  0x0000000027445800 JavaThread "Attach Listener" daemon [_thread_blocked, id=11812, stack(0x0000000028830000,0x0000000028930000)]
  0x0000000027444800 JavaThread "Signal Dispatcher" daemon [_thread_blocked, id=16124, stack(0x0000000028730000,0x0000000028830000)]
  0x00000000273d3000 JavaThread "Finalizer" daemon [_thread_blocked, id=10600, stack(0x0000000028630000,0x0000000028730000)]
  0x00000000029fb000 JavaThread "Reference Handler" daemon [_thread_blocked, id=17372, stack(0x0000000028530000,0x0000000028630000)]
  0x000000000254e000 JavaThread "main" [_thread_in_native, id=12016, stack(0x0000000002400000,0x0000000002500000)]

Other Threads:
  0x00000000273b2800 VMThread [stack: 0x0000000028430000,0x0000000028530000] [id=1708]
  0x00000000274f1800 WatcherThread [stack: 0x0000000028e30000,0x0000000028f30000] [id=12336]

VM state:not at safepoint (normal execution)

VM Mutex/Monitor currently owned by a thread: None

Heap:
 PSYoungGen      total 2446848K, used 148376K [0x0000000715580000, 0x00000007c0000000, 0x00000007c0000000)
  eden space 2097664K, 7% used [0x0000000715580000,0x000000071e666260,0x0000000795600000)
  from space 349184K, 0% used [0x00000007aab00000,0x00000007aab00000,0x00000007c0000000)
  to   space 349184K, 0% used [0x0000000795600000,0x0000000795600000,0x00000007aab00000)
 ParOldGen       total 5592576K, used 153264K [0x00000005c0000000, 0x0000000715580000, 0x0000000715580000)
  object space 5592576K, 2% used [0x00000005c0000000,0x00000005c95ac140,0x0000000715580000)
 Metaspace       used 10965K, capacity 11370K, committed 11520K, reserved 1058816K
  class space    used 1132K, capacity 1243K, committed 1280K, reserved 1048576K

Card table byte_map: [0x0000000011dc0000,0x0000000012dd0000] byte_map_base: 0x000000000efc0000

Marking Bits: (ParMarkBitMap*) 0x00000000676bf860
 Begin Bits: [0x0000000014280000, 0x000000001c280000)
 End Bits:   [0x000000001c280000, 0x0000000024280000)

Polling page: 0x0000000000bd0000

CodeCache: size=245760Kb used=3727Kb max_used=3733Kb free=242032Kb
 bounds [0x0000000002a00000, 0x0000000002db0000, 0x0000000011a00000]
 total_blobs=1853 nmethods=863 adapters=903
 compilation: enabled

Compilation events (10 events):
Event: 1.539 Thread 0x0000000027446000  859       4       z.dragon.common.int32.TreeMap_int32::getEntry (45 bytes)
Event: 1.540 Thread 0x0000000027446000 nmethod 859 0x0000000002d75050 code [0x0000000002d75180, 0x0000000002d75218]
Event: 1.541 Thread 0x0000000027457800  860   !   3       z.dragon.engine.Tensor::is_hold (31 bytes)
Event: 1.541 Thread 0x0000000027457800 nmethod 860 0x0000000002da7350 code [0x0000000002da74c0, 0x0000000002da7830]
Event: 1.545 Thread 0x0000000027457800  861       3       java.util.concurrent.ThreadPoolExecutor::isRunning (10 bytes)
Event: 1.545 Thread 0x0000000027457800 nmethod 861 0x0000000002da7010 code [0x0000000002da7160, 0x0000000002da72f0]
Event: 1.569 Thread 0x0000000027457800  863       3       z.dragon.engine.Tensor::delete (42 bytes)
Event: 1.587 Thread 0x0000000027457800 nmethod 863 0x0000000002da67d0 code [0x0000000002da6960, 0x0000000002da6de8]
Event: 1.587 Thread 0x0000000027457800  862       3       z.dragon.engine.Parameter$VirtualParameter::clear_grads (1 bytes)
Event: 1.587 Thread 0x0000000027457800 nmethod 862 0x0000000002da6490 code [0x0000000002da65e0, 0x0000000002da6730]

GC Heap History (10 events):
Event: 1.388 GC heap before
{Heap before GC invocations=12 (full 6):
 PSYoungGen      total 2446848K, used 384K [0x0000000715580000, 0x00000007c0000000, 0x00000007c0000000)
  eden space 2097664K, 0% used [0x0000000715580000,0x0000000715580000,0x0000000795600000)
  from space 349184K, 0% used [0x00000007aab00000,0x00000007aab60000,0x00000007c0000000)
  to   space 349184K, 0% used [0x0000000795600000,0x0000000795600000,0x00000007aab00000)
 ParOldGen       total 5592576K, used 153265K [0x00000005c0000000, 0x0000000715580000, 0x0000000715580000)
  object space 5592576K, 2% used [0x00000005c0000000,0x00000005c95ac528,0x0000000715580000)
 Metaspace       used 10944K, capacity 11302K, committed 11520K, reserved 1058816K
  class space    used 1131K, capacity 1243K, committed 1280K, reserved 1048576K
Event: 1.419 GC heap after
Heap after GC invocations=12 (full 6):
 PSYoungGen      total 2446848K, used 0K [0x0000000715580000, 0x00000007c0000000, 0x00000007c0000000)
  eden space 2097664K, 0% used [0x0000000715580000,0x0000000715580000,0x0000000795600000)
  from space 349184K, 0% used [0x00000007aab00000,0x00000007aab00000,0x00000007c0000000)
  to   space 349184K, 0% used [0x0000000795600000,0x0000000795600000,0x00000007aab00000)
 ParOldGen       total 5592576K, used 153259K [0x00000005c0000000, 0x0000000715580000, 0x0000000715580000)
  object space 5592576K, 2% used [0x00000005c0000000,0x00000005c95aad78,0x0000000715580000)
 Metaspace       used 10944K, capacity 11302K, committed 11520K, reserved 1058816K
  class space    used 1131K, capacity 1243K, committed 1280K, reserved 1048576K
}
Event: 1.479 GC heap before
{Heap before GC invocations=13 (full 6):
 PSYoungGen      total 2446848K, used 221794K [0x0000000715580000, 0x00000007c0000000, 0x00000007c0000000)
  eden space 2097664K, 10% used [0x0000000715580000,0x0000000722e18b78,0x0000000795600000)
  from space 349184K, 0% used [0x00000007aab00000,0x00000007aab00000,0x00000007c0000000)
  to   space 349184K, 0% used [0x0000000795600000,0x0000000795600000,0x00000007aab00000)
 ParOldGen       total 5592576K, used 153259K [0x00000005c0000000, 0x0000000715580000, 0x0000000715580000)
  object space 5592576K, 2% used [0x00000005c0000000,0x00000005c95aad78,0x0000000715580000)
 Metaspace       used 10956K, capacity 11366K, committed 11520K, reserved 1058816K
  class space    used 1132K, capacity 1243K, committed 1280K, reserved 1048576K
Event: 1.479 GC heap after
Heap after GC invocations=13 (full 6):
 PSYoungGen      total 2446848K, used 320K [0x0000000715580000, 0x00000007c0000000, 0x00000007c0000000)
  eden space 2097664K, 0% used [0x0000000715580000,0x0000000715580000,0x0000000795600000)
  from space 349184K, 0% used [0x0000000795600000,0x0000000795650000,0x00000007aab00000)
  to   space 349184K, 0% used [0x00000007aab00000,0x00000007aab00000,0x00000007c0000000)
 ParOldGen       total 5592576K, used 153267K [0x00000005c0000000, 0x0000000715580000, 0x0000000715580000)
  object space 5592576K, 2% used [0x00000005c0000000,0x00000005c95acd78,0x0000000715580000)
 Metaspace       used 10956K, capacity 11366K, committed 11520K, reserved 1058816K
  class space    used 1132K, capacity 1243K, committed 1280K, reserved 1048576K
}
Event: 1.479 GC heap before
{Heap before GC invocations=14 (full 7):
 PSYoungGen      total 2446848K, used 320K [0x0000000715580000, 0x00000007c0000000, 0x00000007c0000000)
  eden space 2097664K, 0% used [0x0000000715580000,0x0000000715580000,0x0000000795600000)
  from space 349184K, 0% used [0x0000000795600000,0x0000000795650000,0x00000007aab00000)
  to   space 349184K, 0% used [0x00000007aab00000,0x00000007aab00000,0x00000007c0000000)
 ParOldGen       total 5592576K, used 153267K [0x00000005c0000000, 0x0000000715580000, 0x0000000715580000)
  object space 5592576K, 2% used [0x00000005c0000000,0x00000005c95acd78,0x0000000715580000)
 Metaspace       used 10956K, capacity 11366K, committed 11520K, reserved 1058816K
  class space    used 1132K, capacity 1243K, committed 1280K, reserved 1048576K
Event: 1.513 GC heap after
Heap after GC invocations=14 (full 7):
 PSYoungGen      total 2446848K, used 0K [0x0000000715580000, 0x00000007c0000000, 0x00000007c0000000)
  eden space 2097664K, 0% used [0x0000000715580000,0x0000000715580000,0x0000000795600000)
  from space 349184K, 0% used [0x0000000795600000,0x0000000795600000,0x00000007aab00000)
  to   space 349184K, 0% used [0x00000007aab00000,0x00000007aab00000,0x00000007c0000000)
 ParOldGen       total 5592576K, used 153263K [0x00000005c0000000, 0x0000000715580000, 0x0000000715580000)
  object space 5592576K, 2% used [0x00000005c0000000,0x00000005c95abd48,0x0000000715580000)
 Metaspace       used 10956K, capacity 11366K, committed 11520K, reserved 1058816K
  class space    used 1132K, capacity 1243K, committed 1280K, reserved 1048576K
}
Event: 1.569 GC heap before
{Heap before GC invocations=15 (full 7):
 PSYoungGen      total 2446848K, used 177743K [0x0000000715580000, 0x00000007c0000000, 0x00000007c0000000)
  eden space 2097664K, 8% used [0x0000000715580000,0x0000000720313fb8,0x0000000795600000)
  from space 349184K, 0% used [0x0000000795600000,0x0000000795600000,0x00000007aab00000)
  to   space 349184K, 0% used [0x00000007aab00000,0x00000007aab00000,0x00000007c0000000)
 ParOldGen       total 5592576K, used 153263K [0x00000005c0000000, 0x0000000715580000, 0x0000000715580000)
  object space 5592576K, 2% used [0x00000005c0000000,0x00000005c95abd48,0x0000000715580000)
 Metaspace       used 10964K, capacity 11370K, committed 11520K, reserved 1058816K
  class space    used 1132K, capacity 1243K, committed 1280K, reserved 1048576K
Event: 1.570 GC heap after
Heap after GC invocations=15 (full 7):
 PSYoungGen      total 2446848K, used 320K [0x0000000715580000, 0x00000007c0000000, 0x00000007c0000000)
  eden space 2097664K, 0% used [0x0000000715580000,0x0000000715580000,0x0000000795600000)
  from space 349184K, 0% used [0x00000007aab00000,0x00000007aab50000,0x00000007c0000000)
  to   space 349184K, 0% used [0x0000000795600000,0x0000000795600000,0x00000007aab00000)
 ParOldGen       total 5592576K, used 153263K [0x00000005c0000000, 0x0000000715580000, 0x0000000715580000)
  object space 5592576K, 2% used [0x00000005c0000000,0x00000005c95abd48,0x0000000715580000)
 Metaspace       used 10964K, capacity 11370K, committed 11520K, reserved 1058816K
  class space    used 1132K, capacity 1243K, committed 1280K, reserved 1048576K
}
Event: 1.570 GC heap before
{Heap before GC invocations=16 (full 8):
 PSYoungGen      total 2446848K, used 320K [0x0000000715580000, 0x00000007c0000000, 0x00000007c0000000)
  eden space 2097664K, 0% used [0x0000000715580000,0x0000000715580000,0x0000000795600000)
  from space 349184K, 0% used [0x00000007aab00000,0x00000007aab50000,0x00000007c0000000)
  to   space 349184K, 0% used [0x0000000795600000,0x0000000795600000,0x00000007aab00000)
 ParOldGen       total 5592576K, used 153263K [0x00000005c0000000, 0x0000000715580000, 0x0000000715580000)
  object space 5592576K, 2% used [0x00000005c0000000,0x00000005c95abd48,0x0000000715580000)
 Metaspace       used 10964K, capacity 11370K, committed 11520K, reserved 1058816K
  class space    used 1132K, capacity 1243K, committed 1280K, reserved 1048576K
Event: 1.587 GC heap after
Heap after GC invocations=16 (full 8):
 PSYoungGen      total 2446848K, used 0K [0x0000000715580000, 0x00000007c0000000, 0x00000007c0000000)
  eden space 2097664K, 0% used [0x0000000715580000,0x0000000715580000,0x0000000795600000)
  from space 349184K, 0% used [0x00000007aab00000,0x00000007aab00000,0x00000007c0000000)
  to   space 349184K, 0% used [0x0000000795600000,0x0000000795600000,0x00000007aab00000)
 ParOldGen       total 5592576K, used 153264K [0x00000005c0000000, 0x0000000715580000, 0x0000000715580000)
  object space 5592576K, 2% used [0x00000005c0000000,0x00000005c95ac140,0x0000000715580000)
 Metaspace       used 10964K, capacity 11370K, committed 11520K, reserved 1058816K
  class space    used 1132K, capacity 1243K, committed 1280K, reserved 1048576K
}

Deoptimization events (8 events):
Event: 0.088 Thread 0x000000000254e000 Uncommon trap: reason=unstable_if action=reinterpret pc=0x0000000002b421c8 method=java.lang.String.indexOf([CII[CIII)I @ 123
Event: 0.415 Thread 0x000000000254e000 Uncommon trap: reason=unstable_if action=reinterpret pc=0x0000000002c60b54 method=java.io.BufferedInputStream.read([BII)I @ 31
Event: 0.453 Thread 0x000000000254e000 Uncommon trap: reason=unstable_if action=reinterpret pc=0x0000000002c6f438 method=z.dragon.dataset.Cifar10.load(Lz/dragon/data/container/ListContainer;Ljava/lang/String;Ljava/lang/String;)V @ 45
Event: 0.489 Thread 0x000000000254e000 Uncommon trap: reason=unstable_if action=reinterpret pc=0x0000000002c6ad70 method=z.dragon.dataset.Cifar10.load(Lz/dragon/data/container/ListContainer;Ljava/lang/String;Ljava/lang/String;)V @ 45
Event: 0.526 Thread 0x000000000254e000 Uncommon trap: reason=unstable_if action=reinterpret pc=0x0000000002c73eb8 method=z.dragon.dataset.Cifar10.load(Lz/dragon/data/container/ListContainer;Ljava/lang/String;Ljava/lang/String;)V @ 45
Event: 0.561 Thread 0x000000000254e000 Uncommon trap: reason=unstable_if action=reinterpret pc=0x0000000002c6d778 method=z.dragon.dataset.Cifar10.load(Lz/dragon/data/container/ListContainer;Ljava/lang/String;Ljava/lang/String;)V @ 45
Event: 0.606 Thread 0x000000000254e000 Uncommon trap: reason=unstable_if action=reinterpret pc=0x0000000002c70d94 method=java.io.BufferedInputStream.read1([BII)I @ 68
Event: 0.606 Thread 0x000000000254e000 Uncommon trap: reason=unstable_if action=reinterpret pc=0x0000000002c62ca0 method=java.io.BufferedInputStream.read1([BII)I @ 68

Classes redefined (0 events):
No events

Internal exceptions (10 events):
Event: 0.099 Thread 0x000000000254e000 Exception <a 'java/lang/NoSuchFieldError': method resolution failed> (0x00000007159996d8) thrown at [C:\re\workspace\8-2-build-windows-amd64-cygwin\jdk8u161\10277\hotspot\src\share\vm\prims\methodHandles.cpp, line 1167]
Event: 0.112 Thread 0x000000000254e000 Exception <a 'java/security/PrivilegedActionException'> (0x0000000715a4e020) thrown at [C:\re\workspace\8-2-build-windows-amd64-cygwin\jdk8u161\10277\hotspot\src\share\vm\prims\jvm.cpp, line 1390]
Event: 0.112 Thread 0x000000000254e000 Exception <a 'java/security/PrivilegedActionException'> (0x0000000715a4e230) thrown at [C:\re\workspace\8-2-build-windows-amd64-cygwin\jdk8u161\10277\hotspot\src\share\vm\prims\jvm.cpp, line 1390]
Event: 0.112 Thread 0x000000000254e000 Exception <a 'java/security/PrivilegedActionException'> (0x0000000715a52f98) thrown at [C:\re\workspace\8-2-build-windows-amd64-cygwin\jdk8u161\10277\hotspot\src\share\vm\prims\jvm.cpp, line 1390]
Event: 0.112 Thread 0x000000000254e000 Exception <a 'java/security/PrivilegedActionException'> (0x0000000715a531a8) thrown at [C:\re\workspace\8-2-build-windows-amd64-cygwin\jdk8u161\10277\hotspot\src\share\vm\prims\jvm.cpp, line 1390]
Event: 0.115 Thread 0x000000000254e000 Exception <a 'java/io/FileNotFoundException'> (0x0000000715a61c50) thrown at [C:\re\workspace\8-2-build-windows-amd64-cygwin\jdk8u161\10277\hotspot\src\share\vm\prims\jni.cpp, line 709]
Event: 1.420 Thread 0x00000000273d3000 Exception <a 'z/dragon/engine/cuda/impl/CudaException'> (0x000000071b334e30) thrown at [C:\re\workspace\8-2-build-windows-amd64-cygwin\jdk8u161\10277\hotspot\src\share\vm\prims\jni.cpp, line 709]
Event: 1.420 Thread 0x00000000273d3000 Exception <a 'z/dragon/engine/cuda/impl/CudaException'> (0x000000071b335040) thrown at [C:\re\workspace\8-2-build-windows-amd64-cygwin\jdk8u161\10277\hotspot\src\share\vm\prims\jni.cpp, line 709]
Event: 1.513 Thread 0x00000000273d3000 Exception <a 'z/dragon/engine/cuda/impl/CudaException'> (0x000000071b123550) thrown at [C:\re\workspace\8-2-build-windows-amd64-cygwin\jdk8u161\10277\hotspot\src\share\vm\prims\jni.cpp, line 709]
Event: 1.513 Thread 0x00000000273d3000 Exception <a 'z/dragon/engine/cuda/impl/CudaException'> (0x000000071b123760) thrown at [C:\re\workspace\8-2-build-windows-amd64-cygwin\jdk8u161\10277\hotspot\src\share\vm\prims\jni.cpp, line 709]

Events (10 events):
Event: 1.289 Executing VM operation: ParallelGCSystemGC
Event: 1.323 Executing VM operation: ParallelGCSystemGC done
Event: 1.387 Executing VM operation: ParallelGCSystemGC
Event: 1.419 Executing VM operation: ParallelGCSystemGC done
Event: 1.419 loading class z/dragon/engine/cuda/impl/CudaException
Event: 1.419 loading class z/dragon/engine/cuda/impl/CudaException done
Event: 1.479 Executing VM operation: ParallelGCSystemGC
Event: 1.513 Executing VM operation: ParallelGCSystemGC done
Event: 1.569 Executing VM operation: ParallelGCSystemGC
Event: 1.587 Executing VM operation: ParallelGCSystemGC done


Dynamic libraries:
0x00007ff753440000 - 0x00007ff753477000 	D:\virtual-discE-Java\JDK 8 Windows\jdk1.8.0_161\bin\java.exe
0x00007fff0e050000 - 0x00007fff0e248000 	C:\WINDOWS\SYSTEM32\ntdll.dll
0x00007fff0c320000 - 0x00007fff0c3e1000 	C:\WINDOWS\System32\KERNEL32.DLL
0x00007fff0b970000 - 0x00007fff0bc6d000 	C:\WINDOWS\System32\KERNELBASE.dll
0x00007fff0c080000 - 0x00007fff0c130000 	C:\WINDOWS\System32\ADVAPI32.dll
0x00007fff0c130000 - 0x00007fff0c1ce000 	C:\WINDOWS\System32\msvcrt.dll
0x00007fff0c280000 - 0x00007fff0c320000 	C:\WINDOWS\System32\sechost.dll
0x00007fff0cf30000 - 0x00007fff0d053000 	C:\WINDOWS\System32\RPCRT4.dll
0x00007fff0b700000 - 0x00007fff0b727000 	C:\WINDOWS\System32\bcrypt.dll
0x00007fff0d4a0000 - 0x00007fff0d63d000 	C:\WINDOWS\System32\USER32.dll
0x00007fff0bea0000 - 0x00007fff0bec2000 	C:\WINDOWS\System32\win32u.dll
0x00007fff0df70000 - 0x00007fff0df9b000 	C:\WINDOWS\System32\GDI32.dll
0x00007fff0bd10000 - 0x00007fff0be27000 	C:\WINDOWS\System32\gdi32full.dll
0x00007fff0bc70000 - 0x00007fff0bd0d000 	C:\WINDOWS\System32\msvcp_win.dll
0x00007fff0bed0000 - 0x00007fff0bfd0000 	C:\WINDOWS\System32\ucrtbase.dll
0x00007ffef2fc0000 - 0x00007ffef325a000 	C:\WINDOWS\WinSxS\amd64_microsoft.windows.common-controls_6595b64144ccf1df_6.0.19041.4355_none_60b8b9eb71f62e16\COMCTL32.dll
0x00007fff0dd30000 - 0x00007fff0dd5f000 	C:\WINDOWS\System32\IMM32.DLL
0x0000000066dc0000 - 0x0000000066e92000 	D:\virtual-discE-Java\JDK 8 Windows\jdk1.8.0_161\jre\bin\msvcr100.dll
0x0000000066ea0000 - 0x000000006773f000 	D:\virtual-discE-Java\JDK 8 Windows\jdk1.8.0_161\jre\bin\server\jvm.dll
0x00007fff0e000000 - 0x00007fff0e008000 	C:\WINDOWS\System32\PSAPI.DLL
0x00007ffeffc70000 - 0x00007ffeffc97000 	C:\WINDOWS\SYSTEM32\WINMM.dll
0x00007fff032f0000 - 0x00007fff032f9000 	C:\WINDOWS\SYSTEM32\WSOCK32.dll
0x00007fff03ce0000 - 0x00007fff03cea000 	C:\WINDOWS\SYSTEM32\VERSION.dll
0x00007fff0dc10000 - 0x00007fff0dc7b000 	C:\WINDOWS\System32\WS2_32.dll
0x0000000066d70000 - 0x0000000066d7f000 	D:\virtual-discE-Java\JDK 8 Windows\jdk1.8.0_161\jre\bin\verify.dll
0x0000000066d40000 - 0x0000000066d69000 	D:\virtual-discE-Java\JDK 8 Windows\jdk1.8.0_161\jre\bin\java.dll
0x0000000066d20000 - 0x0000000066d36000 	D:\virtual-discE-Java\JDK 8 Windows\jdk1.8.0_161\jre\bin\zip.dll
0x00007fff0c450000 - 0x00007fff0cbbf000 	C:\WINDOWS\System32\SHELL32.dll
0x00007fff09220000 - 0x00007fff099bf000 	C:\WINDOWS\SYSTEM32\windows.storage.dll
0x00007fff0d060000 - 0x00007fff0d3b3000 	C:\WINDOWS\System32\combase.dll
0x00007fff0b120000 - 0x00007fff0b14e000 	C:\WINDOWS\SYSTEM32\Wldp.dll
0x00007fff0d650000 - 0x00007fff0d71d000 	C:\WINDOWS\System32\OLEAUT32.dll
0x00007fff0dc80000 - 0x00007fff0dd2d000 	C:\WINDOWS\System32\SHCORE.dll
0x00007fff0ced0000 - 0x00007fff0cf25000 	C:\WINDOWS\System32\shlwapi.dll
0x00007fff0b630000 - 0x00007fff0b654000 	C:\WINDOWS\SYSTEM32\profapi.dll
0x0000000066b40000 - 0x0000000066cd8000 	D:\virtual-discE-Java\JDK 8 Windows\jdk1.8.0_161\jre\bin\awt.dll
0x00007fff05b40000 - 0x00007fff05bd4000 	C:\WINDOWS\SYSTEM32\apphelp.dll
0x00000000669d0000 - 0x0000000066a0e000 	D:\virtual-discE-Java\JDK 8 Windows\jdk1.8.0_161\jre\bin\lcms.dll
0x00007fff06e00000 - 0x00007fff06e2a000 	C:\Users\Gilgamesh\Desktop\Dragon-alpha-v1.2\native-lib\cuda_float32\CudaDevice_sm86.dll
0x00007fff06ec0000 - 0x00007fff06ed6000 	D:\virtual-discE-Java\JDK 8 Windows\jdk1.8.0_161\jre\bin\VCRUNTIME140.dll
0x00007ffecf2b0000 - 0x00007ffecf41a000 	C:\Users\Gilgamesh\Desktop\Dragon-alpha-v1.2\native-lib\cuda_float32\Cuda_batchMatMul_sm86.dll
0x00007ffeac000000 - 0x00007ffeaf420000 	C:\Users\Gilgamesh\Desktop\Dragon-alpha-v1.2\native-lib\cuda_float32\Cuda_conv3D_sm86.dll
0x00007ffeab7b0000 - 0x00007ffeabff4000 	C:\Users\Gilgamesh\Desktop\Dragon-alpha-v1.2\native-lib\cuda_float32\Cuda_dconv3D_deltaW_sm86.dll
0x00007ffea6320000 - 0x00007ffeaa093000 	C:\Users\Gilgamesh\Desktop\Dragon-alpha-v1.2\native-lib\cuda_float32\Cuda_dconv3D_deltaX_sm86.dll
0x00007ffefdb00000 - 0x00007ffefdb5f000 	C:\Users\Gilgamesh\Desktop\Dragon-alpha-v1.2\native-lib\cuda_float32\Cuda_expk2_sm86.dll
0x00007ffec1580000 - 0x00007ffec185a000 	C:\Users\Gilgamesh\Desktop\Dragon-alpha-v1.2\native-lib\cuda_float32\Cuda_function_sm86.dll
0x00007ffedc580000 - 0x00007ffedc663000 	C:\Users\Gilgamesh\Desktop\Dragon-alpha-v1.2\native-lib\cuda_float32\Cuda_image_sm86.dll
0x00007ffec0460000 - 0x00007ffec0717000 	C:\Users\Gilgamesh\Desktop\Dragon-alpha-v1.2\native-lib\cuda_float32\Cuda_matMul_sm86.dll
0x00007ffef94f0000 - 0x00007ffef9546000 	C:\Users\Gilgamesh\Desktop\Dragon-alpha-v1.2\native-lib\cuda_float32\Cuda_pool2D_sm86.dll
0x00007ffeeed70000 - 0x00007ffeeedc2000 	C:\Users\Gilgamesh\Desktop\Dragon-alpha-v1.2\native-lib\cuda_float32\Cuda_random_sm86.dll
0x00007ffec00b0000 - 0x00007ffec045a000 	C:\Users\Gilgamesh\Desktop\Dragon-alpha-v1.2\native-lib\cuda_float32\Cuda_reduce_sm86.dll
0x00007ffee56d0000 - 0x00007ffee5721000 	C:\Users\Gilgamesh\Desktop\Dragon-alpha-v1.2\native-lib\cuda_float32\Cuda_sm86.dll
0x00007ffee2fa0000 - 0x00007ffee3015000 	C:\Users\Gilgamesh\Desktop\Dragon-alpha-v1.2\native-lib\cuda_float32\Cuda_upool2D_sm86.dll
0x00007ffebf850000 - 0x00007ffebfba3000 	C:\WINDOWS\SYSTEM32\nvcuda.dll
0x00007ffeaadf0000 - 0x00007ffeab7a6000 	C:\WINDOWS\system32\DriverStore\FileRepository\nv_dispig.inf_amd64_7e5fd280efaa5445\nvcuda64.dll
0x00007fff0b2b0000 - 0x00007fff0b2c2000 	C:\WINDOWS\SYSTEM32\msasn1.dll
0x00007fff03ba0000 - 0x00007fff03bd1000 	C:\WINDOWS\SYSTEM32\cryptnet.dll
0x00007fff0b810000 - 0x00007fff0b96e000 	C:\WINDOWS\System32\CRYPT32.dll
0x00007fff03840000 - 0x00007fff03987000 	C:\WINDOWS\SYSTEM32\drvstore.dll
0x00007fff0b480000 - 0x00007fff0b4b3000 	C:\WINDOWS\SYSTEM32\devobj.dll
0x00007fff0b7c0000 - 0x00007fff0b80e000 	C:\WINDOWS\System32\cfgmgr32.dll
0x00007fff0b070000 - 0x00007fff0b07c000 	C:\WINDOWS\SYSTEM32\cryptbase.dll
0x00007fff00810000 - 0x00007fff00faf000 	C:\WINDOWS\SYSTEM32\nvapi64.dll
0x00007fff0d7a0000 - 0x00007fff0dc0e000 	C:\WINDOWS\System32\SETUPAPI.dll
0x00007fff0cda0000 - 0x00007fff0cecb000 	C:\WINDOWS\System32\ole32.dll
0x00007fff09f60000 - 0x00007fff09f72000 	C:\WINDOWS\SYSTEM32\kernel.appcore.dll
0x00007fff09a90000 - 0x00007fff09c74000 	C:\WINDOWS\SYSTEM32\dbghelp.dll
0x00007fff0b730000 - 0x00007fff0b7b2000 	C:\WINDOWS\System32\bcryptPrimitives.dll

VM Arguments:
jvm_args: -Dfile.encoding=UTF-8 -Xms8192m 
java_command: cifar10.resnet18_leaky_relu_attention.train
java_class_path (initial): D:\virtual-discC-code\Dragon-alpha-3060ti\ZUTIL-STD-1.2\build\classes;D:\virtual-discC-code\Dragon-alpha-3060ti\alpha-Dragon-v1.2\build\classes;D:\virtual-discC-code\Dragon-alpha-3060ti\alpha-Dragon-v1.2\build\test\classes
Launcher Type: SUN_STANDARD

Environment Variables:
JAVA_HOME=D:\virtual-discE-Java\JDK 8 Windows\jdk1.8.0_161
PATH=C:\Program Files\NVIDIA GPU Computing Toolkit\CUDA\v11.8\bin;C:\Program Files\NVIDIA GPU Computing Toolkit\CUDA\v11.8\libnvvp;C:\Program Files\NVIDIA GPU Computing Toolkit\CUDA\v11.5\bin;C:\Program Files\NVIDIA GPU Computing Toolkit\CUDA\v11.5\libnvvp;C:\Program Files\NVIDIA GPU Computing Toolkit\CUDA\v11.5\include;C:\WINDOWS\system32;C:\WINDOWS;C:\WINDOWS\System32\Wbem;C:\WINDOWS\System32\WindowsPowerShell\v1.0\;C:\WINDOWS\System32\OpenSSH\;C:\Program Files (x86)\NVIDIA Corporation\PhysX\Common;C:\Program Files\NVIDIA Corporation\NVIDIA NvDLISR;D:\virtual-discE-Java\JDK 8 Windows\jdk1.8.0_161\bin;C:\Program Files\NVIDIA Corporation\Nsight Compute 2022.3.0\;C:\Users\Gilgamesh\AppData\Local\Microsoft\WindowsApps;C:\Users\Gilgamesh\AppData\Local\GitHubDesktop\bin;D:\virtual-discA\LaTex\TeXLive\texlive\2023\bin\windows
USERNAME=Gilgamesh
OS=Windows_NT
PROCESSOR_IDENTIFIER=Intel64 Family 6 Model 151 Stepping 2, GenuineIntel



---------------  S Y S T E M  ---------------

OS: Windows 10.0 , 64 bit Build 19041 (10.0.19041.4717)

CPU:total 12 (initial active 12) (6 cores per cpu, 2 threads per core) family 6 model 151 stepping 2, cmov, cx8, fxsr, mmx, sse, sse2, sse3, ssse3, sse4.1, sse4.2, popcnt, avx, avx2, aes, clmul, erms, 3dnowpref, lzcnt, ht, tsc, tscinvbit, bmi1, bmi2, adx

Memory: 4k page, physical 16586168k(9616564k free), swap 21202484k(2341844k free)

vm_info: Java HotSpot(TM) 64-Bit Server VM (25.161-b12) for windows-amd64 JRE (1.8.0_161-b12), built on Dec 19 2017 17:52:25 by "java_re" with MS VC++ 10.0 (VS2010)

time: Tue Sep 03 11:23:56 2024
elapsed time: 1 seconds (0d 0h 0m 1s)

