#
# A fatal error has been detected by the Java Runtime Environment:
#
#  EXCEPTION_ACCESS_VIOLATION (0xc0000005) at pc=0x000000006db2cd56, pid=2504, tid=0x0000000000000454
#
# JRE version: Java(TM) SE Runtime Environment (8.0_161-b12) (build 1.8.0_161-b12)
# Java VM: Java HotSpot(TM) 64-Bit Server VM (25.161-b12 mixed mode windows-amd64 compressed oops)
# Problematic frame:
# V  [jvm.dll+0x12cd56]
#
# Failed to write core dump. Minidumps are not enabled by default on client versions of Windows
#
# If you would like to submit a bug report, please visit:
#   http://bugreport.java.com/bugreport/crash.jsp
#

---------------  T H R E A D  ---------------

Current thread is native thread

siginfo: ExceptionCode=0xc0000005, reading address 0x0000000000000140

Registers:
RAX=0x0000000000000000, RBX=0x000000002647ea50, RCX=0x0000000000000007, RDX=0x000000000326e000
RSP=0x000000003cb7f680, RBP=0x000000000326e000, RSI=0x0000000000000000, RDI=0x00000000ffffffff
R8 =0x000000003cb7fb20, R9 =0x0000000000000001, R10=0x0000000003370827, R11=0x0000000000000001
R12=0x0000000000000000, R13=0x000000002647ea40, R14=0x000000003cb7f760, R15=0x000000000326e000
RIP=0x000000006db2cd56, EFLAGS=0x0000000000010246

Top of Stack: (sp=0x000000003cb7f680)
0x000000003cb7f680:   000000000000000f 00007ffbd7b169c2
0x000000003cb7f690:   000000003cb7f9c0 00007ffbd7170000
0x000000003cb7f6a0:   0000000000000000 000000006dab781f
0x000000003cb7f6b0:   000000000326e000 000000003cb7f750
0x000000003cb7f6c0:   000000000326e000 00000000ffffffff
0x000000003cb7f6d0:   00000000ffffffff 0000000003383d9d
0x000000003cb7f6e0:   000000000326e000 000000002647ea50
0x000000003cb7f6f0:   000000000326e000 0000000000000000
0x000000003cb7f700:   0000000000000000 0000000003383d62
0x000000003cb7f710:   000000003cb7f710 000000002647ea40
0x000000003cb7f720:   000000003cb7f760 000000002647eac0
0x000000003cb7f730:   0000000000000000 000000002647ea50
0x000000003cb7f740:   0000000000000000 000000003cb7f760
0x000000003cb7f750:   000000003cb7f840 00000000033708da
0x000000003cb7f760:   0000000717d1cb10 0000000000000000
0x000000003cb7f770:   0000000000000000 0000000000000000 

Instructions: (pc=0x000000006db2cd56)
0x000000006db2cd36:   48 83 ec 20 33 f6 48 8b ea 48 8b d9 48 85 c9 74
0x000000006db2cd46:   35 8b 0d fb 8a 68 00 ff 15 9d 16 4b 00 48 8b f0
0x000000006db2cd56:   48 8b b8 40 01 00 00 8b 17 3b 57 04 75 08 48 8b
0x000000006db2cd66:   cf e8 54 70 32 00 48 63 17 48 8b 47 18 8d 4a 01 


Register to memory mapping:

RAX=0x0000000000000000 is an unknown value
RBX={method} {0x000000002647ea58} 'callback' '()V' in 'z/dragon/engine/cuda/CudaFloat32EngineBase$$Lambda$6'
RCX=0x0000000000000007 is an unknown value
RDX=0x000000000326e000 is a thread
RSP=0x000000003cb7f680 is an unknown value
RBP=0x000000000326e000 is a thread
RSI=0x0000000000000000 is an unknown value
RDI=0x00000000ffffffff is an unknown value
R8 =0x000000003cb7fb20 is an unknown value
R9 =0x0000000000000001 is an unknown value
R10=0x0000000003370827 is at begin+0 in a stub
StubRoutines::call_stub [0x0000000003370827, 0x000000000337098b[ (356 bytes)
R11=0x0000000000000001 is an unknown value
R12=0x0000000000000000 is an unknown value
R13=0x000000002647ea40 is pointing into metadata
R14=0x000000003cb7f760 is an unknown value
R15=0x000000000326e000 is a thread


Stack: [0x000000003ca80000,0x000000003cb80000],  sp=0x000000003cb7f680,  free space=1021k
Native frames: (J=compiled Java code, j=interpreted, Vv=VM code, C=native code)
V  [jvm.dll+0x12cd56]
V  [jvm.dll+0xb781f]
C  0x0000000003383d9d


---------------  P R O C E S S  ---------------

VM state:not at safepoint (normal execution)

VM Mutex/Monitor currently owned by a thread: None

Heap:
 PSYoungGen      total 2446848K, used 116670K [0x0000000715580000, 0x00000007c0000000, 0x00000007c0000000)
  eden space 2097664K, 5% used [0x0000000715580000,0x000000071c76fa78,0x0000000795600000)
  from space 349184K, 0% used [0x00000007aab00000,0x00000007aab00000,0x00000007c0000000)
  to   space 349184K, 0% used [0x0000000795600000,0x0000000795600000,0x00000007aab00000)
 ParOldGen       total 5592576K, used 0K [0x00000005c0000000, 0x0000000715580000, 0x0000000715580000)
  object space 5592576K, 0% used [0x00000005c0000000,0x00000005c0000000,0x0000000715580000)
 Metaspace       used 8906K, capacity 9086K, committed 9216K, reserved 1056768K
  class space    used 902K, capacity 963K, committed 1024K, reserved 1048576K

Card table byte_map: [0x0000000012730000,0x0000000013740000] byte_map_base: 0x000000000f930000

Marking Bits: (ParMarkBitMap*) 0x000000006e21f860
 Begin Bits: [0x0000000014bf0000, 0x000000001cbf0000)
 End Bits:   [0x000000001cbf0000, 0x0000000024bf0000)

Polling page: 0x0000000001550000

CodeCache: size=245760Kb used=2233Kb max_used=2233Kb free=243526Kb
 bounds [0x0000000003370000, 0x00000000035e0000, 0x0000000012370000]
 total_blobs=1194 nmethods=374 adapters=733
 compilation: enabled

Compilation events (10 events):
Event: 0.447 Thread 0x0000000027e01000  369       3       sun.misc.FDBigInteger::<init> (30 bytes)
Event: 0.447 Thread 0x0000000027e01000 nmethod 369 0x0000000003593e10 code [0x0000000003593f80, 0x00000000035941a8]
Event: 0.447 Thread 0x0000000027e01000  370       3       sun.misc.FDBigInteger::trimLeadingZeros (57 bytes)
Event: 0.447 Thread 0x0000000027e01000 nmethod 370 0x0000000003594290 code [0x0000000003594400, 0x0000000003594730]
Event: 0.447 Thread 0x0000000027e01000  371       1       java.util.Formatter$Flags::valueOf (5 bytes)
Event: 0.447 Thread 0x0000000027e01000 nmethod 371 0x000000000358e1d0 code [0x000000000358e320, 0x000000000358e430]
Event: 0.447 Thread 0x0000000027e01000  372       3       java.util.AbstractList::<init> (10 bytes)
Event: 0.447 Thread 0x0000000027e01000 nmethod 372 0x0000000003594850 code [0x00000000035949c0, 0x0000000003594bd0]
Event: 0.456 Thread 0x0000000027e01000  374       3       jdk.internal.org.objectweb.asm.ClassWriter::newClass (9 bytes)
Event: 0.456 Thread 0x0000000027e01000 nmethod 374 0x000000000359ebd0 code [0x000000000359ed40, 0x000000000359eee8]

GC Heap History (0 events):
No events

Deoptimization events (2 events):
Event: 0.252 Thread 0x000000000326e000 Uncommon trap: reason=unstable_if action=reinterpret pc=0x0000000003589978 method=z.util.math.ExRandom.next_float_vector(IFF)[F @ 72
Event: 0.446 Thread 0x000000000326e000 Uncommon trap: reason=unstable_if action=reinterpret pc=0x0000000003593b30 method=z.util.math.vector.Vector.leakyRelu([FF)[F @ 10

Classes redefined (0 events):
No events

Internal exceptions (8 events):
Event: 0.028 Thread 0x000000000326e000 Exception <a 'java/lang/NoSuchMethodError': Method sun.misc.Unsafe.defineClass(Ljava/lang/String;[BII)Ljava/lang/Class; name or signature does not match> (0x0000000715587ca0) thrown at [C:\re\workspace\8-2-build-windows-amd64-cygwin\jdk8u161\10277\hotspot
Event: 0.028 Thread 0x000000000326e000 Exception <a 'java/lang/NoSuchMethodError': Method sun.misc.Unsafe.prefetchRead(Ljava/lang/Object;J)V name or signature does not match> (0x0000000715587f88) thrown at [C:\re\workspace\8-2-build-windows-amd64-cygwin\jdk8u161\10277\hotspot\src\share\vm\prim
Event: 0.086 Thread 0x000000000326e000 Exception <a 'java/lang/NoSuchFieldError': method resolution failed> (0x0000000715824ae8) thrown at [C:\re\workspace\8-2-build-windows-amd64-cygwin\jdk8u161\10277\hotspot\src\share\vm\prims\methodHandles.cpp, line 1167]
Event: 0.086 Thread 0x000000000326e000 Exception <a 'java/lang/NoSuchFieldError': method resolution failed> (0x00000007158322b8) thrown at [C:\re\workspace\8-2-build-windows-amd64-cygwin\jdk8u161\10277\hotspot\src\share\vm\prims\methodHandles.cpp, line 1167]
Event: 0.170 Thread 0x000000000326e000 Exception <a 'java/security/PrivilegedActionException'> (0x0000000715b19b10) thrown at [C:\re\workspace\8-2-build-windows-amd64-cygwin\jdk8u161\10277\hotspot\src\share\vm\prims\jvm.cpp, line 1390]
Event: 0.170 Thread 0x000000000326e000 Exception <a 'java/security/PrivilegedActionException'> (0x0000000715b19f08) thrown at [C:\re\workspace\8-2-build-windows-amd64-cygwin\jdk8u161\10277\hotspot\src\share\vm\prims\jvm.cpp, line 1390]
Event: 0.171 Thread 0x000000000326e000 Exception <a 'java/security/PrivilegedActionException'> (0x0000000715b1ec70) thrown at [C:\re\workspace\8-2-build-windows-amd64-cygwin\jdk8u161\10277\hotspot\src\share\vm\prims\jvm.cpp, line 1390]
Event: 0.171 Thread 0x000000000326e000 Exception <a 'java/security/PrivilegedActionException'> (0x0000000715b1f068) thrown at [C:\re\workspace\8-2-build-windows-amd64-cygwin\jdk8u161\10277\hotspot\src\share\vm\prims\jvm.cpp, line 1390]

Events (10 events):
Event: 0.446 loading class sun/misc/FDBigInteger
Event: 0.446 loading class sun/misc/FDBigInteger done
Event: 0.447 loading class sun/misc/FormattedFloatingDecimal$2
Event: 0.447 loading class sun/misc/FormattedFloatingDecimal$2 done
Event: 0.448 loading class z/dragon/engine/cuda/impl/math/Cuda_function
Event: 0.448 loading class z/dragon/engine/cuda/impl/math/Cuda_function done
Event: 0.456 loading class z/dragon/engine/cuda/impl/CudaStreamCallback
Event: 0.456 loading class z/dragon/engine/cuda/impl/CudaStreamCallback done
Event: 0.456 loading class z/dragon/engine/cuda/impl/CudaStreamCallback
Event: 0.456 loading class z/dragon/engine/cuda/impl/CudaStreamCallback done


Dynamic libraries:
0x00007ff74c1f0000 - 0x00007ff74c227000 	D:\virtual-discE-Java\JDK 8 Windows\jdk1.8.0_161\bin\java.exe
0x00007ffbd9a90000 - 0x00007ffbd9c87000 	C:\WINDOWS\SYSTEM32\ntdll.dll
0x00007ffbd7c20000 - 0x00007ffbd7cdd000 	C:\WINDOWS\System32\KERNEL32.DLL
0x00007ffbd7460000 - 0x00007ffbd7756000 	C:\WINDOWS\System32\KERNELBASE.dll
0x00007ffbd85e0000 - 0x00007ffbd868e000 	C:\WINDOWS\System32\ADVAPI32.dll
0x00007ffbd9930000 - 0x00007ffbd99ce000 	C:\WINDOWS\System32\msvcrt.dll
0x00007ffbd87e0000 - 0x00007ffbd887c000 	C:\WINDOWS\System32\sechost.dll
0x00007ffbd97d0000 - 0x00007ffbd98f6000 	C:\WINDOWS\System32\RPCRT4.dll
0x00007ffbd8400000 - 0x00007ffbd859e000 	C:\WINDOWS\System32\USER32.dll
0x00007ffbd7970000 - 0x00007ffbd7992000 	C:\WINDOWS\System32\win32u.dll
0x00007ffbd9900000 - 0x00007ffbd992c000 	C:\WINDOWS\System32\GDI32.dll
0x00007ffbd7850000 - 0x00007ffbd796a000 	C:\WINDOWS\System32\gdi32full.dll
0x00007ffbd79a0000 - 0x00007ffbd7a3d000 	C:\WINDOWS\System32\msvcp_win.dll
0x00007ffbd72d0000 - 0x00007ffbd73d0000 	C:\WINDOWS\System32\ucrtbase.dll
0x00007ffbcb360000 - 0x00007ffbcb5fa000 	C:\WINDOWS\WinSxS\amd64_microsoft.windows.common-controls_6595b64144ccf1df_6.0.19041.3570_none_60bb2a3971f3e41a\COMCTL32.dll
0x00007ffbd87b0000 - 0x00007ffbd87e0000 	C:\WINDOWS\System32\IMM32.DLL
0x000000006d920000 - 0x000000006d9f2000 	D:\virtual-discE-Java\JDK 8 Windows\jdk1.8.0_161\jre\bin\msvcr100.dll
0x000000006da00000 - 0x000000006e29f000 	D:\virtual-discE-Java\JDK 8 Windows\jdk1.8.0_161\jre\bin\server\jvm.dll
0x00007ffbd99d0000 - 0x00007ffbd99d8000 	C:\WINDOWS\System32\PSAPI.DLL
0x00007ffbcc430000 - 0x00007ffbcc457000 	C:\WINDOWS\SYSTEM32\WINMM.dll
0x00007ffbd0660000 - 0x00007ffbd066a000 	C:\WINDOWS\SYSTEM32\VERSION.dll
0x00007ffbd2c70000 - 0x00007ffbd2c79000 	C:\WINDOWS\SYSTEM32\WSOCK32.dll
0x00007ffbd99e0000 - 0x00007ffbd9a4b000 	C:\WINDOWS\System32\WS2_32.dll
0x000000006d8d0000 - 0x000000006d8df000 	D:\virtual-discE-Java\JDK 8 Windows\jdk1.8.0_161\jre\bin\verify.dll
0x000000006d8a0000 - 0x000000006d8c9000 	D:\virtual-discE-Java\JDK 8 Windows\jdk1.8.0_161\jre\bin\java.dll
0x000000006d880000 - 0x000000006d896000 	D:\virtual-discE-Java\JDK 8 Windows\jdk1.8.0_161\jre\bin\zip.dll
0x00007ffbd8880000 - 0x00007ffbd8fc4000 	C:\WINDOWS\System32\SHELL32.dll
0x00007ffbd5230000 - 0x00007ffbd59cb000 	C:\WINDOWS\SYSTEM32\windows.storage.dll
0x00007ffbd7d70000 - 0x00007ffbd80c4000 	C:\WINDOWS\System32\combase.dll
0x00007ffbd6bb0000 - 0x00007ffbd6bdd000 	C:\WINDOWS\SYSTEM32\Wldp.dll
0x00007ffbd9720000 - 0x00007ffbd97cd000 	C:\WINDOWS\System32\SHCORE.dll
0x00007ffbd90b0000 - 0x00007ffbd9105000 	C:\WINDOWS\System32\shlwapi.dll
0x00007ffbd70a0000 - 0x00007ffbd70c5000 	C:\WINDOWS\SYSTEM32\profapi.dll
0x000000006d6a0000 - 0x000000006d838000 	D:\virtual-discE-Java\JDK 8 Windows\jdk1.8.0_161\jre\bin\awt.dll
0x00007ffbd8330000 - 0x00007ffbd83fd000 	C:\WINDOWS\System32\OLEAUT32.dll
0x00007ffbd4970000 - 0x00007ffbd4a00000 	C:\WINDOWS\SYSTEM32\apphelp.dll
0x000000006d520000 - 0x000000006d55e000 	D:\virtual-discE-Java\JDK 8 Windows\jdk1.8.0_161\jre\bin\lcms.dll
0x00007ffbccb70000 - 0x00007ffbccbc0000 	C:\Users\Gilgamesh\Desktop\Dragon-alpha-v1.2\native-lib\cuda_float32\Cuda.dll
0x00007ffbcd290000 - 0x00007ffbcd2a6000 	D:\virtual-discE-Java\JDK 8 Windows\jdk1.8.0_161\jre\bin\VCRUNTIME140.dll
0x00007ffbb7010000 - 0x00007ffbb70ac000 	D:\virtual-discE-Java\JDK 8 Windows\jdk1.8.0_161\jre\bin\MSVCP140.dll
0x00007ffbccb40000 - 0x00007ffbccb6a000 	C:\Users\Gilgamesh\Desktop\Dragon-alpha-v1.2\native-lib\cuda_float32\CudaDevice.dll
0x00007ffbac390000 - 0x00007ffbac4c4000 	C:\Users\Gilgamesh\Desktop\Dragon-alpha-v1.2\native-lib\cuda_float32\Cuda_batchMatMul.dll
0x00007ffb5a0d0000 - 0x00007ffb5a7ed000 	C:\Users\Gilgamesh\Desktop\Dragon-alpha-v1.2\native-lib\cuda_float32\Cuda_conv3D.dll
0x00007ffb80b30000 - 0x00007ffb80e8c000 	C:\Users\Gilgamesh\Desktop\Dragon-alpha-v1.2\native-lib\cuda_float32\Cuda_dconv3D_deltaW.dll
0x00007ffb59880000 - 0x00007ffb5a0c5000 	C:\Users\Gilgamesh\Desktop\Dragon-alpha-v1.2\native-lib\cuda_float32\Cuda_dconv3D_deltaX.dll
0x00007ffbcca10000 - 0x00007ffbcca6d000 	C:\Users\Gilgamesh\Desktop\Dragon-alpha-v1.2\native-lib\cuda_float32\Cuda_expk2.dll
0x00007ffb90a10000 - 0x00007ffb90b9f000 	C:\Users\Gilgamesh\Desktop\Dragon-alpha-v1.2\native-lib\cuda_float32\Cuda_function.dll
0x00007ffbac2e0000 - 0x00007ffbac38f000 	C:\Users\Gilgamesh\Desktop\Dragon-alpha-v1.2\native-lib\cuda_float32\Cuda_image.dll
0x00007ffb8d660000 - 0x00007ffb8d8a8000 	C:\Users\Gilgamesh\Desktop\Dragon-alpha-v1.2\native-lib\cuda_float32\Cuda_matMul.dll
0x00007ffbcba90000 - 0x00007ffbcbae2000 	C:\Users\Gilgamesh\Desktop\Dragon-alpha-v1.2\native-lib\cuda_float32\Cuda_pool2D.dll
0x00007ffbccb00000 - 0x00007ffbccb3e000 	C:\Users\Gilgamesh\Desktop\Dragon-alpha-v1.2\native-lib\cuda_float32\Cuda_random.dll
0x00007ffb805f0000 - 0x00007ffb807c8000 	C:\Users\Gilgamesh\Desktop\Dragon-alpha-v1.2\native-lib\cuda_float32\Cuda_reduce.dll
0x00007ffbbd5c0000 - 0x00007ffbbd630000 	C:\Users\Gilgamesh\Desktop\Dragon-alpha-v1.2\native-lib\cuda_float32\Cuda_upool2D.dll
0x00007ffb78d00000 - 0x00007ffb79053000 	C:\WINDOWS\SYSTEM32\nvcuda.dll
0x00007ffb58ec0000 - 0x00007ffb59876000 	C:\WINDOWS\system32\DriverStore\FileRepository\nv_dispig.inf_amd64_7e5fd280efaa5445\nvcuda64.dll
0x00007ffbd6d40000 - 0x00007ffbd6d52000 	C:\WINDOWS\SYSTEM32\msasn1.dll
0x00007ffbd03f0000 - 0x00007ffbd0421000 	C:\WINDOWS\SYSTEM32\cryptnet.dll
0x00007ffbd7170000 - 0x00007ffbd72cd000 	C:\WINDOWS\System32\CRYPT32.dll
0x00007ffbcfc70000 - 0x00007ffbcfdb8000 	C:\WINDOWS\SYSTEM32\drvstore.dll
0x00007ffbd6f00000 - 0x00007ffbd6f33000 	C:\WINDOWS\SYSTEM32\devobj.dll
0x00007ffbd7800000 - 0x00007ffbd784e000 	C:\WINDOWS\System32\cfgmgr32.dll
0x00007ffbd6b00000 - 0x00007ffbd6b0c000 	C:\WINDOWS\SYSTEM32\cryptbase.dll
0x00007ffbcd3c0000 - 0x00007ffbcdb5f000 	C:\WINDOWS\SYSTEM32\nvapi64.dll
0x00007ffbd9110000 - 0x00007ffbd957e000 	C:\WINDOWS\System32\SETUPAPI.dll
0x00007ffbd7760000 - 0x00007ffbd7787000 	C:\WINDOWS\System32\bcrypt.dll
0x00007ffbd7af0000 - 0x00007ffbd7c1b000 	C:\WINDOWS\System32\ole32.dll
0x00007ffbd5030000 - 0x00007ffbd5042000 	C:\WINDOWS\SYSTEM32\kernel.appcore.dll
0x00007ffbcbaf0000 - 0x00007ffbcbcd4000 	C:\WINDOWS\SYSTEM32\dbghelp.dll
0x00007ffbd73d0000 - 0x00007ffbd7452000 	C:\WINDOWS\System32\bcryptPrimitives.dll

VM Arguments:
jvm_args: -Dfile.encoding=UTF-8 -Xms8192m 
java_command: test.cuda.function.Cuda_function_test1
java_class_path (initial): D:\virtual-discC-code\Dragon-alpha-3060ti\ZUTIL-STD-1.2\build\classes;D:\virtual-discC-code\Dragon-alpha-3060ti\alpha-Dragon-v1.2\build\classes;D:\virtual-discC-code\Dragon-alpha-3060ti\alpha-Dragon-v1.2\build\test\classes
Launcher Type: SUN_STANDARD

Environment Variables:
JAVA_HOME=D:\virtual-discE-Java\JDK 8 Windows\jdk1.8.0_161
PATH=C:\Program Files\NVIDIA GPU Computing Toolkit\CUDA\v11.5\bin;C:\Program Files\NVIDIA GPU Computing Toolkit\CUDA\v11.5\libnvvp;C:\WINDOWS\system32;C:\WINDOWS;C:\WINDOWS\System32\Wbem;C:\WINDOWS\System32\WindowsPowerShell\v1.0\;C:\WINDOWS\System32\OpenSSH\;C:\Program Files\NVIDIA Corporation\Nsight Compute 2021.3.1\;C:\Program Files (x86)\NVIDIA Corporation\PhysX\Common;C:\Program Files\NVIDIA Corporation\NVIDIA NvDLISR;D:\virtual-discE-Java\JDK 8 Windows\jdk1.8.0_161\bin;C:\Users\Gilgamesh\AppData\Local\Microsoft\WindowsApps;C:\Users\Gilgamesh\AppData\Local\GitHubDesktop\bin
USERNAME=Gilgamesh
OS=Windows_NT
PROCESSOR_IDENTIFIER=Intel64 Family 6 Model 151 Stepping 2, GenuineIntel



---------------  S Y S T E M  ---------------

OS: Windows 10.0 , 64 bit Build 19041 (10.0.19041.3570)

CPU:total 12 (initial active 12) (6 cores per cpu, 2 threads per core) family 6 model 151 stepping 2, cmov, cx8, fxsr, mmx, sse, sse2, sse3, ssse3, sse4.1, sse4.2, popcnt, avx, avx2, aes, clmul, erms, 3dnowpref, lzcnt, ht, tsc, tscinvbit, bmi1, bmi2, adx

Memory: 4k page, physical 16586168k(9787364k free), swap 21211916k(2840272k free)

vm_info: Java HotSpot(TM) 64-Bit Server VM (25.161-b12) for windows-amd64 JRE (1.8.0_161-b12), built on Dec 19 2017 17:52:25 by "java_re" with MS VC++ 10.0 (VS2010)

time: Mon Nov 13 10:06:44 2023
elapsed time: 0 seconds (0d 0h 0m 0s)

