#
# A fatal error has been detected by the Java Runtime Environment:
#
#  EXCEPTION_ACCESS_VIOLATION (0xc0000005) at pc=0x00007ffeac01172f, pid=11860, tid=0x00000000000007b8
#
# JRE version: Java(TM) SE Runtime Environment (8.0_161-b12) (build 1.8.0_161-b12)
# Java VM: Java HotSpot(TM) 64-Bit Server VM (25.161-b12 mixed mode windows-amd64 compressed oops)
# Problematic frame:
# C  [nvcuda64.dll+0x15172f]
#
# Failed to write core dump. Minidumps are not enabled by default on client versions of Windows
#
# If you would like to submit a bug report, please visit:
#   http://bugreport.java.com/bugreport/crash.jsp
# The crash happened outside the Java Virtual Machine in native code.
# See problematic frame for where to report the bug.
#

---------------  T H R E A D  ---------------

Current thread (0x00000000025ee000):  JavaThread "main" [_thread_in_native, id=1976, stack(0x0000000002980000,0x0000000002a80000)]

siginfo: ExceptionCode=0xc0000005, reading address 0x00000000000004e8

Registers:
RAX=0x00007ffeac7f0980, RBX=0x0000000000000000, RCX=0x0000000000000000, RDX=0x0000000000000000
RSP=0x0000000002a7ea40, RBP=0x0000000002a7eaf9, RSI=0x0000000000000000, RDI=0x000000009c37d070
R8 =0x000000000000006a, R9 =0x0000000002a7e878, R10=0x0000000000000001, R11=0x0000000002a7ea88
R12=0x0000000000000000, R13=0x0000000000000000, R14=0x000000009c37d070, R15=0x00000000025ee000
RIP=0x00007ffeac01172f, EFLAGS=0x0000000000010246

Top of Stack: (sp=0x0000000002a7ea40)
0x0000000002a7ea40:   0000000000000000 0000000002a7ea40
0x0000000002a7ea50:   0000000000000000 00000000000007b8
0x0000000002a7ea60:   00000003fffffffe 0000000000000000
0x0000000002a7ea70:   000000009c37d070 00000000000007b8
0x0000000002a7ea80:   0000000000000000 00007ffeac102c98
0x0000000002a7ea90:   000000002a5ccff0 00000000000007b8
0x0000000002a7eaa0:   000000002a5ccff0 0000000000000000
0x0000000002a7eab0:   0000000000000000 00000007c00ac970
0x0000000002a7eac0:   0000000002a7eaf8 0000000000000000
0x0000000002a7ead0:   0000000002a7ecd0 000000002a23dda0
0x0000000002a7eae0:   0000000002a7eb60 00007ffee56e3fd9
0x0000000002a7eaf0:   0000000000000001 000000002a5ccfe0
0x0000000002a7eb00:   0000000000000000 0000000000906b60
0x0000000002a7eb10:   000000009c37d070 0000000000000000
0x0000000002a7eb20:   0000000002a7ebe9 00007ffee56e4ee6
0x0000000002a7eb30:   0000000002a7ecd0 000000009c37d070 

Instructions: (pc=0x00007ffeac01172f)
0x00007ffeac01170f:   89 5c 24 28 48 85 c0 74 13 41 3b d0 75 0e 4c 8d
0x00007ffeac01171f:   4c 24 20 8d 56 02 44 8d 46 10 ff d0 48 8b 4f 10
0x00007ffeac01172f:   48 39 bb e8 04 00 00 75 12 48 89 8b e8 04 00 00
0x00007ffeac01173f:   48 85 c9 74 1f 48 89 71 08 eb 19 48 8b 47 08 48 


Register to memory mapping:

RAX=0x00007ffeac7f0980 is an unknown value
RBX=0x0000000000000000 is an unknown value
RCX=0x0000000000000000 is an unknown value
RDX=0x0000000000000000 is an unknown value
RSP=0x0000000002a7ea40 is pointing into the stack for thread: 0x00000000025ee000
RBP=0x0000000002a7eaf9 is pointing into the stack for thread: 0x00000000025ee000
RSI=0x0000000000000000 is an unknown value
RDI=0x000000009c37d070 is an unknown value
R8 =0x000000000000006a is an unknown value
R9 =0x0000000002a7e878 is pointing into the stack for thread: 0x00000000025ee000
R10=0x0000000000000001 is an unknown value
R11=0x0000000002a7ea88 is pointing into the stack for thread: 0x00000000025ee000
R12=0x0000000000000000 is an unknown value
R13=0x0000000000000000 is an unknown value
R14=0x000000009c37d070 is an unknown value
R15=0x00000000025ee000 is a thread


Stack: [0x0000000002980000,0x0000000002a80000],  sp=0x0000000002a7ea40,  free space=1018k
Native frames: (J=compiled Java code, j=interpreted, Vv=VM code, C=native code)
C  [nvcuda64.dll+0x15172f]
C  [nvcuda64.dll+0x242c98]
C  [Cuda_sm86.dll+0x40ba]  cudart::cudaApiEventDestroy+0x2a
C  [Cuda_sm86.dll+0x19f5]  cudaEventDestroy+0x115
C  [Cuda_sm86.dll+0x15aae]  Java_z_dragon_engine_cuda_impl_Cuda_eventSynchronize_1delete+0x2e
C  0x0000000002dce2c3

Java frames: (J=compiled Java code, j=interpreted, Vv=VM code)
J 445  z.dragon.engine.cuda.impl.Cuda.eventSync_Del(J)V (0 bytes) @ 0x0000000002dce241 [0x0000000002dce200+0x41]
J 444 C1 z.dragon.engine.cuda.CudaFloat32EngineBase$StreamSyncer.sync()V (48 bytes) @ 0x0000000002dcdc64 [0x0000000002dcdae0+0x184]
J 786 C2 z.dragon.engine.Tensor.c()Lz/dragon/engine/Tensor; (45 bytes) @ 0x0000000002ee50e4 [0x0000000002ee5020+0xc4]
J 797 C1 z.dragon.nn.core.simple.SimpleCore.forward([Lz/dragon/engine/Tensor;)[Lz/dragon/engine/Tensor; (177 bytes) @ 0x0000000002ef746c [0x0000000002ef6ba0+0x8cc]
J 793 C1 z.dragon.nn.unit.Unit.forward([Lz/dragon/engine/Tensor;)[Lz/dragon/engine/Tensor; (46 bytes) @ 0x0000000002ee77c4 [0x0000000002ee7420+0x3a4]
j  z.dragon.nn.unit.complex.Sequence.forward([Lz/dragon/engine/Tensor;)[Lz/dragon/engine/Tensor;+20
j  cifar10.resnet18_leaky_relu_attention.Net$ResNet18.__forward__([Lz/dragon/engine/Tensor;)[Lz/dragon/engine/Tensor;+5
j  z.dragon.nn.core.module.CoreModule.forward([Lz/dragon/engine/Tensor;)[Lz/dragon/engine/Tensor;+27
J 793 C1 z.dragon.nn.unit.Unit.forward([Lz/dragon/engine/Tensor;)[Lz/dragon/engine/Tensor; (46 bytes) @ 0x0000000002ee77c4 [0x0000000002ee7420+0x3a4]
j  cifar10.resnet18_leaky_relu_attention.train.training(I)V+198
j  cifar10.resnet18_leaky_relu_attention.train.main([Ljava/lang/String;)V+2
v  ~StubRoutines::call_stub

---------------  P R O C E S S  ---------------

Java Threads: ( => current thread )
  0x00000000293c8800 JavaThread "Thread-7" daemon [_thread_blocked, id=10044, stack(0x0000000000010000,0x0000000000110000)]
  0x000000002939e800 JavaThread "Thread-6" daemon [_thread_blocked, id=5564, stack(0x000000007fe40000,0x000000007ff40000)]
  0x000000002939a000 JavaThread "Thread-5" daemon [_thread_blocked, id=14324, stack(0x000000007fb40000,0x000000007fc40000)]
  0x00000000293b5800 JavaThread "Thread-4" daemon [_thread_blocked, id=1868, stack(0x0000000066a10000,0x0000000066b10000)]
  0x00000000293a5000 JavaThread "Thread-3" daemon [_thread_blocked, id=9588, stack(0x000000004dc50000,0x000000004dd50000)]
  0x00000000293ad800 JavaThread "Thread-2" daemon [_thread_in_native, id=6556, stack(0x0000000049730000,0x0000000049830000)]
  0x0000000029435800 JavaThread "Thread-1" daemon [_thread_in_native, id=1336, stack(0x0000000049630000,0x0000000049730000)]
  0x00000000293ba000 JavaThread "Thread-0" daemon [_thread_blocked, id=8484, stack(0x0000000049530000,0x0000000049630000)]
  0x00000000291ff000 JavaThread "Java2D Disposer" daemon [_thread_blocked, id=9524, stack(0x0000000029960000,0x0000000029a60000)]
  0x0000000027667000 JavaThread "Service Thread" daemon [_thread_blocked, id=17108, stack(0x0000000028eb0000,0x0000000028fb0000)]
  0x00000000275d9000 JavaThread "C1 CompilerThread3" daemon [_thread_blocked, id=6472, stack(0x0000000028db0000,0x0000000028eb0000)]
  0x00000000275cf000 JavaThread "C2 CompilerThread2" daemon [_thread_blocked, id=10872, stack(0x0000000028cb0000,0x0000000028db0000)]
  0x00000000275ca800 JavaThread "C2 CompilerThread1" daemon [_thread_blocked, id=3452, stack(0x0000000028bb0000,0x0000000028cb0000)]
  0x000000002756f000 JavaThread "C2 CompilerThread0" daemon [_thread_blocked, id=16000, stack(0x0000000028ab0000,0x0000000028bb0000)]
  0x000000002756b000 JavaThread "Attach Listener" daemon [_thread_blocked, id=10512, stack(0x00000000289b0000,0x0000000028ab0000)]
  0x00000000275c4800 JavaThread "Signal Dispatcher" daemon [_thread_blocked, id=12188, stack(0x00000000288b0000,0x00000000289b0000)]
  0x0000000025e93800 JavaThread "Finalizer" daemon [_thread_blocked, id=10560, stack(0x00000000287b0000,0x00000000288b0000)]
  0x0000000025e8c800 JavaThread "Reference Handler" daemon [_thread_blocked, id=4252, stack(0x00000000286b0000,0x00000000287b0000)]
=>0x00000000025ee000 JavaThread "main" [_thread_in_native, id=1976, stack(0x0000000002980000,0x0000000002a80000)]

Other Threads:
  0x0000000025e85800 VMThread [stack: 0x00000000285b0000,0x00000000286b0000] [id=1860]
  0x0000000027682000 WatcherThread [stack: 0x0000000028fb0000,0x00000000290b0000] [id=14476]

VM state:not at safepoint (normal execution)

VM Mutex/Monitor currently owned by a thread: None

Heap:
 PSYoungGen      total 2446848K, used 135790K [0x0000000715580000, 0x00000007c0000000, 0x00000007c0000000)
  eden space 2097664K, 6% used [0x0000000715580000,0x000000071da1ba38,0x0000000795600000)
  from space 349184K, 0% used [0x0000000795600000,0x0000000795600000,0x00000007aab00000)
  to   space 349184K, 0% used [0x00000007aab00000,0x00000007aab00000,0x00000007c0000000)
 ParOldGen       total 5592576K, used 153280K [0x00000005c0000000, 0x0000000715580000, 0x0000000715580000)
  object space 5592576K, 2% used [0x00000005c0000000,0x00000005c95b0068,0x0000000715580000)
 Metaspace       used 11115K, capacity 11434K, committed 11520K, reserved 1058816K
  class space    used 1132K, capacity 1243K, committed 1280K, reserved 1048576K

Card table byte_map: [0x0000000011f40000,0x0000000012f50000] byte_map_base: 0x000000000f140000

Marking Bits: (ParMarkBitMap*) 0x00000000676bf860
 Begin Bits: [0x0000000014400000, 0x000000001c400000)
 End Bits:   [0x000000001c400000, 0x0000000024400000)

Polling page: 0x0000000002550000

CodeCache: size=245760Kb used=4288Kb max_used=4298Kb free=241471Kb
 bounds [0x0000000002b80000, 0x0000000002fc0000, 0x0000000011b80000]
 total_blobs=2045 nmethods=1055 adapters=903
 compilation: enabled

Compilation events (10 events):
Event: 2.670 Thread 0x00000000275d9000 1050       3       z.dragon.engine.cuda.impl.math.Cuda_dconv3D_deltaW::GEMMV2_nblock (304 bytes)
Event: 2.670 Thread 0x00000000275d9000 nmethod 1050 0x0000000002faffd0 code [0x0000000002fb0160, 0x0000000002fb08b0]
Event: 2.676 Thread 0x00000000275cf000 1052  s    4       z.dragon.engine.cuda.impl.CudaStreamp1::getStream (45 bytes)
Event: 2.676 Thread 0x00000000275d9000 1053       1       z.dragon.engine.Tensor::check (8 bytes)
Event: 2.676 Thread 0x00000000275d9000 nmethod 1053 0x0000000002f88d10 code [0x0000000002f88e60, 0x0000000002f88f70]
Event: 2.677 Thread 0x00000000275cf000 nmethod 1052 0x0000000002fb3ed0 code [0x0000000002fb4020, 0x0000000002fb4318]
Event: 2.688 Thread 0x00000000275d9000 1054       3       z.dragon.engine.Engine$$Lambda$66/1832732061::get$Lambda (10 bytes)
Event: 2.689 Thread 0x00000000275d9000 nmethod 1054 0x0000000002faf690 code [0x0000000002faf800, 0x0000000002fafa70]
Event: 2.689 Thread 0x00000000275d9000 1055       3       z.dragon.engine.Engine$$Lambda$66/1832732061::<init> (15 bytes)
Event: 2.689 Thread 0x00000000275d9000 nmethod 1055 0x0000000002fb3ad0 code [0x0000000002fb3c20, 0x0000000002fb3e10]

GC Heap History (10 events):
Event: 2.557 GC heap before
{Heap before GC invocations=42 (full 21):
 PSYoungGen      total 2446848K, used 320K [0x0000000715580000, 0x00000007c0000000, 0x00000007c0000000)
  eden space 2097664K, 0% used [0x0000000715580000,0x0000000715580000,0x0000000795600000)
  from space 349184K, 0% used [0x0000000795600000,0x0000000795650000,0x00000007aab00000)
  to   space 349184K, 0% used [0x00000007aab00000,0x00000007aab00000,0x00000007c0000000)
 ParOldGen       total 5592576K, used 153287K [0x00000005c0000000, 0x0000000715580000, 0x0000000715580000)
  object space 5592576K, 2% used [0x00000005c0000000,0x00000005c95b1c70,0x0000000715580000)
 Metaspace       used 11113K, capacity 11434K, committed 11520K, reserved 1058816K
  class space    used 1132K, capacity 1243K, committed 1280K, reserved 1048576K
Event: 2.574 GC heap after
Heap after GC invocations=42 (full 21):
 PSYoungGen      total 2446848K, used 0K [0x0000000715580000, 0x00000007c0000000, 0x00000007c0000000)
  eden space 2097664K, 0% used [0x0000000715580000,0x0000000715580000,0x0000000795600000)
  from space 349184K, 0% used [0x0000000795600000,0x0000000795600000,0x00000007aab00000)
  to   space 349184K, 0% used [0x00000007aab00000,0x00000007aab00000,0x00000007c0000000)
 ParOldGen       total 5592576K, used 153279K [0x00000005c0000000, 0x0000000715580000, 0x0000000715580000)
  object space 5592576K, 2% used [0x00000005c0000000,0x00000005c95afd18,0x0000000715580000)
 Metaspace       used 11113K, capacity 11434K, committed 11520K, reserved 1058816K
  class space    used 1132K, capacity 1243K, committed 1280K, reserved 1048576K
}
Event: 2.629 GC heap before
{Heap before GC invocations=43 (full 21):
 PSYoungGen      total 2446848K, used 190329K [0x0000000715580000, 0x00000007c0000000, 0x00000007c0000000)
  eden space 2097664K, 9% used [0x0000000715580000,0x0000000720f5e760,0x0000000795600000)
  from space 349184K, 0% used [0x0000000795600000,0x0000000795600000,0x00000007aab00000)
  to   space 349184K, 0% used [0x00000007aab00000,0x00000007aab00000,0x00000007c0000000)
 ParOldGen       total 5592576K, used 153279K [0x00000005c0000000, 0x0000000715580000, 0x0000000715580000)
  object space 5592576K, 2% used [0x00000005c0000000,0x00000005c95afd18,0x0000000715580000)
 Metaspace       used 11114K, capacity 11434K, committed 11520K, reserved 1058816K
  class space    used 1132K, capacity 1243K, committed 1280K, reserved 1048576K
Event: 2.630 GC heap after
Heap after GC invocations=43 (full 21):
 PSYoungGen      total 2446848K, used 352K [0x0000000715580000, 0x00000007c0000000, 0x00000007c0000000)
  eden space 2097664K, 0% used [0x0000000715580000,0x0000000715580000,0x0000000795600000)
  from space 349184K, 0% used [0x00000007aab00000,0x00000007aab58000,0x00000007c0000000)
  to   space 349184K, 0% used [0x0000000795600000,0x0000000795600000,0x00000007aab00000)
 ParOldGen       total 5592576K, used 153279K [0x00000005c0000000, 0x0000000715580000, 0x0000000715580000)
  object space 5592576K, 2% used [0x00000005c0000000,0x00000005c95afd18,0x0000000715580000)
 Metaspace       used 11114K, capacity 11434K, committed 11520K, reserved 1058816K
  class space    used 1132K, capacity 1243K, committed 1280K, reserved 1048576K
}
Event: 2.630 GC heap before
{Heap before GC invocations=44 (full 22):
 PSYoungGen      total 2446848K, used 352K [0x0000000715580000, 0x00000007c0000000, 0x00000007c0000000)
  eden space 2097664K, 0% used [0x0000000715580000,0x0000000715580000,0x0000000795600000)
  from space 349184K, 0% used [0x00000007aab00000,0x00000007aab58000,0x00000007c0000000)
  to   space 349184K, 0% used [0x0000000795600000,0x0000000795600000,0x00000007aab00000)
 ParOldGen       total 5592576K, used 153279K [0x00000005c0000000, 0x0000000715580000, 0x0000000715580000)
  object space 5592576K, 2% used [0x00000005c0000000,0x00000005c95afd18,0x0000000715580000)
 Metaspace       used 11114K, capacity 11434K, committed 11520K, reserved 1058816K
  class space    used 1132K, capacity 1243K, committed 1280K, reserved 1048576K
Event: 2.647 GC heap after
Heap after GC invocations=44 (full 22):
 PSYoungGen      total 2446848K, used 0K [0x0000000715580000, 0x00000007c0000000, 0x00000007c0000000)
  eden space 2097664K, 0% used [0x0000000715580000,0x0000000715580000,0x0000000795600000)
  from space 349184K, 0% used [0x00000007aab00000,0x00000007aab00000,0x00000007c0000000)
  to   space 349184K, 0% used [0x0000000795600000,0x0000000795600000,0x00000007aab00000)
 ParOldGen       total 5592576K, used 153280K [0x00000005c0000000, 0x0000000715580000, 0x0000000715580000)
  object space 5592576K, 2% used [0x00000005c0000000,0x00000005c95b0248,0x0000000715580000)
 Metaspace       used 11114K, capacity 11434K, committed 11520K, reserved 1058816K
  class space    used 1132K, capacity 1243K, committed 1280K, reserved 1048576K
}
Event: 2.704 GC heap before
{Heap before GC invocations=45 (full 22):
 PSYoungGen      total 2446848K, used 179841K [0x0000000715580000, 0x00000007c0000000, 0x00000007c0000000)
  eden space 2097664K, 8% used [0x0000000715580000,0x00000007205205f8,0x0000000795600000)
  from space 349184K, 0% used [0x00000007aab00000,0x00000007aab00000,0x00000007c0000000)
  to   space 349184K, 0% used [0x0000000795600000,0x0000000795600000,0x00000007aab00000)
 ParOldGen       total 5592576K, used 153280K [0x00000005c0000000, 0x0000000715580000, 0x0000000715580000)
  object space 5592576K, 2% used [0x00000005c0000000,0x00000005c95b0248,0x0000000715580000)
 Metaspace       used 11115K, capacity 11434K, committed 11520K, reserved 1058816K
  class space    used 1132K, capacity 1243K, committed 1280K, reserved 1048576K
Event: 2.705 GC heap after
Heap after GC invocations=45 (full 22):
 PSYoungGen      total 2446848K, used 320K [0x0000000715580000, 0x00000007c0000000, 0x00000007c0000000)
  eden space 2097664K, 0% used [0x0000000715580000,0x0000000715580000,0x0000000795600000)
  from space 349184K, 0% used [0x0000000795600000,0x0000000795650000,0x00000007aab00000)
  to   space 349184K, 0% used [0x00000007aab00000,0x00000007aab00000,0x00000007c0000000)
 ParOldGen       total 5592576K, used 153280K [0x00000005c0000000, 0x0000000715580000, 0x0000000715580000)
  object space 5592576K, 2% used [0x00000005c0000000,0x00000005c95b0248,0x0000000715580000)
 Metaspace       used 11115K, capacity 11434K, committed 11520K, reserved 1058816K
  class space    used 1132K, capacity 1243K, committed 1280K, reserved 1048576K
}
Event: 2.705 GC heap before
{Heap before GC invocations=46 (full 23):
 PSYoungGen      total 2446848K, used 320K [0x0000000715580000, 0x00000007c0000000, 0x00000007c0000000)
  eden space 2097664K, 0% used [0x0000000715580000,0x0000000715580000,0x0000000795600000)
  from space 349184K, 0% used [0x0000000795600000,0x0000000795650000,0x00000007aab00000)
  to   space 349184K, 0% used [0x00000007aab00000,0x00000007aab00000,0x00000007c0000000)
 ParOldGen       total 5592576K, used 153280K [0x00000005c0000000, 0x0000000715580000, 0x0000000715580000)
  object space 5592576K, 2% used [0x00000005c0000000,0x00000005c95b0248,0x0000000715580000)
 Metaspace       used 11115K, capacity 11434K, committed 11520K, reserved 1058816K
  class space    used 1132K, capacity 1243K, committed 1280K, reserved 1048576K
Event: 2.721 GC heap after
Heap after GC invocations=46 (full 23):
 PSYoungGen      total 2446848K, used 0K [0x0000000715580000, 0x00000007c0000000, 0x00000007c0000000)
  eden space 2097664K, 0% used [0x0000000715580000,0x0000000715580000,0x0000000795600000)
  from space 349184K, 0% used [0x0000000795600000,0x0000000795600000,0x00000007aab00000)
  to   space 349184K, 0% used [0x00000007aab00000,0x00000007aab00000,0x00000007c0000000)
 ParOldGen       total 5592576K, used 153280K [0x00000005c0000000, 0x0000000715580000, 0x0000000715580000)
  object space 5592576K, 2% used [0x00000005c0000000,0x00000005c95b0068,0x0000000715580000)
 Metaspace       used 11115K, capacity 11434K, committed 11520K, reserved 1058816K
  class space    used 1132K, capacity 1243K, committed 1280K, reserved 1048576K
}

Deoptimization events (6 events):
Event: 0.085 Thread 0x00000000025ee000 Uncommon trap: reason=unstable_if action=reinterpret pc=0x0000000002cc25c8 method=java.lang.String.indexOf([CII[CIII)I @ 123
Event: 0.389 Thread 0x00000000025ee000 Uncommon trap: reason=unstable_if action=reinterpret pc=0x0000000002ddb9d4 method=java.io.BufferedInputStream.read([BII)I @ 31
Event: 0.451 Thread 0x00000000025ee000 Uncommon trap: reason=unstable_if action=reinterpret pc=0x0000000002de7d9c method=z.dragon.dataset.Cifar10.load(Lz/dragon/data/container/ListContainer;Ljava/lang/String;Ljava/lang/String;)V @ 45
Event: 0.486 Thread 0x00000000025ee000 Uncommon trap: reason=unstable_if action=reinterpret pc=0x0000000002de39a0 method=z.dragon.dataset.Cifar10.load(Lz/dragon/data/container/ListContainer;Ljava/lang/String;Ljava/lang/String;)V @ 45
Event: 0.558 Thread 0x00000000025ee000 Uncommon trap: reason=unstable_if action=reinterpret pc=0x0000000002de9714 method=java.io.BufferedInputStream.read1([BII)I @ 68
Event: 0.558 Thread 0x00000000025ee000 Uncommon trap: reason=unstable_if action=reinterpret pc=0x0000000002dddb20 method=java.io.BufferedInputStream.read1([BII)I @ 68

Classes redefined (0 events):
No events

Internal exceptions (10 events):
Event: 1.877 Thread 0x0000000025e93800 Exception <a 'z/dragon/engine/cuda/impl/CudaException'> (0x00000007192f4fd8) thrown at [C:\re\workspace\8-2-build-windows-amd64-cygwin\jdk8u161\10277\hotspot\src\share\vm\prims\jni.cpp, line 709]
Event: 1.877 Thread 0x0000000025e93800 Exception <a 'z/dragon/engine/cuda/impl/CudaException'> (0x00000007192f51e8) thrown at [C:\re\workspace\8-2-build-windows-amd64-cygwin\jdk8u161\10277\hotspot\src\share\vm\prims\jni.cpp, line 709]
Event: 2.176 Thread 0x0000000025e93800 Exception <a 'z/dragon/engine/cuda/impl/CudaException'> (0x000000071bd6dcf8) thrown at [C:\re\workspace\8-2-build-windows-amd64-cygwin\jdk8u161\10277\hotspot\src\share\vm\prims\jni.cpp, line 709]
Event: 2.176 Thread 0x0000000025e93800 Exception <a 'z/dragon/engine/cuda/impl/CudaException'> (0x000000071bd6df08) thrown at [C:\re\workspace\8-2-build-windows-amd64-cygwin\jdk8u161\10277\hotspot\src\share\vm\prims\jni.cpp, line 709]
Event: 2.270 Thread 0x0000000025e93800 Exception <a 'z/dragon/engine/cuda/impl/CudaException'> (0x000000071bd6dcf8) thrown at [C:\re\workspace\8-2-build-windows-amd64-cygwin\jdk8u161\10277\hotspot\src\share\vm\prims\jni.cpp, line 709]
Event: 2.270 Thread 0x0000000025e93800 Exception <a 'z/dragon/engine/cuda/impl/CudaException'> (0x000000071bd6df08) thrown at [C:\re\workspace\8-2-build-windows-amd64-cygwin\jdk8u161\10277\hotspot\src\share\vm\prims\jni.cpp, line 709]
Event: 2.423 Thread 0x0000000025e93800 Exception <a 'z/dragon/engine/cuda/impl/CudaException'> (0x000000071b123510) thrown at [C:\re\workspace\8-2-build-windows-amd64-cygwin\jdk8u161\10277\hotspot\src\share\vm\prims\jni.cpp, line 709]
Event: 2.423 Thread 0x0000000025e93800 Exception <a 'z/dragon/engine/cuda/impl/CudaException'> (0x000000071b123720) thrown at [C:\re\workspace\8-2-build-windows-amd64-cygwin\jdk8u161\10277\hotspot\src\share\vm\prims\jni.cpp, line 709]
Event: 2.574 Thread 0x0000000025e93800 Exception <a 'z/dragon/engine/cuda/impl/CudaException'> (0x000000071bd6dcf8) thrown at [C:\re\workspace\8-2-build-windows-amd64-cygwin\jdk8u161\10277\hotspot\src\share\vm\prims\jni.cpp, line 709]
Event: 2.574 Thread 0x0000000025e93800 Exception <a 'z/dragon/engine/cuda/impl/CudaException'> (0x000000071bd6df08) thrown at [C:\re\workspace\8-2-build-windows-amd64-cygwin\jdk8u161\10277\hotspot\src\share\vm\prims\jni.cpp, line 709]

Events (10 events):
Event: 2.405 Executing VM operation: ParallelGCSystemGC
Event: 2.422 Executing VM operation: ParallelGCSystemGC done
Event: 2.479 Executing VM operation: ParallelGCSystemGC
Event: 2.496 Executing VM operation: ParallelGCSystemGC done
Event: 2.556 Executing VM operation: ParallelGCSystemGC
Event: 2.574 Executing VM operation: ParallelGCSystemGC done
Event: 2.629 Executing VM operation: ParallelGCSystemGC
Event: 2.647 Executing VM operation: ParallelGCSystemGC done
Event: 2.704 Executing VM operation: ParallelGCSystemGC
Event: 2.721 Executing VM operation: ParallelGCSystemGC done


Dynamic libraries:
0x00007ff753440000 - 0x00007ff753477000 	D:\virtual-discE-Java\JDK 8 Windows\jdk1.8.0_161\bin\java.exe
0x00007fff0e050000 - 0x00007fff0e248000 	C:\WINDOWS\SYSTEM32\ntdll.dll
0x00007fff0c320000 - 0x00007fff0c3e1000 	C:\WINDOWS\System32\KERNEL32.DLL
0x00007fff0b970000 - 0x00007fff0bc6d000 	C:\WINDOWS\System32\KERNELBASE.dll
0x00007fff0c080000 - 0x00007fff0c130000 	C:\WINDOWS\System32\ADVAPI32.dll
0x00007fff0c130000 - 0x00007fff0c1ce000 	C:\WINDOWS\System32\msvcrt.dll
0x00007fff0c280000 - 0x00007fff0c320000 	C:\WINDOWS\System32\sechost.dll
0x00007fff0cf30000 - 0x00007fff0d053000 	C:\WINDOWS\System32\RPCRT4.dll
0x00007fff0b700000 - 0x00007fff0b727000 	C:\WINDOWS\System32\bcrypt.dll
0x00007fff0d4a0000 - 0x00007fff0d63d000 	C:\WINDOWS\System32\USER32.dll
0x00007fff0bea0000 - 0x00007fff0bec2000 	C:\WINDOWS\System32\win32u.dll
0x00007fff0df70000 - 0x00007fff0df9b000 	C:\WINDOWS\System32\GDI32.dll
0x00007fff0bd10000 - 0x00007fff0be27000 	C:\WINDOWS\System32\gdi32full.dll
0x00007fff0bc70000 - 0x00007fff0bd0d000 	C:\WINDOWS\System32\msvcp_win.dll
0x00007fff0bed0000 - 0x00007fff0bfd0000 	C:\WINDOWS\System32\ucrtbase.dll
0x00007ffef2fc0000 - 0x00007ffef325a000 	C:\WINDOWS\WinSxS\amd64_microsoft.windows.common-controls_6595b64144ccf1df_6.0.19041.4355_none_60b8b9eb71f62e16\COMCTL32.dll
0x00007fff0dd30000 - 0x00007fff0dd5f000 	C:\WINDOWS\System32\IMM32.DLL
0x0000000066dc0000 - 0x0000000066e92000 	D:\virtual-discE-Java\JDK 8 Windows\jdk1.8.0_161\jre\bin\msvcr100.dll
0x0000000066ea0000 - 0x000000006773f000 	D:\virtual-discE-Java\JDK 8 Windows\jdk1.8.0_161\jre\bin\server\jvm.dll
0x00007fff0e000000 - 0x00007fff0e008000 	C:\WINDOWS\System32\PSAPI.DLL
0x00007fff03ce0000 - 0x00007fff03cea000 	C:\WINDOWS\SYSTEM32\VERSION.dll
0x00007fff032f0000 - 0x00007fff032f9000 	C:\WINDOWS\SYSTEM32\WSOCK32.dll
0x00007ffeffc70000 - 0x00007ffeffc97000 	C:\WINDOWS\SYSTEM32\WINMM.dll
0x00007fff0dc10000 - 0x00007fff0dc7b000 	C:\WINDOWS\System32\WS2_32.dll
0x0000000066d70000 - 0x0000000066d7f000 	D:\virtual-discE-Java\JDK 8 Windows\jdk1.8.0_161\jre\bin\verify.dll
0x0000000066d40000 - 0x0000000066d69000 	D:\virtual-discE-Java\JDK 8 Windows\jdk1.8.0_161\jre\bin\java.dll
0x0000000066d20000 - 0x0000000066d36000 	D:\virtual-discE-Java\JDK 8 Windows\jdk1.8.0_161\jre\bin\zip.dll
0x00007fff0c450000 - 0x00007fff0cbbf000 	C:\WINDOWS\System32\SHELL32.dll
0x00007fff09220000 - 0x00007fff099bf000 	C:\WINDOWS\SYSTEM32\windows.storage.dll
0x00007fff0d060000 - 0x00007fff0d3b3000 	C:\WINDOWS\System32\combase.dll
0x00007fff0b120000 - 0x00007fff0b14e000 	C:\WINDOWS\SYSTEM32\Wldp.dll
0x00007fff0d650000 - 0x00007fff0d71d000 	C:\WINDOWS\System32\OLEAUT32.dll
0x00007fff0dc80000 - 0x00007fff0dd2d000 	C:\WINDOWS\System32\SHCORE.dll
0x00007fff0ced0000 - 0x00007fff0cf25000 	C:\WINDOWS\System32\shlwapi.dll
0x00007fff0b630000 - 0x00007fff0b654000 	C:\WINDOWS\SYSTEM32\profapi.dll
0x0000000066b40000 - 0x0000000066cd8000 	D:\virtual-discE-Java\JDK 8 Windows\jdk1.8.0_161\jre\bin\awt.dll
0x00007fff05b40000 - 0x00007fff05bd4000 	C:\WINDOWS\SYSTEM32\apphelp.dll
0x00000000669d0000 - 0x0000000066a0e000 	D:\virtual-discE-Java\JDK 8 Windows\jdk1.8.0_161\jre\bin\lcms.dll
0x00007fff06e00000 - 0x00007fff06e2a000 	C:\Users\Gilgamesh\Desktop\Dragon-alpha-v1.2\native-lib\cuda_float32\CudaDevice_sm86.dll
0x00007fff07dc0000 - 0x00007fff07dd6000 	D:\virtual-discE-Java\JDK 8 Windows\jdk1.8.0_161\jre\bin\VCRUNTIME140.dll
0x00007ffed3460000 - 0x00007ffed35ca000 	C:\Users\Gilgamesh\Desktop\Dragon-alpha-v1.2\native-lib\cuda_float32\Cuda_batchMatMul_sm86.dll
0x00007ffead0d0000 - 0x00007ffeb04f0000 	C:\Users\Gilgamesh\Desktop\Dragon-alpha-v1.2\native-lib\cuda_float32\Cuda_conv3D_sm86.dll
0x00007ffeac880000 - 0x00007ffead0c4000 	C:\Users\Gilgamesh\Desktop\Dragon-alpha-v1.2\native-lib\cuda_float32\Cuda_dconv3D_deltaW_sm86.dll
0x00007ffea6320000 - 0x00007ffeaa093000 	C:\Users\Gilgamesh\Desktop\Dragon-alpha-v1.2\native-lib\cuda_float32\Cuda_dconv3D_deltaX_sm86.dll
0x00007ffefdb00000 - 0x00007ffefdb5f000 	C:\Users\Gilgamesh\Desktop\Dragon-alpha-v1.2\native-lib\cuda_float32\Cuda_expk2_sm86.dll
0x00007ffed3180000 - 0x00007ffed345a000 	C:\Users\Gilgamesh\Desktop\Dragon-alpha-v1.2\native-lib\cuda_float32\Cuda_function_sm86.dll
0x00007ffedc580000 - 0x00007ffedc663000 	C:\Users\Gilgamesh\Desktop\Dragon-alpha-v1.2\native-lib\cuda_float32\Cuda_image_sm86.dll
0x00007ffec15a0000 - 0x00007ffec1857000 	C:\Users\Gilgamesh\Desktop\Dragon-alpha-v1.2\native-lib\cuda_float32\Cuda_matMul_sm86.dll
0x00007ffef94f0000 - 0x00007ffef9546000 	C:\Users\Gilgamesh\Desktop\Dragon-alpha-v1.2\native-lib\cuda_float32\Cuda_pool2D_sm86.dll
0x00007ffeeed70000 - 0x00007ffeeedc2000 	C:\Users\Gilgamesh\Desktop\Dragon-alpha-v1.2\native-lib\cuda_float32\Cuda_random_sm86.dll
0x00007ffec0370000 - 0x00007ffec071a000 	C:\Users\Gilgamesh\Desktop\Dragon-alpha-v1.2\native-lib\cuda_float32\Cuda_reduce_sm86.dll
0x00007ffee56d0000 - 0x00007ffee5721000 	C:\Users\Gilgamesh\Desktop\Dragon-alpha-v1.2\native-lib\cuda_float32\Cuda_sm86.dll
0x00007ffee2fa0000 - 0x00007ffee3015000 	C:\Users\Gilgamesh\Desktop\Dragon-alpha-v1.2\native-lib\cuda_float32\Cuda_upool2D_sm86.dll
0x00007ffec0010000 - 0x00007ffec0363000 	C:\WINDOWS\SYSTEM32\nvcuda.dll
0x00007ffeabec0000 - 0x00007ffeac876000 	C:\WINDOWS\system32\DriverStore\FileRepository\nv_dispig.inf_amd64_7e5fd280efaa5445\nvcuda64.dll
0x00007fff0b2b0000 - 0x00007fff0b2c2000 	C:\WINDOWS\SYSTEM32\msasn1.dll
0x00007fff03ba0000 - 0x00007fff03bd1000 	C:\WINDOWS\SYSTEM32\cryptnet.dll
0x00007fff0b810000 - 0x00007fff0b96e000 	C:\WINDOWS\System32\CRYPT32.dll
0x00007fff03840000 - 0x00007fff03987000 	C:\WINDOWS\SYSTEM32\drvstore.dll
0x00007fff0b480000 - 0x00007fff0b4b3000 	C:\WINDOWS\SYSTEM32\devobj.dll
0x00007fff0b7c0000 - 0x00007fff0b80e000 	C:\WINDOWS\System32\cfgmgr32.dll
0x00007fff0b070000 - 0x00007fff0b07c000 	C:\WINDOWS\SYSTEM32\cryptbase.dll
0x00007fff00810000 - 0x00007fff00faf000 	C:\WINDOWS\SYSTEM32\nvapi64.dll
0x00007fff0d7a0000 - 0x00007fff0dc0e000 	C:\WINDOWS\System32\SETUPAPI.dll
0x00007fff0cda0000 - 0x00007fff0cecb000 	C:\WINDOWS\System32\ole32.dll
0x00007fff09f60000 - 0x00007fff09f72000 	C:\WINDOWS\SYSTEM32\kernel.appcore.dll
0x00007fff09a90000 - 0x00007fff09c74000 	C:\WINDOWS\SYSTEM32\dbghelp.dll
0x00007fff0b730000 - 0x00007fff0b7b2000 	C:\WINDOWS\System32\bcryptPrimitives.dll

VM Arguments:
jvm_args: -Dfile.encoding=UTF-8 -Xms8192m 
java_command: cifar10.resnet18_leaky_relu_attention.train
java_class_path (initial): D:\virtual-discC-code\Dragon-alpha-3060ti\ZUTIL-STD-1.2\build\classes;D:\virtual-discC-code\Dragon-alpha-3060ti\alpha-Dragon-v1.2\build\classes;D:\virtual-discC-code\Dragon-alpha-3060ti\alpha-Dragon-v1.2\build\test\classes
Launcher Type: SUN_STANDARD

Environment Variables:
JAVA_HOME=D:\virtual-discE-Java\JDK 8 Windows\jdk1.8.0_161
PATH=C:\Program Files\NVIDIA GPU Computing Toolkit\CUDA\v11.8\bin;C:\Program Files\NVIDIA GPU Computing Toolkit\CUDA\v11.8\libnvvp;C:\Program Files\NVIDIA GPU Computing Toolkit\CUDA\v11.5\bin;C:\Program Files\NVIDIA GPU Computing Toolkit\CUDA\v11.5\libnvvp;C:\Program Files\NVIDIA GPU Computing Toolkit\CUDA\v11.5\include;C:\WINDOWS\system32;C:\WINDOWS;C:\WINDOWS\System32\Wbem;C:\WINDOWS\System32\WindowsPowerShell\v1.0\;C:\WINDOWS\System32\OpenSSH\;C:\Program Files (x86)\NVIDIA Corporation\PhysX\Common;C:\Program Files\NVIDIA Corporation\NVIDIA NvDLISR;D:\virtual-discE-Java\JDK 8 Windows\jdk1.8.0_161\bin;C:\Program Files\NVIDIA Corporation\Nsight Compute 2022.3.0\;C:\Users\Gilgamesh\AppData\Local\Microsoft\WindowsApps;C:\Users\Gilgamesh\AppData\Local\GitHubDesktop\bin;D:\virtual-discA\LaTex\TeXLive\texlive\2023\bin\windows
USERNAME=Gilgamesh
OS=Windows_NT
PROCESSOR_IDENTIFIER=Intel64 Family 6 Model 151 Stepping 2, GenuineIntel



---------------  S Y S T E M  ---------------

OS: Windows 10.0 , 64 bit Build 19041 (10.0.19041.4717)

CPU:total 12 (initial active 12) (6 cores per cpu, 2 threads per core) family 6 model 151 stepping 2, cmov, cx8, fxsr, mmx, sse, sse2, sse3, ssse3, sse4.1, sse4.2, popcnt, avx, avx2, aes, clmul, erms, 3dnowpref, lzcnt, ht, tsc, tscinvbit, bmi1, bmi2, adx

Memory: 4k page, physical 16586168k(9012688k free), swap 21206880k(2960668k free)

vm_info: Java HotSpot(TM) 64-Bit Server VM (25.161-b12) for windows-amd64 JRE (1.8.0_161-b12), built on Dec 19 2017 17:52:25 by "java_re" with MS VC++ 10.0 (VS2010)

time: Tue Sep 03 10:41:53 2024
elapsed time: 2 seconds (0d 0h 0m 2s)

