#
# A fatal error has been detected by the Java Runtime Environment:
#
#  EXCEPTION_ACCESS_VIOLATION (0xc0000005) at pc=0x00007ffeaaf4143c, pid=15324, tid=0x0000000000003164
#
# JRE version: Java(TM) SE Runtime Environment (8.0_161-b12) (build 1.8.0_161-b12)
# Java VM: Java HotSpot(TM) 64-Bit Server VM (25.161-b12 mixed mode windows-amd64 compressed oops)
# Problematic frame:
# C  [nvcuda64.dll+0x15143c]
#
# Failed to write core dump. Minidumps are not enabled by default on client versions of Windows
#
# If you would like to submit a bug report, please visit:
#   http://bugreport.java.com/bugreport/crash.jsp
# The crash happened outside the Java Virtual Machine in native code.
# See problematic frame for where to report the bug.
#

---------------  T H R E A D  ---------------

Current thread (0x00000000273c3000):  JavaThread "Finalizer" daemon [_thread_in_native, id=12644, stack(0x0000000028630000,0x0000000028730000)]

siginfo: ExceptionCode=0xc0000005, reading address 0x0000000000000010

Registers:
RAX=0x0000000000000000, RBX=0x0000000000000002, RCX=0x000000002872edf0, RDX=0x0000000000000001
RSP=0x000000002872eda0, RBP=0x000000002872eea0, RSI=0x000000009c5231b0, RDI=0x000000009c523218
R8 =0x000000002872ebe8, R9 =0x000000002872ec39, R10=0x0000000000000000, R11=0x000000002872ec80
R12=0x000000009c523218, R13=0x0000000000000000, R14=0x0000000000000000, R15=0x0000000000000000
RIP=0x00007ffeaaf4143c, EFLAGS=0x0000000000010297

Top of Stack: (sp=0x000000002872eda0)
0x000000002872eda0:   000000002872edc4 0000000000000002
0x000000002872edb0:   000000002872eea0 000000009c5231b0
0x000000002872edc0:   0000000400000048 000000002872f118
0x000000002872edd0:   000000002a53d040 0000000000000000
0x000000002872ede0:   0000000000000000 0000000000000000
0x000000002872edf0:   000000002a6b1ea0 000000002a53d040
0x000000002872ee00:   0000000000000000 000000002872ee18
0x000000002872ee10:   0000000000000004 0000000000000000
0x000000002872ee20:   0000000025cc5900 00000000670bd8b2
0x000000002872ee30:   0000000025cc5900 000000010000000a
0x000000002872ee40:   0000000000000002 00000000273c3000
0x000000002872ee50:   0000000025cc5900 00000000670b7624
0x000000002872ee60:   0000000025cc5900 00000000024ad2c0
0x000000002872ee70:   00000000024ad2c0 00000000670bd8b2
0x000000002872ee80:   0000000000000002 0000000000000000
0x000000002872ee90:   00000000273a2040 00000000670b7a74 

Instructions: (pc=0x00007ffeaaf4143c)
0x00007ffeaaf4141c:   24 45 33 c0 e8 7b 24 1a 00 44 8b f0 85 c0 75 64
0x00007ffeaaf4142c:   83 7c 24 24 05 74 4e 4c 8b 6f 28 48 8d 4c 24 50
0x00007ffeaaf4143c:   41 8b 55 10 e8 6b 1f 1a 00 44 8b f0 85 c0 74 0e
0x00007ffeaaf4144c:   49 8b cc ff 15 1b 1e 43 00 e9 eb 01 00 00 41 8b 


Register to memory mapping:

RAX=0x0000000000000000 is an unknown value
RBX=0x0000000000000002 is an unknown value
RCX=0x000000002872edf0 is pointing into the stack for thread: 0x00000000273c3000
RDX=0x0000000000000001 is an unknown value
RSP=0x000000002872eda0 is pointing into the stack for thread: 0x00000000273c3000
RBP=0x000000002872eea0 is pointing into the stack for thread: 0x00000000273c3000
RSI=0x000000009c5231b0 is an unknown value
RDI=0x000000009c523218 is an unknown value
R8 =0x000000002872ebe8 is pointing into the stack for thread: 0x00000000273c3000
R9 =0x000000002872ec39 is pointing into the stack for thread: 0x00000000273c3000
R10=0x0000000000000000 is an unknown value
R11=0x000000002872ec80 is pointing into the stack for thread: 0x00000000273c3000
R12=0x000000009c523218 is an unknown value
R13=0x0000000000000000 is an unknown value
R14=0x0000000000000000 is an unknown value
R15=0x0000000000000000 is an unknown value


Stack: [0x0000000028630000,0x0000000028730000],  sp=0x000000002872eda0,  free space=1019k
Native frames: (J=compiled Java code, j=interpreted, Vv=VM code, C=native code)
C  [nvcuda64.dll+0x15143c]
C  [nvcuda64.dll+0x242954]
C  [Cuda_sm86.dll+0x4245]  cudart::cudaApiEventSynchronize+0x15
C  [Cuda_sm86.dll+0x1e05]  cudaEventSynchronize+0x115
C  [Cuda_sm86.dll+0x15a98]  Java_z_dragon_engine_cuda_impl_Cuda_eventSynchronize_1delete+0x18
C  0x0000000002cad4c3

Java frames: (J=compiled Java code, j=interpreted, Vv=VM code)
J 446  z.dragon.engine.cuda.impl.Cuda.eventSync_Del(J)V (0 bytes) @ 0x0000000002cad441 [0x0000000002cad400+0x41]
J 1095 C2 z.dragon.engine.cuda.CudaFloat32EngineBase$StreamSyncer.sync()V (48 bytes) @ 0x0000000002ec81ac [0x0000000002ec8120+0x8c]
J 906 C2 z.dragon.engine.Engine.delete_core(Lz/dragon/engine/Tensor;)V (123 bytes) @ 0x0000000002e23f7c [0x0000000002e23ea0+0xdc]
J 1096 C2 z.dragon.engine.Tensor.finalize()V (14 bytes) @ 0x0000000002ec2064 [0x0000000002ec2020+0x44]
J 1082 C2 java.lang.ref.Finalizer.access$100(Ljava/lang/ref/Finalizer;Lsun/misc/JavaLangAccess;)V (6 bytes) @ 0x0000000002eb8a94 [0x0000000002eb88c0+0x1d4]
j  java.lang.ref.Finalizer$FinalizerThread.run()V+45
v  ~StubRoutines::call_stub

---------------  P R O C E S S  ---------------

Java Threads: ( => current thread )
  0x00000000291c8000 JavaThread "Thread-7" daemon [_thread_blocked, id=2628, stack(0x000000008baf0000,0x000000008bbf0000)]
  0x00000000293d4800 JavaThread "Thread-6" daemon [_thread_blocked, id=10396, stack(0x000000008b9f0000,0x000000008baf0000)]
  0x0000000029295000 JavaThread "Thread-5" daemon [_thread_blocked, id=12924, stack(0x00000000823c0000,0x00000000824c0000)]
  0x0000000029294800 JavaThread "Thread-4" daemon [_thread_blocked, id=16068, stack(0x0000000000010000,0x0000000000110000)]
  0x000000002929c800 JavaThread "Thread-3" daemon [_thread_blocked, id=17108, stack(0x000000004d210000,0x000000004d310000)]
  0x000000002929a000 JavaThread "Thread-2" daemon [_thread_blocked, id=12688, stack(0x00000000484e0000,0x00000000485e0000)]
  0x0000000029297000 JavaThread "Thread-1" daemon [_thread_blocked, id=16648, stack(0x00000000483e0000,0x00000000484e0000)]
  0x0000000029271800 JavaThread "Thread-0" daemon [_thread_blocked, id=14720, stack(0x00000000482e0000,0x00000000483e0000)]
  0x00000000290f9800 JavaThread "Java2D Disposer" daemon [_thread_blocked, id=12168, stack(0x00000000297e0000,0x00000000298e0000)]
  0x00000000274c1000 JavaThread "Service Thread" daemon [_thread_blocked, id=11208, stack(0x0000000028d30000,0x0000000028e30000)]
  0x0000000027441800 JavaThread "C1 CompilerThread3" daemon [_thread_blocked, id=11220, stack(0x0000000028c30000,0x0000000028d30000)]
  0x000000002743f800 JavaThread "C2 CompilerThread2" daemon [_thread_blocked, id=12388, stack(0x0000000028b30000,0x0000000028c30000)]
  0x0000000025cde800 JavaThread "C2 CompilerThread1" daemon [_thread_blocked, id=10928, stack(0x0000000028a30000,0x0000000028b30000)]
  0x0000000025cdb000 JavaThread "C2 CompilerThread0" daemon [_thread_blocked, id=9400, stack(0x0000000028930000,0x0000000028a30000)]
  0x00000000273e7000 JavaThread "Attach Listener" daemon [_thread_blocked, id=2992, stack(0x0000000028830000,0x0000000028930000)]
  0x00000000273e6000 JavaThread "Signal Dispatcher" daemon [_thread_blocked, id=17356, stack(0x0000000028730000,0x0000000028830000)]
=>0x00000000273c3000 JavaThread "Finalizer" daemon [_thread_in_native, id=12644, stack(0x0000000028630000,0x0000000028730000)]
  0x0000000002a5b000 JavaThread "Reference Handler" daemon [_thread_blocked, id=12588, stack(0x0000000028530000,0x0000000028630000)]
  0x00000000024ae000 JavaThread "main" [_thread_in_native, id=10280, stack(0x0000000002860000,0x0000000002960000)]

Other Threads:
  0x00000000273a2800 VMThread [stack: 0x0000000028430000,0x0000000028530000] [id=7816]
  0x00000000274e3000 WatcherThread [stack: 0x0000000028e30000,0x0000000028f30000] [id=3476]

VM state:not at safepoint (normal execution)

VM Mutex/Monitor currently owned by a thread: None

Heap:
 PSYoungGen      total 2446848K, used 106423K [0x0000000715580000, 0x00000007c0000000, 0x00000007c0000000)
  eden space 2097664K, 5% used [0x0000000715580000,0x000000071bd6dcf8,0x0000000795600000)
  from space 349184K, 0% used [0x00000007aab00000,0x00000007aab00000,0x00000007c0000000)
  to   space 349184K, 0% used [0x0000000795600000,0x0000000795600000,0x00000007aab00000)
 ParOldGen       total 5592576K, used 153289K [0x00000005c0000000, 0x0000000715580000, 0x0000000715580000)
  object space 5592576K, 2% used [0x00000005c0000000,0x00000005c95b25f0,0x0000000715580000)
 Metaspace       used 11243K, capacity 11626K, committed 11776K, reserved 1060864K
  class space    used 1132K, capacity 1243K, committed 1280K, reserved 1048576K

Card table byte_map: [0x0000000011e20000,0x0000000012e30000] byte_map_base: 0x000000000f020000

Marking Bits: (ParMarkBitMap*) 0x00000000676bf860
 Begin Bits: [0x00000000142e0000, 0x000000001c2e0000)
 End Bits:   [0x000000001c2e0000, 0x00000000242e0000)

Polling page: 0x00000000006f0000

CodeCache: size=245760Kb used=4801Kb max_used=4986Kb free=240958Kb
 bounds [0x0000000002a60000, 0x0000000002f50000, 0x0000000011a60000]
 total_blobs=2134 nmethods=1143 adapters=903
 compilation: enabled

Compilation events (10 events):
Event: 6.122 Thread 0x0000000025cdb000 1226       4       java.util.HashMap$TreeNode::balanceInsertion (245 bytes)
Event: 6.142 Thread 0x0000000025cdb000 nmethod 1226 0x0000000002b7df10 code [0x0000000002b7e060, 0x0000000002b7e558]
Event: 6.548 Thread 0x0000000025cde800 1227       4       z.dragon.engine.Syncer$DualSyncer::sync (33 bytes)
Event: 6.548 Thread 0x0000000025cde800 nmethod 1227 0x0000000002ca4550 code [0x0000000002ca46a0, 0x0000000002ca4758]
Event: 6.634 Thread 0x000000002743f800 1228       4       z.dragon.common.int32.TreeMap_int32::fixAfterDeletion (351 bytes)
Event: 6.640 Thread 0x000000002743f800 nmethod 1228 0x0000000002c935d0 code [0x0000000002c93740, 0x0000000002c94068]
Event: 6.691 Thread 0x0000000027441800 1229       3       z.dragon.nn.core.dual.DualCore::holdX2 (51 bytes)
Event: 6.691 Thread 0x0000000027441800 nmethod 1229 0x0000000002cbd890 code [0x0000000002cbda80, 0x0000000002cbe428]
Event: 6.691 Thread 0x0000000027441800 1230       3       z.dragon.nn.core.dual.DualCore::holdX1 (51 bytes)
Event: 6.691 Thread 0x0000000027441800 nmethod 1230 0x0000000002c18a10 code [0x0000000002c18c00, 0x0000000002c195a8]

GC Heap History (10 events):
Event: 6.568 GC heap before
{Heap before GC invocations=148 (full 74):
 PSYoungGen      total 2446848K, used 352K [0x0000000715580000, 0x00000007c0000000, 0x00000007c0000000)
  eden space 2097664K, 0% used [0x0000000715580000,0x0000000715580000,0x0000000795600000)
  from space 349184K, 0% used [0x00000007aab00000,0x00000007aab58000,0x00000007c0000000)
  to   space 349184K, 0% used [0x0000000795600000,0x0000000795600000,0x00000007aab00000)
 ParOldGen       total 5592576K, used 153289K [0x00000005c0000000, 0x0000000715580000, 0x0000000715580000)
  object space 5592576K, 2% used [0x00000005c0000000,0x00000005c95b2608,0x0000000715580000)
 Metaspace       used 11243K, capacity 11626K, committed 11776K, reserved 1060864K
  class space    used 1132K, capacity 1243K, committed 1280K, reserved 1048576K
Event: 6.584 GC heap after
Heap after GC invocations=148 (full 74):
 PSYoungGen      total 2446848K, used 0K [0x0000000715580000, 0x00000007c0000000, 0x00000007c0000000)
  eden space 2097664K, 0% used [0x0000000715580000,0x0000000715580000,0x0000000795600000)
  from space 349184K, 0% used [0x00000007aab00000,0x00000007aab00000,0x00000007c0000000)
  to   space 349184K, 0% used [0x0000000795600000,0x0000000795600000,0x00000007aab00000)
 ParOldGen       total 5592576K, used 153289K [0x00000005c0000000, 0x0000000715580000, 0x0000000715580000)
  object space 5592576K, 2% used [0x00000005c0000000,0x00000005c95b2590,0x0000000715580000)
 Metaspace       used 11243K, capacity 11626K, committed 11776K, reserved 1060864K
  class space    used 1132K, capacity 1243K, committed 1280K, reserved 1048576K
}
Event: 6.641 GC heap before
{Heap before GC invocations=149 (full 74):
 PSYoungGen      total 2446848K, used 179841K [0x0000000715580000, 0x00000007c0000000, 0x00000007c0000000)
  eden space 2097664K, 8% used [0x0000000715580000,0x0000000720520610,0x0000000795600000)
  from space 349184K, 0% used [0x00000007aab00000,0x00000007aab00000,0x00000007c0000000)
  to   space 349184K, 0% used [0x0000000795600000,0x0000000795600000,0x00000007aab00000)
 ParOldGen       total 5592576K, used 153289K [0x00000005c0000000, 0x0000000715580000, 0x0000000715580000)
  object space 5592576K, 2% used [0x00000005c0000000,0x00000005c95b2590,0x0000000715580000)
 Metaspace       used 11243K, capacity 11626K, committed 11776K, reserved 1060864K
  class space    used 1132K, capacity 1243K, committed 1280K, reserved 1048576K
Event: 6.642 GC heap after
Heap after GC invocations=149 (full 74):
 PSYoungGen      total 2446848K, used 288K [0x0000000715580000, 0x00000007c0000000, 0x00000007c0000000)
  eden space 2097664K, 0% used [0x0000000715580000,0x0000000715580000,0x0000000795600000)
  from space 349184K, 0% used [0x0000000795600000,0x0000000795648000,0x00000007aab00000)
  to   space 349184K, 0% used [0x00000007aab00000,0x00000007aab00000,0x00000007c0000000)
 ParOldGen       total 5592576K, used 153289K [0x00000005c0000000, 0x0000000715580000, 0x0000000715580000)
  object space 5592576K, 2% used [0x00000005c0000000,0x00000005c95b2590,0x0000000715580000)
 Metaspace       used 11243K, capacity 11626K, committed 11776K, reserved 1060864K
  class space    used 1132K, capacity 1243K, committed 1280K, reserved 1048576K
}
Event: 6.642 GC heap before
{Heap before GC invocations=150 (full 75):
 PSYoungGen      total 2446848K, used 288K [0x0000000715580000, 0x00000007c0000000, 0x00000007c0000000)
  eden space 2097664K, 0% used [0x0000000715580000,0x0000000715580000,0x0000000795600000)
  from space 349184K, 0% used [0x0000000795600000,0x0000000795648000,0x00000007aab00000)
  to   space 349184K, 0% used [0x00000007aab00000,0x00000007aab00000,0x00000007c0000000)
 ParOldGen       total 5592576K, used 153289K [0x00000005c0000000, 0x0000000715580000, 0x0000000715580000)
  object space 5592576K, 2% used [0x00000005c0000000,0x00000005c95b2590,0x0000000715580000)
 Metaspace       used 11243K, capacity 11626K, committed 11776K, reserved 1060864K
  class space    used 1132K, capacity 1243K, committed 1280K, reserved 1048576K
Event: 6.658 GC heap after
Heap after GC invocations=150 (full 75):
 PSYoungGen      total 2446848K, used 0K [0x0000000715580000, 0x00000007c0000000, 0x00000007c0000000)
  eden space 2097664K, 0% used [0x0000000715580000,0x0000000715580000,0x0000000795600000)
  from space 349184K, 0% used [0x0000000795600000,0x0000000795600000,0x00000007aab00000)
  to   space 349184K, 0% used [0x00000007aab00000,0x00000007aab00000,0x00000007c0000000)
 ParOldGen       total 5592576K, used 153289K [0x00000005c0000000, 0x0000000715580000, 0x0000000715580000)
  object space 5592576K, 2% used [0x00000005c0000000,0x00000005c95b2590,0x0000000715580000)
 Metaspace       used 11243K, capacity 11626K, committed 11776K, reserved 1060864K
  class space    used 1132K, capacity 1243K, committed 1280K, reserved 1048576K
}
Event: 6.715 GC heap before
{Heap before GC invocations=151 (full 75):
 PSYoungGen      total 2446848K, used 219697K [0x0000000715580000, 0x00000007c0000000, 0x00000007c0000000)
  eden space 2097664K, 10% used [0x0000000715580000,0x0000000722c0c4a0,0x0000000795600000)
  from space 349184K, 0% used [0x0000000795600000,0x0000000795600000,0x00000007aab00000)
  to   space 349184K, 0% used [0x00000007aab00000,0x00000007aab00000,0x00000007c0000000)
 ParOldGen       total 5592576K, used 153289K [0x00000005c0000000, 0x0000000715580000, 0x0000000715580000)
  object space 5592576K, 2% used [0x00000005c0000000,0x00000005c95b2590,0x0000000715580000)
 Metaspace       used 11243K, capacity 11626K, committed 11776K, reserved 1060864K
  class space    used 1132K, capacity 1243K, committed 1280K, reserved 1048576K
Event: 6.715 GC heap after
Heap after GC invocations=151 (full 75):
 PSYoungGen      total 2446848K, used 352K [0x0000000715580000, 0x00000007c0000000, 0x00000007c0000000)
  eden space 2097664K, 0% used [0x0000000715580000,0x0000000715580000,0x0000000795600000)
  from space 349184K, 0% used [0x00000007aab00000,0x00000007aab58000,0x00000007c0000000)
  to   space 349184K, 0% used [0x0000000795600000,0x0000000795600000,0x00000007aab00000)
 ParOldGen       total 5592576K, used 153297K [0x00000005c0000000, 0x0000000715580000, 0x0000000715580000)
  object space 5592576K, 2% used [0x00000005c0000000,0x00000005c95b4590,0x0000000715580000)
 Metaspace       used 11243K, capacity 11626K, committed 11776K, reserved 1060864K
  class space    used 1132K, capacity 1243K, committed 1280K, reserved 1048576K
}
Event: 6.715 GC heap before
{Heap before GC invocations=152 (full 76):
 PSYoungGen      total 2446848K, used 352K [0x0000000715580000, 0x00000007c0000000, 0x00000007c0000000)
  eden space 2097664K, 0% used [0x0000000715580000,0x0000000715580000,0x0000000795600000)
  from space 349184K, 0% used [0x00000007aab00000,0x00000007aab58000,0x00000007c0000000)
  to   space 349184K, 0% used [0x0000000795600000,0x0000000795600000,0x00000007aab00000)
 ParOldGen       total 5592576K, used 153297K [0x00000005c0000000, 0x0000000715580000, 0x0000000715580000)
  object space 5592576K, 2% used [0x00000005c0000000,0x00000005c95b4590,0x0000000715580000)
 Metaspace       used 11243K, capacity 11626K, committed 11776K, reserved 1060864K
  class space    used 1132K, capacity 1243K, committed 1280K, reserved 1048576K
Event: 6.732 GC heap after
Heap after GC invocations=152 (full 76):
 PSYoungGen      total 2446848K, used 0K [0x0000000715580000, 0x00000007c0000000, 0x00000007c0000000)
  eden space 2097664K, 0% used [0x0000000715580000,0x0000000715580000,0x0000000795600000)
  from space 349184K, 0% used [0x00000007aab00000,0x00000007aab00000,0x00000007c0000000)
  to   space 349184K, 0% used [0x0000000795600000,0x0000000795600000,0x00000007aab00000)
 ParOldGen       total 5592576K, used 153289K [0x00000005c0000000, 0x0000000715580000, 0x0000000715580000)
  object space 5592576K, 2% used [0x00000005c0000000,0x00000005c95b25f0,0x0000000715580000)
 Metaspace       used 11243K, capacity 11626K, committed 11776K, reserved 1060864K
  class space    used 1132K, capacity 1243K, committed 1280K, reserved 1048576K
}

Deoptimization events (10 events):
Event: 0.085 Thread 0x00000000024ae000 Uncommon trap: reason=unstable_if action=reinterpret pc=0x0000000002ba1d8c method=java.lang.String.indexOf([CII[CIII)I @ 123
Event: 0.413 Thread 0x00000000024ae000 Uncommon trap: reason=unstable_if action=reinterpret pc=0x0000000002cbabd4 method=java.io.BufferedInputStream.read([BII)I @ 31
Event: 0.452 Thread 0x00000000024ae000 Uncommon trap: reason=unstable_if action=reinterpret pc=0x0000000002cc7000 method=z.dragon.dataset.Cifar10.load(Lz/dragon/data/container/ListContainer;Ljava/lang/String;Ljava/lang/String;)V @ 45
Event: 0.486 Thread 0x00000000024ae000 Uncommon trap: reason=unstable_if action=reinterpret pc=0x0000000002cc2970 method=z.dragon.dataset.Cifar10.load(Lz/dragon/data/container/ListContainer;Ljava/lang/String;Ljava/lang/String;)V @ 45
Event: 0.522 Thread 0x00000000024ae000 Uncommon trap: reason=unstable_if action=reinterpret pc=0x0000000002ccba28 method=z.dragon.dataset.Cifar10.load(Lz/dragon/data/container/ListContainer;Ljava/lang/String;Ljava/lang/String;)V @ 45
Event: 0.600 Thread 0x00000000024ae000 Uncommon trap: reason=unstable_if action=reinterpret pc=0x0000000002cc8954 method=java.io.BufferedInputStream.read1([BII)I @ 68
Event: 0.600 Thread 0x00000000024ae000 Uncommon trap: reason=unstable_if action=reinterpret pc=0x0000000002cbcd20 method=java.io.BufferedInputStream.read1([BII)I @ 68
Event: 2.159 Thread 0x00000000273c3000 Uncommon trap: reason=unstable_if action=reinterpret pc=0x0000000002e2e110 method=java.lang.ref.Finalizer.remove()V @ 10
Event: 2.308 Thread 0x00000000273c3000 Uncommon trap: reason=unstable_if action=reinterpret pc=0x0000000002e2c778 method=java.lang.ref.Finalizer.remove()V @ 10
Event: 2.761 Thread 0x00000000273c3000 Uncommon trap: reason=unstable_if action=reinterpret pc=0x0000000002e2cf34 method=java.lang.ref.Finalizer.remove()V @ 10

Classes redefined (0 events):
No events

Internal exceptions (10 events):
Event: 5.685 Thread 0x00000000273c3000 Exception <a 'z/dragon/engine/cuda/impl/CudaException'> (0x000000071b32fbb8) thrown at [C:\re\workspace\8-2-build-windows-amd64-cygwin\jdk8u161\10277\hotspot\src\share\vm\prims\jni.cpp, line 709]
Event: 5.685 Thread 0x00000000273c3000 Exception <a 'z/dragon/engine/cuda/impl/CudaException'> (0x000000071b32fdc8) thrown at [C:\re\workspace\8-2-build-windows-amd64-cygwin\jdk8u161\10277\hotspot\src\share\vm\prims\jni.cpp, line 709]
Event: 6.139 Thread 0x00000000273c3000 Exception <a 'z/dragon/engine/cuda/impl/CudaException'> (0x000000071bd6dcf8) thrown at [C:\re\workspace\8-2-build-windows-amd64-cygwin\jdk8u161\10277\hotspot\src\share\vm\prims\jni.cpp, line 709]
Event: 6.139 Thread 0x00000000273c3000 Exception <a 'z/dragon/engine/cuda/impl/CudaException'> (0x000000071bd6df08) thrown at [C:\re\workspace\8-2-build-windows-amd64-cygwin\jdk8u161\10277\hotspot\src\share\vm\prims\jni.cpp, line 709]
Event: 6.213 Thread 0x00000000273c3000 Exception <a 'z/dragon/engine/cuda/impl/CudaException'> (0x000000071bd6dcf8) thrown at [C:\re\workspace\8-2-build-windows-amd64-cygwin\jdk8u161\10277\hotspot\src\share\vm\prims\jni.cpp, line 709]
Event: 6.213 Thread 0x00000000273c3000 Exception <a 'z/dragon/engine/cuda/impl/CudaException'> (0x000000071bd6df08) thrown at [C:\re\workspace\8-2-build-windows-amd64-cygwin\jdk8u161\10277\hotspot\src\share\vm\prims\jni.cpp, line 709]
Event: 6.511 Thread 0x00000000273c3000 Exception <a 'z/dragon/engine/cuda/impl/CudaException'> (0x000000071bd6dcf8) thrown at [C:\re\workspace\8-2-build-windows-amd64-cygwin\jdk8u161\10277\hotspot\src\share\vm\prims\jni.cpp, line 709]
Event: 6.511 Thread 0x00000000273c3000 Exception <a 'z/dragon/engine/cuda/impl/CudaException'> (0x000000071bd6df08) thrown at [C:\re\workspace\8-2-build-windows-amd64-cygwin\jdk8u161\10277\hotspot\src\share\vm\prims\jni.cpp, line 709]
Event: 6.658 Thread 0x00000000273c3000 Exception <a 'z/dragon/engine/cuda/impl/CudaException'> (0x000000071b123510) thrown at [C:\re\workspace\8-2-build-windows-amd64-cygwin\jdk8u161\10277\hotspot\src\share\vm\prims\jni.cpp, line 709]
Event: 6.658 Thread 0x00000000273c3000 Exception <a 'z/dragon/engine/cuda/impl/CudaException'> (0x000000071b123720) thrown at [C:\re\workspace\8-2-build-windows-amd64-cygwin\jdk8u161\10277\hotspot\src\share\vm\prims\jni.cpp, line 709]

Events (10 events):
Event: 6.691 Thread 0x0000000027441800 flushing nmethod 0x0000000002d8a2d0
Event: 6.691 Thread 0x0000000027441800 flushing nmethod 0x0000000002d92c90
Event: 6.691 Thread 0x0000000027441800 flushing nmethod 0x0000000002d93050
Event: 6.691 Thread 0x0000000027441800 flushing nmethod 0x0000000002d99bd0
Event: 6.714 Executing VM operation: ParallelGCSystemGC
Event: 6.732 Executing VM operation: ParallelGCSystemGC done
Event: 6.732 Executing VM operation: RevokeBias
Event: 6.732 Executing VM operation: RevokeBias done
Event: 6.732 Executing VM operation: RevokeBias
Event: 6.732 Executing VM operation: RevokeBias done


Dynamic libraries:
0x00007ff753440000 - 0x00007ff753477000 	D:\virtual-discE-Java\JDK 8 Windows\jdk1.8.0_161\bin\java.exe
0x00007fff0e050000 - 0x00007fff0e248000 	C:\WINDOWS\SYSTEM32\ntdll.dll
0x00007fff0c320000 - 0x00007fff0c3e1000 	C:\WINDOWS\System32\KERNEL32.DLL
0x00007fff0b970000 - 0x00007fff0bc6d000 	C:\WINDOWS\System32\KERNELBASE.dll
0x00007fff0c080000 - 0x00007fff0c130000 	C:\WINDOWS\System32\ADVAPI32.dll
0x00007fff0c130000 - 0x00007fff0c1ce000 	C:\WINDOWS\System32\msvcrt.dll
0x00007fff0c280000 - 0x00007fff0c320000 	C:\WINDOWS\System32\sechost.dll
0x00007fff0cf30000 - 0x00007fff0d053000 	C:\WINDOWS\System32\RPCRT4.dll
0x00007fff0b700000 - 0x00007fff0b727000 	C:\WINDOWS\System32\bcrypt.dll
0x00007fff0d4a0000 - 0x00007fff0d63d000 	C:\WINDOWS\System32\USER32.dll
0x00007fff0bea0000 - 0x00007fff0bec2000 	C:\WINDOWS\System32\win32u.dll
0x00007fff0df70000 - 0x00007fff0df9b000 	C:\WINDOWS\System32\GDI32.dll
0x00007fff0bd10000 - 0x00007fff0be27000 	C:\WINDOWS\System32\gdi32full.dll
0x00007fff0bc70000 - 0x00007fff0bd0d000 	C:\WINDOWS\System32\msvcp_win.dll
0x00007fff0bed0000 - 0x00007fff0bfd0000 	C:\WINDOWS\System32\ucrtbase.dll
0x00007ffef2fc0000 - 0x00007ffef325a000 	C:\WINDOWS\WinSxS\amd64_microsoft.windows.common-controls_6595b64144ccf1df_6.0.19041.4355_none_60b8b9eb71f62e16\COMCTL32.dll
0x00007fff0dd30000 - 0x00007fff0dd5f000 	C:\WINDOWS\System32\IMM32.DLL
0x0000000066dc0000 - 0x0000000066e92000 	D:\virtual-discE-Java\JDK 8 Windows\jdk1.8.0_161\jre\bin\msvcr100.dll
0x0000000066ea0000 - 0x000000006773f000 	D:\virtual-discE-Java\JDK 8 Windows\jdk1.8.0_161\jre\bin\server\jvm.dll
0x00007fff0e000000 - 0x00007fff0e008000 	C:\WINDOWS\System32\PSAPI.DLL
0x00007fff032f0000 - 0x00007fff032f9000 	C:\WINDOWS\SYSTEM32\WSOCK32.dll
0x00007fff03ce0000 - 0x00007fff03cea000 	C:\WINDOWS\SYSTEM32\VERSION.dll
0x00007ffeffc70000 - 0x00007ffeffc97000 	C:\WINDOWS\SYSTEM32\WINMM.dll
0x00007fff0dc10000 - 0x00007fff0dc7b000 	C:\WINDOWS\System32\WS2_32.dll
0x0000000066d70000 - 0x0000000066d7f000 	D:\virtual-discE-Java\JDK 8 Windows\jdk1.8.0_161\jre\bin\verify.dll
0x0000000066d40000 - 0x0000000066d69000 	D:\virtual-discE-Java\JDK 8 Windows\jdk1.8.0_161\jre\bin\java.dll
0x0000000066d20000 - 0x0000000066d36000 	D:\virtual-discE-Java\JDK 8 Windows\jdk1.8.0_161\jre\bin\zip.dll
0x00007fff0c450000 - 0x00007fff0cbbf000 	C:\WINDOWS\System32\SHELL32.dll
0x00007fff09220000 - 0x00007fff099bf000 	C:\WINDOWS\SYSTEM32\windows.storage.dll
0x00007fff0d060000 - 0x00007fff0d3b3000 	C:\WINDOWS\System32\combase.dll
0x00007fff0b120000 - 0x00007fff0b14e000 	C:\WINDOWS\SYSTEM32\Wldp.dll
0x00007fff0d650000 - 0x00007fff0d71d000 	C:\WINDOWS\System32\OLEAUT32.dll
0x00007fff0dc80000 - 0x00007fff0dd2d000 	C:\WINDOWS\System32\SHCORE.dll
0x00007fff0ced0000 - 0x00007fff0cf25000 	C:\WINDOWS\System32\shlwapi.dll
0x00007fff0b630000 - 0x00007fff0b654000 	C:\WINDOWS\SYSTEM32\profapi.dll
0x0000000066b40000 - 0x0000000066cd8000 	D:\virtual-discE-Java\JDK 8 Windows\jdk1.8.0_161\jre\bin\awt.dll
0x00007fff05b40000 - 0x00007fff05bd4000 	C:\WINDOWS\SYSTEM32\apphelp.dll
0x00000000669d0000 - 0x0000000066a0e000 	D:\virtual-discE-Java\JDK 8 Windows\jdk1.8.0_161\jre\bin\lcms.dll
0x00007fff06e00000 - 0x00007fff06e2a000 	C:\Users\Gilgamesh\Desktop\Dragon-alpha-v1.2\native-lib\cuda_float32\CudaDevice_sm86.dll
0x00007fff06ec0000 - 0x00007fff06ed6000 	D:\virtual-discE-Java\JDK 8 Windows\jdk1.8.0_161\jre\bin\VCRUNTIME140.dll
0x00007ffed3250000 - 0x00007ffed33ba000 	C:\Users\Gilgamesh\Desktop\Dragon-alpha-v1.2\native-lib\cuda_float32\Cuda_batchMatMul_sm86.dll
0x00007ffeac000000 - 0x00007ffeaf420000 	C:\Users\Gilgamesh\Desktop\Dragon-alpha-v1.2\native-lib\cuda_float32\Cuda_conv3D_sm86.dll
0x00007ffeab7b0000 - 0x00007ffeabff4000 	C:\Users\Gilgamesh\Desktop\Dragon-alpha-v1.2\native-lib\cuda_float32\Cuda_dconv3D_deltaW_sm86.dll
0x00007ffea6320000 - 0x00007ffeaa093000 	C:\Users\Gilgamesh\Desktop\Dragon-alpha-v1.2\native-lib\cuda_float32\Cuda_dconv3D_deltaX_sm86.dll
0x00007ffefdb00000 - 0x00007ffefdb5f000 	C:\Users\Gilgamesh\Desktop\Dragon-alpha-v1.2\native-lib\cuda_float32\Cuda_expk2_sm86.dll
0x00007ffec1580000 - 0x00007ffec185a000 	C:\Users\Gilgamesh\Desktop\Dragon-alpha-v1.2\native-lib\cuda_float32\Cuda_function_sm86.dll
0x00007ffedc580000 - 0x00007ffedc663000 	C:\Users\Gilgamesh\Desktop\Dragon-alpha-v1.2\native-lib\cuda_float32\Cuda_image_sm86.dll
0x00007ffec0460000 - 0x00007ffec0717000 	C:\Users\Gilgamesh\Desktop\Dragon-alpha-v1.2\native-lib\cuda_float32\Cuda_matMul_sm86.dll
0x00007ffef94f0000 - 0x00007ffef9546000 	C:\Users\Gilgamesh\Desktop\Dragon-alpha-v1.2\native-lib\cuda_float32\Cuda_pool2D_sm86.dll
0x00007ffeeed70000 - 0x00007ffeeedc2000 	C:\Users\Gilgamesh\Desktop\Dragon-alpha-v1.2\native-lib\cuda_float32\Cuda_random_sm86.dll
0x00007ffec00b0000 - 0x00007ffec045a000 	C:\Users\Gilgamesh\Desktop\Dragon-alpha-v1.2\native-lib\cuda_float32\Cuda_reduce_sm86.dll
0x00007ffee56d0000 - 0x00007ffee5721000 	C:\Users\Gilgamesh\Desktop\Dragon-alpha-v1.2\native-lib\cuda_float32\Cuda_sm86.dll
0x00007ffee2fa0000 - 0x00007ffee3015000 	C:\Users\Gilgamesh\Desktop\Dragon-alpha-v1.2\native-lib\cuda_float32\Cuda_upool2D_sm86.dll
0x00007ffebf850000 - 0x00007ffebfba3000 	C:\WINDOWS\SYSTEM32\nvcuda.dll
0x00007ffeaadf0000 - 0x00007ffeab7a6000 	C:\WINDOWS\system32\DriverStore\FileRepository\nv_dispig.inf_amd64_7e5fd280efaa5445\nvcuda64.dll
0x00007fff0b2b0000 - 0x00007fff0b2c2000 	C:\WINDOWS\SYSTEM32\msasn1.dll
0x00007fff03ba0000 - 0x00007fff03bd1000 	C:\WINDOWS\SYSTEM32\cryptnet.dll
0x00007fff0b810000 - 0x00007fff0b96e000 	C:\WINDOWS\System32\CRYPT32.dll
0x00007fff03840000 - 0x00007fff03987000 	C:\WINDOWS\SYSTEM32\drvstore.dll
0x00007fff0b480000 - 0x00007fff0b4b3000 	C:\WINDOWS\SYSTEM32\devobj.dll
0x00007fff0b7c0000 - 0x00007fff0b80e000 	C:\WINDOWS\System32\cfgmgr32.dll
0x00007fff0b070000 - 0x00007fff0b07c000 	C:\WINDOWS\SYSTEM32\cryptbase.dll
0x00007fff00810000 - 0x00007fff00faf000 	C:\WINDOWS\SYSTEM32\nvapi64.dll
0x00007fff0d7a0000 - 0x00007fff0dc0e000 	C:\WINDOWS\System32\SETUPAPI.dll
0x00007fff0cda0000 - 0x00007fff0cecb000 	C:\WINDOWS\System32\ole32.dll
0x00007fff09f60000 - 0x00007fff09f72000 	C:\WINDOWS\SYSTEM32\kernel.appcore.dll
0x00007fff09a90000 - 0x00007fff09c74000 	C:\WINDOWS\SYSTEM32\dbghelp.dll
0x00007fff0b730000 - 0x00007fff0b7b2000 	C:\WINDOWS\System32\bcryptPrimitives.dll

VM Arguments:
jvm_args: -Dfile.encoding=UTF-8 -Xms8192m 
java_command: cifar10.resnet18_leaky_relu_attention.train
java_class_path (initial): D:\virtual-discC-code\Dragon-alpha-3060ti\ZUTIL-STD-1.2\build\classes;D:\virtual-discC-code\Dragon-alpha-3060ti\alpha-Dragon-v1.2\build\classes;D:\virtual-discC-code\Dragon-alpha-3060ti\alpha-Dragon-v1.2\build\test\classes
Launcher Type: SUN_STANDARD

Environment Variables:
JAVA_HOME=D:\virtual-discE-Java\JDK 8 Windows\jdk1.8.0_161
PATH=C:\Program Files\NVIDIA GPU Computing Toolkit\CUDA\v11.8\bin;C:\Program Files\NVIDIA GPU Computing Toolkit\CUDA\v11.8\libnvvp;C:\Program Files\NVIDIA GPU Computing Toolkit\CUDA\v11.5\bin;C:\Program Files\NVIDIA GPU Computing Toolkit\CUDA\v11.5\libnvvp;C:\Program Files\NVIDIA GPU Computing Toolkit\CUDA\v11.5\include;C:\WINDOWS\system32;C:\WINDOWS;C:\WINDOWS\System32\Wbem;C:\WINDOWS\System32\WindowsPowerShell\v1.0\;C:\WINDOWS\System32\OpenSSH\;C:\Program Files (x86)\NVIDIA Corporation\PhysX\Common;C:\Program Files\NVIDIA Corporation\NVIDIA NvDLISR;D:\virtual-discE-Java\JDK 8 Windows\jdk1.8.0_161\bin;C:\Program Files\NVIDIA Corporation\Nsight Compute 2022.3.0\;C:\Users\Gilgamesh\AppData\Local\Microsoft\WindowsApps;C:\Users\Gilgamesh\AppData\Local\GitHubDesktop\bin;D:\virtual-discA\LaTex\TeXLive\texlive\2023\bin\windows
USERNAME=Gilgamesh
OS=Windows_NT
PROCESSOR_IDENTIFIER=Intel64 Family 6 Model 151 Stepping 2, GenuineIntel



---------------  S Y S T E M  ---------------

OS: Windows 10.0 , 64 bit Build 19041 (10.0.19041.4717)

CPU:total 12 (initial active 12) (6 cores per cpu, 2 threads per core) family 6 model 151 stepping 2, cmov, cx8, fxsr, mmx, sse, sse2, sse3, ssse3, sse4.1, sse4.2, popcnt, avx, avx2, aes, clmul, erms, 3dnowpref, lzcnt, ht, tsc, tscinvbit, bmi1, bmi2, adx

Memory: 4k page, physical 16586168k(8788348k free), swap 21207640k(2643536k free)

vm_info: Java HotSpot(TM) 64-Bit Server VM (25.161-b12) for windows-amd64 JRE (1.8.0_161-b12), built on Dec 19 2017 17:52:25 by "java_re" with MS VC++ 10.0 (VS2010)

time: Tue Sep 03 11:02:12 2024
elapsed time: 6 seconds (0d 0h 0m 6s)

