#
# A fatal error has been detected by the Java Runtime Environment:
#
#  EXCEPTION_INT_DIVIDE_BY_ZERO (0xc0000094) at pc=0x00007ff9ddc8f311, pid=7256, tid=0x00000000000016e0
#
# JRE version: Java(TM) SE Runtime Environment (8.0_161-b12) (build 1.8.0_161-b12)
# Java VM: Java HotSpot(TM) 64-Bit Server VM (25.161-b12 mixed mode windows-amd64 compressed oops)
# Problematic frame:
# C  [Cu32_dconv3D_deltaW_cu118.dll+0x2f311]  deconv3d_deltaW_GemmV2SK+0x81
#
# Failed to write core dump. Minidumps are not enabled by default on client versions of Windows
#
# If you would like to submit a bug report, please visit:
#   http://bugreport.java.com/bugreport/crash.jsp
# The crash happened outside the Java Virtual Machine in native code.
# See problematic frame for where to report the bug.
#

---------------  T H R E A D  ---------------

Current thread (0x000000000227e000):  JavaThread "main" [_thread_in_native, id=5856, stack(0x0000000002650000,0x0000000002750000)]

siginfo: ExceptionCode=0xc0000094

Registers:
RAX=0x0000000000000001, RBX=0x0000000000000100, RCX=0x0000000000000080, RDX=0x0000000000000000
RSP=0x000000000274de40, RBP=0x000000000274df90, RSI=0x0000000000000003, RDI=0x0000000000000003
R8 =0x0000000000000003, R9 =0x000000000274ed34, R10=0x0000000000000000, R11=0x000000000274ea60
R12=0x000000000000007d, R13=0x0000000000000004, R14=0x0000000000000000, R15=0x0000000000000003
RIP=0x00007ff9ddc8f311, EFLAGS=0x0000000000010202

Top of Stack: (sp=0x000000000274de40)
0x000000000274de40:   00007ff9cce17c48 0000000000000000
0x000000000274de50:   0000000040fbf040 00007ff9cc82d44e
0x000000000274de60:   0000000000000000 000000002a3e6460
0x000000000274de70:   000000004138c280 000000000274e640
0x000000000274de80:   0000000037508430 00007ffa334d47b1
0x000000000274de90:   00007ff9cce17c48 0000000000410000
0x000000000274dea0:   000000000274e020 0000000000000000
0x000000000274deb0:   0000000000000000 0000000000000000
0x000000000274dec0:   0000000037508430 00007ff9ccbd5b0c
0x000000000274ded0:   0000000000000000 0000000029e26600
0x000000000274dee0:   0000000000429b80 00007ff9cc71546c
0x000000000274def0:   000000002cf00c80 0000000029e26600
0x000000000274df00:   0000000029e26600 00007ff9cc913017
0x000000000274df10:   000000002cf0e210 0000000000000000
0x000000000274df20:   0000000000000400 000000002cf00c80
0x000000000274df30:   000000002cf00c80 00007ff9ccaa3aa2 

Instructions: (pc=0x00007ff9ddc8f311)
0x00007ff9ddc8f2f1:   0f 1f 40 00 66 66 66 0f 1f 84 00 00 00 00 00 49
0x00007ff9ddc8f301:   63 09 4c 8b 04 ca 8d 41 01 8b 8d 40 0c 00 00 99
0x00007ff9ddc8f311:   41 f7 fa 4c 89 45 88 41 89 11 83 fe 7f 0f 8e 5f
0x00007ff9ddc8f321:   0f 00 00 83 fb 7f 0f 8e 56 0f 00 00 f6 c1 07 0f 


Register to memory mapping:

RAX=0x0000000000000001 is an unknown value
RBX=0x0000000000000100 is an unknown value
RCX=0x0000000000000080 is an unknown value
RDX=0x0000000000000000 is an unknown value
RSP=0x000000000274de40 is pointing into the stack for thread: 0x000000000227e000
RBP=0x000000000274df90 is pointing into the stack for thread: 0x000000000227e000
RSI=0x0000000000000003 is an unknown value
RDI=0x0000000000000003 is an unknown value
R8 =0x0000000000000003 is an unknown value
R9 =0x000000000274ed34 is pointing into the stack for thread: 0x000000000227e000
R10=0x0000000000000000 is an unknown value
R11=0x000000000274ea60 is pointing into the stack for thread: 0x000000000227e000
R12=0x000000000000007d is an unknown value
R13=0x0000000000000004 is an unknown value
R14=0x0000000000000000 is an unknown value
R15=0x0000000000000003 is an unknown value


Stack: [0x0000000002650000,0x0000000002750000],  sp=0x000000000274de40,  free space=1015k
Native frames: (J=compiled Java code, j=interpreted, Vv=VM code, C=native code)
C  [Cu32_dconv3D_deltaW_cu118.dll+0x2f311]  deconv3d_deltaW_GemmV2SK+0x81
C  [Cu32_dconv3D_deltaW_cu118.dll+0x33ecc]  deconv3d_deltaW_Im2col_WinogradV2_SHW_s8_texture+0x5ac
C  [Cu32_dconv3D_deltaW_cu118.dll+0x35814]  Java_z_dragon_engine_cuda_impl_math_Cuda_1dconv3D_1deltaW_Im2col_1WinogradV2_1SHW_1s8_1texture+0x194
C  0x0000000002868c67

Java frames: (J=compiled Java code, j=interpreted, Vv=VM code)
j  z.dragon.engine.cuda.impl.math.Cuda_dconv3D_deltaW.Im2col_WinogradV2_SHW_s8_texture([JIIIIJIIJIIJJIIIIIII)Z+0
j  z.dragon.engine.cuda.CudaFloat32EngineBase.conv3D_deltaW(JIIJIIJIIIIIIIII)Lz/dragon/engine/Syncer;+562
j  z.dragon.engine.EngineCore.conv3D_deltaW(JIIJIIJIIIIIIIII)Lz/dragon/engine/Syncer;+138
j  z.dragon.engine.Engine.conv3D_deltaW(Lz/dragon/engine/Tensor;Lz/dragon/engine/Tensor;IIIIII)Lz/dragon/engine/Tensor;+237
j  test.cuda.conv3D.Cuda_conv3D_dW_test.testSpeed(IIIIIIIIIIIII)V+581
j  test.cuda.conv3D.Cuda_conv3D_dW_test.main([Ljava/lang/String;)V+71
v  ~StubRoutines::call_stub

---------------  P R O C E S S  ---------------

Java Threads: ( => current thread )
  0x0000000028f39000 JavaThread "Java2D Disposer" daemon [_thread_blocked, id=9152, stack(0x00000000295e0000,0x00000000296e0000)]
  0x000000002732c800 JavaThread "Service Thread" daemon [_thread_blocked, id=12680, stack(0x0000000028be0000,0x0000000028ce0000)]
  0x000000002729f000 JavaThread "C1 CompilerThread3" daemon [_thread_blocked, id=7228, stack(0x0000000028ae0000,0x0000000028be0000)]
  0x000000002729e800 JavaThread "C2 CompilerThread2" daemon [_thread_blocked, id=14636, stack(0x00000000289e0000,0x0000000028ae0000)]
  0x0000000027299800 JavaThread "C2 CompilerThread1" daemon [_thread_blocked, id=3508, stack(0x00000000288e0000,0x00000000289e0000)]
  0x000000002723a000 JavaThread "C2 CompilerThread0" daemon [_thread_blocked, id=13604, stack(0x00000000287e0000,0x00000000288e0000)]
  0x0000000027238800 JavaThread "Attach Listener" daemon [_thread_blocked, id=9976, stack(0x00000000286e0000,0x00000000287e0000)]
  0x0000000027295000 JavaThread "Signal Dispatcher" daemon [_thread_blocked, id=12448, stack(0x00000000285e0000,0x00000000286e0000)]
  0x0000000027223000 JavaThread "Finalizer" daemon [_thread_blocked, id=12600, stack(0x0000000028480000,0x0000000028580000)]
  0x000000000284a000 JavaThread "Reference Handler" daemon [_thread_blocked, id=15900, stack(0x0000000028380000,0x0000000028480000)]
=>0x000000000227e000 JavaThread "main" [_thread_in_native, id=5856, stack(0x0000000002650000,0x0000000002750000)]

Other Threads:
  0x0000000025b55800 VMThread [stack: 0x0000000028280000,0x0000000028380000] [id=11952]
  0x0000000027345800 WatcherThread [stack: 0x0000000028ce0000,0x0000000028de0000] [id=5184]

VM state:not at safepoint (normal execution)

VM Mutex/Monitor currently owned by a thread: None

Heap:
 PSYoungGen      total 2446848K, used 194498K [0x0000000715580000, 0x00000007c0000000, 0x00000007c0000000)
  eden space 2097664K, 9% used [0x0000000715580000,0x0000000721370a78,0x0000000795600000)
  from space 349184K, 0% used [0x00000007aab00000,0x00000007aab00000,0x00000007c0000000)
  to   space 349184K, 0% used [0x0000000795600000,0x0000000795600000,0x00000007aab00000)
 ParOldGen       total 5592576K, used 0K [0x00000005c0000000, 0x0000000715580000, 0x0000000715580000)
  object space 5592576K, 0% used [0x00000005c0000000,0x00000005c0000000,0x0000000715580000)
 Metaspace       used 9317K, capacity 9564K, committed 9856K, reserved 1058816K
  class space    used 962K, capacity 1058K, committed 1152K, reserved 1048576K

Card table byte_map: [0x0000000011c10000,0x0000000012c20000] byte_map_base: 0x000000000ee10000

Marking Bits: (ParMarkBitMap*) 0x000000005937f860
 Begin Bits: [0x00000000140d0000, 0x000000001c0d0000)
 End Bits:   [0x000000001c0d0000, 0x00000000240d0000)

Polling page: 0x0000000002220000

CodeCache: size=245760Kb used=2305Kb max_used=2305Kb free=243454Kb
 bounds [0x0000000002850000, 0x0000000002ac0000, 0x0000000011850000]
 total_blobs=1195 nmethods=405 adapters=703
 compilation: enabled

Compilation events (10 events):
Event: 0.442 Thread 0x000000002729f000  401       3       z.util.math.ExRandom::next_float_vector (54 bytes)
Event: 0.442 Thread 0x000000002729f000 nmethod 401 0x0000000002a86290 code [0x0000000002a86540, 0x0000000002a87848]
Event: 0.442 Thread 0x000000002723a000  402 %     4       z.util.math.ExRandom::next_float_vector @ 34 (54 bytes)
Event: 0.444 Thread 0x000000002723a000 nmethod 402% 0x0000000002a83110 code [0x0000000002a83280, 0x0000000002a83598]
Event: 0.534 Thread 0x000000002729e800  403 %     4       z.util.math.ExRandom::next_float_vector @ 34 (54 bytes)
Event: 0.536 Thread 0x000000002729e800 nmethod 403% 0x0000000002a81b10 code [0x0000000002a81c80, 0x0000000002a81fd8]
Event: 0.536 Thread 0x0000000027299800  404       4       z.util.math.ExRandom::next_float_vector (54 bytes)
Event: 0.537 Thread 0x0000000027299800 nmethod 404 0x0000000002a815d0 code [0x0000000002a81740, 0x0000000002a81958]
Event: 0.796 Thread 0x000000002729f000  405   !   3       sun.misc.URLClassPath$JarLoader::getResource (353 bytes)
Event: 0.797 Thread 0x000000002729f000 nmethod 405 0x0000000002a88cd0 code [0x0000000002a89100, 0x0000000002a8b0f8]

GC Heap History (0 events):
No events

Deoptimization events (2 events):
Event: 0.110 Thread 0x000000000227e000 Uncommon trap: reason=unstable_if action=reinterpret pc=0x00000000029c6d3c method=java.lang.String.indexOf([CII[CIII)I @ 134
Event: 0.520 Thread 0x000000000227e000 Uncommon trap: reason=unstable_if action=reinterpret pc=0x0000000002a83498 method=z.util.math.ExRandom.next_float_vector(I)[F @ 36

Classes redefined (0 events):
No events

Internal exceptions (8 events):
Event: 0.027 Thread 0x000000000227e000 Exception <a 'java/lang/NoSuchMethodError': Method sun.misc.Unsafe.defineClass(Ljava/lang/String;[BII)Ljava/lang/Class; name or signature does not match> (0x0000000715587ca0) thrown at [C:\re\workspace\8-2-build-windows-amd64-cygwin\jdk8u161\10277\hotspot
Event: 0.027 Thread 0x000000000227e000 Exception <a 'java/lang/NoSuchMethodError': Method sun.misc.Unsafe.prefetchRead(Ljava/lang/Object;J)V name or signature does not match> (0x0000000715587f88) thrown at [C:\re\workspace\8-2-build-windows-amd64-cygwin\jdk8u161\10277\hotspot\src\share\vm\prim
Event: 0.096 Thread 0x000000000227e000 Exception <a 'java/lang/NoSuchFieldError': method resolution failed> (0x000000071594fb80) thrown at [C:\re\workspace\8-2-build-windows-amd64-cygwin\jdk8u161\10277\hotspot\src\share\vm\prims\methodHandles.cpp, line 1167]
Event: 0.097 Thread 0x000000000227e000 Exception <a 'java/lang/NoSuchFieldError': method resolution failed> (0x000000071595cf80) thrown at [C:\re\workspace\8-2-build-windows-amd64-cygwin\jdk8u161\10277\hotspot\src\share\vm\prims\methodHandles.cpp, line 1167]
Event: 0.393 Thread 0x000000000227e000 Exception <a 'java/security/PrivilegedActionException'> (0x0000000715c1dcb0) thrown at [C:\re\workspace\8-2-build-windows-amd64-cygwin\jdk8u161\10277\hotspot\src\share\vm\prims\jvm.cpp, line 1390]
Event: 0.393 Thread 0x000000000227e000 Exception <a 'java/security/PrivilegedActionException'> (0x0000000715c1e0a8) thrown at [C:\re\workspace\8-2-build-windows-amd64-cygwin\jdk8u161\10277\hotspot\src\share\vm\prims\jvm.cpp, line 1390]
Event: 0.393 Thread 0x000000000227e000 Exception <a 'java/security/PrivilegedActionException'> (0x0000000715c22e10) thrown at [C:\re\workspace\8-2-build-windows-amd64-cygwin\jdk8u161\10277\hotspot\src\share\vm\prims\jvm.cpp, line 1390]
Event: 0.393 Thread 0x000000000227e000 Exception <a 'java/security/PrivilegedActionException'> (0x0000000715c23208) thrown at [C:\re\workspace\8-2-build-windows-amd64-cygwin\jdk8u161\10277\hotspot\src\share\vm\prims\jvm.cpp, line 1390]

Events (10 events):
Event: 0.797 loading class java/lang/UnsupportedOperationException
Event: 0.797 loading class java/lang/UnsupportedOperationException done
Event: 0.808 loading class z/util/lang/SimpleTimer
Event: 0.808 loading class z/util/lang/SimpleTimer done
Event: 0.808 loading class z/dragon/engine/cuda/impl/math/Cuda_dconv3D_deltaW
Event: 0.808 loading class z/dragon/engine/cuda/impl/math/Cuda_dconv3D_deltaW done
Event: 0.809 loading class z/dragon/engine/cuda/impl/math/Cuda_conv3D
Event: 0.809 loading class z/dragon/engine/cuda/impl/math/Cuda_conv3D done
Event: 0.809 loading class z/dragon/engine/cuda/impl/math/Cuda_dconv3D_deltaX
Event: 0.809 loading class z/dragon/engine/cuda/impl/math/Cuda_dconv3D_deltaX done


Dynamic libraries:
0x00007ff762ad0000 - 0x00007ff762b07000 	D:\virtual-discE-Java\JDK 8 Windows\jdk1.8.0_161\bin\java.exe
0x00007ffa334b0000 - 0x00007ffa336a8000 	C:\WINDOWS\SYSTEM32\ntdll.dll
0x00007ffa322c0000 - 0x00007ffa3237d000 	C:\WINDOWS\System32\KERNEL32.DLL
0x00007ffa30e50000 - 0x00007ffa31146000 	C:\WINDOWS\System32\KERNELBASE.dll
0x00007ffa31c20000 - 0x00007ffa31cd0000 	C:\WINDOWS\System32\ADVAPI32.dll
0x00007ffa31b80000 - 0x00007ffa31c1e000 	C:\WINDOWS\System32\msvcrt.dll
0x00007ffa32e60000 - 0x00007ffa32f00000 	C:\WINDOWS\System32\sechost.dll
0x00007ffa32190000 - 0x00007ffa322b5000 	C:\WINDOWS\System32\RPCRT4.dll
0x00007ffa30dd0000 - 0x00007ffa30df7000 	C:\WINDOWS\System32\bcrypt.dll
0x00007ffa314e0000 - 0x00007ffa3167e000 	C:\WINDOWS\System32\USER32.dll
0x00007ffa30da0000 - 0x00007ffa30dc2000 	C:\WINDOWS\System32\win32u.dll
0x00007ffa31cd0000 - 0x00007ffa31cfb000 	C:\WINDOWS\System32\GDI32.dll
0x00007ffa311c0000 - 0x00007ffa312d7000 	C:\WINDOWS\System32\gdi32full.dll
0x00007ffa31440000 - 0x00007ffa314dd000 	C:\WINDOWS\System32\msvcp_win.dll
0x00007ffa30b60000 - 0x00007ffa30c60000 	C:\WINDOWS\System32\ucrtbase.dll
0x00007ffa25230000 - 0x00007ffa254ca000 	C:\WINDOWS\WinSxS\amd64_microsoft.windows.common-controls_6595b64144ccf1df_6.0.19041.3636_none_60b6a03d71f818d5\COMCTL32.dll
0x00007ffa31db0000 - 0x00007ffa31de2000 	C:\WINDOWS\System32\IMM32.DLL
0x0000000058a80000 - 0x0000000058b52000 	D:\virtual-discE-Java\JDK 8 Windows\jdk1.8.0_161\jre\bin\msvcr100.dll
0x0000000058b60000 - 0x00000000593ff000 	D:\virtual-discE-Java\JDK 8 Windows\jdk1.8.0_161\jre\bin\server\jvm.dll
0x00007ffa32df0000 - 0x00007ffa32df8000 	C:\WINDOWS\System32\PSAPI.DLL
0x00007ffa27fb0000 - 0x00007ffa27fd7000 	C:\WINDOWS\SYSTEM32\WINMM.dll
0x00007ffa29600000 - 0x00007ffa2960a000 	C:\WINDOWS\SYSTEM32\VERSION.dll
0x00007ffa2c740000 - 0x00007ffa2c749000 	C:\WINDOWS\SYSTEM32\WSOCK32.dll
0x00007ffa32c20000 - 0x00007ffa32c8b000 	C:\WINDOWS\System32\WS2_32.dll
0x0000000058a30000 - 0x0000000058a3f000 	D:\virtual-discE-Java\JDK 8 Windows\jdk1.8.0_161\jre\bin\verify.dll
0x0000000058a00000 - 0x0000000058a29000 	D:\virtual-discE-Java\JDK 8 Windows\jdk1.8.0_161\jre\bin\java.dll
0x00000000589e0000 - 0x00000000589f6000 	D:\virtual-discE-Java\JDK 8 Windows\jdk1.8.0_161\jre\bin\zip.dll
0x00007ffa324b0000 - 0x00007ffa32c1b000 	C:\WINDOWS\System32\SHELL32.dll
0x00007ffa2ec30000 - 0x00007ffa2f3ce000 	C:\WINDOWS\SYSTEM32\windows.storage.dll
0x00007ffa317a0000 - 0x00007ffa31af3000 	C:\WINDOWS\System32\combase.dll
0x00007ffa30590000 - 0x00007ffa305be000 	C:\WINDOWS\SYSTEM32\Wldp.dll
0x00007ffa32060000 - 0x00007ffa3212d000 	C:\WINDOWS\System32\OLEAUT32.dll
0x00007ffa31d00000 - 0x00007ffa31dad000 	C:\WINDOWS\System32\SHCORE.dll
0x00007ffa32130000 - 0x00007ffa32185000 	C:\WINDOWS\System32\shlwapi.dll
0x00007ffa30a90000 - 0x00007ffa30ab5000 	C:\WINDOWS\SYSTEM32\profapi.dll
0x0000000058800000 - 0x0000000058998000 	D:\virtual-discE-Java\JDK 8 Windows\jdk1.8.0_161\jre\bin\awt.dll
0x00007ffa2e380000 - 0x00007ffa2e410000 	C:\WINDOWS\SYSTEM32\apphelp.dll
0x0000000058690000 - 0x00000000586ce000 	D:\virtual-discE-Java\JDK 8 Windows\jdk1.8.0_161\jre\bin\lcms.dll
0x00007ff9e9970000 - 0x00007ff9e9ab0000 	C:\Users\Gilgamesh\Desktop\Dragon-alpha-v1.2\native-lib\cuda_float32\Cu32_batchMatMul_cu118.dll
0x00007ffa2b6d0000 - 0x00007ffa2b6e6000 	D:\virtual-discE-Java\JDK 8 Windows\jdk1.8.0_161\jre\bin\VCRUNTIME140.dll
0x00007ff9cee10000 - 0x00007ff9d16c1000 	C:\Users\Gilgamesh\Desktop\Dragon-alpha-v1.2\native-lib\cuda_float32\Cu32_conv3D_cu118.dll
0x00007ff9ddc60000 - 0x00007ff9de120000 	C:\Users\Gilgamesh\Desktop\Dragon-alpha-v1.2\native-lib\cuda_float32\Cu32_dconv3D_deltaW_cu118.dll
0x00007ff9cd040000 - 0x00007ff9cee08000 	C:\Users\Gilgamesh\Desktop\Dragon-alpha-v1.2\native-lib\cuda_float32\Cu32_dconv3D_deltaX_cu118.dll
0x00007ff9e06a0000 - 0x00007ff9e08e6000 	C:\Users\Gilgamesh\Desktop\Dragon-alpha-v1.2\native-lib\cuda_float32\Cu32_matMul_cu118.dll
0x00007ffa20a70000 - 0x00007ffa20abf000 	C:\Users\Gilgamesh\Desktop\Dragon-alpha-v1.2\native-lib\cuda_float32\Cuda.dll
0x00007ffa26930000 - 0x00007ffa2695a000 	C:\Users\Gilgamesh\Desktop\Dragon-alpha-v1.2\native-lib\cuda_float32\CudaDevice.dll
0x00007ffa197d0000 - 0x00007ffa1982d000 	C:\Users\Gilgamesh\Desktop\Dragon-alpha-v1.2\native-lib\cuda_float32\Cuda_expk2.dll
0x00007ff9dfeb0000 - 0x00007ff9e0045000 	C:\Users\Gilgamesh\Desktop\Dragon-alpha-v1.2\native-lib\cuda_float32\Cuda_function.dll
0x00007ff9f80a0000 - 0x00007ff9f814f000 	C:\Users\Gilgamesh\Desktop\Dragon-alpha-v1.2\native-lib\cuda_float32\Cuda_image.dll
0x00007ffa18930000 - 0x00007ffa18982000 	C:\Users\Gilgamesh\Desktop\Dragon-alpha-v1.2\native-lib\cuda_float32\Cuda_pool2D.dll
0x00007ffa193e0000 - 0x00007ffa1941e000 	C:\Users\Gilgamesh\Desktop\Dragon-alpha-v1.2\native-lib\cuda_float32\Cuda_random.dll
0x00007ff9dcce0000 - 0x00007ff9dceb8000 	C:\Users\Gilgamesh\Desktop\Dragon-alpha-v1.2\native-lib\cuda_float32\Cuda_reduce.dll
0x00007ffa10f30000 - 0x00007ffa10fa0000 	C:\Users\Gilgamesh\Desktop\Dragon-alpha-v1.2\native-lib\cuda_float32\Cuda_upool2D.dll
0x00007ff9d7e60000 - 0x00007ff9d81b3000 	C:\WINDOWS\SYSTEM32\nvcuda.dll
0x00007ff9cc680000 - 0x00007ff9cd036000 	C:\WINDOWS\system32\DriverStore\FileRepository\nv_dispig.inf_amd64_7e5fd280efaa5445\nvcuda64.dll
0x00007ffa30720000 - 0x00007ffa30732000 	C:\WINDOWS\SYSTEM32\msasn1.dll
0x00007ffa295c0000 - 0x00007ffa295f1000 	C:\WINDOWS\SYSTEM32\cryptnet.dll
0x00007ffa312e0000 - 0x00007ffa3143d000 	C:\WINDOWS\System32\CRYPT32.dll
0x00007ffa29470000 - 0x00007ffa295b8000 	C:\WINDOWS\SYSTEM32\drvstore.dll
0x00007ffa308f0000 - 0x00007ffa30923000 	C:\WINDOWS\SYSTEM32\devobj.dll
0x00007ffa30e00000 - 0x00007ffa30e4e000 	C:\WINDOWS\System32\cfgmgr32.dll
0x00007ffa30500000 - 0x00007ffa3050c000 	C:\WINDOWS\SYSTEM32\cryptbase.dll
0x00007ffa26de0000 - 0x00007ffa2757f000 	C:\WINDOWS\SYSTEM32\nvapi64.dll
0x00007ffa32f20000 - 0x00007ffa3338e000 	C:\WINDOWS\System32\SETUPAPI.dll
0x00007ffa32380000 - 0x00007ffa324ab000 	C:\WINDOWS\System32\ole32.dll
0x00007ffa2ea30000 - 0x00007ffa2ea42000 	C:\WINDOWS\SYSTEM32\kernel.appcore.dll
0x00007ffa258d0000 - 0x00007ffa25ab4000 	C:\WINDOWS\SYSTEM32\dbghelp.dll
0x00007ffa30d10000 - 0x00007ffa30d92000 	C:\WINDOWS\System32\bcryptPrimitives.dll

VM Arguments:
jvm_args: -Dfile.encoding=UTF-8 -Xms8192m 
java_command: test.cuda.conv3D.Cuda_conv3D_dW_test
java_class_path (initial): D:\virtual-discC-code\Dragon-alpha-3060ti\ZUTIL-STD-1.2\build\classes;D:\virtual-discC-code\Dragon-alpha-3060ti\alpha-Dragon-v1.2\build\classes;D:\virtual-discC-code\Dragon-alpha-3060ti\alpha-Dragon-v1.2\build\test\classes
Launcher Type: SUN_STANDARD

Environment Variables:
JAVA_HOME=D:\virtual-discE-Java\JDK 8 Windows\jdk1.8.0_161
PATH=C:\Program Files\NVIDIA GPU Computing Toolkit\CUDA\v11.8\bin;C:\Program Files\NVIDIA GPU Computing Toolkit\CUDA\v11.8\libnvvp;C:\Program Files\NVIDIA GPU Computing Toolkit\CUDA\v11.5\bin;C:\Program Files\NVIDIA GPU Computing Toolkit\CUDA\v11.5\libnvvp;C:\Program Files\NVIDIA GPU Computing Toolkit\CUDA\v11.5\include;C:\WINDOWS\system32;C:\WINDOWS;C:\WINDOWS\System32\Wbem;C:\WINDOWS\System32\WindowsPowerShell\v1.0\;C:\WINDOWS\System32\OpenSSH\;C:\Program Files (x86)\NVIDIA Corporation\PhysX\Common;C:\Program Files\NVIDIA Corporation\NVIDIA NvDLISR;D:\virtual-discE-Java\JDK 8 Windows\jdk1.8.0_161\bin;C:\Program Files\NVIDIA Corporation\Nsight Compute 2022.3.0\;C:\Users\Gilgamesh\AppData\Local\Microsoft\WindowsApps;C:\Users\Gilgamesh\AppData\Local\GitHubDesktop\bin;D:\virtual-discA\LaTex\TeXLive\texlive\2023\bin\windows
USERNAME=Gilgamesh
OS=Windows_NT
PROCESSOR_IDENTIFIER=Intel64 Family 6 Model 151 Stepping 2, GenuineIntel



---------------  S Y S T E M  ---------------

OS: Windows 10.0 , 64 bit Build 19041 (10.0.19041.3636)

CPU:total 12 (initial active 12) (6 cores per cpu, 2 threads per core) family 6 model 151 stepping 2, cmov, cx8, fxsr, mmx, sse, sse2, sse3, ssse3, sse4.1, sse4.2, popcnt, avx, avx2, aes, clmul, erms, 3dnowpref, lzcnt, ht, tsc, tscinvbit, bmi1, bmi2, adx

Memory: 4k page, physical 16586168k(8714616k free), swap 22079132k(2900284k free)

vm_info: Java HotSpot(TM) 64-Bit Server VM (25.161-b12) for windows-amd64 JRE (1.8.0_161-b12), built on Dec 19 2017 17:52:25 by "java_re" with MS VC++ 10.0 (VS2010)

time: Tue Mar 26 23:04:24 2024
elapsed time: 0 seconds (0d 0h 0m 0s)

