#
# A fatal error has been detected by the Java Runtime Environment:
#
#  EXCEPTION_ACCESS_VIOLATION (0xc0000005) at pc=0x00007ffe970d169e, pid=5032, tid=0x0000000000001e9c
#
# JRE version: Java(TM) SE Runtime Environment (8.0_161-b12) (build 1.8.0_161-b12)
# Java VM: Java HotSpot(TM) 64-Bit Server VM (25.161-b12 mixed mode windows-amd64 compressed oops)
# Problematic frame:
# C  [nvcuda64.dll+0x15169e]
#
# Failed to write core dump. Minidumps are not enabled by default on client versions of Windows
#
# If you would like to submit a bug report, please visit:
#   http://bugreport.java.com/bugreport/crash.jsp
# The crash happened outside the Java Virtual Machine in native code.
# See problematic frame for where to report the bug.
#

---------------  T H R E A D  ---------------

Current thread (0x00000000034ee000):  JavaThread "main" [_thread_in_native, id=7836, stack(0x0000000003330000,0x0000000003430000)]

siginfo: ExceptionCode=0xc0000005, reading address 0x0000000000000048

Registers:
RAX=0x0000000000000000, RBX=0x0000000000000000, RCX=0x0000000000000000, RDX=0x0000000000000001
RSP=0x000000000342ed80, RBP=0x000000000342ee19, RSI=0x0000000000000000, RDI=0x0000000088a0f370
R8 =0x0000000000000001, R9 =0x000000007ffec000, R10=0x00000000546c6148, R11=0xfffffffff83e2a27
R12=0x0000000000000000, R13=0x00000007171ad498, R14=0x000000000342eff0, R15=0x00000000034ee000
RIP=0x00007ffe970d169e, EFLAGS=0x0000000000010202

Top of Stack: (sp=0x000000000342ed80)
0x000000000342ed80:   00000007171ad498 0000000000000000
0x000000000342ed90:   0000000088a0f370 0000000000000000
0x000000000342eda0:   0000000000000000 00007ffe971c2964
0x000000000342edb0:   0000000200800000 000000000342ee19
0x000000000342edc0:   0000000000000000 00007ffeeade18f7
0x000000000342edd0:   0000000100000020 00007ffeeadf86b0
0x000000000342ede0:   000000000342edf0 00007ffeeade1b9d
0x000000000342edf0:   000000000342ee90 000000024fc00000
0x000000000342ee00:   000000000342eea0 00007ffeeadf86c4
0x000000000342ee10:   00000000034ee1f8 0000000000800000
0x000000000342ee20:   0000000000000000 0000000000000000
0x000000000342ee30:   000000024fc00000 000000000383e80a
0x000000000342ee40:   00000000034ede40 0000000066f5aaaf
0x000000000342ee50:   0000000088a0f370 00007ffeeadf5a80
0x000000000342ee60:   0000000088a0f370 0000000000000000
0x000000000342ee70:   000000000342ef09 00007ffeeade4245 

Instructions: (pc=0x00007ffe970d169e)
0x00007ffe970d167e:   41 5d 41 5c 5f 5e 5d c3 cc cc cc cc cc cc cc cc
0x00007ffe970d168e:   cc cc 40 53 48 83 ec 20 48 8b 09 48 8b da b2 01
0x00007ffe970d169e:   48 8b 41 48 ff 90 18 41 00 00 85 c0 75 0d 48 8b
0x00007ffe970d16ae:   cb 48 83 c4 20 5b e9 47 38 0b 00 48 83 c4 20 5b 


Register to memory mapping:

RAX=0x0000000000000000 is an unknown value
RBX=0x0000000000000000 is an unknown value
RCX=0x0000000000000000 is an unknown value
RDX=0x0000000000000001 is an unknown value
RSP=0x000000000342ed80 is pointing into the stack for thread: 0x00000000034ee000
RBP=0x000000000342ee19 is pointing into the stack for thread: 0x00000000034ee000
RSI=0x0000000000000000 is an unknown value
RDI=0x0000000088a0f370 is an unknown value
R8 =0x0000000000000001 is an unknown value
R9 =0x000000007ffec000 is an unknown value
R10=0x00000000546c6148 is an unknown value
R11=0xfffffffff83e2a27 is an unknown value
R12=0x0000000000000000 is an unknown value
R13=0x00000007171ad498 is an oop
z.dragon.engine.Tensor 
 - klass: 'z/dragon/engine/Tensor'
R14=0x000000000342eff0 is pointing into the stack for thread: 0x00000000034ee000
R15=0x00000000034ee000 is a thread


Stack: [0x0000000003330000,0x0000000003430000],  sp=0x000000000342ed80,  free space=1019k
Native frames: (J=compiled Java code, j=interpreted, Vv=VM code, C=native code)
C  [nvcuda64.dll+0x15169e]
C  [nvcuda64.dll+0x242964]
C  [Cuda_sm86.dll+0x4245]  cudart::cudaApiEventSynchronize+0x15
C  [Cuda_sm86.dll+0x1e05]  cudaEventSynchronize+0x115
C  [Cuda_sm86.dll+0x15a98]  Java_z_dragon_engine_cuda_impl_Cuda_eventSynchronize_1delete+0x18
C  0x000000000383f283

Java frames: (J=compiled Java code, j=interpreted, Vv=VM code)
J 445  z.dragon.engine.cuda.impl.Cuda.eventSync_Del(J)V (0 bytes) @ 0x000000000383f201 [0x000000000383f1c0+0x41]
J 1062 C2 z.dragon.engine.cuda.CudaFloat32EngineBase$StreamSyncer.sync()V (32 bytes) @ 0x0000000003a4e23c [0x0000000003a4e1a0+0x9c]
J 1191 C2 z.dragon.engine.Syncer$DualSyncer.sync()V (33 bytes) @ 0x0000000003abbcb0 [0x0000000003abbc60+0x50]
J 1269 C2 z.dragon.nn.core.simple.SimpleCore.backward([Lz/dragon/engine/Tensor;)[Lz/dragon/engine/Tensor; (165 bytes) @ 0x0000000003b278cc [0x0000000003b27780+0x14c]
J 1186 C2 z.dragon.nn.core.module.CoreModule.backward(Lz/dragon/nn/core/UnitCore;)V (72 bytes) @ 0x0000000003adf4c4 [0x0000000003adef00+0x5c4]
J 1567 C2 z.dragon.nn.core.module.CoreModule.backward([Lz/dragon/engine/Tensor;)[Lz/dragon/engine/Tensor; (143 bytes) @ 0x0000000003c3d658 [0x0000000003c3d300+0x358]
J 1612 C1 z.dragon.nn.unit.Unit.backward([Lz/dragon/engine/Tensor;)[Lz/dragon/engine/Tensor; (12 bytes) @ 0x0000000003c72814 [0x0000000003c722a0+0x574]
j  cifar10.resnet18_leaky_relu_attention.train.training(I)V+291
j  cifar10.resnet18_leaky_relu_attention.train.main([Ljava/lang/String;)V+2
v  ~StubRoutines::call_stub

---------------  P R O C E S S  ---------------

Java Threads: ( => current thread )
  0x0000000029f12800 JavaThread "Thread-7" daemon [_thread_blocked, id=14752, stack(0x0000000000a10000,0x0000000000b10000)]
  0x0000000029f0c800 JavaThread "Thread-6" daemon [_thread_blocked, id=6760, stack(0x0000000000910000,0x0000000000a10000)]
  0x0000000029f4d800 JavaThread "Thread-5" daemon [_thread_blocked, id=9568, stack(0x0000000000810000,0x0000000000910000)]
  0x0000000029f2c800 JavaThread "Thread-4" daemon [_thread_blocked, id=4884, stack(0x00000000673e0000,0x00000000674e0000)]
  0x0000000029e46000 JavaThread "Thread-3" daemon [_thread_blocked, id=7740, stack(0x000000004ddc0000,0x000000004dec0000)]
  0x0000000029e43800 JavaThread "Thread-2" daemon [_thread_blocked, id=4428, stack(0x00000000490a0000,0x00000000491a0000)]
  0x0000000029e40000 JavaThread "Thread-1" daemon [_thread_blocked, id=1580, stack(0x0000000048fa0000,0x00000000490a0000)]
  0x0000000029e1f800 JavaThread "Thread-0" daemon [_thread_blocked, id=11732, stack(0x0000000048ea0000,0x0000000048fa0000)]
  0x0000000029cb6000 JavaThread "Java2D Disposer" daemon [_thread_blocked, id=5020, stack(0x000000002a3e0000,0x000000002a4e0000)]
  0x0000000028048800 JavaThread "Service Thread" daemon [_thread_blocked, id=11840, stack(0x0000000029930000,0x0000000029a30000)]
  0x0000000027fc3800 JavaThread "C1 CompilerThread3" daemon [_thread_blocked, id=5424, stack(0x0000000029830000,0x0000000029930000)]
  0x0000000027fbf800 JavaThread "C2 CompilerThread2" daemon [_thread_blocked, id=12044, stack(0x0000000029730000,0x0000000029830000)]
  0x0000000027fba800 JavaThread "C2 CompilerThread1" daemon [_thread_blocked, id=5760, stack(0x0000000029630000,0x0000000029730000)]
  0x0000000027f5d000 JavaThread "C2 CompilerThread0" daemon [_thread_blocked, id=5036, stack(0x0000000029530000,0x0000000029630000)]
  0x0000000027f5b000 JavaThread "Attach Listener" daemon [_thread_blocked, id=8548, stack(0x0000000029430000,0x0000000029530000)]
  0x0000000027fb4800 JavaThread "Signal Dispatcher" daemon [_thread_blocked, id=7788, stack(0x0000000029330000,0x0000000029430000)]
  0x0000000027f43000 JavaThread "Finalizer" daemon [_thread_in_native, id=13376, stack(0x00000000291d0000,0x00000000292d0000)]
  0x00000000035ea000 JavaThread "Reference Handler" daemon [_thread_blocked, id=4860, stack(0x00000000290d0000,0x00000000291d0000)]
=>0x00000000034ee000 JavaThread "main" [_thread_in_native, id=7836, stack(0x0000000003330000,0x0000000003430000)]

Other Threads:
  0x0000000026855800 VMThread [stack: 0x0000000028fd0000,0x00000000290d0000] [id=1748]
  0x0000000028063800 WatcherThread [stack: 0x0000000029a30000,0x0000000029b30000] [id=14168]

VM state:not at safepoint (normal execution)

VM Mutex/Monitor currently owned by a thread: None

Heap:
 PSYoungGen      total 2446848K, used 435742K [0x0000000715580000, 0x00000007c0000000, 0x00000007c0000000)
  eden space 2097664K, 10% used [0x0000000715580000,0x0000000723423d50,0x0000000795600000)
  from space 349184K, 59% used [0x0000000795600000,0x00000007a20e3ad0,0x00000007aab00000)
  to   space 349184K, 0% used [0x00000007aab00000,0x00000007aab00000,0x00000007c0000000)
 ParOldGen       total 5592576K, used 16K [0x00000005c0000000, 0x0000000715580000, 0x0000000715580000)
  object space 5592576K, 0% used [0x00000005c0000000,0x00000005c0004000,0x0000000715580000)
 Metaspace       used 11435K, capacity 11840K, committed 12032K, reserved 1060864K
  class space    used 1132K, capacity 1244K, committed 1280K, reserved 1048576K

Card table byte_map: [0x00000000129b0000,0x00000000139c0000] byte_map_base: 0x000000000fbb0000

Marking Bits: (ParMarkBitMap*) 0x000000006725f860
 Begin Bits: [0x0000000014e70000, 0x000000001ce70000)
 End Bits:   [0x000000001ce70000, 0x0000000024e70000)

Polling page: 0x0000000001260000

CodeCache: size=245760Kb used=7102Kb max_used=7106Kb free=238657Kb
 bounds [0x00000000035f0000, 0x0000000003cf0000, 0x00000000125f0000]
 total_blobs=2715 nmethods=1724 adapters=903
 compilation: enabled

Compilation events (10 events):
Event: 47.946 Thread 0x0000000027fc3800 1720       3       java.io.FileInputStream::finalize (22 bytes)
Event: 47.946 Thread 0x0000000027fc3800 nmethod 1720 0x0000000003ce0690 code [0x0000000003ce0800, 0x0000000003ce0a28]
Event: 47.948 Thread 0x0000000027fc3800 1721       3       java.lang.Exception::<init> (5 bytes)
Event: 47.949 Thread 0x0000000027fc3800 nmethod 1721 0x0000000003ce0050 code [0x0000000003ce01c0, 0x0000000003ce04e8]
Event: 47.949 Thread 0x0000000027fc3800 1722       3       java.lang.Throwable::<init> (29 bytes)
Event: 47.949 Thread 0x0000000027fc3800 nmethod 1722 0x0000000003ce7f90 code [0x0000000003ce8100, 0x0000000003ce83c8]
Event: 47.951 Thread 0x0000000027fc3800 1723       3       z.dragon.engine.cuda.impl.CudaException::<init> (10 bytes)
Event: 47.951 Thread 0x0000000027fc3800 nmethod 1723 0x0000000003ce7a90 code [0x0000000003ce7c00, 0x0000000003ce7e68]
Event: 47.951 Thread 0x0000000027fc3800 1724       3       java.lang.RuntimeException::<init> (5 bytes)
Event: 47.951 Thread 0x0000000027fc3800 nmethod 1724 0x0000000003ce7410 code [0x0000000003ce75a0, 0x0000000003ce7928]

GC Heap History (2 events):
Event: 47.745 GC heap before
{Heap before GC invocations=1 (full 0):
 PSYoungGen      total 2446848K, used 2097664K [0x0000000715580000, 0x00000007c0000000, 0x00000007c0000000)
  eden space 2097664K, 100% used [0x0000000715580000,0x0000000795600000,0x0000000795600000)
  from space 349184K, 0% used [0x00000007aab00000,0x00000007aab00000,0x00000007c0000000)
  to   space 349184K, 0% used [0x0000000795600000,0x0000000795600000,0x00000007aab00000)
 ParOldGen       total 5592576K, used 0K [0x00000005c0000000, 0x0000000715580000, 0x0000000715580000)
  object space 5592576K, 0% used [0x00000005c0000000,0x00000005c0000000,0x0000000715580000)
 Metaspace       used 11411K, capacity 11840K, committed 12032K, reserved 1060864K
  class space    used 1132K, capacity 1244K, committed 1280K, reserved 1048576K
Event: 47.850 GC heap after
Heap after GC invocations=1 (full 0):
 PSYoungGen      total 2446848K, used 207758K [0x0000000715580000, 0x00000007c0000000, 0x00000007c0000000)
  eden space 2097664K, 0% used [0x0000000715580000,0x0000000715580000,0x0000000795600000)
  from space 349184K, 59% used [0x0000000795600000,0x00000007a20e3ad0,0x00000007aab00000)
  to   space 349184K, 0% used [0x00000007aab00000,0x00000007aab00000,0x00000007c0000000)
 ParOldGen       total 5592576K, used 16K [0x00000005c0000000, 0x0000000715580000, 0x0000000715580000)
  object space 5592576K, 0% used [0x00000005c0000000,0x00000005c0004000,0x0000000715580000)
 Metaspace       used 11411K, capacity 11840K, committed 12032K, reserved 1060864K
  class space    used 1132K, capacity 1244K, committed 1280K, reserved 1048576K
}

Deoptimization events (10 events):
Event: 39.610 Thread 0x00000000034ee000 Uncommon trap: reason=array_check action=maybe_recompile pc=0x0000000003c9a65c method=z.util.math.Sort.sort([I[Ljava/lang/Object;II)V @ 299
Event: 45.081 Thread 0x00000000034ee000 Uncommon trap: reason=array_check action=maybe_recompile pc=0x0000000003cc9dcc method=z.util.math.Sort.sort([I[Ljava/lang/Object;II)V @ 338
Event: 45.081 Thread 0x00000000034ee000 Uncommon trap: reason=array_check action=maybe_recompile pc=0x0000000003cc9dcc method=z.util.math.Sort.sort([I[Ljava/lang/Object;II)V @ 338
Event: 47.944 Thread 0x00000000035ea000 Uncommon trap: reason=unstable_if action=reinterpret pc=0x0000000003cd939c method=java.lang.ref.ReferenceQueue.enqueue(Ljava/lang/ref/Reference;)Z @ 61
Event: 47.944 Thread 0x00000000035ea000 Uncommon trap: reason=class_check action=maybe_recompile pc=0x0000000003cd59d8 method=java.lang.ref.ReferenceQueue.enqueue(Ljava/lang/ref/Reference;)Z @ 91
Event: 47.944 Thread 0x00000000035ea000 Uncommon trap: reason=class_check action=maybe_recompile pc=0x0000000003cd59d8 method=java.lang.ref.ReferenceQueue.enqueue(Ljava/lang/ref/Reference;)Z @ 91
Event: 47.944 Thread 0x00000000035ea000 Uncommon trap: reason=class_check action=maybe_recompile pc=0x0000000003cd59d8 method=java.lang.ref.ReferenceQueue.enqueue(Ljava/lang/ref/Reference;)Z @ 91
Event: 47.944 Thread 0x00000000035ea000 Uncommon trap: reason=class_check action=maybe_recompile pc=0x0000000003cd59d8 method=java.lang.ref.ReferenceQueue.enqueue(Ljava/lang/ref/Reference;)Z @ 91
Event: 47.944 Thread 0x00000000035ea000 Uncommon trap: reason=class_check action=maybe_recompile pc=0x0000000003cd9ed0 method=java.lang.ref.ReferenceQueue.enqueue(Ljava/lang/ref/Reference;)Z @ 91
Event: 47.960 Thread 0x0000000029f4d800 Uncommon trap: reason=unstable_if action=reinterpret pc=0x0000000003b54484 method=java.util.concurrent.FutureTask.run()V @ 66

Classes redefined (0 events):
No events

Internal exceptions (10 events):
Event: 47.960 Thread 0x0000000027f43000 Exception <a 'z/dragon/engine/cuda/impl/CudaException'> (0x000000071a533598) thrown at [C:\re\workspace\8-2-build-windows-amd64-cygwin\jdk8u161\10277\hotspot\src\share\vm\prims\jni.cpp, line 709]
Event: 47.960 Thread 0x0000000027f43000 Exception <a 'z/dragon/engine/cuda/impl/CudaException'> (0x000000071a5337a8) thrown at [C:\re\workspace\8-2-build-windows-amd64-cygwin\jdk8u161\10277\hotspot\src\share\vm\prims\jni.cpp, line 709]
Event: 47.960 Thread 0x0000000027f43000 Exception <a 'z/dragon/engine/cuda/impl/CudaException'> (0x000000071a5339b8) thrown at [C:\re\workspace\8-2-build-windows-amd64-cygwin\jdk8u161\10277\hotspot\src\share\vm\prims\jni.cpp, line 709]
Event: 47.960 Thread 0x0000000027f43000 Exception <a 'z/dragon/engine/cuda/impl/CudaException'> (0x000000071a533bc8) thrown at [C:\re\workspace\8-2-build-windows-amd64-cygwin\jdk8u161\10277\hotspot\src\share\vm\prims\jni.cpp, line 709]
Event: 47.960 Thread 0x0000000027f43000 Exception <a 'z/dragon/engine/cuda/impl/CudaException'> (0x000000071a533dd8) thrown at [C:\re\workspace\8-2-build-windows-amd64-cygwin\jdk8u161\10277\hotspot\src\share\vm\prims\jni.cpp, line 709]
Event: 47.960 Thread 0x0000000027f43000 Exception <a 'z/dragon/engine/cuda/impl/CudaException'> (0x000000071a533fe8) thrown at [C:\re\workspace\8-2-build-windows-amd64-cygwin\jdk8u161\10277\hotspot\src\share\vm\prims\jni.cpp, line 709]
Event: 47.960 Thread 0x0000000027f43000 Exception <a 'z/dragon/engine/cuda/impl/CudaException'> (0x000000071a5341f8) thrown at [C:\re\workspace\8-2-build-windows-amd64-cygwin\jdk8u161\10277\hotspot\src\share\vm\prims\jni.cpp, line 709]
Event: 47.960 Thread 0x0000000027f43000 Exception <a 'z/dragon/engine/cuda/impl/CudaException'> (0x000000071a534408) thrown at [C:\re\workspace\8-2-build-windows-amd64-cygwin\jdk8u161\10277\hotspot\src\share\vm\prims\jni.cpp, line 709]
Event: 47.960 Thread 0x0000000027f43000 Exception <a 'z/dragon/engine/cuda/impl/CudaException'> (0x000000071a534618) thrown at [C:\re\workspace\8-2-build-windows-amd64-cygwin\jdk8u161\10277\hotspot\src\share\vm\prims\jni.cpp, line 709]
Event: 47.960 Thread 0x0000000027f43000 Exception <a 'z/dragon/engine/cuda/impl/CudaException'> (0x000000071a534828) thrown at [C:\re\workspace\8-2-build-windows-amd64-cygwin\jdk8u161\10277\hotspot\src\share\vm\prims\jni.cpp, line 709]

Events (10 events):
Event: 47.944 Thread 0x00000000035ea000 DEOPT UNPACKING pc=0x000000000363583b sp=0x00000000291cf0b0 mode 2
Event: 47.944 Thread 0x00000000035ea000 Uncommon trap: trap_request=0xffffffde fr.pc=0x0000000003cd59d8
Event: 47.944 Thread 0x00000000035ea000 DEOPT PACKING pc=0x0000000003cd59d8 sp=0x00000000291cf170
Event: 47.944 Thread 0x00000000035ea000 DEOPT UNPACKING pc=0x000000000363583b sp=0x00000000291cf0b0 mode 2
Event: 47.944 Thread 0x00000000035ea000 Uncommon trap: trap_request=0xffffffde fr.pc=0x0000000003cd9ed0
Event: 47.944 Thread 0x00000000035ea000 DEOPT PACKING pc=0x0000000003cd9ed0 sp=0x00000000291cf0e0
Event: 47.944 Thread 0x00000000035ea000 DEOPT UNPACKING pc=0x000000000363583b sp=0x00000000291cf0a0 mode 2
Event: 47.960 Thread 0x0000000029f4d800 Uncommon trap: trap_request=0xffffff65 fr.pc=0x0000000003b54484
Event: 47.960 Thread 0x0000000029f4d800 DEOPT PACKING pc=0x0000000003b54484 sp=0x000000000090f510
Event: 47.960 Thread 0x0000000029f4d800 DEOPT UNPACKING pc=0x000000000363583b sp=0x000000000090f498 mode 2


Dynamic libraries:
0x00007ff609480000 - 0x00007ff6094b7000 	D:\virtual-discE-Java\JDK 8 Windows\jdk1.8.0_161\bin\java.exe
0x00007fff0e050000 - 0x00007fff0e248000 	C:\WINDOWS\SYSTEM32\ntdll.dll
0x00007fff0c320000 - 0x00007fff0c3e1000 	C:\WINDOWS\System32\KERNEL32.DLL
0x00007fff0b970000 - 0x00007fff0bc6d000 	C:\WINDOWS\System32\KERNELBASE.dll
0x00007fff0c080000 - 0x00007fff0c130000 	C:\WINDOWS\System32\ADVAPI32.dll
0x00007fff0c130000 - 0x00007fff0c1ce000 	C:\WINDOWS\System32\msvcrt.dll
0x00007fff0c280000 - 0x00007fff0c320000 	C:\WINDOWS\System32\sechost.dll
0x00007fff0cf30000 - 0x00007fff0d053000 	C:\WINDOWS\System32\RPCRT4.dll
0x00007fff0b700000 - 0x00007fff0b727000 	C:\WINDOWS\System32\bcrypt.dll
0x00007fff0d4a0000 - 0x00007fff0d63d000 	C:\WINDOWS\System32\USER32.dll
0x00007fff0bea0000 - 0x00007fff0bec2000 	C:\WINDOWS\System32\win32u.dll
0x00007fff0df70000 - 0x00007fff0df9b000 	C:\WINDOWS\System32\GDI32.dll
0x00007fff0bd10000 - 0x00007fff0be27000 	C:\WINDOWS\System32\gdi32full.dll
0x00007fff0bc70000 - 0x00007fff0bd0d000 	C:\WINDOWS\System32\msvcp_win.dll
0x00007fff0bed0000 - 0x00007fff0bfd0000 	C:\WINDOWS\System32\ucrtbase.dll
0x00007ffef2fc0000 - 0x00007ffef325a000 	C:\WINDOWS\WinSxS\amd64_microsoft.windows.common-controls_6595b64144ccf1df_6.0.19041.4355_none_60b8b9eb71f62e16\COMCTL32.dll
0x00007fff0dd30000 - 0x00007fff0dd5f000 	C:\WINDOWS\System32\IMM32.DLL
0x0000000067840000 - 0x0000000067912000 	D:\virtual-discE-Java\JDK 8 Windows\jdk1.8.0_161\jre\bin\msvcr100.dll
0x0000000066a40000 - 0x00000000672df000 	D:\virtual-discE-Java\JDK 8 Windows\jdk1.8.0_161\jre\bin\server\jvm.dll
0x00007fff0e000000 - 0x00007fff0e008000 	C:\WINDOWS\System32\PSAPI.DLL
0x00007ffeffc70000 - 0x00007ffeffc97000 	C:\WINDOWS\SYSTEM32\WINMM.dll
0x00007fff03ce0000 - 0x00007fff03cea000 	C:\WINDOWS\SYSTEM32\VERSION.dll
0x00007fff06e90000 - 0x00007fff06e99000 	C:\WINDOWS\SYSTEM32\WSOCK32.dll
0x00007fff0dc10000 - 0x00007fff0dc7b000 	C:\WINDOWS\System32\WS2_32.dll
0x00000000677f0000 - 0x00000000677ff000 	D:\virtual-discE-Java\JDK 8 Windows\jdk1.8.0_161\jre\bin\verify.dll
0x00000000677c0000 - 0x00000000677e9000 	D:\virtual-discE-Java\JDK 8 Windows\jdk1.8.0_161\jre\bin\java.dll
0x00000000677a0000 - 0x00000000677b6000 	D:\virtual-discE-Java\JDK 8 Windows\jdk1.8.0_161\jre\bin\zip.dll
0x00007fff0c450000 - 0x00007fff0cbbf000 	C:\WINDOWS\System32\SHELL32.dll
0x00007fff09220000 - 0x00007fff099bf000 	C:\WINDOWS\SYSTEM32\windows.storage.dll
0x00007fff0d060000 - 0x00007fff0d3b3000 	C:\WINDOWS\System32\combase.dll
0x00007fff0b120000 - 0x00007fff0b14e000 	C:\WINDOWS\SYSTEM32\Wldp.dll
0x00007fff0d650000 - 0x00007fff0d71d000 	C:\WINDOWS\System32\OLEAUT32.dll
0x00007fff0dc80000 - 0x00007fff0dd2d000 	C:\WINDOWS\System32\SHCORE.dll
0x00007fff0ced0000 - 0x00007fff0cf25000 	C:\WINDOWS\System32\shlwapi.dll
0x00007fff0b630000 - 0x00007fff0b654000 	C:\WINDOWS\SYSTEM32\profapi.dll
0x00000000675c0000 - 0x0000000067758000 	D:\virtual-discE-Java\JDK 8 Windows\jdk1.8.0_161\jre\bin\awt.dll
0x00007fff05b40000 - 0x00007fff05bd4000 	C:\WINDOWS\SYSTEM32\apphelp.dll
0x00000000669d0000 - 0x0000000066a0e000 	D:\virtual-discE-Java\JDK 8 Windows\jdk1.8.0_161\jre\bin\lcms.dll
0x00007fff07dc0000 - 0x00007fff07dea000 	C:\Users\Gilgamesh\Desktop\Dragon-alpha-v1.2\native-lib\cuda_float32\CudaDevice_sm86.dll
0x00007fff03300000 - 0x00007fff03316000 	D:\virtual-discE-Java\JDK 8 Windows\jdk1.8.0_161\jre\bin\VCRUNTIME140.dll
0x00007ffecc2c0000 - 0x00007ffecc42a000 	C:\Users\Gilgamesh\Desktop\Dragon-alpha-v1.2\native-lib\cuda_float32\Cuda_batchMatMul_sm86.dll
0x00007ffe9bf10000 - 0x00007ffe9f330000 	C:\Users\Gilgamesh\Desktop\Dragon-alpha-v1.2\native-lib\cuda_float32\Cuda_conv3D_sm86.dll
0x00007ffe9b6c0000 - 0x00007ffe9bf04000 	C:\Users\Gilgamesh\Desktop\Dragon-alpha-v1.2\native-lib\cuda_float32\Cuda_dconv3D_deltaW_sm86.dll
0x00007ffe97940000 - 0x00007ffe9b6b3000 	C:\Users\Gilgamesh\Desktop\Dragon-alpha-v1.2\native-lib\cuda_float32\Cuda_dconv3D_deltaX_sm86.dll
0x00007ffefb080000 - 0x00007ffefb0df000 	C:\Users\Gilgamesh\Desktop\Dragon-alpha-v1.2\native-lib\cuda_float32\Cuda_expk2_sm86.dll
0x00007ffeaa6a0000 - 0x00007ffeaa97a000 	C:\Users\Gilgamesh\Desktop\Dragon-alpha-v1.2\native-lib\cuda_float32\Cuda_function_sm86.dll
0x00007ffedde20000 - 0x00007ffeddf03000 	C:\Users\Gilgamesh\Desktop\Dragon-alpha-v1.2\native-lib\cuda_float32\Cuda_image_sm86.dll
0x00007ffeaa3e0000 - 0x00007ffeaa697000 	C:\Users\Gilgamesh\Desktop\Dragon-alpha-v1.2\native-lib\cuda_float32\Cuda_matMul_sm86.dll
0x00007ffeef300000 - 0x00007ffeef356000 	C:\Users\Gilgamesh\Desktop\Dragon-alpha-v1.2\native-lib\cuda_float32\Cuda_pool2D_sm86.dll
0x00007ffeeae40000 - 0x00007ffeeae92000 	C:\Users\Gilgamesh\Desktop\Dragon-alpha-v1.2\native-lib\cuda_float32\Cuda_random_sm86.dll
0x00007ffea7ab0000 - 0x00007ffea7e5a000 	C:\Users\Gilgamesh\Desktop\Dragon-alpha-v1.2\native-lib\cuda_float32\Cuda_reduce_sm86.dll
0x00007ffeeade0000 - 0x00007ffeeae31000 	C:\Users\Gilgamesh\Desktop\Dragon-alpha-v1.2\native-lib\cuda_float32\Cuda_sm86.dll
0x00007ffee2e30000 - 0x00007ffee2ea5000 	C:\Users\Gilgamesh\Desktop\Dragon-alpha-v1.2\native-lib\cuda_float32\Cuda_upool2D_sm86.dll
0x00007ffea7090000 - 0x00007ffea73e3000 	C:\WINDOWS\SYSTEM32\nvcuda.dll
0x00007ffe96f80000 - 0x00007ffe97936000 	C:\WINDOWS\system32\DriverStore\FileRepository\nv_dispig.inf_amd64_7e5fd280efaa5445\nvcuda64.dll
0x00007fff0b2b0000 - 0x00007fff0b2c2000 	C:\WINDOWS\SYSTEM32\msasn1.dll
0x00007fff03ba0000 - 0x00007fff03bd1000 	C:\WINDOWS\SYSTEM32\cryptnet.dll
0x00007fff0b810000 - 0x00007fff0b96e000 	C:\WINDOWS\System32\CRYPT32.dll
0x00007fff03840000 - 0x00007fff03987000 	C:\WINDOWS\SYSTEM32\drvstore.dll
0x00007fff0b480000 - 0x00007fff0b4b3000 	C:\WINDOWS\SYSTEM32\devobj.dll
0x00007fff0b7c0000 - 0x00007fff0b80e000 	C:\WINDOWS\System32\cfgmgr32.dll
0x00007fff0b070000 - 0x00007fff0b07c000 	C:\WINDOWS\SYSTEM32\cryptbase.dll
0x00007fff00810000 - 0x00007fff00faf000 	C:\WINDOWS\SYSTEM32\nvapi64.dll
0x00007fff0d7a0000 - 0x00007fff0dc0e000 	C:\WINDOWS\System32\SETUPAPI.dll
0x00007fff0cda0000 - 0x00007fff0cecb000 	C:\WINDOWS\System32\ole32.dll
0x00007fff09f60000 - 0x00007fff09f72000 	C:\WINDOWS\SYSTEM32\kernel.appcore.dll
0x00007fff09a90000 - 0x00007fff09c74000 	C:\WINDOWS\SYSTEM32\dbghelp.dll
0x00007fff0b730000 - 0x00007fff0b7b2000 	C:\WINDOWS\System32\bcryptPrimitives.dll

VM Arguments:
jvm_args: -Dfile.encoding=UTF-8 -Xms8192m 
java_command: cifar10.resnet18_leaky_relu_attention.train
java_class_path (initial): D:\virtual-discC-code\Dragon-alpha-3060ti\ZUTIL-STD-1.2\build\classes;D:\virtual-discC-code\Dragon-alpha-3060ti\alpha-Dragon-v1.2\build\classes;D:\virtual-discC-code\Dragon-alpha-3060ti\alpha-Dragon-v1.2\build\test\classes
Launcher Type: SUN_STANDARD

Environment Variables:
JAVA_HOME=D:\virtual-discE-Java\JDK 8 Windows\jdk1.8.0_161
PATH=C:\Program Files\NVIDIA GPU Computing Toolkit\CUDA\v11.8\bin;C:\Program Files\NVIDIA GPU Computing Toolkit\CUDA\v11.8\libnvvp;C:\Program Files\NVIDIA GPU Computing Toolkit\CUDA\v11.5\bin;C:\Program Files\NVIDIA GPU Computing Toolkit\CUDA\v11.5\libnvvp;C:\Program Files\NVIDIA GPU Computing Toolkit\CUDA\v11.5\include;C:\WINDOWS\system32;C:\WINDOWS;C:\WINDOWS\System32\Wbem;C:\WINDOWS\System32\WindowsPowerShell\v1.0\;C:\WINDOWS\System32\OpenSSH\;C:\Program Files (x86)\NVIDIA Corporation\PhysX\Common;C:\Program Files\NVIDIA Corporation\NVIDIA NvDLISR;D:\virtual-discE-Java\JDK 8 Windows\jdk1.8.0_161\bin;C:\Program Files\NVIDIA Corporation\Nsight Compute 2022.3.0\;C:\Users\Gilgamesh\AppData\Local\Microsoft\WindowsApps;C:\Users\Gilgamesh\AppData\Local\GitHubDesktop\bin;D:\virtual-discA\LaTex\TeXLive\texlive\2023\bin\windows
USERNAME=Gilgamesh
OS=Windows_NT
PROCESSOR_IDENTIFIER=Intel64 Family 6 Model 151 Stepping 2, GenuineIntel



---------------  S Y S T E M  ---------------

OS: Windows 10.0 , 64 bit Build 19041 (10.0.19041.4717)

CPU:total 12 (initial active 12) (6 cores per cpu, 2 threads per core) family 6 model 151 stepping 2, cmov, cx8, fxsr, mmx, sse, sse2, sse3, ssse3, sse4.1, sse4.2, popcnt, avx, avx2, aes, clmul, erms, 3dnowpref, lzcnt, ht, tsc, tscinvbit, bmi1, bmi2, adx

Memory: 4k page, physical 16586168k(6830612k free), swap 22260960k(3162540k free)

vm_info: Java HotSpot(TM) 64-Bit Server VM (25.161-b12) for windows-amd64 JRE (1.8.0_161-b12), built on Dec 19 2017 17:52:25 by "java_re" with MS VC++ 10.0 (VS2010)

time: Mon Sep 02 15:16:58 2024
elapsed time: 47 seconds (0d 0h 0m 47s)

