#
# A fatal error has been detected by the Java Runtime Environment:
#
#  EXCEPTION_ACCESS_VIOLATION (0xc0000005) at pc=0x00007ffeaaf4169e, pid=15252, tid=0x00000000000043a0
#
# JRE version: Java(TM) SE Runtime Environment (8.0_161-b12) (build 1.8.0_161-b12)
# Java VM: Java HotSpot(TM) 64-Bit Server VM (25.161-b12 mixed mode windows-amd64 compressed oops)
# Problematic frame:
# C  [nvcuda64.dll+0x15169e]
#
# Failed to write core dump. Minidumps are not enabled by default on client versions of Windows
#
# If you would like to submit a bug report, please visit:
#   http://bugreport.java.com/bugreport/crash.jsp
# The crash happened outside the Java Virtual Machine in native code.
# See problematic frame for where to report the bug.
#

---------------  T H R E A D  ---------------

Current thread (0x0000000029db4800):  JavaThread "Thread-2" daemon [_thread_in_native, id=17312, stack(0x0000000048e80000,0x0000000048f80000)]

siginfo: ExceptionCode=0xc0000005, reading address 0x0000000000000048

Registers:
RAX=0x0000000000000000, RBX=0x0000000000000000, RCX=0x0000000000000000, RDX=0x0000000000000001
RSP=0x0000000048f7eee0, RBP=0x0000000048f7ef79, RSI=0x0000000000000000, RDI=0x000000009c365ab0
R8 =0x0000000000000118, R9 =0x0000000000000000, R10=0x0000000000000000, R11=0x0000000048f7eda0
R12=0x0000000000000000, R13=0x0000000048f7f220, R14=0x0000000048f7f150, R15=0x0000000029db4800
RIP=0x00007ffeaaf4169e, EFLAGS=0x0000000000010202

Top of Stack: (sp=0x0000000048f7eee0)
0x0000000048f7eee0:   0000000048f7f220 0000000000000000
0x0000000048f7eef0:   000000009c365ab0 0000000000000000
0x0000000048f7ef00:   0000000000000000 00007ffeab032964
0x0000000048f7ef10:   0000000029db4800 0000000048f7ef79
0x0000000048f7ef20:   0000000000000000 0000000025e8a0f0
0x0000000048f7ef30:   0000000000000c00 00000005c00366b8
0x0000000048f7ef40:   0000000025e8a0f0 00000000671d2e12
0x0000000048f7ef50:   00000005c95aa638 00007ffee56e9ac0
0x0000000048f7ef60:   00000005c00349e0 00007ffee56e86b0
0x0000000048f7ef70:   0000000048f7ef80 00007ffee56d1b9d
0x0000000048f7ef80:   0000000048f7f020 00000000264fba10
0x0000000048f7ef90:   0000000048f7f030 00007ffee56e86c4
0x0000000048f7efa0:   0000000029db49f8 000000071a8f1b80
0x0000000048f7efb0:   0000000000000000 00007ffee56e5a80
0x0000000048f7efc0:   000000009c365ab0 0000000000000000
0x0000000048f7efd0:   0000000048f7f069 00007ffee56d4245 

Instructions: (pc=0x00007ffeaaf4169e)
0x00007ffeaaf4167e:   41 5d 41 5c 5f 5e 5d c3 cc cc cc cc cc cc cc cc
0x00007ffeaaf4168e:   cc cc 40 53 48 83 ec 20 48 8b 09 48 8b da b2 01
0x00007ffeaaf4169e:   48 8b 41 48 ff 90 18 41 00 00 85 c0 75 0d 48 8b
0x00007ffeaaf416ae:   cb 48 83 c4 20 5b e9 47 38 0b 00 48 83 c4 20 5b 


Register to memory mapping:

RAX=0x0000000000000000 is an unknown value
RBX=0x0000000000000000 is an unknown value
RCX=0x0000000000000000 is an unknown value
RDX=0x0000000000000001 is an unknown value
RSP=0x0000000048f7eee0 is pointing into the stack for thread: 0x0000000029db4800
RBP=0x0000000048f7ef79 is pointing into the stack for thread: 0x0000000029db4800
RSI=0x0000000000000000 is an unknown value
RDI=0x000000009c365ab0 is an unknown value
R8 =0x0000000000000118 is an unknown value
R9 =0x0000000000000000 is an unknown value
R10=0x0000000000000000 is an unknown value
R11=0x0000000048f7eda0 is pointing into the stack for thread: 0x0000000029db4800
R12=0x0000000000000000 is an unknown value
R13=0x0000000048f7f220 is pointing into the stack for thread: 0x0000000029db4800
R14=0x0000000048f7f150 is pointing into the stack for thread: 0x0000000029db4800
R15=0x0000000029db4800 is a thread


Stack: [0x0000000048e80000,0x0000000048f80000],  sp=0x0000000048f7eee0,  free space=1019k
Native frames: (J=compiled Java code, j=interpreted, Vv=VM code, C=native code)
C  [nvcuda64.dll+0x15169e]
C  [nvcuda64.dll+0x242964]
C  [Cuda_sm86.dll+0x4245]  cudart::cudaApiEventSynchronize+0x15
C  [Cuda_sm86.dll+0x1e05]  cudaEventSynchronize+0x115
C  [Cuda_sm86.dll+0x15a98]  Java_z_dragon_engine_cuda_impl_Cuda_eventSynchronize_1delete+0x18
C  0x0000000003829c83

Java frames: (J=compiled Java code, j=interpreted, Vv=VM code)
J 445  z.dragon.engine.cuda.impl.Cuda.eventSync_Del(J)V (0 bytes) @ 0x0000000003829c01 [0x0000000003829bc0+0x41]
J 1097 C2 z.dragon.engine.cuda.CudaFloat32EngineBase$StreamSyncer.sync()V (48 bytes) @ 0x0000000003a4a96c [0x0000000003a4a8e0+0x8c]
J 822 C2 z.dragon.engine.Tensor.c()Lz/dragon/engine/Tensor; (39 bytes) @ 0x000000000396da04 [0x000000000396d960+0xa4]
j  z.dragon.engine.Engine.tensor_int32([I[I)Lz/dragon/engine/Tensor;+13
j  z.dragon.engine.Engine.onehot([IFFI)Lz/dragon/engine/Tensor;+10
j  z.dragon.engine.Engine.onehot([II)Lz/dragon/engine/Tensor;+5
j  z.dragon.alpha.Alpha$Datas$Onehot.transform(Lz/dragon/engine/Engine;[Ljava/lang/Integer;)Lz/dragon/engine/Tensor;+38
j  z.dragon.alpha.Alpha$Datas$Onehot.transform(Lz/dragon/engine/Engine;Ljava/lang/Object;)Lz/dragon/engine/Tensor;+6
j  z.dragon.data.DataSet.lambda$create_tensor_pair$2(Lz/dragon/engine/Engine;[Ljava/lang/Object;)Lz/dragon/engine/Tensor;+6
j  z.dragon.data.DataSet$$Lambda$55.call()Ljava/lang/Object;+12
J 964 C1 java.util.concurrent.FutureTask.run()V (126 bytes) @ 0x00000000039c0194 [0x00000000039bff40+0x254]
j  java.util.concurrent.ThreadPoolExecutor.runWorker(Ljava/util/concurrent/ThreadPoolExecutor$Worker;)V+95
j  java.util.concurrent.ThreadPoolExecutor$Worker.run()V+5
j  java.lang.Thread.run()V+11
v  ~StubRoutines::call_stub

---------------  P R O C E S S  ---------------

Java Threads: ( => current thread )
  0x0000000029df2800 JavaThread "Thread-7" daemon [_thread_blocked, id=12524, stack(0x0000000000b10000,0x0000000000c10000)]
  0x0000000029dc8800 JavaThread "Thread-6" daemon [_thread_blocked, id=14408, stack(0x0000000000a10000,0x0000000000b10000)]
  0x0000000029f02000 JavaThread "Thread-5" daemon [_thread_blocked, id=1860, stack(0x000000007fc40000,0x000000007fd40000)]
  0x0000000029dd1000 JavaThread "Thread-4" daemon [_thread_blocked, id=6108, stack(0x000000007fb40000,0x000000007fc40000)]
  0x0000000029de3800 JavaThread "Thread-3" daemon [_thread_blocked, id=11016, stack(0x000000004d3a0000,0x000000004d4a0000)]
=>0x0000000029db4800 JavaThread "Thread-2" daemon [_thread_in_native, id=17312, stack(0x0000000048e80000,0x0000000048f80000)]
  0x0000000029db3800 JavaThread "Thread-1" daemon [_thread_blocked, id=4968, stack(0x0000000048d80000,0x0000000048e80000)]
  0x0000000029db2000 JavaThread "Thread-0" daemon [_thread_blocked, id=11632, stack(0x0000000048c80000,0x0000000048d80000)]
  0x0000000029c42800 JavaThread "Java2D Disposer" daemon [_thread_blocked, id=6092, stack(0x000000002a390000,0x000000002a490000)]
  0x0000000028016800 JavaThread "Service Thread" daemon [_thread_blocked, id=13008, stack(0x00000000298e0000,0x00000000299e0000)]
  0x0000000027f93000 JavaThread "C1 CompilerThread3" daemon [_thread_blocked, id=11820, stack(0x00000000297e0000,0x00000000298e0000)]
  0x0000000027f91800 JavaThread "C2 CompilerThread2" daemon [_thread_blocked, id=14620, stack(0x00000000296e0000,0x00000000297e0000)]
  0x0000000027f89000 JavaThread "C2 CompilerThread1" daemon [_thread_blocked, id=5284, stack(0x00000000295e0000,0x00000000296e0000)]
  0x0000000027f2d800 JavaThread "C2 CompilerThread0" daemon [_thread_blocked, id=15052, stack(0x00000000294e0000,0x00000000295e0000)]
  0x0000000027f85800 JavaThread "Attach Listener" daemon [_thread_blocked, id=15800, stack(0x00000000293e0000,0x00000000294e0000)]
  0x0000000027f84800 JavaThread "Signal Dispatcher" daemon [_thread_blocked, id=7176, stack(0x00000000292e0000,0x00000000293e0000)]
  0x0000000027f13000 JavaThread "Finalizer" daemon [_thread_blocked, id=11596, stack(0x0000000029180000,0x0000000029280000)]
  0x00000000034ea000 JavaThread "Reference Handler" daemon [_thread_blocked, id=6812, stack(0x0000000029080000,0x0000000029180000)]
  0x00000000035de000 JavaThread "main" [_thread_in_native, id=13420, stack(0x0000000002f60000,0x0000000003060000)]

Other Threads:
  0x0000000026845800 VMThread [stack: 0x0000000028f80000,0x0000000029080000] [id=5708]
  0x000000002802f800 WatcherThread [stack: 0x00000000299e0000,0x0000000029ae0000] [id=13964]

VM state:not at safepoint (normal execution)

VM Mutex/Monitor currently owned by a thread: None

Heap:
 PSYoungGen      total 2446848K, used 148376K [0x0000000715580000, 0x00000007c0000000, 0x00000007c0000000)
  eden space 2097664K, 7% used [0x0000000715580000,0x000000071e666230,0x0000000795600000)
  from space 349184K, 0% used [0x00000007aab00000,0x00000007aab00000,0x00000007c0000000)
  to   space 349184K, 0% used [0x0000000795600000,0x0000000795600000,0x00000007aab00000)
 ParOldGen       total 5592576K, used 153316K [0x00000005c0000000, 0x0000000715580000, 0x0000000715580000)
  object space 5592576K, 2% used [0x00000005c0000000,0x00000005c95b9230,0x0000000715580000)
 Metaspace       used 11240K, capacity 11626K, committed 11776K, reserved 1060864K
  class space    used 1132K, capacity 1243K, committed 1280K, reserved 1048576K

Card table byte_map: [0x00000000129a0000,0x00000000139b0000] byte_map_base: 0x000000000fba0000

Marking Bits: (ParMarkBitMap*) 0x00000000676bf860
 Begin Bits: [0x0000000014e60000, 0x000000001ce60000)
 End Bits:   [0x000000001ce60000, 0x0000000024e60000)

Polling page: 0x0000000001200000

CodeCache: size=245760Kb used=4893Kb max_used=4900Kb free=240866Kb
 bounds [0x00000000035e0000, 0x0000000003ac0000, 0x00000000125e0000]
 total_blobs=2185 nmethods=1195 adapters=903
 compilation: enabled

Compilation events (10 events):
Event: 4.963 Thread 0x0000000027f93000 1211       3       z.dragon.engine.Engine::fullconnect_deltaW (215 bytes)
Event: 4.964 Thread 0x0000000027f93000 nmethod 1211 0x0000000003aa7f10 code [0x0000000003aa8180, 0x0000000003aa9218]
Event: 4.964 Thread 0x0000000027f93000 1212       3       z.dragon.engine.EngineCore::matMulT1 (57 bytes)
Event: 4.964 Thread 0x0000000027f93000 nmethod 1212 0x00000000036ff3d0 code [0x00000000036ff540, 0x00000000036ff878]
Event: 4.978 Thread 0x0000000027f2d800 1213       4       z.dragon.engine.memp.Memp2$Mnode::<init> (36 bytes)
Event: 4.978 Thread 0x0000000027f2d800 nmethod 1213 0x000000000392c590 code [0x000000000392c6c0, 0x000000000392c758]
Event: 5.051 Thread 0x0000000027f91800 1214  s    4       z.dragon.engine.cuda.impl.CudaStreamp1::getStreamArray (77 bytes)
Event: 5.053 Thread 0x0000000027f91800 nmethod 1214 0x0000000003aa7690 code [0x0000000003aa77e0, 0x0000000003aa7cf8]
Event: 5.216 Thread 0x0000000027f93000 1216       3       z.dragon.engine.cuda.impl.math.Cuda_conv3D::Im2colWinograd_64x32_intensity (244 bytes)
Event: 5.216 Thread 0x0000000027f93000 nmethod 1216 0x00000000036fb9d0 code [0x00000000036fbc60, 0x00000000036fc690]

GC Heap History (10 events):
Event: 5.074 GC heap before
{Heap before GC invocations=108 (full 54):
 PSYoungGen      total 2446848K, used 352K [0x0000000715580000, 0x00000007c0000000, 0x00000007c0000000)
  eden space 2097664K, 0% used [0x0000000715580000,0x0000000715580000,0x0000000795600000)
  from space 349184K, 0% used [0x00000007aab00000,0x00000007aab58000,0x00000007c0000000)
  to   space 349184K, 0% used [0x0000000795600000,0x0000000795600000,0x00000007aab00000)
 ParOldGen       total 5592576K, used 153316K [0x00000005c0000000, 0x0000000715580000, 0x0000000715580000)
  object space 5592576K, 2% used [0x00000005c0000000,0x00000005c95b9230,0x0000000715580000)
 Metaspace       used 11240K, capacity 11626K, committed 11776K, reserved 1060864K
  class space    used 1132K, capacity 1243K, committed 1280K, reserved 1048576K
Event: 5.090 GC heap after
Heap after GC invocations=108 (full 54):
 PSYoungGen      total 2446848K, used 0K [0x0000000715580000, 0x00000007c0000000, 0x00000007c0000000)
  eden space 2097664K, 0% used [0x0000000715580000,0x0000000715580000,0x0000000795600000)
  from space 349184K, 0% used [0x00000007aab00000,0x00000007aab00000,0x00000007c0000000)
  to   space 349184K, 0% used [0x0000000795600000,0x0000000795600000,0x00000007aab00000)
 ParOldGen       total 5592576K, used 153316K [0x00000005c0000000, 0x0000000715580000, 0x0000000715580000)
  object space 5592576K, 2% used [0x00000005c0000000,0x00000005c95b9230,0x0000000715580000)
 Metaspace       used 11240K, capacity 11626K, committed 11776K, reserved 1060864K
  class space    used 1132K, capacity 1243K, committed 1280K, reserved 1048576K
}
Event: 5.147 GC heap before
{Heap before GC invocations=109 (full 54):
 PSYoungGen      total 2446848K, used 179841K [0x0000000715580000, 0x00000007c0000000, 0x00000007c0000000)
  eden space 2097664K, 8% used [0x0000000715580000,0x0000000720520610,0x0000000795600000)
  from space 349184K, 0% used [0x00000007aab00000,0x00000007aab00000,0x00000007c0000000)
  to   space 349184K, 0% used [0x0000000795600000,0x0000000795600000,0x00000007aab00000)
 ParOldGen       total 5592576K, used 153316K [0x00000005c0000000, 0x0000000715580000, 0x0000000715580000)
  object space 5592576K, 2% used [0x00000005c0000000,0x00000005c95b9230,0x0000000715580000)
 Metaspace       used 11240K, capacity 11626K, committed 11776K, reserved 1060864K
  class space    used 1132K, capacity 1243K, committed 1280K, reserved 1048576K
Event: 5.148 GC heap after
Heap after GC invocations=109 (full 54):
 PSYoungGen      total 2446848K, used 352K [0x0000000715580000, 0x00000007c0000000, 0x00000007c0000000)
  eden space 2097664K, 0% used [0x0000000715580000,0x0000000715580000,0x0000000795600000)
  from space 349184K, 0% used [0x0000000795600000,0x0000000795658000,0x00000007aab00000)
  to   space 349184K, 0% used [0x00000007aab00000,0x00000007aab00000,0x00000007c0000000)
 ParOldGen       total 5592576K, used 153316K [0x00000005c0000000, 0x0000000715580000, 0x0000000715580000)
  object space 5592576K, 2% used [0x00000005c0000000,0x00000005c95b9230,0x0000000715580000)
 Metaspace       used 11240K, capacity 11626K, committed 11776K, reserved 1060864K
  class space    used 1132K, capacity 1243K, committed 1280K, reserved 1048576K
}
Event: 5.148 GC heap before
{Heap before GC invocations=110 (full 55):
 PSYoungGen      total 2446848K, used 352K [0x0000000715580000, 0x00000007c0000000, 0x00000007c0000000)
  eden space 2097664K, 0% used [0x0000000715580000,0x0000000715580000,0x0000000795600000)
  from space 349184K, 0% used [0x0000000795600000,0x0000000795658000,0x00000007aab00000)
  to   space 349184K, 0% used [0x00000007aab00000,0x00000007aab00000,0x00000007c0000000)
 ParOldGen       total 5592576K, used 153316K [0x00000005c0000000, 0x0000000715580000, 0x0000000715580000)
  object space 5592576K, 2% used [0x00000005c0000000,0x00000005c95b9230,0x0000000715580000)
 Metaspace       used 11240K, capacity 11626K, committed 11776K, reserved 1060864K
  class space    used 1132K, capacity 1243K, committed 1280K, reserved 1048576K
Event: 5.163 GC heap after
Heap after GC invocations=110 (full 55):
 PSYoungGen      total 2446848K, used 0K [0x0000000715580000, 0x00000007c0000000, 0x00000007c0000000)
  eden space 2097664K, 0% used [0x0000000715580000,0x0000000715580000,0x0000000795600000)
  from space 349184K, 0% used [0x0000000795600000,0x0000000795600000,0x00000007aab00000)
  to   space 349184K, 0% used [0x00000007aab00000,0x00000007aab00000,0x00000007c0000000)
 ParOldGen       total 5592576K, used 153316K [0x00000005c0000000, 0x0000000715580000, 0x0000000715580000)
  object space 5592576K, 2% used [0x00000005c0000000,0x00000005c95b9230,0x0000000715580000)
 Metaspace       used 11240K, capacity 11626K, committed 11776K, reserved 1060864K
  class space    used 1132K, capacity 1243K, committed 1280K, reserved 1048576K
}
Event: 5.224 GC heap before
{Heap before GC invocations=111 (full 55):
 PSYoungGen      total 2446848K, used 177743K [0x0000000715580000, 0x00000007c0000000, 0x00000007c0000000)
  eden space 2097664K, 8% used [0x0000000715580000,0x0000000720313f78,0x0000000795600000)
  from space 349184K, 0% used [0x0000000795600000,0x0000000795600000,0x00000007aab00000)
  to   space 349184K, 0% used [0x00000007aab00000,0x00000007aab00000,0x00000007c0000000)
 ParOldGen       total 5592576K, used 153316K [0x00000005c0000000, 0x0000000715580000, 0x0000000715580000)
  object space 5592576K, 2% used [0x00000005c0000000,0x00000005c95b9230,0x0000000715580000)
 Metaspace       used 11240K, capacity 11626K, committed 11776K, reserved 1060864K
  class space    used 1132K, capacity 1243K, committed 1280K, reserved 1048576K
Event: 5.225 GC heap after
Heap after GC invocations=111 (full 55):
 PSYoungGen      total 2446848K, used 352K [0x0000000715580000, 0x00000007c0000000, 0x00000007c0000000)
  eden space 2097664K, 0% used [0x0000000715580000,0x0000000715580000,0x0000000795600000)
  from space 349184K, 0% used [0x00000007aab00000,0x00000007aab58000,0x00000007c0000000)
  to   space 349184K, 0% used [0x0000000795600000,0x0000000795600000,0x00000007aab00000)
 ParOldGen       total 5592576K, used 153316K [0x00000005c0000000, 0x0000000715580000, 0x0000000715580000)
  object space 5592576K, 2% used [0x00000005c0000000,0x00000005c95b9230,0x0000000715580000)
 Metaspace       used 11240K, capacity 11626K, committed 11776K, reserved 1060864K
  class space    used 1132K, capacity 1243K, committed 1280K, reserved 1048576K
}
Event: 5.225 GC heap before
{Heap before GC invocations=112 (full 56):
 PSYoungGen      total 2446848K, used 352K [0x0000000715580000, 0x00000007c0000000, 0x00000007c0000000)
  eden space 2097664K, 0% used [0x0000000715580000,0x0000000715580000,0x0000000795600000)
  from space 349184K, 0% used [0x00000007aab00000,0x00000007aab58000,0x00000007c0000000)
  to   space 349184K, 0% used [0x0000000795600000,0x0000000795600000,0x00000007aab00000)
 ParOldGen       total 5592576K, used 153316K [0x00000005c0000000, 0x0000000715580000, 0x0000000715580000)
  object space 5592576K, 2% used [0x00000005c0000000,0x00000005c95b9230,0x0000000715580000)
 Metaspace       used 11240K, capacity 11626K, committed 11776K, reserved 1060864K
  class space    used 1132K, capacity 1243K, committed 1280K, reserved 1048576K
Event: 5.243 GC heap after
Heap after GC invocations=112 (full 56):
 PSYoungGen      total 2446848K, used 0K [0x0000000715580000, 0x00000007c0000000, 0x00000007c0000000)
  eden space 2097664K, 0% used [0x0000000715580000,0x0000000715580000,0x0000000795600000)
  from space 349184K, 0% used [0x00000007aab00000,0x00000007aab00000,0x00000007c0000000)
  to   space 349184K, 0% used [0x0000000795600000,0x0000000795600000,0x00000007aab00000)
 ParOldGen       total 5592576K, used 153316K [0x00000005c0000000, 0x0000000715580000, 0x0000000715580000)
  object space 5592576K, 2% used [0x00000005c0000000,0x00000005c95b9230,0x0000000715580000)
 Metaspace       used 11240K, capacity 11626K, committed 11776K, reserved 1060864K
  class space    used 1132K, capacity 1243K, committed 1280K, reserved 1048576K
}

Deoptimization events (7 events):
Event: 0.086 Thread 0x00000000035de000 Uncommon trap: reason=unstable_if action=reinterpret pc=0x0000000003722548 method=java.lang.String.indexOf([CII[CIII)I @ 123
Event: 0.407 Thread 0x00000000035de000 Uncommon trap: reason=unstable_if action=reinterpret pc=0x0000000003837394 method=java.io.BufferedInputStream.read([BII)I @ 31
Event: 0.438 Thread 0x00000000035de000 Uncommon trap: reason=unstable_if action=reinterpret pc=0x000000000383f340 method=z.dragon.dataset.Cifar10.load(Lz/dragon/data/container/ListContainer;Ljava/lang/String;Ljava/lang/String;)V @ 45
Event: 0.473 Thread 0x00000000035de000 Uncommon trap: reason=unstable_if action=reinterpret pc=0x0000000003843818 method=z.dragon.dataset.Cifar10.load(Lz/dragon/data/container/ListContainer;Ljava/lang/String;Ljava/lang/String;)V @ 45
Event: 0.586 Thread 0x00000000035de000 Uncommon trap: reason=unstable_if action=reinterpret pc=0x0000000003848d54 method=java.io.BufferedInputStream.read1([BII)I @ 68
Event: 0.586 Thread 0x00000000035de000 Uncommon trap: reason=unstable_if action=reinterpret pc=0x00000000038394e0 method=java.io.BufferedInputStream.read1([BII)I @ 68
Event: 2.344 Thread 0x0000000027f13000 Uncommon trap: reason=unstable_if action=reinterpret pc=0x00000000039b6290 method=java.lang.ref.Finalizer.remove()V @ 10

Classes redefined (0 events):
No events

Internal exceptions (10 events):
Event: 4.723 Thread 0x0000000027f13000 Exception <a 'z/dragon/engine/cuda/impl/CudaException'> (0x000000071bd6df08) thrown at [C:\re\workspace\8-2-build-windows-amd64-cygwin\jdk8u161\10277\hotspot\src\share\vm\prims\jni.cpp, line 709]
Event: 4.797 Thread 0x0000000027f13000 Exception <a 'z/dragon/engine/cuda/impl/CudaException'> (0x000000071b32fbb8) thrown at [C:\re\workspace\8-2-build-windows-amd64-cygwin\jdk8u161\10277\hotspot\src\share\vm\prims\jni.cpp, line 709]
Event: 4.797 Thread 0x0000000027f13000 Exception <a 'z/dragon/engine/cuda/impl/CudaException'> (0x000000071b32fdc8) thrown at [C:\re\workspace\8-2-build-windows-amd64-cygwin\jdk8u161\10277\hotspot\src\share\vm\prims\jni.cpp, line 709]
Event: 4.871 Thread 0x0000000027f13000 Exception <a 'z/dragon/engine/cuda/impl/CudaException'> (0x000000071b123510) thrown at [C:\re\workspace\8-2-build-windows-amd64-cygwin\jdk8u161\10277\hotspot\src\share\vm\prims\jni.cpp, line 709]
Event: 4.871 Thread 0x0000000027f13000 Exception <a 'z/dragon/engine/cuda/impl/CudaException'> (0x000000071b123720) thrown at [C:\re\workspace\8-2-build-windows-amd64-cygwin\jdk8u161\10277\hotspot\src\share\vm\prims\jni.cpp, line 709]
Event: 5.018 Thread 0x0000000027f13000 Exception <a 'z/dragon/engine/cuda/impl/CudaException'> (0x000000071bd6dcf8) thrown at [C:\re\workspace\8-2-build-windows-amd64-cygwin\jdk8u161\10277\hotspot\src\share\vm\prims\jni.cpp, line 709]
Event: 5.018 Thread 0x0000000027f13000 Exception <a 'z/dragon/engine/cuda/impl/CudaException'> (0x000000071bd6df08) thrown at [C:\re\workspace\8-2-build-windows-amd64-cygwin\jdk8u161\10277\hotspot\src\share\vm\prims\jni.cpp, line 709]
Event: 5.163 Thread 0x0000000027f13000 Exception <a 'z/dragon/engine/cuda/impl/CudaException'> (0x000000071b123510) thrown at [C:\re\workspace\8-2-build-windows-amd64-cygwin\jdk8u161\10277\hotspot\src\share\vm\prims\jni.cpp, line 709]
Event: 5.163 Thread 0x0000000027f13000 Exception <a 'z/dragon/engine/cuda/impl/CudaException'> (0x000000071b123720) thrown at [C:\re\workspace\8-2-build-windows-amd64-cygwin\jdk8u161\10277\hotspot\src\share\vm\prims\jni.cpp, line 709]
Event: 5.243 Thread 0x0000000027f13000 Exception <a 'z/dragon/engine/cuda/impl/CudaException'> (0x000000071bd6dcf8) thrown at [C:\re\workspace\8-2-build-windows-amd64-cygwin\jdk8u161\10277\hotspot\src\share\vm\prims\jni.cpp, line 709]

Events (10 events):
Event: 5.163 Executing VM operation: RevokeBias
Event: 5.163 Executing VM operation: RevokeBias done
Event: 5.163 Executing VM operation: RevokeBias
Event: 5.163 Executing VM operation: RevokeBias done
Event: 5.224 Executing VM operation: ParallelGCSystemGC
Event: 5.243 Executing VM operation: ParallelGCSystemGC done
Event: 5.243 Executing VM operation: RevokeBias
Event: 5.243 Executing VM operation: RevokeBias done
Event: 5.243 Executing VM operation: RevokeBias
Event: 5.243 Executing VM operation: RevokeBias done


Dynamic libraries:
0x00007ff753440000 - 0x00007ff753477000 	D:\virtual-discE-Java\JDK 8 Windows\jdk1.8.0_161\bin\java.exe
0x00007fff0e050000 - 0x00007fff0e248000 	C:\WINDOWS\SYSTEM32\ntdll.dll
0x00007fff0c320000 - 0x00007fff0c3e1000 	C:\WINDOWS\System32\KERNEL32.DLL
0x00007fff0b970000 - 0x00007fff0bc6d000 	C:\WINDOWS\System32\KERNELBASE.dll
0x00007fff0c080000 - 0x00007fff0c130000 	C:\WINDOWS\System32\ADVAPI32.dll
0x00007fff0c130000 - 0x00007fff0c1ce000 	C:\WINDOWS\System32\msvcrt.dll
0x00007fff0c280000 - 0x00007fff0c320000 	C:\WINDOWS\System32\sechost.dll
0x00007fff0cf30000 - 0x00007fff0d053000 	C:\WINDOWS\System32\RPCRT4.dll
0x00007fff0b700000 - 0x00007fff0b727000 	C:\WINDOWS\System32\bcrypt.dll
0x00007fff0d4a0000 - 0x00007fff0d63d000 	C:\WINDOWS\System32\USER32.dll
0x00007fff0bea0000 - 0x00007fff0bec2000 	C:\WINDOWS\System32\win32u.dll
0x00007fff0df70000 - 0x00007fff0df9b000 	C:\WINDOWS\System32\GDI32.dll
0x00007fff0bd10000 - 0x00007fff0be27000 	C:\WINDOWS\System32\gdi32full.dll
0x00007fff0bc70000 - 0x00007fff0bd0d000 	C:\WINDOWS\System32\msvcp_win.dll
0x00007fff0bed0000 - 0x00007fff0bfd0000 	C:\WINDOWS\System32\ucrtbase.dll
0x00007ffef2fc0000 - 0x00007ffef325a000 	C:\WINDOWS\WinSxS\amd64_microsoft.windows.common-controls_6595b64144ccf1df_6.0.19041.4355_none_60b8b9eb71f62e16\COMCTL32.dll
0x00007fff0dd30000 - 0x00007fff0dd5f000 	C:\WINDOWS\System32\IMM32.DLL
0x0000000066dc0000 - 0x0000000066e92000 	D:\virtual-discE-Java\JDK 8 Windows\jdk1.8.0_161\jre\bin\msvcr100.dll
0x0000000066ea0000 - 0x000000006773f000 	D:\virtual-discE-Java\JDK 8 Windows\jdk1.8.0_161\jre\bin\server\jvm.dll
0x00007fff0e000000 - 0x00007fff0e008000 	C:\WINDOWS\System32\PSAPI.DLL
0x00007fff032f0000 - 0x00007fff032f9000 	C:\WINDOWS\SYSTEM32\WSOCK32.dll
0x00007fff0dc10000 - 0x00007fff0dc7b000 	C:\WINDOWS\System32\WS2_32.dll
0x00007ffeffc70000 - 0x00007ffeffc97000 	C:\WINDOWS\SYSTEM32\WINMM.dll
0x00007fff03ce0000 - 0x00007fff03cea000 	C:\WINDOWS\SYSTEM32\VERSION.dll
0x0000000066d70000 - 0x0000000066d7f000 	D:\virtual-discE-Java\JDK 8 Windows\jdk1.8.0_161\jre\bin\verify.dll
0x0000000066d40000 - 0x0000000066d69000 	D:\virtual-discE-Java\JDK 8 Windows\jdk1.8.0_161\jre\bin\java.dll
0x0000000066d20000 - 0x0000000066d36000 	D:\virtual-discE-Java\JDK 8 Windows\jdk1.8.0_161\jre\bin\zip.dll
0x00007fff0c450000 - 0x00007fff0cbbf000 	C:\WINDOWS\System32\SHELL32.dll
0x00007fff09220000 - 0x00007fff099bf000 	C:\WINDOWS\SYSTEM32\windows.storage.dll
0x00007fff0d060000 - 0x00007fff0d3b3000 	C:\WINDOWS\System32\combase.dll
0x00007fff0b120000 - 0x00007fff0b14e000 	C:\WINDOWS\SYSTEM32\Wldp.dll
0x00007fff0d650000 - 0x00007fff0d71d000 	C:\WINDOWS\System32\OLEAUT32.dll
0x00007fff0dc80000 - 0x00007fff0dd2d000 	C:\WINDOWS\System32\SHCORE.dll
0x00007fff0ced0000 - 0x00007fff0cf25000 	C:\WINDOWS\System32\shlwapi.dll
0x00007fff0b630000 - 0x00007fff0b654000 	C:\WINDOWS\SYSTEM32\profapi.dll
0x0000000066b40000 - 0x0000000066cd8000 	D:\virtual-discE-Java\JDK 8 Windows\jdk1.8.0_161\jre\bin\awt.dll
0x00007fff05b40000 - 0x00007fff05bd4000 	C:\WINDOWS\SYSTEM32\apphelp.dll
0x00000000669d0000 - 0x0000000066a0e000 	D:\virtual-discE-Java\JDK 8 Windows\jdk1.8.0_161\jre\bin\lcms.dll
0x00007fff06e00000 - 0x00007fff06e2a000 	C:\Users\Gilgamesh\Desktop\Dragon-alpha-v1.2\native-lib\cuda_float32\CudaDevice_sm86.dll
0x00007fff06ec0000 - 0x00007fff06ed6000 	D:\virtual-discE-Java\JDK 8 Windows\jdk1.8.0_161\jre\bin\VCRUNTIME140.dll
0x00007ffedd120000 - 0x00007ffedd28a000 	C:\Users\Gilgamesh\Desktop\Dragon-alpha-v1.2\native-lib\cuda_float32\Cuda_batchMatMul_sm86.dll
0x00007ffeac000000 - 0x00007ffeaf420000 	C:\Users\Gilgamesh\Desktop\Dragon-alpha-v1.2\native-lib\cuda_float32\Cuda_conv3D_sm86.dll
0x00007ffeab7b0000 - 0x00007ffeabff4000 	C:\Users\Gilgamesh\Desktop\Dragon-alpha-v1.2\native-lib\cuda_float32\Cuda_dconv3D_deltaW_sm86.dll
0x00007ffea6320000 - 0x00007ffeaa093000 	C:\Users\Gilgamesh\Desktop\Dragon-alpha-v1.2\native-lib\cuda_float32\Cuda_dconv3D_deltaX_sm86.dll
0x00007ffefdb00000 - 0x00007ffefdb5f000 	C:\Users\Gilgamesh\Desktop\Dragon-alpha-v1.2\native-lib\cuda_float32\Cuda_expk2_sm86.dll
0x00007ffec1580000 - 0x00007ffec185a000 	C:\Users\Gilgamesh\Desktop\Dragon-alpha-v1.2\native-lib\cuda_float32\Cuda_function_sm86.dll
0x00007ffedc580000 - 0x00007ffedc663000 	C:\Users\Gilgamesh\Desktop\Dragon-alpha-v1.2\native-lib\cuda_float32\Cuda_image_sm86.dll
0x00007ffec0460000 - 0x00007ffec0717000 	C:\Users\Gilgamesh\Desktop\Dragon-alpha-v1.2\native-lib\cuda_float32\Cuda_matMul_sm86.dll
0x00007ffef94f0000 - 0x00007ffef9546000 	C:\Users\Gilgamesh\Desktop\Dragon-alpha-v1.2\native-lib\cuda_float32\Cuda_pool2D_sm86.dll
0x00007ffeeed70000 - 0x00007ffeeedc2000 	C:\Users\Gilgamesh\Desktop\Dragon-alpha-v1.2\native-lib\cuda_float32\Cuda_random_sm86.dll
0x00007ffec00b0000 - 0x00007ffec045a000 	C:\Users\Gilgamesh\Desktop\Dragon-alpha-v1.2\native-lib\cuda_float32\Cuda_reduce_sm86.dll
0x00007ffee56d0000 - 0x00007ffee5721000 	C:\Users\Gilgamesh\Desktop\Dragon-alpha-v1.2\native-lib\cuda_float32\Cuda_sm86.dll
0x00007ffee2fa0000 - 0x00007ffee3015000 	C:\Users\Gilgamesh\Desktop\Dragon-alpha-v1.2\native-lib\cuda_float32\Cuda_upool2D_sm86.dll
0x00007ffebf850000 - 0x00007ffebfba3000 	C:\WINDOWS\SYSTEM32\nvcuda.dll
0x00007ffeaadf0000 - 0x00007ffeab7a6000 	C:\WINDOWS\system32\DriverStore\FileRepository\nv_dispig.inf_amd64_7e5fd280efaa5445\nvcuda64.dll
0x00007fff0b2b0000 - 0x00007fff0b2c2000 	C:\WINDOWS\SYSTEM32\msasn1.dll
0x00007fff03ba0000 - 0x00007fff03bd1000 	C:\WINDOWS\SYSTEM32\cryptnet.dll
0x00007fff0b810000 - 0x00007fff0b96e000 	C:\WINDOWS\System32\CRYPT32.dll
0x00007fff03840000 - 0x00007fff03987000 	C:\WINDOWS\SYSTEM32\drvstore.dll
0x00007fff0b480000 - 0x00007fff0b4b3000 	C:\WINDOWS\SYSTEM32\devobj.dll
0x00007fff0b7c0000 - 0x00007fff0b80e000 	C:\WINDOWS\System32\cfgmgr32.dll
0x00007fff0b070000 - 0x00007fff0b07c000 	C:\WINDOWS\SYSTEM32\cryptbase.dll
0x00007fff00810000 - 0x00007fff00faf000 	C:\WINDOWS\SYSTEM32\nvapi64.dll
0x00007fff0d7a0000 - 0x00007fff0dc0e000 	C:\WINDOWS\System32\SETUPAPI.dll
0x00007fff0cda0000 - 0x00007fff0cecb000 	C:\WINDOWS\System32\ole32.dll
0x00007fff09f60000 - 0x00007fff09f72000 	C:\WINDOWS\SYSTEM32\kernel.appcore.dll
0x00007fff09a90000 - 0x00007fff09c74000 	C:\WINDOWS\SYSTEM32\dbghelp.dll
0x00007fff0b730000 - 0x00007fff0b7b2000 	C:\WINDOWS\System32\bcryptPrimitives.dll

VM Arguments:
jvm_args: -Dfile.encoding=UTF-8 -Xms8192m 
java_command: cifar10.resnet18_leaky_relu_attention.train
java_class_path (initial): D:\virtual-discC-code\Dragon-alpha-3060ti\ZUTIL-STD-1.2\build\classes;D:\virtual-discC-code\Dragon-alpha-3060ti\alpha-Dragon-v1.2\build\classes;D:\virtual-discC-code\Dragon-alpha-3060ti\alpha-Dragon-v1.2\build\test\classes
Launcher Type: SUN_STANDARD

Environment Variables:
JAVA_HOME=D:\virtual-discE-Java\JDK 8 Windows\jdk1.8.0_161
PATH=C:\Program Files\NVIDIA GPU Computing Toolkit\CUDA\v11.8\bin;C:\Program Files\NVIDIA GPU Computing Toolkit\CUDA\v11.8\libnvvp;C:\Program Files\NVIDIA GPU Computing Toolkit\CUDA\v11.5\bin;C:\Program Files\NVIDIA GPU Computing Toolkit\CUDA\v11.5\libnvvp;C:\Program Files\NVIDIA GPU Computing Toolkit\CUDA\v11.5\include;C:\WINDOWS\system32;C:\WINDOWS;C:\WINDOWS\System32\Wbem;C:\WINDOWS\System32\WindowsPowerShell\v1.0\;C:\WINDOWS\System32\OpenSSH\;C:\Program Files (x86)\NVIDIA Corporation\PhysX\Common;C:\Program Files\NVIDIA Corporation\NVIDIA NvDLISR;D:\virtual-discE-Java\JDK 8 Windows\jdk1.8.0_161\bin;C:\Program Files\NVIDIA Corporation\Nsight Compute 2022.3.0\;C:\Users\Gilgamesh\AppData\Local\Microsoft\WindowsApps;C:\Users\Gilgamesh\AppData\Local\GitHubDesktop\bin;D:\virtual-discA\LaTex\TeXLive\texlive\2023\bin\windows
USERNAME=Gilgamesh
OS=Windows_NT
PROCESSOR_IDENTIFIER=Intel64 Family 6 Model 151 Stepping 2, GenuineIntel



---------------  S Y S T E M  ---------------

OS: Windows 10.0 , 64 bit Build 19041 (10.0.19041.4717)

CPU:total 12 (initial active 12) (6 cores per cpu, 2 threads per core) family 6 model 151 stepping 2, cmov, cx8, fxsr, mmx, sse, sse2, sse3, ssse3, sse4.1, sse4.2, popcnt, avx, avx2, aes, clmul, erms, 3dnowpref, lzcnt, ht, tsc, tscinvbit, bmi1, bmi2, adx

Memory: 4k page, physical 16586168k(8800064k free), swap 21196960k(2636952k free)

vm_info: Java HotSpot(TM) 64-Bit Server VM (25.161-b12) for windows-amd64 JRE (1.8.0_161-b12), built on Dec 19 2017 17:52:25 by "java_re" with MS VC++ 10.0 (VS2010)

time: Tue Sep 03 11:05:54 2024
elapsed time: 5 seconds (0d 0h 0m 5s)

