#
# A fatal error has been detected by the Java Runtime Environment:
#
#  EXCEPTION_ACCESS_VIOLATION (0xc0000005) at pc=0x00007ffeac01172f, pid=16552, tid=0x000000000000432c
#
# JRE version: Java(TM) SE Runtime Environment (8.0_161-b12) (build 1.8.0_161-b12)
# Java VM: Java HotSpot(TM) 64-Bit Server VM (25.161-b12 mixed mode windows-amd64 compressed oops)
# Problematic frame:
# C  [nvcuda64.dll+0x15172f]
#
# Failed to write core dump. Minidumps are not enabled by default on client versions of Windows
#
# If you would like to submit a bug report, please visit:
#   http://bugreport.java.com/bugreport/crash.jsp
# The crash happened outside the Java Virtual Machine in native code.
# See problematic frame for where to report the bug.
#

---------------  T H R E A D  ---------------

Current thread (0x0000000028023000):  JavaThread "Finalizer" daemon [_thread_in_native, id=17196, stack(0x00000000292a0000,0x00000000293a0000)]

siginfo: ExceptionCode=0xc0000005, reading address 0x00000000000004e8

Registers:
RAX=0x00007ffeac7f0980, RBX=0x0000000000000000, RCX=0x0000000000000000, RDX=0x0000000000000000
RSP=0x000000002939ed20, RBP=0x000000002939edd9, RSI=0x0000000000000000, RDI=0x000000009c2200c0
R8 =0x000000000000007d, R9 =0x0000000000000000, R10=0x0000000000000000, R11=0x0000000000000246
R12=0x0000000000000000, R13=0x0000000003961c94, R14=0x000000009c2200c0, R15=0x0000000028023000
RIP=0x00007ffeac01172f, EFLAGS=0x0000000000010246

Top of Stack: (sp=0x000000002939ed20)
0x000000002939ed20:   0000000000000000 000000002939ed20
0x000000002939ed30:   0000000000000000 000000000000432c
0x000000002939ed40:   00000003fffffffe 0000000000000000
0x000000002939ed50:   000000009c2200c0 000000000000432c
0x000000002939ed60:   0000000000000000 00007ffeac102c98
0x000000002939ed70:   000000002b0fd050 000000000000432c
0x000000002939ed80:   000000002b0fd050 0000000000000000
0x000000002939ed90:   0000000000000000 0000000066f38dd7
0x000000002939eda0:   000000002939edd8 0000000800276e6f
0x000000002939edb0:   000000002939efb0 000000002ad3dda0
0x000000002939edc0:   000000002939ee40 00007ffee2fd3fd9
0x000000002939edd0:   0000000000000001 000000002b0fd040
0x000000002939ede0:   0000000000000000 000000009b045370
0x000000002939edf0:   000000009c2200c0 0000000000000000
0x000000002939ee00:   000000002939eec9 00007ffee2fd4ee6
0x000000002939ee10:   000000002939efb0 000000009c2200c0 

Instructions: (pc=0x00007ffeac01172f)
0x00007ffeac01170f:   89 5c 24 28 48 85 c0 74 13 41 3b d0 75 0e 4c 8d
0x00007ffeac01171f:   4c 24 20 8d 56 02 44 8d 46 10 ff d0 48 8b 4f 10
0x00007ffeac01172f:   48 39 bb e8 04 00 00 75 12 48 89 8b e8 04 00 00
0x00007ffeac01173f:   48 85 c9 74 1f 48 89 71 08 eb 19 48 8b 47 08 48 


Register to memory mapping:

RAX=0x00007ffeac7f0980 is an unknown value
RBX=0x0000000000000000 is an unknown value
RCX=0x0000000000000000 is an unknown value
RDX=0x0000000000000000 is an unknown value
RSP=0x000000002939ed20 is pointing into the stack for thread: 0x0000000028023000
RBP=0x000000002939edd9 is pointing into the stack for thread: 0x0000000028023000
RSI=0x0000000000000000 is an unknown value
RDI=0x000000009c2200c0 is an unknown value
R8 =0x000000000000007d is an unknown value
R9 =0x0000000000000000 is an unknown value
R10=0x0000000000000000 is an unknown value
R11=0x0000000000000246 is an unknown value
R12=0x0000000000000000 is an unknown value
R13=0x0000000003961c94 is at entry_point+1652 in (nmethod*)0x0000000003961310
R14=0x000000009c2200c0 is an unknown value
R15=0x0000000028023000 is a thread


Stack: [0x00000000292a0000,0x00000000293a0000],  sp=0x000000002939ed20,  free space=1019k
Native frames: (J=compiled Java code, j=interpreted, Vv=VM code, C=native code)
C  [nvcuda64.dll+0x15172f]
C  [nvcuda64.dll+0x242c98]
C  [Cuda_sm86.dll+0x40ba]  cudart::cudaApiEventDestroy+0x2a
C  [Cuda_sm86.dll+0x19f5]  cudaEventDestroy+0x115
C  [Cuda_sm86.dll+0x15aae]  Java_z_dragon_engine_cuda_impl_Cuda_eventSynchronize_1delete+0x2e
C  0x000000000388aec3

Java frames: (J=compiled Java code, j=interpreted, Vv=VM code)
J 443  z.dragon.engine.cuda.impl.Cuda.eventSync_Del(J)V (0 bytes) @ 0x000000000388ae41 [0x000000000388ae00+0x41]
J 442 C1 z.dragon.engine.cuda.CudaFloat32EngineBase$StreamSyncer.sync()V (48 bytes) @ 0x000000000388a864 [0x000000000388a6e0+0x184]
J 787 C2 z.dragon.engine.Tensor.c()Lz/dragon/engine/Tensor; (39 bytes) @ 0x000000000399da04 [0x000000000399d960+0xa4]
J 678 C1 z.dragon.engine.Engine.delete_core(Lz/dragon/engine/Tensor;)V (160 bytes) @ 0x0000000003961d94 [0x0000000003961620+0x774]
J 758 C1 z.dragon.engine.Tensor.finalize()V (14 bytes) @ 0x0000000003984edc [0x0000000003984c00+0x2dc]
J 684 C1 java.lang.ref.Finalizer.runFinalizer(Lsun/misc/JavaLangAccess;)V (62 bytes) @ 0x000000000395f454 [0x000000000395eec0+0x594]
J 683 C1 java.lang.ref.Finalizer.access$100(Ljava/lang/ref/Finalizer;Lsun/misc/JavaLangAccess;)V (6 bytes) @ 0x0000000003960ddc [0x0000000003960d80+0x5c]
j  java.lang.ref.Finalizer$FinalizerThread.run()V+45
v  ~StubRoutines::call_stub

---------------  P R O C E S S  ---------------

Java Threads: ( => current thread )
  0x0000000029eb8800 JavaThread "Thread-7" daemon [_thread_blocked, id=16160, stack(0x000000008b7f0000,0x000000008b8f0000)]
  0x0000000029eb2800 JavaThread "Thread-6" daemon [_thread_blocked, id=13992, stack(0x000000008b6f0000,0x000000008b7f0000)]
  0x0000000029f0b800 JavaThread "Thread-5" daemon [_thread_blocked, id=17276, stack(0x0000000066a10000,0x0000000066b10000)]
  0x0000000029f0d800 JavaThread "Thread-4" daemon [_thread_blocked, id=3680, stack(0x00000000668d0000,0x00000000669d0000)]
  0x0000000029e85000 JavaThread "Thread-3" daemon [_thread_blocked, id=14456, stack(0x000000004dc30000,0x000000004dd30000)]
  0x0000000029e89800 JavaThread "Thread-2" daemon [_thread_in_native, id=2636, stack(0x0000000048f10000,0x0000000049010000)]
  0x0000000029e87000 JavaThread "Thread-1" daemon [_thread_in_native, id=17300, stack(0x0000000048e10000,0x0000000048f10000)]
  0x0000000029e9b800 JavaThread "Thread-0" daemon [_thread_blocked, id=7804, stack(0x0000000048d10000,0x0000000048e10000)]
  0x0000000029d19800 JavaThread "Java2D Disposer" daemon [_thread_blocked, id=15196, stack(0x000000002a450000,0x000000002a550000)]
  0x000000002812b800 JavaThread "Service Thread" daemon [_thread_blocked, id=13752, stack(0x00000000299a0000,0x0000000029aa0000)]
  0x00000000280a2000 JavaThread "C1 CompilerThread3" daemon [_thread_blocked, id=3236, stack(0x00000000298a0000,0x00000000299a0000)]
  0x00000000280a1800 JavaThread "C2 CompilerThread2" daemon [_thread_blocked, id=7820, stack(0x00000000297a0000,0x00000000298a0000)]
  0x000000002809c800 JavaThread "C2 CompilerThread1" daemon [_thread_blocked, id=16108, stack(0x00000000296a0000,0x00000000297a0000)]
  0x000000002803a000 JavaThread "C2 CompilerThread0" daemon [_thread_blocked, id=9692, stack(0x00000000295a0000,0x00000000296a0000)]
  0x0000000028037800 JavaThread "Attach Listener" daemon [_thread_blocked, id=8040, stack(0x00000000294a0000,0x00000000295a0000)]
  0x0000000028094000 JavaThread "Signal Dispatcher" daemon [_thread_blocked, id=6812, stack(0x00000000293a0000,0x00000000294a0000)]
=>0x0000000028023000 JavaThread "Finalizer" daemon [_thread_in_native, id=17196, stack(0x00000000292a0000,0x00000000293a0000)]
  0x000000000363a000 JavaThread "Reference Handler" daemon [_thread_blocked, id=7460, stack(0x00000000291a0000,0x00000000292a0000)]
  0x000000000343e000 JavaThread "main" [_thread_in_native, id=12480, stack(0x0000000003440000,0x0000000003540000)]

Other Threads:
  0x0000000026945800 VMThread [stack: 0x00000000290a0000,0x00000000291a0000] [id=12688]
  0x0000000028144800 WatcherThread [stack: 0x0000000029aa0000,0x0000000029ba0000] [id=5200]

VM state:not at safepoint (normal execution)

VM Mutex/Monitor currently owned by a thread: None

Heap:
 PSYoungGen      total 2446848K, used 135790K [0x0000000715580000, 0x00000007c0000000, 0x00000007c0000000)
  eden space 2097664K, 6% used [0x0000000715580000,0x000000071da1baa8,0x0000000795600000)
  from space 349184K, 0% used [0x0000000795600000,0x0000000795600000,0x00000007aab00000)
  to   space 349184K, 0% used [0x00000007aab00000,0x00000007aab00000,0x00000007c0000000)
 ParOldGen       total 5592576K, used 153279K [0x00000005c0000000, 0x0000000715580000, 0x0000000715580000)
  object space 5592576K, 2% used [0x00000005c0000000,0x00000005c95afce0,0x0000000715580000)
 Metaspace       used 11003K, capacity 11370K, committed 11520K, reserved 1058816K
  class space    used 1132K, capacity 1243K, committed 1280K, reserved 1048576K

Card table byte_map: [0x0000000012a00000,0x0000000013a10000] byte_map_base: 0x000000000fc00000

Marking Bits: (ParMarkBitMap*) 0x00000000676bf860
 Begin Bits: [0x0000000014ec0000, 0x000000001cec0000)
 End Bits:   [0x000000001cec0000, 0x0000000024ec0000)

Polling page: 0x00000000017e0000

CodeCache: size=245760Kb used=3839Kb max_used=3852Kb free=241920Kb
 bounds [0x0000000003640000, 0x0000000003a10000, 0x0000000012640000]
 total_blobs=1908 nmethods=918 adapters=903
 compilation: enabled

Compilation events (10 events):
Event: 1.807 Thread 0x00000000280a2000  913       3       z.dragon.engine.Counter::<init> (43 bytes)
Event: 1.807 Thread 0x00000000280a2000 nmethod 913 0x00000000039fd890 code [0x00000000039fdb00, 0x00000000039feaf8]
Event: 1.808 Thread 0x00000000280a2000  914       3       z.dragon.engine.Counter$CountGc::run (15 bytes)
Event: 1.808 Thread 0x00000000280a2000 nmethod 914 0x00000000039f8150 code [0x00000000039f82c0, 0x00000000039f8508]
Event: 1.830 Thread 0x00000000280a2000  915   !   3       z.dragon.engine.Syncer$FutureSyncer::sync (24 bytes)
Event: 1.830 Thread 0x00000000280a2000 nmethod 915 0x00000000039ff550 code [0x00000000039ff6e0, 0x00000000039ffa88]
Event: 1.831 Thread 0x00000000280a2000  916       3       java.nio.CharBuffer::hasArray (20 bytes)
Event: 1.868 Thread 0x00000000280a2000 nmethod 916 0x00000000039ffc90 code [0x00000000039ffde0, 0x00000000039fffd0]
Event: 1.868 Thread 0x00000000280a1800  918   !   4       java.lang.ref.Reference::tryHandlePending (115 bytes)
Event: 1.868 Thread 0x00000000280a2000  917       3       java.nio.ByteBuffer::hasArray (20 bytes)

GC Heap History (10 events):
Event: 1.650 GC heap before
{Heap before GC invocations=18 (full 9):
 PSYoungGen      total 2446848K, used 352K [0x0000000715580000, 0x00000007c0000000, 0x00000007c0000000)
  eden space 2097664K, 0% used [0x0000000715580000,0x0000000715580000,0x0000000795600000)
  from space 349184K, 0% used [0x0000000795600000,0x0000000795658000,0x00000007aab00000)
  to   space 349184K, 0% used [0x00000007aab00000,0x00000007aab00000,0x00000007c0000000)
 ParOldGen       total 5592576K, used 153253K [0x00000005c0000000, 0x0000000715580000, 0x0000000715580000)
  object space 5592576K, 2% used [0x00000005c0000000,0x00000005c95a9710,0x0000000715580000)
 Metaspace       used 10971K, capacity 11370K, committed 11520K, reserved 1058816K
  class space    used 1132K, capacity 1243K, committed 1280K, reserved 1048576K
Event: 1.668 GC heap after
Heap after GC invocations=18 (full 9):
 PSYoungGen      total 2446848K, used 0K [0x0000000715580000, 0x00000007c0000000, 0x00000007c0000000)
  eden space 2097664K, 0% used [0x0000000715580000,0x0000000715580000,0x0000000795600000)
  from space 349184K, 0% used [0x0000000795600000,0x0000000795600000,0x00000007aab00000)
  to   space 349184K, 0% used [0x00000007aab00000,0x00000007aab00000,0x00000007c0000000)
 ParOldGen       total 5592576K, used 153255K [0x00000005c0000000, 0x0000000715580000, 0x0000000715580000)
  object space 5592576K, 2% used [0x00000005c0000000,0x00000005c95a9d00,0x0000000715580000)
 Metaspace       used 10971K, capacity 11370K, committed 11520K, reserved 1058816K
  class space    used 1132K, capacity 1243K, committed 1280K, reserved 1048576K
}
Event: 1.727 GC heap before
{Heap before GC invocations=19 (full 9):
 PSYoungGen      total 2446848K, used 190330K [0x0000000715580000, 0x00000007c0000000, 0x00000007c0000000)
  eden space 2097664K, 9% used [0x0000000715580000,0x0000000720f5e818,0x0000000795600000)
  from space 349184K, 0% used [0x0000000795600000,0x0000000795600000,0x00000007aab00000)
  to   space 349184K, 0% used [0x00000007aab00000,0x00000007aab00000,0x00000007c0000000)
 ParOldGen       total 5592576K, used 153255K [0x00000005c0000000, 0x0000000715580000, 0x0000000715580000)
  object space 5592576K, 2% used [0x00000005c0000000,0x00000005c95a9d00,0x0000000715580000)
 Metaspace       used 10990K, capacity 11370K, committed 11520K, reserved 1058816K
  class space    used 1132K, capacity 1243K, committed 1280K, reserved 1048576K
Event: 1.728 GC heap after
Heap after GC invocations=19 (full 9):
 PSYoungGen      total 2446848K, used 352K [0x0000000715580000, 0x00000007c0000000, 0x00000007c0000000)
  eden space 2097664K, 0% used [0x0000000715580000,0x0000000715580000,0x0000000795600000)
  from space 349184K, 0% used [0x00000007aab00000,0x00000007aab58000,0x00000007c0000000)
  to   space 349184K, 0% used [0x0000000795600000,0x0000000795600000,0x00000007aab00000)
 ParOldGen       total 5592576K, used 153255K [0x00000005c0000000, 0x0000000715580000, 0x0000000715580000)
  object space 5592576K, 2% used [0x00000005c0000000,0x00000005c95a9d00,0x0000000715580000)
 Metaspace       used 10990K, capacity 11370K, committed 11520K, reserved 1058816K
  class space    used 1132K, capacity 1243K, committed 1280K, reserved 1048576K
}
Event: 1.728 GC heap before
{Heap before GC invocations=20 (full 10):
 PSYoungGen      total 2446848K, used 352K [0x0000000715580000, 0x00000007c0000000, 0x00000007c0000000)
  eden space 2097664K, 0% used [0x0000000715580000,0x0000000715580000,0x0000000795600000)
  from space 349184K, 0% used [0x00000007aab00000,0x00000007aab58000,0x00000007c0000000)
  to   space 349184K, 0% used [0x0000000795600000,0x0000000795600000,0x00000007aab00000)
 ParOldGen       total 5592576K, used 153255K [0x00000005c0000000, 0x0000000715580000, 0x0000000715580000)
  object space 5592576K, 2% used [0x00000005c0000000,0x00000005c95a9d00,0x0000000715580000)
 Metaspace       used 10990K, capacity 11370K, committed 11520K, reserved 1058816K
  class space    used 1132K, capacity 1243K, committed 1280K, reserved 1048576K
Event: 1.772 GC heap after
Heap after GC invocations=20 (full 10):
 PSYoungGen      total 2446848K, used 0K [0x0000000715580000, 0x00000007c0000000, 0x00000007c0000000)
  eden space 2097664K, 0% used [0x0000000715580000,0x0000000715580000,0x0000000795600000)
  from space 349184K, 0% used [0x00000007aab00000,0x00000007aab00000,0x00000007c0000000)
  to   space 349184K, 0% used [0x0000000795600000,0x0000000795600000,0x00000007aab00000)
 ParOldGen       total 5592576K, used 153277K [0x00000005c0000000, 0x0000000715580000, 0x0000000715580000)
  object space 5592576K, 2% used [0x00000005c0000000,0x00000005c95af550,0x0000000715580000)
 Metaspace       used 10990K, capacity 11370K, committed 11520K, reserved 1058816K
  class space    used 1132K, capacity 1243K, committed 1280K, reserved 1048576K
}
Event: 1.831 GC heap before
{Heap before GC invocations=21 (full 10):
 PSYoungGen      total 2446848K, used 221794K [0x0000000715580000, 0x00000007c0000000, 0x00000007c0000000)
  eden space 2097664K, 10% used [0x0000000715580000,0x0000000722e18ba8,0x0000000795600000)
  from space 349184K, 0% used [0x00000007aab00000,0x00000007aab00000,0x00000007c0000000)
  to   space 349184K, 0% used [0x0000000795600000,0x0000000795600000,0x00000007aab00000)
 ParOldGen       total 5592576K, used 153277K [0x00000005c0000000, 0x0000000715580000, 0x0000000715580000)
  object space 5592576K, 2% used [0x00000005c0000000,0x00000005c95af550,0x0000000715580000)
 Metaspace       used 11003K, capacity 11370K, committed 11520K, reserved 1058816K
  class space    used 1132K, capacity 1243K, committed 1280K, reserved 1048576K
Event: 1.832 GC heap after
Heap after GC invocations=21 (full 10):
 PSYoungGen      total 2446848K, used 224K [0x0000000715580000, 0x00000007c0000000, 0x00000007c0000000)
  eden space 2097664K, 0% used [0x0000000715580000,0x0000000715580000,0x0000000795600000)
  from space 349184K, 0% used [0x0000000795600000,0x0000000795638000,0x00000007aab00000)
  to   space 349184K, 0% used [0x00000007aab00000,0x00000007aab00000,0x00000007c0000000)
 ParOldGen       total 5592576K, used 153285K [0x00000005c0000000, 0x0000000715580000, 0x0000000715580000)
  object space 5592576K, 2% used [0x00000005c0000000,0x00000005c95b1550,0x0000000715580000)
 Metaspace       used 11003K, capacity 11370K, committed 11520K, reserved 1058816K
  class space    used 1132K, capacity 1243K, committed 1280K, reserved 1048576K
}
Event: 1.832 GC heap before
{Heap before GC invocations=22 (full 11):
 PSYoungGen      total 2446848K, used 224K [0x0000000715580000, 0x00000007c0000000, 0x00000007c0000000)
  eden space 2097664K, 0% used [0x0000000715580000,0x0000000715580000,0x0000000795600000)
  from space 349184K, 0% used [0x0000000795600000,0x0000000795638000,0x00000007aab00000)
  to   space 349184K, 0% used [0x00000007aab00000,0x00000007aab00000,0x00000007c0000000)
 ParOldGen       total 5592576K, used 153285K [0x00000005c0000000, 0x0000000715580000, 0x0000000715580000)
  object space 5592576K, 2% used [0x00000005c0000000,0x00000005c95b1550,0x0000000715580000)
 Metaspace       used 11003K, capacity 11370K, committed 11520K, reserved 1058816K
  class space    used 1132K, capacity 1243K, committed 1280K, reserved 1048576K
Event: 1.868 GC heap after
Heap after GC invocations=22 (full 11):
 PSYoungGen      total 2446848K, used 0K [0x0000000715580000, 0x00000007c0000000, 0x00000007c0000000)
  eden space 2097664K, 0% used [0x0000000715580000,0x0000000715580000,0x0000000795600000)
  from space 349184K, 0% used [0x0000000795600000,0x0000000795600000,0x00000007aab00000)
  to   space 349184K, 0% used [0x00000007aab00000,0x00000007aab00000,0x00000007c0000000)
 ParOldGen       total 5592576K, used 153279K [0x00000005c0000000, 0x0000000715580000, 0x0000000715580000)
  object space 5592576K, 2% used [0x00000005c0000000,0x00000005c95afce0,0x0000000715580000)
 Metaspace       used 11003K, capacity 11370K, committed 11520K, reserved 1058816K
  class space    used 1132K, capacity 1243K, committed 1280K, reserved 1048576K
}

Deoptimization events (6 events):
Event: 0.086 Thread 0x000000000343e000 Uncommon trap: reason=unstable_if action=reinterpret pc=0x000000000378244c method=java.lang.String.indexOf([CII[CIII)I @ 123
Event: 0.415 Thread 0x000000000343e000 Uncommon trap: reason=unstable_if action=reinterpret pc=0x00000000038985d4 method=java.io.BufferedInputStream.read([BII)I @ 31
Event: 0.514 Thread 0x000000000343e000 Uncommon trap: reason=unstable_if action=reinterpret pc=0x00000000038a816c method=z.dragon.dataset.Cifar10.load(Lz/dragon/data/container/ListContainer;Ljava/lang/String;Ljava/lang/String;)V @ 45
Event: 0.545 Thread 0x000000000343e000 Uncommon trap: reason=unstable_if action=reinterpret pc=0x00000000038ad468 method=z.dragon.dataset.Cifar10.load(Lz/dragon/data/container/ListContainer;Ljava/lang/String;Ljava/lang/String;)V @ 45
Event: 0.584 Thread 0x000000000343e000 Uncommon trap: reason=unstable_if action=reinterpret pc=0x00000000038a3a14 method=java.io.BufferedInputStream.read1([BII)I @ 68
Event: 0.585 Thread 0x000000000343e000 Uncommon trap: reason=unstable_if action=reinterpret pc=0x000000000389a720 method=java.io.BufferedInputStream.read1([BII)I @ 68

Classes redefined (0 events):
No events

Internal exceptions (10 events):
Event: 1.317 Thread 0x0000000028023000 Exception <a 'z/dragon/engine/cuda/impl/CudaException'> (0x000000071bd731e0) thrown at [C:\re\workspace\8-2-build-windows-amd64-cygwin\jdk8u161\10277\hotspot\src\share\vm\prims\jni.cpp, line 709]
Event: 1.411 Thread 0x0000000028023000 Exception <a 'z/dragon/engine/cuda/impl/CudaException'> (0x000000071b32fc58) thrown at [C:\re\workspace\8-2-build-windows-amd64-cygwin\jdk8u161\10277\hotspot\src\share\vm\prims\jni.cpp, line 709]
Event: 1.411 Thread 0x0000000028023000 Exception <a 'z/dragon/engine/cuda/impl/CudaException'> (0x000000071b32fe68) thrown at [C:\re\workspace\8-2-build-windows-amd64-cygwin\jdk8u161\10277\hotspot\src\share\vm\prims\jni.cpp, line 709]
Event: 1.518 Thread 0x0000000028023000 Exception <a 'z/dragon/engine/cuda/impl/CudaException'> (0x000000071b1235b0) thrown at [C:\re\workspace\8-2-build-windows-amd64-cygwin\jdk8u161\10277\hotspot\src\share\vm\prims\jni.cpp, line 709]
Event: 1.518 Thread 0x0000000028023000 Exception <a 'z/dragon/engine/cuda/impl/CudaException'> (0x000000071b1237c0) thrown at [C:\re\workspace\8-2-build-windows-amd64-cygwin\jdk8u161\10277\hotspot\src\share\vm\prims\jni.cpp, line 709]
Event: 1.593 Thread 0x0000000028023000 Exception <a 'z/dragon/engine/cuda/impl/CudaException'> (0x000000071bd6dd98) thrown at [C:\re\workspace\8-2-build-windows-amd64-cygwin\jdk8u161\10277\hotspot\src\share\vm\prims\jni.cpp, line 709]
Event: 1.593 Thread 0x0000000028023000 Exception <a 'z/dragon/engine/cuda/impl/CudaException'> (0x000000071bd6dfa8) thrown at [C:\re\workspace\8-2-build-windows-amd64-cygwin\jdk8u161\10277\hotspot\src\share\vm\prims\jni.cpp, line 709]
Event: 1.772 Thread 0x0000000028023000 Exception <a 'z/dragon/engine/cuda/impl/CudaException'> (0x000000071b32fc18) thrown at [C:\re\workspace\8-2-build-windows-amd64-cygwin\jdk8u161\10277\hotspot\src\share\vm\prims\jni.cpp, line 709]
Event: 1.772 Thread 0x0000000028023000 Exception <a 'z/dragon/engine/cuda/impl/CudaException'> (0x000000071b32fe28) thrown at [C:\re\workspace\8-2-build-windows-amd64-cygwin\jdk8u161\10277\hotspot\src\share\vm\prims\jni.cpp, line 709]
Event: 1.868 Thread 0x0000000028023000 Exception <a 'z/dragon/engine/cuda/impl/CudaException'> (0x000000071b123570) thrown at [C:\re\workspace\8-2-build-windows-amd64-cygwin\jdk8u161\10277\hotspot\src\share\vm\prims\jni.cpp, line 709]

Events (10 events):
Event: 1.473 Executing VM operation: ParallelGCSystemGC
Event: 1.517 Executing VM operation: ParallelGCSystemGC done
Event: 1.574 Executing VM operation: ParallelGCSystemGC
Event: 1.592 Executing VM operation: ParallelGCSystemGC done
Event: 1.649 Executing VM operation: ParallelGCSystemGC
Event: 1.668 Executing VM operation: ParallelGCSystemGC done
Event: 1.727 Executing VM operation: ParallelGCSystemGC
Event: 1.772 Executing VM operation: ParallelGCSystemGC done
Event: 1.831 Executing VM operation: ParallelGCSystemGC
Event: 1.868 Executing VM operation: ParallelGCSystemGC done


Dynamic libraries:
0x00007ff753440000 - 0x00007ff753477000 	D:\virtual-discE-Java\JDK 8 Windows\jdk1.8.0_161\bin\java.exe
0x00007fff0e050000 - 0x00007fff0e248000 	C:\WINDOWS\SYSTEM32\ntdll.dll
0x00007fff0c320000 - 0x00007fff0c3e1000 	C:\WINDOWS\System32\KERNEL32.DLL
0x00007fff0b970000 - 0x00007fff0bc6d000 	C:\WINDOWS\System32\KERNELBASE.dll
0x00007fff0c080000 - 0x00007fff0c130000 	C:\WINDOWS\System32\ADVAPI32.dll
0x00007fff0c130000 - 0x00007fff0c1ce000 	C:\WINDOWS\System32\msvcrt.dll
0x00007fff0c280000 - 0x00007fff0c320000 	C:\WINDOWS\System32\sechost.dll
0x00007fff0cf30000 - 0x00007fff0d053000 	C:\WINDOWS\System32\RPCRT4.dll
0x00007fff0b700000 - 0x00007fff0b727000 	C:\WINDOWS\System32\bcrypt.dll
0x00007fff0d4a0000 - 0x00007fff0d63d000 	C:\WINDOWS\System32\USER32.dll
0x00007fff0bea0000 - 0x00007fff0bec2000 	C:\WINDOWS\System32\win32u.dll
0x00007fff0df70000 - 0x00007fff0df9b000 	C:\WINDOWS\System32\GDI32.dll
0x00007fff0bd10000 - 0x00007fff0be27000 	C:\WINDOWS\System32\gdi32full.dll
0x00007fff0bc70000 - 0x00007fff0bd0d000 	C:\WINDOWS\System32\msvcp_win.dll
0x00007fff0bed0000 - 0x00007fff0bfd0000 	C:\WINDOWS\System32\ucrtbase.dll
0x00007ffef2fc0000 - 0x00007ffef325a000 	C:\WINDOWS\WinSxS\amd64_microsoft.windows.common-controls_6595b64144ccf1df_6.0.19041.4355_none_60b8b9eb71f62e16\COMCTL32.dll
0x00007fff0dd30000 - 0x00007fff0dd5f000 	C:\WINDOWS\System32\IMM32.DLL
0x0000000066dc0000 - 0x0000000066e92000 	D:\virtual-discE-Java\JDK 8 Windows\jdk1.8.0_161\jre\bin\msvcr100.dll
0x0000000066ea0000 - 0x000000006773f000 	D:\virtual-discE-Java\JDK 8 Windows\jdk1.8.0_161\jre\bin\server\jvm.dll
0x00007fff0e000000 - 0x00007fff0e008000 	C:\WINDOWS\System32\PSAPI.DLL
0x00007fff032f0000 - 0x00007fff032f9000 	C:\WINDOWS\SYSTEM32\WSOCK32.dll
0x00007fff03ce0000 - 0x00007fff03cea000 	C:\WINDOWS\SYSTEM32\VERSION.dll
0x00007ffeffc70000 - 0x00007ffeffc97000 	C:\WINDOWS\SYSTEM32\WINMM.dll
0x00007fff0dc10000 - 0x00007fff0dc7b000 	C:\WINDOWS\System32\WS2_32.dll
0x0000000066d70000 - 0x0000000066d7f000 	D:\virtual-discE-Java\JDK 8 Windows\jdk1.8.0_161\jre\bin\verify.dll
0x0000000066d40000 - 0x0000000066d69000 	D:\virtual-discE-Java\JDK 8 Windows\jdk1.8.0_161\jre\bin\java.dll
0x0000000066d20000 - 0x0000000066d36000 	D:\virtual-discE-Java\JDK 8 Windows\jdk1.8.0_161\jre\bin\zip.dll
0x00007fff0c450000 - 0x00007fff0cbbf000 	C:\WINDOWS\System32\SHELL32.dll
0x00007fff09220000 - 0x00007fff099bf000 	C:\WINDOWS\SYSTEM32\windows.storage.dll
0x00007fff0d060000 - 0x00007fff0d3b3000 	C:\WINDOWS\System32\combase.dll
0x00007fff0b120000 - 0x00007fff0b14e000 	C:\WINDOWS\SYSTEM32\Wldp.dll
0x00007fff0d650000 - 0x00007fff0d71d000 	C:\WINDOWS\System32\OLEAUT32.dll
0x00007fff0dc80000 - 0x00007fff0dd2d000 	C:\WINDOWS\System32\SHCORE.dll
0x00007fff0ced0000 - 0x00007fff0cf25000 	C:\WINDOWS\System32\shlwapi.dll
0x00007fff0b630000 - 0x00007fff0b654000 	C:\WINDOWS\SYSTEM32\profapi.dll
0x0000000066b40000 - 0x0000000066cd8000 	D:\virtual-discE-Java\JDK 8 Windows\jdk1.8.0_161\jre\bin\awt.dll
0x00007fff05b40000 - 0x00007fff05bd4000 	C:\WINDOWS\SYSTEM32\apphelp.dll
0x00000000669d0000 - 0x0000000066a0e000 	D:\virtual-discE-Java\JDK 8 Windows\jdk1.8.0_161\jre\bin\lcms.dll
0x00007ffeff610000 - 0x00007ffeff63a000 	C:\Users\Gilgamesh\Desktop\Dragon-alpha-v1.2\native-lib\cuda_float32\CudaDevice_sm86.dll
0x00007ffeff5f0000 - 0x00007ffeff606000 	D:\virtual-discE-Java\JDK 8 Windows\jdk1.8.0_161\jre\bin\VCRUNTIME140.dll
0x00007ffedd120000 - 0x00007ffedd28a000 	C:\Users\Gilgamesh\Desktop\Dragon-alpha-v1.2\native-lib\cuda_float32\Cuda_batchMatMul_sm86.dll
0x00007ffead0d0000 - 0x00007ffeb04f0000 	C:\Users\Gilgamesh\Desktop\Dragon-alpha-v1.2\native-lib\cuda_float32\Cuda_conv3D_sm86.dll
0x00007ffeac880000 - 0x00007ffead0c4000 	C:\Users\Gilgamesh\Desktop\Dragon-alpha-v1.2\native-lib\cuda_float32\Cuda_dconv3D_deltaW_sm86.dll
0x00007ffea6320000 - 0x00007ffeaa093000 	C:\Users\Gilgamesh\Desktop\Dragon-alpha-v1.2\native-lib\cuda_float32\Cuda_dconv3D_deltaX_sm86.dll
0x00007ffefdb00000 - 0x00007ffefdb5f000 	C:\Users\Gilgamesh\Desktop\Dragon-alpha-v1.2\native-lib\cuda_float32\Cuda_expk2_sm86.dll
0x00007ffec1580000 - 0x00007ffec185a000 	C:\Users\Gilgamesh\Desktop\Dragon-alpha-v1.2\native-lib\cuda_float32\Cuda_function_sm86.dll
0x00007ffedc580000 - 0x00007ffedc663000 	C:\Users\Gilgamesh\Desktop\Dragon-alpha-v1.2\native-lib\cuda_float32\Cuda_image_sm86.dll
0x00007ffec0460000 - 0x00007ffec0717000 	C:\Users\Gilgamesh\Desktop\Dragon-alpha-v1.2\native-lib\cuda_float32\Cuda_matMul_sm86.dll
0x00007ffeeed70000 - 0x00007ffeeedc6000 	C:\Users\Gilgamesh\Desktop\Dragon-alpha-v1.2\native-lib\cuda_float32\Cuda_pool2D_sm86.dll
0x00007ffee56d0000 - 0x00007ffee5722000 	C:\Users\Gilgamesh\Desktop\Dragon-alpha-v1.2\native-lib\cuda_float32\Cuda_random_sm86.dll
0x00007ffec00b0000 - 0x00007ffec045a000 	C:\Users\Gilgamesh\Desktop\Dragon-alpha-v1.2\native-lib\cuda_float32\Cuda_reduce_sm86.dll
0x00007ffee2fc0000 - 0x00007ffee3011000 	C:\Users\Gilgamesh\Desktop\Dragon-alpha-v1.2\native-lib\cuda_float32\Cuda_sm86.dll
0x00007ffedb1f0000 - 0x00007ffedb265000 	C:\Users\Gilgamesh\Desktop\Dragon-alpha-v1.2\native-lib\cuda_float32\Cuda_upool2D_sm86.dll
0x00007ffebf850000 - 0x00007ffebfba3000 	C:\WINDOWS\SYSTEM32\nvcuda.dll
0x00007ffeabec0000 - 0x00007ffeac876000 	C:\WINDOWS\system32\DriverStore\FileRepository\nv_dispig.inf_amd64_7e5fd280efaa5445\nvcuda64.dll
0x00007fff0b2b0000 - 0x00007fff0b2c2000 	C:\WINDOWS\SYSTEM32\msasn1.dll
0x00007fff03ba0000 - 0x00007fff03bd1000 	C:\WINDOWS\SYSTEM32\cryptnet.dll
0x00007fff0b810000 - 0x00007fff0b96e000 	C:\WINDOWS\System32\CRYPT32.dll
0x00007fff03840000 - 0x00007fff03987000 	C:\WINDOWS\SYSTEM32\drvstore.dll
0x00007fff0b480000 - 0x00007fff0b4b3000 	C:\WINDOWS\SYSTEM32\devobj.dll
0x00007fff0b7c0000 - 0x00007fff0b80e000 	C:\WINDOWS\System32\cfgmgr32.dll
0x00007fff0b070000 - 0x00007fff0b07c000 	C:\WINDOWS\SYSTEM32\cryptbase.dll
0x00007fff00810000 - 0x00007fff00faf000 	C:\WINDOWS\SYSTEM32\nvapi64.dll
0x00007fff0d7a0000 - 0x00007fff0dc0e000 	C:\WINDOWS\System32\SETUPAPI.dll
0x00007fff0cda0000 - 0x00007fff0cecb000 	C:\WINDOWS\System32\ole32.dll
0x00007fff09f60000 - 0x00007fff09f72000 	C:\WINDOWS\SYSTEM32\kernel.appcore.dll
0x00007fff09a90000 - 0x00007fff09c74000 	C:\WINDOWS\SYSTEM32\dbghelp.dll
0x00007fff0b730000 - 0x00007fff0b7b2000 	C:\WINDOWS\System32\bcryptPrimitives.dll

VM Arguments:
jvm_args: -Dfile.encoding=UTF-8 -Xms8192m 
java_command: cifar10.resnet18_leaky_relu_attention.train
java_class_path (initial): D:\virtual-discC-code\Dragon-alpha-3060ti\ZUTIL-STD-1.2\build\classes;D:\virtual-discC-code\Dragon-alpha-3060ti\alpha-Dragon-v1.2\build\classes;D:\virtual-discC-code\Dragon-alpha-3060ti\alpha-Dragon-v1.2\build\test\classes
Launcher Type: SUN_STANDARD

Environment Variables:
JAVA_HOME=D:\virtual-discE-Java\JDK 8 Windows\jdk1.8.0_161
PATH=C:\Program Files\NVIDIA GPU Computing Toolkit\CUDA\v11.8\bin;C:\Program Files\NVIDIA GPU Computing Toolkit\CUDA\v11.8\libnvvp;C:\Program Files\NVIDIA GPU Computing Toolkit\CUDA\v11.5\bin;C:\Program Files\NVIDIA GPU Computing Toolkit\CUDA\v11.5\libnvvp;C:\Program Files\NVIDIA GPU Computing Toolkit\CUDA\v11.5\include;C:\WINDOWS\system32;C:\WINDOWS;C:\WINDOWS\System32\Wbem;C:\WINDOWS\System32\WindowsPowerShell\v1.0\;C:\WINDOWS\System32\OpenSSH\;C:\Program Files (x86)\NVIDIA Corporation\PhysX\Common;C:\Program Files\NVIDIA Corporation\NVIDIA NvDLISR;D:\virtual-discE-Java\JDK 8 Windows\jdk1.8.0_161\bin;C:\Program Files\NVIDIA Corporation\Nsight Compute 2022.3.0\;C:\Users\Gilgamesh\AppData\Local\Microsoft\WindowsApps;C:\Users\Gilgamesh\AppData\Local\GitHubDesktop\bin;D:\virtual-discA\LaTex\TeXLive\texlive\2023\bin\windows
USERNAME=Gilgamesh
OS=Windows_NT
PROCESSOR_IDENTIFIER=Intel64 Family 6 Model 151 Stepping 2, GenuineIntel



---------------  S Y S T E M  ---------------

OS: Windows 10.0 , 64 bit Build 19041 (10.0.19041.4717)

CPU:total 12 (initial active 12) (6 cores per cpu, 2 threads per core) family 6 model 151 stepping 2, cmov, cx8, fxsr, mmx, sse, sse2, sse3, ssse3, sse4.1, sse4.2, popcnt, avx, avx2, aes, clmul, erms, 3dnowpref, lzcnt, ht, tsc, tscinvbit, bmi1, bmi2, adx

Memory: 4k page, physical 16586168k(9223432k free), swap 20144212k(2077308k free)

vm_info: Java HotSpot(TM) 64-Bit Server VM (25.161-b12) for windows-amd64 JRE (1.8.0_161-b12), built on Dec 19 2017 17:52:25 by "java_re" with MS VC++ 10.0 (VS2010)

time: Tue Sep 03 10:34:36 2024
elapsed time: 1 seconds (0d 0h 0m 1s)

