  Compiling CUDA source file A.cu...
  
  D:\virtual-discC-code\Dragon-alpha-3060ti\engine-cuda-base\Cuda_reduce\Cuda_reduce>"C:\Program Files\NVIDIA GPU Computing Toolkit\CUDA\v11.5\bin\nvcc.exe" -gencode=arch=compute_52,code=\"sm_52,compute_52\" --use-local-env -ccbin "C:\Program Files (x86)\Microsoft Visual Studio\2017\Community\VC\Tools\MSVC\14.16.27023\bin\HostX86\x64" -x cu   -I"C:\Program Files\NVIDIA GPU Computing Toolkit\CUDA\v11.5\include" -I"C:\Program Files\NVIDIA GPU Computing Toolkit\CUDA\v11.5\include"     --keep-dir x64\Release  -maxrregcount=0 --ptxas-options=-v --machine 64 --compile -cudart static    -DWIN32 -DWIN64 -DNDEBUG -D_CONSOLE -D_WINDLL -D_MBCS -Xcompiler "/EHsc /W3 /nologo /O2 /Fdx64\Release\vc141.pdb /FS   /MD " -o x64\Release\A.cu.obj "D:\virtual-discC-code\Dragon-alpha-3060ti\engine-cuda-base\Cuda_reduce\Cuda_reduce\A.cu" 
  ptxas info    : 0 bytes gmem
  ptxas info    : Compiling entry function '_Z47row_layernorm_affined_deltaXp_v2_kernel_slow_16ILi1ELi5EEvPKfS1_S1_S1_fS1_iiPfS2_iii' for 'sm_52'
  ptxas info    : Function properties for _Z47row_layernorm_affined_deltaXp_v2_kernel_slow_16ILi1ELi5EEvPKfS1_S1_S1_fS1_iiPfS2_iii
      0 bytes stack frame, 0 bytes spill stores, 0 bytes spill loads
  ptxas info    : Used 56 registers, 512 bytes smem, 404 bytes cmem[0]
  ptxas info    : Compiling entry function '_Z46row_layernorm_affined_deltaXp_v2_kernel_fast_8ILi1ELi3EEvPKfS1_S1_S1_fS1_iiPfS2_iii' for 'sm_52'
  ptxas info    : Function properties for _Z46row_layernorm_affined_deltaXp_v2_kernel_fast_8ILi1ELi3EEvPKfS1_S1_S1_fS1_iiPfS2_iii
      0 bytes stack frame, 0 bytes spill stores, 0 bytes spill loads
  ptxas info    : Used 58 registers, 128 bytes smem, 404 bytes cmem[0]
  ptxas info    : Compiling entry function '_Z46row_layernorm_affined_deltaXp_v2_kernel_fast_8ILi2ELi3EEvPKfS1_S1_S1_fS1_iiPfS2_iii' for 'sm_52'
  ptxas info    : Function properties for _Z46row_layernorm_affined_deltaXp_v2_kernel_fast_8ILi2ELi3EEvPKfS1_S1_S1_fS1_iiPfS2_iii
      0 bytes stack frame, 0 bytes spill stores, 0 bytes spill loads
  ptxas info    : Used 58 registers, 256 bytes smem, 404 bytes cmem[0]
  ptxas info    : Compiling entry function '_Z47row_layernorm_affined_deltaXp_v2_kernel_fast_16ILi1ELi4EEvPKfS1_S1_S1_fS1_iiPfS2_iii' for 'sm_52'
  ptxas info    : Function properties for _Z47row_layernorm_affined_deltaXp_v2_kernel_fast_16ILi1ELi4EEvPKfS1_S1_S1_fS1_iiPfS2_iii
      0 bytes stack frame, 0 bytes spill stores, 0 bytes spill loads
  ptxas info    : Used 58 registers, 256 bytes smem, 404 bytes cmem[0]
  ptxas info    : Compiling entry function '_Z39row_layernorm_deltaXp_v2_kernel_slow_16ILi1ELi5EEvPKfS1_S1_S1_fiiPfS2_iii' for 'sm_52'
  ptxas info    : Function properties for _Z39row_layernorm_deltaXp_v2_kernel_slow_16ILi1ELi5EEvPKfS1_S1_S1_fiiPfS2_iii
      0 bytes stack frame, 0 bytes spill stores, 0 bytes spill loads
  ptxas info    : Used 48 registers, 512 bytes smem, 396 bytes cmem[0]
  ptxas info    : Compiling entry function '_Z38row_layernorm_deltaXp_v2_kernel_fast_8ILi1ELi3EEvPKfS1_S1_S1_fiiPfS2_iii' for 'sm_52'
  ptxas info    : Function properties for _Z38row_layernorm_deltaXp_v2_kernel_fast_8ILi1ELi3EEvPKfS1_S1_S1_fiiPfS2_iii
      0 bytes stack frame, 0 bytes spill stores, 0 bytes spill loads
  ptxas info    : Used 50 registers, 128 bytes smem, 396 bytes cmem[0]
  ptxas info    : Compiling entry function '_Z38row_layernorm_deltaXp_v2_kernel_fast_8ILi2ELi3EEvPKfS1_S1_S1_fiiPfS2_iii' for 'sm_52'
  ptxas info    : Function properties for _Z38row_layernorm_deltaXp_v2_kernel_fast_8ILi2ELi3EEvPKfS1_S1_S1_fiiPfS2_iii
      0 bytes stack frame, 0 bytes spill stores, 0 bytes spill loads
  ptxas info    : Used 50 registers, 256 bytes smem, 396 bytes cmem[0]
  ptxas info    : Compiling entry function '_Z39row_layernorm_deltaXp_v2_kernel_fast_16ILi1ELi4EEvPKfS1_S1_S1_fiiPfS2_iii' for 'sm_52'
  ptxas info    : Function properties for _Z39row_layernorm_deltaXp_v2_kernel_fast_16ILi1ELi4EEvPKfS1_S1_S1_fiiPfS2_iii
      0 bytes stack frame, 0 bytes spill stores, 0 bytes spill loads
  ptxas info    : Used 50 registers, 256 bytes smem, 396 bytes cmem[0]
  ptxas info    : Compiling entry function '_Z47row_layernorm_affined_deltaXp_v1_kernel_slow_16ILi1ELi5EEvPKfS1_S1_S1_fS1_S1_iiPfS2_iii' for 'sm_52'
  ptxas info    : Function properties for _Z47row_layernorm_affined_deltaXp_v1_kernel_slow_16ILi1ELi5EEvPKfS1_S1_S1_fS1_S1_iiPfS2_iii
      0 bytes stack frame, 0 bytes spill stores, 0 bytes spill loads
  ptxas info    : Used 64 registers, 512 bytes smem, 412 bytes cmem[0], 8 bytes cmem[2]
  ptxas info    : Compiling entry function '_Z46row_layernorm_affined_deltaXp_v1_kernel_fast_8ILi1ELi3EEvPKfS1_S1_S1_fS1_S1_iiPfS2_iii' for 'sm_52'
  ptxas info    : Function properties for _Z46row_layernorm_affined_deltaXp_v1_kernel_fast_8ILi1ELi3EEvPKfS1_S1_S1_fS1_S1_iiPfS2_iii
      0 bytes stack frame, 0 bytes spill stores, 0 bytes spill loads
  ptxas info    : Used 68 registers, 128 bytes smem, 412 bytes cmem[0], 8 bytes cmem[2]
  ptxas info    : Compiling entry function '_Z46row_layernorm_affined_deltaXp_v1_kernel_fast_8ILi2ELi3EEvPKfS1_S1_S1_fS1_S1_iiPfS2_iii' for 'sm_52'
  ptxas info    : Function properties for _Z46row_layernorm_affined_deltaXp_v1_kernel_fast_8ILi2ELi3EEvPKfS1_S1_S1_fS1_S1_iiPfS2_iii
      0 bytes stack frame, 0 bytes spill stores, 0 bytes spill loads
  ptxas info    : Used 68 registers, 256 bytes smem, 412 bytes cmem[0], 8 bytes cmem[2]
  ptxas info    : Compiling entry function '_Z47row_layernorm_affined_deltaXp_v1_kernel_fast_16ILi1ELi4EEvPKfS1_S1_S1_fS1_S1_iiPfS2_iii' for 'sm_52'
  ptxas info    : Function properties for _Z47row_layernorm_affined_deltaXp_v1_kernel_fast_16ILi1ELi4EEvPKfS1_S1_S1_fS1_S1_iiPfS2_iii
      0 bytes stack frame, 0 bytes spill stores, 0 bytes spill loads
  ptxas info    : Used 68 registers, 256 bytes smem, 412 bytes cmem[0], 8 bytes cmem[2]
  ptxas info    : Compiling entry function '_Z39row_layernorm_deltaXp_v1_kernel_slow_16ILi1ELi5EEvPKfS1_S1_S1_fiiPfS2_iii' for 'sm_52'
  ptxas info    : Function properties for _Z39row_layernorm_deltaXp_v1_kernel_slow_16ILi1ELi5EEvPKfS1_S1_S1_fiiPfS2_iii
      0 bytes stack frame, 0 bytes spill stores, 0 bytes spill loads
  ptxas info    : Used 48 registers, 512 bytes smem, 396 bytes cmem[0], 8 bytes cmem[2]
  ptxas info    : Compiling entry function '_Z38row_layernorm_deltaXp_v1_kernel_fast_8ILi1ELi3EEvPKfS1_S1_S1_fiiPfS2_iii' for 'sm_52'
  ptxas info    : Function properties for _Z38row_layernorm_deltaXp_v1_kernel_fast_8ILi1ELi3EEvPKfS1_S1_S1_fiiPfS2_iii
      0 bytes stack frame, 0 bytes spill stores, 0 bytes spill loads
  ptxas info    : Used 53 registers, 128 bytes smem, 396 bytes cmem[0], 8 bytes cmem[2]
  ptxas info    : Compiling entry function '_Z38row_layernorm_deltaXp_v1_kernel_fast_8ILi2ELi3EEvPKfS1_S1_S1_fiiPfS2_iii' for 'sm_52'
  ptxas info    : Function properties for _Z38row_layernorm_deltaXp_v1_kernel_fast_8ILi2ELi3EEvPKfS1_S1_S1_fiiPfS2_iii
      0 bytes stack frame, 0 bytes spill stores, 0 bytes spill loads
  ptxas info    : Used 53 registers, 256 bytes smem, 396 bytes cmem[0], 8 bytes cmem[2]
  ptxas info    : Compiling entry function '_Z39row_layernorm_deltaXp_v1_kernel_fast_16ILi1ELi4EEvPKfS1_S1_S1_fiiPfS2_iii' for 'sm_52'
  ptxas info    : Function properties for _Z39row_layernorm_deltaXp_v1_kernel_fast_16ILi1ELi4EEvPKfS1_S1_S1_fiiPfS2_iii
      0 bytes stack frame, 0 bytes spill stores, 0 bytes spill loads
  ptxas info    : Used 53 registers, 256 bytes smem, 396 bytes cmem[0], 8 bytes cmem[2]
  ptxas info    : Compiling entry function '_Z46row_softmax_crossEntropy_stage1_kernel_slow_16ILi1ELi5EEvPKfS1_iiPfiii' for 'sm_52'
  ptxas info    : Function properties for _Z46row_softmax_crossEntropy_stage1_kernel_slow_16ILi1ELi5EEvPKfS1_iiPfiii
      0 bytes stack frame, 0 bytes spill stores, 0 bytes spill loads
  ptxas info    : Used 40 registers, 256 bytes smem, 364 bytes cmem[0], 12 bytes cmem[2]
  ptxas info    : Compiling entry function '_Z45row_softmax_crossEntropy_stage1_kernel_fast_8ILi1ELi3EEvPKfS1_iiPfiii' for 'sm_52'
  ptxas info    : Function properties for _Z45row_softmax_crossEntropy_stage1_kernel_fast_8ILi1ELi3EEvPKfS1_iiPfiii
      0 bytes stack frame, 0 bytes spill stores, 0 bytes spill loads
  ptxas info    : Used 47 registers, 64 bytes smem, 364 bytes cmem[0], 12 bytes cmem[2]
  ptxas info    : Compiling entry function '_Z45row_softmax_crossEntropy_stage1_kernel_fast_8ILi2ELi3EEvPKfS1_iiPfiii' for 'sm_52'
  ptxas info    : Function properties for _Z45row_softmax_crossEntropy_stage1_kernel_fast_8ILi2ELi3EEvPKfS1_iiPfiii
      0 bytes stack frame, 0 bytes spill stores, 0 bytes spill loads
  ptxas info    : Used 47 registers, 128 bytes smem, 364 bytes cmem[0], 12 bytes cmem[2]
  ptxas info    : Compiling entry function '_Z46row_softmax_crossEntropy_stage1_kernel_fast_16ILi1ELi4EEvPKfS1_iiPfiii' for 'sm_52'
  ptxas info    : Function properties for _Z46row_softmax_crossEntropy_stage1_kernel_fast_16ILi1ELi4EEvPKfS1_iiPfiii
      0 bytes stack frame, 0 bytes spill stores, 0 bytes spill loads
  ptxas info    : Used 47 registers, 136 bytes smem, 364 bytes cmem[0], 12 bytes cmem[2]
  ptxas info    : Compiling entry function '_Z26row_softmax_kernel_slow_16ILi1ELi5EEvPKfS1_PfiiS2_iii' for 'sm_52'
  ptxas info    : Function properties for _Z26row_softmax_kernel_slow_16ILi1ELi5EEvPKfS1_PfiiS2_iii
      0 bytes stack frame, 0 bytes spill stores, 0 bytes spill loads
  ptxas info    : Used 40 registers, 256 bytes smem, 372 bytes cmem[0], 12 bytes cmem[2]
  ptxas info    : Compiling entry function '_Z25row_softmax_kernel_fast_8ILi1ELi3EEvPKfS1_PfiiS2_iii' for 'sm_52'
  ptxas info    : Function properties for _Z25row_softmax_kernel_fast_8ILi1ELi3EEvPKfS1_PfiiS2_iii
      0 bytes stack frame, 0 bytes spill stores, 0 bytes spill loads
  ptxas info    : Used 40 registers, 64 bytes smem, 372 bytes cmem[0], 12 bytes cmem[2]
  ptxas info    : Compiling entry function '_Z25row_softmax_kernel_fast_8ILi2ELi3EEvPKfS1_PfiiS2_iii' for 'sm_52'
  ptxas info    : Function properties for _Z25row_softmax_kernel_fast_8ILi2ELi3EEvPKfS1_PfiiS2_iii
      0 bytes stack frame, 0 bytes spill stores, 0 bytes spill loads
  ptxas info    : Used 40 registers, 128 bytes smem, 372 bytes cmem[0], 12 bytes cmem[2]
  ptxas info    : Compiling entry function '_Z26row_softmax_kernel_fast_16ILi1ELi4EEvPKfS1_PfiiS2_iii' for 'sm_52'
  ptxas info    : Function properties for _Z26row_softmax_kernel_fast_16ILi1ELi4EEvPKfS1_PfiiS2_iii
      0 bytes stack frame, 0 bytes spill stores, 0 bytes spill loads
  ptxas info    : Used 40 registers, 136 bytes smem, 372 bytes cmem[0], 12 bytes cmem[2]
  ptxas info    : Compiling entry function '_Z30row_max_indexed_kernel_slow_16ILi1ELi5EEvPKfiiPfPiiii' for 'sm_52'
  ptxas info    : Function properties for _Z30row_max_indexed_kernel_slow_16ILi1ELi5EEvPKfiiPfPiiii
      0 bytes stack frame, 0 bytes spill stores, 0 bytes spill loads
  ptxas info    : Used 32 registers, 512 bytes smem, 364 bytes cmem[0], 8 bytes cmem[2]
  ptxas info    : Compiling entry function '_Z29row_max_indexed_kernel_fast_8ILi1ELi3EEvPKfiiPfPiiii' for 'sm_52'
  ptxas info    : Function properties for _Z29row_max_indexed_kernel_fast_8ILi1ELi3EEvPKfiiPfPiiii
      0 bytes stack frame, 0 bytes spill stores, 0 bytes spill loads
  ptxas info    : Used 38 registers, 128 bytes smem, 364 bytes cmem[0], 4 bytes cmem[2]
  ptxas info    : Compiling entry function '_Z29row_max_indexed_kernel_fast_8ILi2ELi3EEvPKfiiPfPiiii' for 'sm_52'
  ptxas info    : Function properties for _Z29row_max_indexed_kernel_fast_8ILi2ELi3EEvPKfiiPfPiiii
      0 bytes stack frame, 0 bytes spill stores, 0 bytes spill loads
  ptxas info    : Used 38 registers, 256 bytes smem, 364 bytes cmem[0], 4 bytes cmem[2]
  ptxas info    : Compiling entry function '_Z30row_max_indexed_kernel_fast_16ILi1ELi4EEvPKfiiPfPiiii' for 'sm_52'
  ptxas info    : Function properties for _Z30row_max_indexed_kernel_fast_16ILi1ELi4EEvPKfiiPfPiiii
      0 bytes stack frame, 0 bytes spill stores, 0 bytes spill loads
  ptxas info    : Used 38 registers, 256 bytes smem, 364 bytes cmem[0], 4 bytes cmem[2]
  ptxas info    : Compiling entry function '_Z30row_min_indexed_kernel_slow_16ILi1ELi5EEvPKfiiPfPiiii' for 'sm_52'
  ptxas info    : Function properties for _Z30row_min_indexed_kernel_slow_16ILi1ELi5EEvPKfiiPfPiiii
      0 bytes stack frame, 0 bytes spill stores, 0 bytes spill loads
  ptxas info    : Used 32 registers, 512 bytes smem, 364 bytes cmem[0], 4 bytes cmem[2]
  ptxas info    : Compiling entry function '_Z29row_min_indexed_kernel_fast_8ILi1ELi3EEvPKfiiPfPiiii' for 'sm_52'
  ptxas info    : Function properties for _Z29row_min_indexed_kernel_fast_8ILi1ELi3EEvPKfiiPfPiiii
      0 bytes stack frame, 0 bytes spill stores, 0 bytes spill loads
  ptxas info    : Used 39 registers, 128 bytes smem, 364 bytes cmem[0], 4 bytes cmem[2]
  ptxas info    : Compiling entry function '_Z29row_min_indexed_kernel_fast_8ILi2ELi3EEvPKfiiPfPiiii' for 'sm_52'
  ptxas info    : Function properties for _Z29row_min_indexed_kernel_fast_8ILi2ELi3EEvPKfiiPfPiiii
      0 bytes stack frame, 0 bytes spill stores, 0 bytes spill loads
  ptxas info    : Used 39 registers, 256 bytes smem, 364 bytes cmem[0], 4 bytes cmem[2]
  ptxas info    : Compiling entry function '_Z30row_min_indexed_kernel_fast_16ILi1ELi4EEvPKfiiPfPiiii' for 'sm_52'
  ptxas info    : Function properties for _Z30row_min_indexed_kernel_fast_16ILi1ELi4EEvPKfiiPfPiiii
      0 bytes stack frame, 0 bytes spill stores, 0 bytes spill loads
  ptxas info    : Used 39 registers, 256 bytes smem, 364 bytes cmem[0], 4 bytes cmem[2]
  ptxas info    : Compiling entry function '_Z22row_max_kernel_slow_16ILi1ELi5EEvPKfiiPfiii' for 'sm_52'
  ptxas info    : Function properties for _Z22row_max_kernel_slow_16ILi1ELi5EEvPKfiiPfiii
      0 bytes stack frame, 0 bytes spill stores, 0 bytes spill loads
  ptxas info    : Used 39 registers, 256 bytes smem, 356 bytes cmem[0], 12 bytes cmem[2]
  ptxas info    : Compiling entry function '_Z21row_max_kernel_fast_8ILi1ELi3EEvPKfiiPfiii' for 'sm_52'
  ptxas info    : Function properties for _Z21row_max_kernel_fast_8ILi1ELi3EEvPKfiiPfiii
      0 bytes stack frame, 0 bytes spill stores, 0 bytes spill loads
  ptxas info    : Used 47 registers, 64 bytes smem, 356 bytes cmem[0], 8 bytes cmem[2]
  ptxas info    : Compiling entry function '_Z21row_max_kernel_fast_8ILi2ELi3EEvPKfiiPfiii' for 'sm_52'
  ptxas info    : Function properties for _Z21row_max_kernel_fast_8ILi2ELi3EEvPKfiiPfiii
      0 bytes stack frame, 0 bytes spill stores, 0 bytes spill loads
  ptxas info    : Used 47 registers, 128 bytes smem, 356 bytes cmem[0], 8 bytes cmem[2]
  ptxas info    : Compiling entry function '_Z22row_max_kernel_fast_16ILi1ELi4EEvPKfiiPfiii' for 'sm_52'
  ptxas info    : Function properties for _Z22row_max_kernel_fast_16ILi1ELi4EEvPKfiiPfiii
      0 bytes stack frame, 0 bytes spill stores, 0 bytes spill loads
  ptxas info    : Used 47 registers, 128 bytes smem, 356 bytes cmem[0], 8 bytes cmem[2]
  ptxas info    : Compiling entry function '_Z22row_min_kernel_slow_16ILi1ELi5EEvPKfiiPfiii' for 'sm_52'
  ptxas info    : Function properties for _Z22row_min_kernel_slow_16ILi1ELi5EEvPKfiiPfiii
      0 bytes stack frame, 0 bytes spill stores, 0 bytes spill loads
  ptxas info    : Used 38 registers, 256 bytes smem, 356 bytes cmem[0], 4 bytes cmem[2]
  ptxas info    : Compiling entry function '_Z21row_min_kernel_fast_8ILi1ELi3EEvPKfiiPfiii' for 'sm_52'
  ptxas info    : Function properties for _Z21row_min_kernel_fast_8ILi1ELi3EEvPKfiiPfiii
      0 bytes stack frame, 0 bytes spill stores, 0 bytes spill loads
  ptxas info    : Used 48 registers, 64 bytes smem, 356 bytes cmem[0], 4 bytes cmem[2]
  ptxas info    : Compiling entry function '_Z21row_min_kernel_fast_8ILi2ELi3EEvPKfiiPfiii' for 'sm_52'
  ptxas info    : Function properties for _Z21row_min_kernel_fast_8ILi2ELi3EEvPKfiiPfiii
      0 bytes stack frame, 0 bytes spill stores, 0 bytes spill loads
  ptxas info    : Used 48 registers, 128 bytes smem, 356 bytes cmem[0], 4 bytes cmem[2]
  ptxas info    : Compiling entry function '_Z22row_min_kernel_fast_16ILi1ELi4EEvPKfiiPfiii' for 'sm_52'
  ptxas info    : Function properties for _Z22row_min_kernel_fast_16ILi1ELi4EEvPKfiiPfiii
      0 bytes stack frame, 0 bytes spill stores, 0 bytes spill loads
  ptxas info    : Used 48 registers, 128 bytes smem, 356 bytes cmem[0], 4 bytes cmem[2]
  ptxas info    : Compiling entry function '_Z37row_linear2_square_row_kernel_slow_16ILi1ELi5EEvPKfS1_ffffiiPfiii' for 'sm_52'
  ptxas info    : Function properties for _Z37row_linear2_square_row_kernel_slow_16ILi1ELi5EEvPKfS1_ffffiiPfiii
      0 bytes stack frame, 0 bytes spill stores, 0 bytes spill loads
  ptxas info    : Used 40 registers, 256 bytes smem, 380 bytes cmem[0]
  ptxas info    : Compiling entry function '_Z36row_linear2_square_row_kernel_fast_8ILi1ELi3EEvPKfS1_ffffiiPfiii' for 'sm_52'
  ptxas info    : Function properties for _Z36row_linear2_square_row_kernel_fast_8ILi1ELi3EEvPKfS1_ffffiiPfiii
      0 bytes stack frame, 0 bytes spill stores, 0 bytes spill loads
  ptxas info    : Used 56 registers, 72 bytes smem, 380 bytes cmem[0]
  ptxas info    : Compiling entry function '_Z36row_linear2_square_row_kernel_fast_8ILi2ELi3EEvPKfS1_ffffiiPfiii' for 'sm_52'
  ptxas info    : Function properties for _Z36row_linear2_square_row_kernel_fast_8ILi2ELi3EEvPKfS1_ffffiiPfiii
      0 bytes stack frame, 0 bytes spill stores, 0 bytes spill loads
  ptxas info    : Used 56 registers, 144 bytes smem, 380 bytes cmem[0]
  ptxas info    : Compiling entry function '_Z37row_linear2_square_row_kernel_fast_16ILi1ELi4EEvPKfS1_ffffiiPfiii' for 'sm_52'
  ptxas info    : Function properties for _Z37row_linear2_square_row_kernel_fast_16ILi1ELi4EEvPKfS1_ffffiiPfiii
      0 bytes stack frame, 0 bytes spill stores, 0 bytes spill loads
  ptxas info    : Used 56 registers, 136 bytes smem, 380 bytes cmem[0]
  ptxas info    : Compiling entry function '_Z35row_linear_quadratic_kernel_slow_16ILi1ELi5EEvPKffffffiiPfS2_iii' for 'sm_52'
  ptxas info    : Function properties for _Z35row_linear_quadratic_kernel_slow_16ILi1ELi5EEvPKffffffiiPfS2_iii
      0 bytes stack frame, 0 bytes spill stores, 0 bytes spill loads
  ptxas info    : Used 40 registers, 512 bytes smem, 388 bytes cmem[0]
  ptxas info    : Compiling entry function '_Z34row_linear_quadratic_kernel_fast_8ILi1ELi3EEvPKffffffiiPfS2_iii' for 'sm_52'
  ptxas info    : Function properties for _Z34row_linear_quadratic_kernel_fast_8ILi1ELi3EEvPKffffffiiPfS2_iii
      0 bytes stack frame, 0 bytes spill stores, 0 bytes spill loads
  ptxas info    : Used 47 registers, 128 bytes smem, 388 bytes cmem[0]
  ptxas info    : Compiling entry function '_Z34row_linear_quadratic_kernel_fast_8ILi2ELi3EEvPKffffffiiPfS2_iii' for 'sm_52'
  ptxas info    : Function properties for _Z34row_linear_quadratic_kernel_fast_8ILi2ELi3EEvPKffffffiiPfS2_iii
      0 bytes stack frame, 0 bytes spill stores, 0 bytes spill loads
  ptxas info    : Used 47 registers, 256 bytes smem, 388 bytes cmem[0]
  ptxas info    : Compiling entry function '_Z35row_linear_quadratic_kernel_fast_16ILi1ELi4EEvPKffffffiiPfS2_iii' for 'sm_52'
  ptxas info    : Function properties for _Z35row_linear_quadratic_kernel_fast_16ILi1ELi4EEvPKffffffiiPfS2_iii
      0 bytes stack frame, 0 bytes spill stores, 0 bytes spill loads
  ptxas info    : Used 47 registers, 272 bytes smem, 388 bytes cmem[0]
  ptxas info    : Compiling entry function '_Z33row_quadratic_dual_kernel_slow_16ILi1ELi5EEvPKfS1_ffffffiiPfiii' for 'sm_52'
  ptxas info    : Function properties for _Z33row_quadratic_dual_kernel_slow_16ILi1ELi5EEvPKfS1_ffffffiiPfiii
      0 bytes stack frame, 0 bytes spill stores, 0 bytes spill loads
  ptxas info    : Used 40 registers, 256 bytes smem, 388 bytes cmem[0]
  ptxas info    : Compiling entry function '_Z32row_quadratic_dual_kernel_fast_8ILi1ELi3EEvPKfS1_ffffffiiPfiii' for 'sm_52'
  ptxas info    : Function properties for _Z32row_quadratic_dual_kernel_fast_8ILi1ELi3EEvPKfS1_ffffffiiPfiii
      0 bytes stack frame, 0 bytes spill stores, 0 bytes spill loads
  ptxas info    : Used 48 registers, 64 bytes smem, 388 bytes cmem[0]
  ptxas info    : Compiling entry function '_Z32row_quadratic_dual_kernel_fast_8ILi2ELi3EEvPKfS1_ffffffiiPfiii' for 'sm_52'
  ptxas info    : Function properties for _Z32row_quadratic_dual_kernel_fast_8ILi2ELi3EEvPKfS1_ffffffiiPfiii
      0 bytes stack frame, 0 bytes spill stores, 0 bytes spill loads
  ptxas info    : Used 48 registers, 128 bytes smem, 388 bytes cmem[0]
  ptxas info    : Compiling entry function '_Z33row_quadratic_dual_kernel_fast_16ILi1ELi4EEvPKfS1_ffffffiiPfiii' for 'sm_52'
  ptxas info    : Function properties for _Z33row_quadratic_dual_kernel_fast_16ILi1ELi4EEvPKfS1_ffffffiiPfiii
      0 bytes stack frame, 0 bytes spill stores, 0 bytes spill loads
  ptxas info    : Used 48 registers, 136 bytes smem, 388 bytes cmem[0]
  ptxas info    : Compiling entry function '_Z28row_quadratic_kernel_slow_16ILi1ELi5EEvPKffffiiPfiii' for 'sm_52'
  ptxas info    : Function properties for _Z28row_quadratic_kernel_slow_16ILi1ELi5EEvPKffffiiPfiii
      0 bytes stack frame, 0 bytes spill stores, 0 bytes spill loads
  ptxas info    : Used 39 registers, 256 bytes smem, 372 bytes cmem[0]
  ptxas info    : Compiling entry function '_Z27row_quadratic_kernel_fast_8ILi1ELi3EEvPKffffiiPfiii' for 'sm_52'
  ptxas info    : Function properties for _Z27row_quadratic_kernel_fast_8ILi1ELi3EEvPKffffiiPfiii
      0 bytes stack frame, 0 bytes spill stores, 0 bytes spill loads
  ptxas info    : Used 46 registers, 64 bytes smem, 372 bytes cmem[0]
  ptxas info    : Compiling entry function '_Z27row_quadratic_kernel_fast_8ILi2ELi3EEvPKffffiiPfiii' for 'sm_52'
  ptxas info    : Function properties for _Z27row_quadratic_kernel_fast_8ILi2ELi3EEvPKffffiiPfiii
      0 bytes stack frame, 0 bytes spill stores, 0 bytes spill loads
  ptxas info    : Used 46 registers, 128 bytes smem, 372 bytes cmem[0]
  ptxas info    : Compiling entry function '_Z28row_quadratic_kernel_fast_16ILi1ELi4EEvPKffffiiPfiii' for 'sm_52'
  ptxas info    : Function properties for _Z28row_quadratic_kernel_fast_16ILi1ELi4EEvPKffffiiPfiii
      0 bytes stack frame, 0 bytes spill stores, 0 bytes spill loads
  ptxas info    : Used 46 registers, 136 bytes smem, 372 bytes cmem[0]
  ptxas info    : Compiling entry function '_Z30row_linear_dual_kernel_slow_16ILi1ELi5EEvPKfS1_fffiiPfiii' for 'sm_52'
  ptxas info    : Function properties for _Z30row_linear_dual_kernel_slow_16ILi1ELi5EEvPKfS1_fffiiPfiii
      0 bytes stack frame, 0 bytes spill stores, 0 bytes spill loads
  ptxas info    : Used 40 registers, 256 bytes smem, 380 bytes cmem[0]
  ptxas info    : Compiling entry function '_Z29row_linear_dual_kernel_fast_8ILi1ELi3EEvPKfS1_fffiiPfiii' for 'sm_52'
  ptxas info    : Function properties for _Z29row_linear_dual_kernel_fast_8ILi1ELi3EEvPKfS1_fffiiPfiii
      0 bytes stack frame, 0 bytes spill stores, 0 bytes spill loads
  ptxas info    : Used 52 registers, 64 bytes smem, 380 bytes cmem[0]
  ptxas info    : Compiling entry function '_Z29row_linear_dual_kernel_fast_8ILi2ELi3EEvPKfS1_fffiiPfiii' for 'sm_52'
  ptxas info    : Function properties for _Z29row_linear_dual_kernel_fast_8ILi2ELi3EEvPKfS1_fffiiPfiii
      0 bytes stack frame, 0 bytes spill stores, 0 bytes spill loads
  ptxas info    : Used 52 registers, 128 bytes smem, 380 bytes cmem[0]
  ptxas info    : Compiling entry function '_Z30row_linear_dual_kernel_fast_16ILi1ELi4EEvPKfS1_fffiiPfiii' for 'sm_52'
  ptxas info    : Function properties for _Z30row_linear_dual_kernel_fast_16ILi1ELi4EEvPKfS1_fffiiPfiii
      0 bytes stack frame, 0 bytes spill stores, 0 bytes spill loads
  ptxas info    : Used 52 registers, 136 bytes smem, 380 bytes cmem[0]
  ptxas info    : Compiling entry function '_Z25row_linear_kernel_slow_16ILi1ELi5EEvPKfffiiPfiii' for 'sm_52'
  ptxas info    : Function properties for _Z25row_linear_kernel_slow_16ILi1ELi5EEvPKfffiiPfiii
      0 bytes stack frame, 0 bytes spill stores, 0 bytes spill loads
  ptxas info    : Used 39 registers, 256 bytes smem, 364 bytes cmem[0]
  ptxas info    : Compiling entry function '_Z24row_linear_kernel_fast_8ILi1ELi3EEvPKfffiiPfiii' for 'sm_52'
  ptxas info    : Function properties for _Z24row_linear_kernel_fast_8ILi1ELi3EEvPKfffiiPfiii
      0 bytes stack frame, 0 bytes spill stores, 0 bytes spill loads
  ptxas info    : Used 56 registers, 64 bytes smem, 364 bytes cmem[0]
  ptxas info    : Compiling entry function '_Z24row_linear_kernel_fast_8ILi2ELi3EEvPKfffiiPfiii' for 'sm_52'
  ptxas info    : Function properties for _Z24row_linear_kernel_fast_8ILi2ELi3EEvPKfffiiPfiii
      0 bytes stack frame, 0 bytes spill stores, 0 bytes spill loads
  ptxas info    : Used 56 registers, 128 bytes smem, 364 bytes cmem[0]
  ptxas info    : Compiling entry function '_Z25row_linear_kernel_fast_16ILi1ELi4EEvPKfffiiPfiii' for 'sm_52'
  ptxas info    : Function properties for _Z25row_linear_kernel_fast_16ILi1ELi4EEvPKfffiiPfiii
      0 bytes stack frame, 0 bytes spill stores, 0 bytes spill loads
  ptxas info    : Used 56 registers, 136 bytes smem, 364 bytes cmem[0]
  ptxas info    : Compiling entry function '_Z37center_quadratic_dual_deltaX_kernel_4ILi3ELi3EEvPKfS1_S1_ffffffiiiiPfS2_ii' for 'sm_52'
  ptxas info    : Function properties for _Z37center_quadratic_dual_deltaX_kernel_4ILi3ELi3EEvPKfS1_S1_ffffffiiiiPfS2_ii
      0 bytes stack frame, 0 bytes spill stores, 0 bytes spill loads
  ptxas info    : Used 48 registers, 1152 bytes smem, 408 bytes cmem[0]
  ptxas info    : Compiling entry function '_Z37center_quadratic_dual_deltaX_kernel_4ILi4ELi1EEvPKfS1_S1_ffffffiiiiPfS2_ii' for 'sm_52'
  ptxas info    : Function properties for _Z37center_quadratic_dual_deltaX_kernel_4ILi4ELi1EEvPKfS1_S1_ffffffiiiiPfS2_ii
      0 bytes stack frame, 0 bytes spill stores, 0 bytes spill loads
  ptxas info    : Used 56 registers, 544 bytes smem, 408 bytes cmem[0]
  ptxas info    : Compiling entry function '_Z37center_quadratic_dual_deltaX_kernel_4ILi3ELi2EEvPKfS1_S1_ffffffiiiiPfS2_ii' for 'sm_52'
  ptxas info    : Function properties for _Z37center_quadratic_dual_deltaX_kernel_4ILi3ELi2EEvPKfS1_S1_ffffffiiiiPfS2_ii
      0 bytes stack frame, 0 bytes spill stores, 0 bytes spill loads
  ptxas info    : Used 48 registers, 576 bytes smem, 408 bytes cmem[0]
  ptxas info    : Compiling entry function '_Z30center_quadratic_dual_kernel_4ILi3ELi3EEvPKfS1_ffffffiiiiPfii' for 'sm_52'
  ptxas info    : Function properties for _Z30center_quadratic_dual_kernel_4ILi3ELi3EEvPKfS1_ffffffiiiiPfii
      0 bytes stack frame, 0 bytes spill stores, 0 bytes spill loads
  ptxas info    : Used 41 registers, 1152 bytes smem, 392 bytes cmem[0]
  ptxas info    : Compiling entry function '_Z30center_quadratic_dual_kernel_4ILi4ELi1EEvPKfS1_ffffffiiiiPfii' for 'sm_52'
  ptxas info    : Function properties for _Z30center_quadratic_dual_kernel_4ILi4ELi1EEvPKfS1_ffffffiiiiPfii
      0 bytes stack frame, 0 bytes spill stores, 0 bytes spill loads
  ptxas info    : Used 40 registers, 544 bytes smem, 392 bytes cmem[0]
  ptxas info    : Compiling entry function '_Z30center_quadratic_dual_kernel_4ILi3ELi2EEvPKfS1_ffffffiiiiPfii' for 'sm_52'
  ptxas info    : Function properties for _Z30center_quadratic_dual_kernel_4ILi3ELi2EEvPKfS1_ffffffiiiiPfii
      0 bytes stack frame, 0 bytes spill stores, 0 bytes spill loads
  ptxas info    : Used 41 registers, 576 bytes smem, 392 bytes cmem[0]
  ptxas info    : Compiling entry function '_Z50field_batchNorm_with_leakyRelu_deltaXp_v1_kernel_4ILi3ELi3EEvPKfS1_fiiPfS2_ii' for 'sm_52'
  ptxas info    : Function properties for _Z50field_batchNorm_with_leakyRelu_deltaXp_v1_kernel_4ILi3ELi3EEvPKfS1_fiiPfS2_ii
      48 bytes stack frame, 0 bytes spill stores, 0 bytes spill loads
  ptxas info    : Used 48 registers, 2176 bytes smem, 376 bytes cmem[0], 12 bytes cmem[2]
  ptxas info    : Compiling entry function '_Z50field_batchNorm_with_leakyRelu_deltaXp_v1_kernel_4ILi4ELi1EEvPKfS1_fiiPfS2_ii' for 'sm_52'
  ptxas info    : Function properties for _Z50field_batchNorm_with_leakyRelu_deltaXp_v1_kernel_4ILi4ELi1EEvPKfS1_fiiPfS2_ii
      48 bytes stack frame, 0 bytes spill stores, 0 bytes spill loads
  ptxas info    : Used 48 registers, 1056 bytes smem, 376 bytes cmem[0], 12 bytes cmem[2]
  ptxas info    : Compiling entry function '_Z50field_batchNorm_with_leakyRelu_deltaXp_v1_kernel_4ILi3ELi2EEvPKfS1_fiiPfS2_ii' for 'sm_52'
  ptxas info    : Function properties for _Z50field_batchNorm_with_leakyRelu_deltaXp_v1_kernel_4ILi3ELi2EEvPKfS1_fiiPfS2_ii
      48 bytes stack frame, 0 bytes spill stores, 0 bytes spill loads
  ptxas info    : Used 48 registers, 1088 bytes smem, 376 bytes cmem[0], 12 bytes cmem[2]
  ptxas info    : Compiling entry function '_Z50field_batchNorm_with_leakyRelu_deltaXp_v2_kernel_4ILi3ELi3EEvPKffS1_S1_S1_fiiPfS2_ii' for 'sm_52'
  ptxas info    : Function properties for _Z50field_batchNorm_with_leakyRelu_deltaXp_v2_kernel_4ILi3ELi3EEvPKffS1_S1_S1_fiiPfS2_ii
      48 bytes stack frame, 0 bytes spill stores, 0 bytes spill loads
  ptxas info    : Used 59 registers, 2176 bytes smem, 400 bytes cmem[0], 4 bytes cmem[2]
  ptxas info    : Compiling entry function '_Z50field_batchNorm_with_leakyRelu_deltaXp_v2_kernel_4ILi4ELi1EEvPKffS1_S1_S1_fiiPfS2_ii' for 'sm_52'
  ptxas info    : Function properties for _Z50field_batchNorm_with_leakyRelu_deltaXp_v2_kernel_4ILi4ELi1EEvPKffS1_S1_S1_fiiPfS2_ii
      48 bytes stack frame, 0 bytes spill stores, 0 bytes spill loads
  ptxas info    : Used 56 registers, 1056 bytes smem, 400 bytes cmem[0], 4 bytes cmem[2]
  ptxas info    : Compiling entry function '_Z50field_batchNorm_with_leakyRelu_deltaXp_v2_kernel_4ILi3ELi2EEvPKffS1_S1_S1_fiiPfS2_ii' for 'sm_52'
  ptxas info    : Function properties for _Z50field_batchNorm_with_leakyRelu_deltaXp_v2_kernel_4ILi3ELi2EEvPKffS1_S1_S1_fiiPfS2_ii
      48 bytes stack frame, 0 bytes spill stores, 0 bytes spill loads
  ptxas info    : Used 59 registers, 1088 bytes smem, 400 bytes cmem[0], 4 bytes cmem[2]
  ptxas info    : Compiling entry function '_Z50field_batchNorm_with_leakyRelu_deltaAB_v2_kernel_4ILi3ELi3EEvPKffS1_S1_S1_fS1_S1_iiPfS2_ii' for 'sm_52'
  ptxas info    : Function properties for _Z50field_batchNorm_with_leakyRelu_deltaAB_v2_kernel_4ILi3ELi3EEvPKffS1_S1_S1_fS1_S1_iiPfS2_ii
      48 bytes stack frame, 0 bytes spill stores, 0 bytes spill loads
  ptxas info    : Used 65 registers, 2176 bytes smem, 416 bytes cmem[0], 12 bytes cmem[2]
  ptxas info    : Compiling entry function '_Z50field_batchNorm_with_leakyRelu_deltaAB_v2_kernel_4ILi4ELi1EEvPKffS1_S1_S1_fS1_S1_iiPfS2_ii' for 'sm_52'
  ptxas info    : Function properties for _Z50field_batchNorm_with_leakyRelu_deltaAB_v2_kernel_4ILi4ELi1EEvPKffS1_S1_S1_fS1_S1_iiPfS2_ii
      48 bytes stack frame, 0 bytes spill stores, 0 bytes spill loads
  ptxas info    : Used 64 registers, 1056 bytes smem, 416 bytes cmem[0], 12 bytes cmem[2]
  ptxas info    : Compiling entry function '_Z50field_batchNorm_with_leakyRelu_deltaAB_v2_kernel_4ILi3ELi2EEvPKffS1_S1_S1_fS1_S1_iiPfS2_ii' for 'sm_52'
  ptxas info    : Function properties for _Z50field_batchNorm_with_leakyRelu_deltaAB_v2_kernel_4ILi3ELi2EEvPKffS1_S1_S1_fS1_S1_iiPfS2_ii
      48 bytes stack frame, 0 bytes spill stores, 0 bytes spill loads
  ptxas info    : Used 65 registers, 1088 bytes smem, 416 bytes cmem[0], 12 bytes cmem[2]
  ptxas info    : Compiling entry function '_Z47field_affine_with_leakyRelu_deltaAB_v2_kernel_4ILi3ELi3EEvPKffS1_S1_S1_iiPfS2_ii' for 'sm_52'
  ptxas info    : Function properties for _Z47field_affine_with_leakyRelu_deltaAB_v2_kernel_4ILi3ELi3EEvPKffS1_S1_S1_iiPfS2_ii
      0 bytes stack frame, 0 bytes spill stores, 0 bytes spill loads
  ptxas info    : Used 56 registers, 2176 bytes smem, 392 bytes cmem[0]
  ptxas info    : Compiling entry function '_Z47field_affine_with_leakyRelu_deltaAB_v2_kernel_4ILi4ELi1EEvPKffS1_S1_S1_iiPfS2_ii' for 'sm_52'
  ptxas info    : Function properties for _Z47field_affine_with_leakyRelu_deltaAB_v2_kernel_4ILi4ELi1EEvPKffS1_S1_S1_iiPfS2_ii
      0 bytes stack frame, 0 bytes spill stores, 0 bytes spill loads
  ptxas info    : Used 56 registers, 1056 bytes smem, 392 bytes cmem[0]
  ptxas info    : Compiling entry function '_Z47field_affine_with_leakyRelu_deltaAB_v2_kernel_4ILi3ELi2EEvPKffS1_S1_S1_iiPfS2_ii' for 'sm_52'
  ptxas info    : Function properties for _Z47field_affine_with_leakyRelu_deltaAB_v2_kernel_4ILi3ELi2EEvPKffS1_S1_S1_iiPfS2_ii
      0 bytes stack frame, 0 bytes spill stores, 0 bytes spill loads
  ptxas info    : Used 56 registers, 1088 bytes smem, 392 bytes cmem[0]
  ptxas info    : Compiling entry function '_Z47field_affine_with_leakyRelu_deltaAB_v1_kernel_4ILi3ELi3EEvPKfS1_fS1_S1_iiPfS2_ii' for 'sm_52'
  ptxas info    : Function properties for _Z47field_affine_with_leakyRelu_deltaAB_v1_kernel_4ILi3ELi3EEvPKfS1_fS1_S1_iiPfS2_ii
      48 bytes stack frame, 0 bytes spill stores, 0 bytes spill loads
  ptxas info    : Used 48 registers, 2176 bytes smem, 392 bytes cmem[0], 20 bytes cmem[2]
  ptxas info    : Compiling entry function '_Z47field_affine_with_leakyRelu_deltaAB_v1_kernel_4ILi4ELi1EEvPKfS1_fS1_S1_iiPfS2_ii' for 'sm_52'
  ptxas info    : Function properties for _Z47field_affine_with_leakyRelu_deltaAB_v1_kernel_4ILi4ELi1EEvPKfS1_fS1_S1_iiPfS2_ii
      48 bytes stack frame, 0 bytes spill stores, 0 bytes spill loads
  ptxas info    : Used 48 registers, 1056 bytes smem, 392 bytes cmem[0], 20 bytes cmem[2]
  ptxas info    : Compiling entry function '_Z47field_affine_with_leakyRelu_deltaAB_v1_kernel_4ILi3ELi2EEvPKfS1_fS1_S1_iiPfS2_ii' for 'sm_52'
  ptxas info    : Function properties for _Z47field_affine_with_leakyRelu_deltaAB_v1_kernel_4ILi3ELi2EEvPKfS1_fS1_S1_iiPfS2_ii
      48 bytes stack frame, 0 bytes spill stores, 0 bytes spill loads
  ptxas info    : Used 48 registers, 1088 bytes smem, 392 bytes cmem[0], 20 bytes cmem[2]
  ptxas info    : Compiling entry function '_Z35field_layernorm_deltaAB_v2_kernel_4ILi3ELi3EEvPKfS1_S1_S1_fiiPfS2_ii' for 'sm_52'
  ptxas info    : Function properties for _Z35field_layernorm_deltaAB_v2_kernel_4ILi3ELi3EEvPKfS1_S1_S1_fiiPfS2_ii
      0 bytes stack frame, 0 bytes spill stores, 0 bytes spill loads
  ptxas info    : Used 48 registers, 2048 bytes smem, 392 bytes cmem[0]
  ptxas info    : Compiling entry function '_Z35field_layernorm_deltaAB_v2_kernel_4ILi4ELi1EEvPKfS1_S1_S1_fiiPfS2_ii' for 'sm_52'
  ptxas info    : Function properties for _Z35field_layernorm_deltaAB_v2_kernel_4ILi4ELi1EEvPKfS1_S1_S1_fiiPfS2_ii
      0 bytes stack frame, 0 bytes spill stores, 0 bytes spill loads
  ptxas info    : Used 56 registers, 1024 bytes smem, 392 bytes cmem[0]
  ptxas info    : Compiling entry function '_Z35field_layernorm_deltaAB_v2_kernel_4ILi3ELi2EEvPKfS1_S1_S1_fiiPfS2_ii' for 'sm_52'
  ptxas info    : Function properties for _Z35field_layernorm_deltaAB_v2_kernel_4ILi3ELi2EEvPKfS1_S1_S1_fiiPfS2_ii
      0 bytes stack frame, 0 bytes spill stores, 0 bytes spill loads
  ptxas info    : Used 48 registers, 1024 bytes smem, 392 bytes cmem[0]
  ptxas info    : Compiling entry function '_Z34field_layernorm_deltaA_v2_kernel_4ILi3ELi3EEvPKfS1_S1_S1_fiiPfii' for 'sm_52'
  ptxas info    : Function properties for _Z34field_layernorm_deltaA_v2_kernel_4ILi3ELi3EEvPKfS1_S1_S1_fiiPfii
      0 bytes stack frame, 0 bytes spill stores, 0 bytes spill loads
  ptxas info    : Used 70 registers, 1024 bytes smem, 384 bytes cmem[0]
  ptxas info    : Compiling entry function '_Z34field_layernorm_deltaA_v2_kernel_4ILi4ELi1EEvPKfS1_S1_S1_fiiPfii' for 'sm_52'
  ptxas info    : Function properties for _Z34field_layernorm_deltaA_v2_kernel_4ILi4ELi1EEvPKfS1_S1_S1_fiiPfii
      0 bytes stack frame, 0 bytes spill stores, 0 bytes spill loads
  ptxas info    : Used 66 registers, 512 bytes smem, 384 bytes cmem[0]
  ptxas info    : Compiling entry function '_Z34field_layernorm_deltaA_v2_kernel_4ILi3ELi2EEvPKfS1_S1_S1_fiiPfii' for 'sm_52'
  ptxas info    : Function properties for _Z34field_layernorm_deltaA_v2_kernel_4ILi3ELi2EEvPKfS1_S1_S1_fiiPfii
      0 bytes stack frame, 0 bytes spill stores, 0 bytes spill loads
  ptxas info    : Used 70 registers, 512 bytes smem, 384 bytes cmem[0]
  ptxas info    : Compiling entry function '_Z35field_batchNorm_deltaAB_v2_kernel_4ILi3ELi3EEvPKfS1_S1_S1_fiiPfS2_ii' for 'sm_52'
  ptxas info    : Function properties for _Z35field_batchNorm_deltaAB_v2_kernel_4ILi3ELi3EEvPKfS1_S1_S1_fiiPfS2_ii
      48 bytes stack frame, 0 bytes spill stores, 0 bytes spill loads
  ptxas info    : Used 62 registers, 2176 bytes smem, 392 bytes cmem[0]
  ptxas info    : Compiling entry function '_Z35field_batchNorm_deltaAB_v2_kernel_4ILi4ELi1EEvPKfS1_S1_S1_fiiPfS2_ii' for 'sm_52'
  ptxas info    : Function properties for _Z35field_batchNorm_deltaAB_v2_kernel_4ILi4ELi1EEvPKfS1_S1_S1_fiiPfS2_ii
      48 bytes stack frame, 0 bytes spill stores, 0 bytes spill loads
  ptxas info    : Used 62 registers, 1056 bytes smem, 392 bytes cmem[0]
  ptxas info    : Compiling entry function '_Z35field_batchNorm_deltaAB_v2_kernel_4ILi3ELi2EEvPKfS1_S1_S1_fiiPfS2_ii' for 'sm_52'
  ptxas info    : Function properties for _Z35field_batchNorm_deltaAB_v2_kernel_4ILi3ELi2EEvPKfS1_S1_S1_fiiPfS2_ii
      48 bytes stack frame, 0 bytes spill stores, 0 bytes spill loads
  ptxas info    : Used 62 registers, 1088 bytes smem, 392 bytes cmem[0]
  ptxas info    : Compiling entry function '_Z34field_batchNorm_deltaA_v2_kernel_4ILi3ELi3EEvPKfS1_S1_S1_fiiPfii' for 'sm_52'
  ptxas info    : Function properties for _Z34field_batchNorm_deltaA_v2_kernel_4ILi3ELi3EEvPKfS1_S1_S1_fiiPfii
      32 bytes stack frame, 0 bytes spill stores, 0 bytes spill loads
  ptxas info    : Used 64 registers, 1152 bytes smem, 384 bytes cmem[0]
  ptxas info    : Compiling entry function '_Z34field_batchNorm_deltaA_v2_kernel_4ILi4ELi1EEvPKfS1_S1_S1_fiiPfii' for 'sm_52'
  ptxas info    : Function properties for _Z34field_batchNorm_deltaA_v2_kernel_4ILi4ELi1EEvPKfS1_S1_S1_fiiPfii
      32 bytes stack frame, 0 bytes spill stores, 0 bytes spill loads
  ptxas info    : Used 64 registers, 544 bytes smem, 384 bytes cmem[0]
  ptxas info    : Compiling entry function '_Z34field_batchNorm_deltaA_v2_kernel_4ILi3ELi2EEvPKfS1_S1_S1_fiiPfii' for 'sm_52'
  ptxas info    : Function properties for _Z34field_batchNorm_deltaA_v2_kernel_4ILi3ELi2EEvPKfS1_S1_S1_fiiPfii
      32 bytes stack frame, 0 bytes spill stores, 0 bytes spill loads
  ptxas info    : Used 64 registers, 576 bytes smem, 384 bytes cmem[0]
  ptxas info    : Compiling entry function '_Z37field_sqBatchNorm_deltaAB_v2_kernel_4ILi3ELi3EEvPKfS1_S1_S1_fiiPfS2_ii' for 'sm_52'
  ptxas info    : Function properties for _Z37field_sqBatchNorm_deltaAB_v2_kernel_4ILi3ELi3EEvPKfS1_S1_S1_fiiPfS2_ii
      48 bytes stack frame, 0 bytes spill stores, 0 bytes spill loads
  ptxas info    : Used 56 registers, 2176 bytes smem, 392 bytes cmem[0]
  ptxas info    : Compiling entry function '_Z37field_sqBatchNorm_deltaAB_v2_kernel_4ILi4ELi1EEvPKfS1_S1_S1_fiiPfS2_ii' for 'sm_52'
  ptxas info    : Function properties for _Z37field_sqBatchNorm_deltaAB_v2_kernel_4ILi4ELi1EEvPKfS1_S1_S1_fiiPfS2_ii
      48 bytes stack frame, 0 bytes spill stores, 0 bytes spill loads
  ptxas info    : Used 56 registers, 1056 bytes smem, 392 bytes cmem[0]
  ptxas info    : Compiling entry function '_Z37field_sqBatchNorm_deltaAB_v2_kernel_4ILi3ELi2EEvPKfS1_S1_S1_fiiPfS2_ii' for 'sm_52'
  ptxas info    : Function properties for _Z37field_sqBatchNorm_deltaAB_v2_kernel_4ILi3ELi2EEvPKfS1_S1_S1_fiiPfS2_ii
      48 bytes stack frame, 0 bytes spill stores, 0 bytes spill loads
  ptxas info    : Used 56 registers, 1088 bytes smem, 392 bytes cmem[0]
  ptxas info    : Compiling entry function '_Z36field_sqBatchNorm_deltaA_v2_kernel_4ILi3ELi3EEvPKfS1_S1_S1_fiiPfii' for 'sm_52'
  ptxas info    : Function properties for _Z36field_sqBatchNorm_deltaA_v2_kernel_4ILi3ELi3EEvPKfS1_S1_S1_fiiPfii
      32 bytes stack frame, 0 bytes spill stores, 0 bytes spill loads
  ptxas info    : Used 60 registers, 1152 bytes smem, 384 bytes cmem[0]
  ptxas info    : Compiling entry function '_Z36field_sqBatchNorm_deltaA_v2_kernel_4ILi4ELi1EEvPKfS1_S1_S1_fiiPfii' for 'sm_52'
  ptxas info    : Function properties for _Z36field_sqBatchNorm_deltaA_v2_kernel_4ILi4ELi1EEvPKfS1_S1_S1_fiiPfii
      32 bytes stack frame, 0 bytes spill stores, 0 bytes spill loads
  ptxas info    : Used 60 registers, 544 bytes smem, 384 bytes cmem[0]
  ptxas info    : Compiling entry function '_Z36field_sqBatchNorm_deltaA_v2_kernel_4ILi3ELi2EEvPKfS1_S1_S1_fiiPfii' for 'sm_52'
  ptxas info    : Function properties for _Z36field_sqBatchNorm_deltaA_v2_kernel_4ILi3ELi2EEvPKfS1_S1_S1_fiiPfii
      32 bytes stack frame, 0 bytes spill stores, 0 bytes spill loads
  ptxas info    : Used 60 registers, 576 bytes smem, 384 bytes cmem[0]
  ptxas info    : Compiling entry function '_Z32field_affine_deltaAB_v2_kernel_4ILi3ELi3EEvPKfS1_iiPfS2_ii' for 'sm_52'
  ptxas info    : Function properties for _Z32field_affine_deltaAB_v2_kernel_4ILi3ELi3EEvPKfS1_iiPfS2_ii
      0 bytes stack frame, 0 bytes spill stores, 0 bytes spill loads
  ptxas info    : Used 64 registers, 2176 bytes smem, 368 bytes cmem[0]
  ptxas info    : Compiling entry function '_Z32field_affine_deltaAB_v2_kernel_4ILi4ELi1EEvPKfS1_iiPfS2_ii' for 'sm_52'
  ptxas info    : Function properties for _Z32field_affine_deltaAB_v2_kernel_4ILi4ELi1EEvPKfS1_iiPfS2_ii
      0 bytes stack frame, 0 bytes spill stores, 0 bytes spill loads
  ptxas info    : Used 72 registers, 1056 bytes smem, 368 bytes cmem[0]
  ptxas info    : Compiling entry function '_Z32field_affine_deltaAB_v2_kernel_4ILi3ELi2EEvPKfS1_iiPfS2_ii' for 'sm_52'
  ptxas info    : Function properties for _Z32field_affine_deltaAB_v2_kernel_4ILi3ELi2EEvPKfS1_iiPfS2_ii
      0 bytes stack frame, 0 bytes spill stores, 0 bytes spill loads
  ptxas info    : Used 64 registers, 1088 bytes smem, 368 bytes cmem[0]
  ptxas info    : Compiling entry function '_Z32field_affine_deltaAB_v1_kernel_4ILi3ELi3EEvPKfS1_S1_S1_iiPfS2_ii' for 'sm_52'
  ptxas info    : Function properties for _Z32field_affine_deltaAB_v1_kernel_4ILi3ELi3EEvPKfS1_S1_S1_iiPfS2_ii
      48 bytes stack frame, 0 bytes spill stores, 0 bytes spill loads
  ptxas info    : Used 62 registers, 2176 bytes smem, 384 bytes cmem[0], 12 bytes cmem[2]
  ptxas info    : Compiling entry function '_Z32field_affine_deltaAB_v1_kernel_4ILi4ELi1EEvPKfS1_S1_S1_iiPfS2_ii' for 'sm_52'
  ptxas info    : Function properties for _Z32field_affine_deltaAB_v1_kernel_4ILi4ELi1EEvPKfS1_S1_S1_iiPfS2_ii
      48 bytes stack frame, 0 bytes spill stores, 0 bytes spill loads
  ptxas info    : Used 62 registers, 1056 bytes smem, 384 bytes cmem[0], 12 bytes cmem[2]
  ptxas info    : Compiling entry function '_Z32field_affine_deltaAB_v1_kernel_4ILi3ELi2EEvPKfS1_S1_S1_iiPfS2_ii' for 'sm_52'
  ptxas info    : Function properties for _Z32field_affine_deltaAB_v1_kernel_4ILi3ELi2EEvPKfS1_S1_S1_iiPfS2_ii
      48 bytes stack frame, 0 bytes spill stores, 0 bytes spill loads
  ptxas info    : Used 62 registers, 1088 bytes smem, 384 bytes cmem[0], 12 bytes cmem[2]
  ptxas info    : Compiling entry function '_Z31field_affine_deltaA_v1_kernel_4ILi3ELi3EEvPKfS1_S1_S1_iiPfii' for 'sm_52'
  ptxas info    : Function properties for _Z31field_affine_deltaA_v1_kernel_4ILi3ELi3EEvPKfS1_S1_S1_iiPfii
      32 bytes stack frame, 0 bytes spill stores, 0 bytes spill loads
  ptxas info    : Used 64 registers, 1152 bytes smem, 376 bytes cmem[0], 12 bytes cmem[2]
  ptxas info    : Compiling entry function '_Z31field_affine_deltaA_v1_kernel_4ILi4ELi1EEvPKfS1_S1_S1_iiPfii' for 'sm_52'
  ptxas info    : Function properties for _Z31field_affine_deltaA_v1_kernel_4ILi4ELi1EEvPKfS1_S1_S1_iiPfii
      32 bytes stack frame, 0 bytes spill stores, 0 bytes spill loads
  ptxas info    : Used 64 registers, 544 bytes smem, 376 bytes cmem[0], 12 bytes cmem[2]
  ptxas info    : Compiling entry function '_Z31field_affine_deltaA_v1_kernel_4ILi3ELi2EEvPKfS1_S1_S1_iiPfii' for 'sm_52'
  ptxas info    : Function properties for _Z31field_affine_deltaA_v1_kernel_4ILi3ELi2EEvPKfS1_S1_S1_iiPfii
      32 bytes stack frame, 0 bytes spill stores, 0 bytes spill loads
  ptxas info    : Used 64 registers, 576 bytes smem, 376 bytes cmem[0], 12 bytes cmem[2]
  ptxas info    : Compiling entry function '_Z31field_min_indexed_kernel_4_nextILi3ELi3EEvPKfPKiiiPfPiii' for 'sm_52'
  ptxas info    : Function properties for _Z31field_min_indexed_kernel_4_nextILi3ELi3EEvPKfPKiiiPfPiii
      0 bytes stack frame, 0 bytes spill stores, 0 bytes spill loads
  ptxas info    : Used 50 registers, 2048 bytes smem, 368 bytes cmem[0]
  ptxas info    : Compiling entry function '_Z31field_min_indexed_kernel_4_nextILi4ELi1EEvPKfPKiiiPfPiii' for 'sm_52'
  ptxas info    : Function properties for _Z31field_min_indexed_kernel_4_nextILi4ELi1EEvPKfPKiiiPfPiii
      0 bytes stack frame, 0 bytes spill stores, 0 bytes spill loads
  ptxas info    : Used 50 registers, 1024 bytes smem, 368 bytes cmem[0]
  ptxas info    : Compiling entry function '_Z31field_min_indexed_kernel_4_nextILi3ELi2EEvPKfPKiiiPfPiii' for 'sm_52'
  ptxas info    : Function properties for _Z31field_min_indexed_kernel_4_nextILi3ELi2EEvPKfPKiiiPfPiii
      0 bytes stack frame, 0 bytes spill stores, 0 bytes spill loads
  ptxas info    : Used 50 registers, 1024 bytes smem, 368 bytes cmem[0]
  ptxas info    : Compiling entry function '_Z26field_min_indexed_kernel_4ILi3ELi3EEvPKfiiPfPiii' for 'sm_52'
  ptxas info    : Function properties for _Z26field_min_indexed_kernel_4ILi3ELi3EEvPKfiiPfPiii
      0 bytes stack frame, 0 bytes spill stores, 0 bytes spill loads
  ptxas info    : Used 42 registers, 2048 bytes smem, 360 bytes cmem[0]
  ptxas info    : Compiling entry function '_Z26field_min_indexed_kernel_4ILi4ELi1EEvPKfiiPfPiii' for 'sm_52'
  ptxas info    : Function properties for _Z26field_min_indexed_kernel_4ILi4ELi1EEvPKfiiPfPiii
      0 bytes stack frame, 0 bytes spill stores, 0 bytes spill loads
  ptxas info    : Used 46 registers, 1024 bytes smem, 360 bytes cmem[0]
  ptxas info    : Compiling entry function '_Z26field_min_indexed_kernel_4ILi3ELi2EEvPKfiiPfPiii' for 'sm_52'
  ptxas info    : Function properties for _Z26field_min_indexed_kernel_4ILi3ELi2EEvPKfiiPfPiii
      0 bytes stack frame, 0 bytes spill stores, 0 bytes spill loads
  ptxas info    : Used 42 registers, 1024 bytes smem, 360 bytes cmem[0]
  ptxas info    : Compiling entry function '_Z31field_max_indexed_kernel_4_nextILi3ELi3EEvPKfPKiiiPfPiii' for 'sm_52'
  ptxas info    : Function properties for _Z31field_max_indexed_kernel_4_nextILi3ELi3EEvPKfPKiiiPfPiii
      0 bytes stack frame, 0 bytes spill stores, 0 bytes spill loads
  ptxas info    : Used 50 registers, 2048 bytes smem, 368 bytes cmem[0]
  ptxas info    : Compiling entry function '_Z31field_max_indexed_kernel_4_nextILi4ELi1EEvPKfPKiiiPfPiii' for 'sm_52'
  ptxas info    : Function properties for _Z31field_max_indexed_kernel_4_nextILi4ELi1EEvPKfPKiiiPfPiii
      0 bytes stack frame, 0 bytes spill stores, 0 bytes spill loads
  ptxas info    : Used 50 registers, 1024 bytes smem, 368 bytes cmem[0]
  ptxas info    : Compiling entry function '_Z31field_max_indexed_kernel_4_nextILi3ELi2EEvPKfPKiiiPfPiii' for 'sm_52'
  ptxas info    : Function properties for _Z31field_max_indexed_kernel_4_nextILi3ELi2EEvPKfPKiiiPfPiii
      0 bytes stack frame, 0 bytes spill stores, 0 bytes spill loads
  ptxas info    : Used 50 registers, 1024 bytes smem, 368 bytes cmem[0]
  ptxas info    : Compiling entry function '_Z26field_max_indexed_kernel_4ILi3ELi3EEvPKfiiPfPiii' for 'sm_52'
  ptxas info    : Function properties for _Z26field_max_indexed_kernel_4ILi3ELi3EEvPKfiiPfPiii
      0 bytes stack frame, 0 bytes spill stores, 0 bytes spill loads
  ptxas info    : Used 42 registers, 2048 bytes smem, 360 bytes cmem[0]
  ptxas info    : Compiling entry function '_Z26field_max_indexed_kernel_4ILi4ELi1EEvPKfiiPfPiii' for 'sm_52'
  ptxas info    : Function properties for _Z26field_max_indexed_kernel_4ILi4ELi1EEvPKfiiPfPiii
      0 bytes stack frame, 0 bytes spill stores, 0 bytes spill loads
  ptxas info    : Used 46 registers, 1024 bytes smem, 360 bytes cmem[0]
  ptxas info    : Compiling entry function '_Z26field_max_indexed_kernel_4ILi3ELi2EEvPKfiiPfPiii' for 'sm_52'
  ptxas info    : Function properties for _Z26field_max_indexed_kernel_4ILi3ELi2EEvPKfiiPfPiii
      0 bytes stack frame, 0 bytes spill stores, 0 bytes spill loads
  ptxas info    : Used 42 registers, 1024 bytes smem, 360 bytes cmem[0]
  ptxas info    : Compiling entry function '_Z18field_min_kernel_4ILi3ELi3EEvPKfiiPfii' for 'sm_52'
  ptxas info    : Function properties for _Z18field_min_kernel_4ILi3ELi3EEvPKfiiPfii
      0 bytes stack frame, 0 bytes spill stores, 0 bytes spill loads
  ptxas info    : Used 42 registers, 1024 bytes smem, 352 bytes cmem[0], 4 bytes cmem[2]
  ptxas info    : Compiling entry function '_Z18field_min_kernel_4ILi5ELi0EEvPKfiiPfii' for 'sm_52'
  ptxas info    : Function properties for _Z18field_min_kernel_4ILi5ELi0EEvPKfiiPfii
      0 bytes stack frame, 0 bytes spill stores, 0 bytes spill loads
  ptxas info    : Used 44 registers, 512 bytes smem, 352 bytes cmem[0], 4 bytes cmem[2]
  ptxas info    : Compiling entry function '_Z18field_min_kernel_4ILi4ELi1EEvPKfiiPfii' for 'sm_52'
  ptxas info    : Function properties for _Z18field_min_kernel_4ILi4ELi1EEvPKfiiPfii
      0 bytes stack frame, 0 bytes spill stores, 0 bytes spill loads
  ptxas info    : Used 48 registers, 512 bytes smem, 352 bytes cmem[0], 4 bytes cmem[2]
  ptxas info    : Compiling entry function '_Z18field_min_kernel_4ILi3ELi2EEvPKfiiPfii' for 'sm_52'
  ptxas info    : Function properties for _Z18field_min_kernel_4ILi3ELi2EEvPKfiiPfii
      0 bytes stack frame, 0 bytes spill stores, 0 bytes spill loads
  ptxas info    : Used 42 registers, 512 bytes smem, 352 bytes cmem[0], 4 bytes cmem[2]
  ptxas info    : Compiling entry function '_Z18field_max_kernel_4ILi3ELi3EEvPKfiiPfii' for 'sm_52'
  ptxas info    : Function properties for _Z18field_max_kernel_4ILi3ELi3EEvPKfiiPfii
      0 bytes stack frame, 0 bytes spill stores, 0 bytes spill loads
  ptxas info    : Used 42 registers, 1024 bytes smem, 352 bytes cmem[0], 4 bytes cmem[2]
  ptxas info    : Compiling entry function '_Z18field_max_kernel_4ILi4ELi1EEvPKfiiPfii' for 'sm_52'
  ptxas info    : Function properties for _Z18field_max_kernel_4ILi4ELi1EEvPKfiiPfii
      0 bytes stack frame, 0 bytes spill stores, 0 bytes spill loads
  ptxas info    : Used 48 registers, 512 bytes smem, 352 bytes cmem[0], 4 bytes cmem[2]
  ptxas info    : Compiling entry function '_Z18field_max_kernel_4ILi3ELi2EEvPKfiiPfii' for 'sm_52'
  ptxas info    : Function properties for _Z18field_max_kernel_4ILi3ELi2EEvPKfiiPfii
      0 bytes stack frame, 0 bytes spill stores, 0 bytes spill loads
  ptxas info    : Used 42 registers, 512 bytes smem, 352 bytes cmem[0], 4 bytes cmem[2]
  ptxas info    : Compiling entry function '_Z33field_linear2_square_row_kernel_4ILi3ELi3EEvPKfS1_ffffiiPfii' for 'sm_52'
  ptxas info    : Function properties for _Z33field_linear2_square_row_kernel_4ILi3ELi3EEvPKfS1_ffffiiPfii
      0 bytes stack frame, 0 bytes spill stores, 0 bytes spill loads
  ptxas info    : Used 48 registers, 1152 bytes smem, 376 bytes cmem[0]
  ptxas info    : Compiling entry function '_Z33field_linear2_square_row_kernel_4ILi4ELi1EEvPKfS1_ffffiiPfii' for 'sm_52'
  ptxas info    : Function properties for _Z33field_linear2_square_row_kernel_4ILi4ELi1EEvPKfS1_ffffiiPfii
      0 bytes stack frame, 0 bytes spill stores, 0 bytes spill loads
  ptxas info    : Used 52 registers, 544 bytes smem, 376 bytes cmem[0]
  ptxas info    : Compiling entry function '_Z33field_linear2_square_row_kernel_4ILi3ELi2EEvPKfS1_ffffiiPfii' for 'sm_52'
  ptxas info    : Function properties for _Z33field_linear2_square_row_kernel_4ILi3ELi2EEvPKfS1_ffffiiPfii
      0 bytes stack frame, 0 bytes spill stores, 0 bytes spill loads
  ptxas info    : Used 48 registers, 576 bytes smem, 376 bytes cmem[0]
  ptxas info    : Compiling entry function '_Z31field_linear_quadratic_kernel_4ILi3ELi3EEvPKffffffiiPfS2_ii' for 'sm_52'
  ptxas info    : Function properties for _Z31field_linear_quadratic_kernel_4ILi3ELi3EEvPKffffffiiPfS2_ii
      0 bytes stack frame, 0 bytes spill stores, 0 bytes spill loads
  ptxas info    : Used 54 registers, 2176 bytes smem, 384 bytes cmem[0]
  ptxas info    : Compiling entry function '_Z31field_linear_quadratic_kernel_4ILi4ELi1EEvPKffffffiiPfS2_ii' for 'sm_52'
  ptxas info    : Function properties for _Z31field_linear_quadratic_kernel_4ILi4ELi1EEvPKffffffiiPfS2_ii
      0 bytes stack frame, 0 bytes spill stores, 0 bytes spill loads
  ptxas info    : Used 52 registers, 1056 bytes smem, 384 bytes cmem[0]
  ptxas info    : Compiling entry function '_Z36field_linear_quadratic_kernel_4_add0ILi4ELi1EEvPKffffiiPfS2_ii' for 'sm_52'
  ptxas info    : Function properties for _Z36field_linear_quadratic_kernel_4_add0ILi4ELi1EEvPKffffiiPfS2_ii
      0 bytes stack frame, 0 bytes spill stores, 0 bytes spill loads
  ptxas info    : Used 56 registers, 1056 bytes smem, 376 bytes cmem[0]
  ptxas info    : Compiling entry function '_Z31field_linear_quadratic_kernel_4ILi3ELi2EEvPKffffffiiPfS2_ii' for 'sm_52'
  ptxas info    : Function properties for _Z31field_linear_quadratic_kernel_4ILi3ELi2EEvPKffffffiiPfS2_ii
      0 bytes stack frame, 0 bytes spill stores, 0 bytes spill loads
  ptxas info    : Used 54 registers, 1088 bytes smem, 384 bytes cmem[0]
  ptxas info    : Compiling entry function '_Z36field_linear_quadratic_kernel_4_add0ILi3ELi2EEvPKffffiiPfS2_ii' for 'sm_52'
  ptxas info    : Function properties for _Z36field_linear_quadratic_kernel_4_add0ILi3ELi2EEvPKffffiiPfS2_ii
      0 bytes stack frame, 0 bytes spill stores, 0 bytes spill loads
  ptxas info    : Used 55 registers, 1088 bytes smem, 376 bytes cmem[0]
  ptxas info    : Compiling entry function '_Z29field_quadratic_dual_kernel_4ILi3ELi3EEvPKfS1_ffffffiiPfii' for 'sm_52'
  ptxas info    : Function properties for _Z29field_quadratic_dual_kernel_4ILi3ELi3EEvPKfS1_ffffffiiPfii
      0 bytes stack frame, 0 bytes spill stores, 0 bytes spill loads
  ptxas info    : Used 40 registers, 1152 bytes smem, 384 bytes cmem[0]
  ptxas info    : Compiling entry function '_Z29field_quadratic_dual_kernel_4ILi4ELi1EEvPKfS1_ffffffiiPfii' for 'sm_52'
  ptxas info    : Function properties for _Z29field_quadratic_dual_kernel_4ILi4ELi1EEvPKfS1_ffffffiiPfii
      0 bytes stack frame, 0 bytes spill stores, 0 bytes spill loads
  ptxas info    : Used 40 registers, 544 bytes smem, 384 bytes cmem[0]
  ptxas info    : Compiling entry function '_Z29field_quadratic_dual_kernel_4ILi3ELi2EEvPKfS1_ffffffiiPfii' for 'sm_52'
  ptxas info    : Function properties for _Z29field_quadratic_dual_kernel_4ILi3ELi2EEvPKfS1_ffffffiiPfii
      0 bytes stack frame, 0 bytes spill stores, 0 bytes spill loads
  ptxas info    : Used 40 registers, 576 bytes smem, 384 bytes cmem[0]
  ptxas info    : Compiling entry function '_Z24field_quadratic_kernel_4ILi3ELi3EEvPKffffiiPfii' for 'sm_52'
  ptxas info    : Function properties for _Z24field_quadratic_kernel_4ILi3ELi3EEvPKffffiiPfii
      0 bytes stack frame, 0 bytes spill stores, 0 bytes spill loads
  ptxas info    : Used 48 registers, 1152 bytes smem, 368 bytes cmem[0]
  ptxas info    : Compiling entry function '_Z24field_quadratic_kernel_4ILi4ELi1EEvPKffffiiPfii' for 'sm_52'
  ptxas info    : Function properties for _Z24field_quadratic_kernel_4ILi4ELi1EEvPKffffiiPfii
      0 bytes stack frame, 0 bytes spill stores, 0 bytes spill loads
  ptxas info    : Used 48 registers, 544 bytes smem, 368 bytes cmem[0]
  ptxas info    : Compiling entry function '_Z24field_quadratic_kernel_4ILi3ELi2EEvPKffffiiPfii' for 'sm_52'
  ptxas info    : Function properties for _Z24field_quadratic_kernel_4ILi3ELi2EEvPKffffiiPfii
      0 bytes stack frame, 0 bytes spill stores, 0 bytes spill loads
  ptxas info    : Used 48 registers, 576 bytes smem, 368 bytes cmem[0]
  ptxas info    : Compiling entry function '_Z26field_linear_dual_kernel_4ILi3ELi3EEvPKfS1_fffiiPfii' for 'sm_52'
  ptxas info    : Function properties for _Z26field_linear_dual_kernel_4ILi3ELi3EEvPKfS1_fffiiPfii
      0 bytes stack frame, 0 bytes spill stores, 0 bytes spill loads
  ptxas info    : Used 60 registers, 1152 bytes smem, 376 bytes cmem[0]
  ptxas info    : Compiling entry function '_Z26field_linear_dual_kernel_4ILi4ELi1EEvPKfS1_fffiiPfii' for 'sm_52'
  ptxas info    : Function properties for _Z26field_linear_dual_kernel_4ILi4ELi1EEvPKfS1_fffiiPfii
      0 bytes stack frame, 0 bytes spill stores, 0 bytes spill loads
  ptxas info    : Used 56 registers, 544 bytes smem, 376 bytes cmem[0]
  ptxas info    : Compiling entry function '_Z26field_linear_dual_kernel_4ILi3ELi2EEvPKfS1_fffiiPfii' for 'sm_52'
  ptxas info    : Function properties for _Z26field_linear_dual_kernel_4ILi3ELi2EEvPKfS1_fffiiPfii
      0 bytes stack frame, 0 bytes spill stores, 0 bytes spill loads
  ptxas info    : Used 60 registers, 576 bytes smem, 376 bytes cmem[0]
  ptxas info    : Compiling entry function '_Z21field_linear_kernel_4ILi3ELi3EEvPKfffiiPfii' for 'sm_52'
  ptxas info    : Function properties for _Z21field_linear_kernel_4ILi3ELi3EEvPKfffiiPfii
      0 bytes stack frame, 0 bytes spill stores, 0 bytes spill loads
  ptxas info    : Used 48 registers, 1152 bytes smem, 360 bytes cmem[0]
  ptxas info    : Compiling entry function '_Z21field_linear_kernel_4ILi4ELi1EEvPKfffiiPfii' for 'sm_52'
  ptxas info    : Function properties for _Z21field_linear_kernel_4ILi4ELi1EEvPKfffiiPfii
      0 bytes stack frame, 0 bytes spill stores, 0 bytes spill loads
  ptxas info    : Used 48 registers, 544 bytes smem, 360 bytes cmem[0]
  ptxas info    : Compiling entry function '_Z21field_linear_kernel_4ILi3ELi2EEvPKfffiiPfii' for 'sm_52'
  ptxas info    : Function properties for _Z21field_linear_kernel_4ILi3ELi2EEvPKfffiiPfii
      0 bytes stack frame, 0 bytes spill stores, 0 bytes spill loads
  ptxas info    : Used 48 registers, 576 bytes smem, 360 bytes cmem[0]
  ptxas info    : Compiling entry function '_Z34straight_max_indexed_kernel_4_nextILi6EEvPKfiPfPi' for 'sm_52'
  ptxas info    : Function properties for _Z34straight_max_indexed_kernel_4_nextILi6EEvPKfiPfPi
      0 bytes stack frame, 0 bytes spill stores, 0 bytes spill loads
  ptxas info    : Used 32 registers, 512 bytes smem, 352 bytes cmem[0], 4 bytes cmem[2]
  ptxas info    : Compiling entry function '_Z34straight_max_indexed_kernel_4_nextILi5EEvPKfiPfPi' for 'sm_52'
  ptxas info    : Function properties for _Z34straight_max_indexed_kernel_4_nextILi5EEvPKfiPfPi
      0 bytes stack frame, 0 bytes spill stores, 0 bytes spill loads
  ptxas info    : Used 32 registers, 256 bytes smem, 352 bytes cmem[0], 4 bytes cmem[2]
  ptxas info    : Compiling entry function '_Z29straight_max_indexed_kernel_4ILi6EEvPKfiPfPiii' for 'sm_52'
  ptxas info    : Function properties for _Z29straight_max_indexed_kernel_4ILi6EEvPKfiPfPiii
      0 bytes stack frame, 0 bytes spill stores, 0 bytes spill loads
  ptxas info    : Used 31 registers, 512 bytes smem, 360 bytes cmem[0], 4 bytes cmem[2]
  ptxas info    : Compiling entry function '_Z29straight_max_indexed_kernel_4ILi5EEvPKfiPfPiii' for 'sm_52'
  ptxas info    : Function properties for _Z29straight_max_indexed_kernel_4ILi5EEvPKfiPfPiii
      0 bytes stack frame, 0 bytes spill stores, 0 bytes spill loads
  ptxas info    : Used 31 registers, 256 bytes smem, 360 bytes cmem[0], 4 bytes cmem[2]
  ptxas info    : Compiling entry function '_Z34straight_min_indexed_kernel_4_nextILi6EEvPKfiPfPi' for 'sm_52'
  ptxas info    : Function properties for _Z34straight_min_indexed_kernel_4_nextILi6EEvPKfiPfPi
      0 bytes stack frame, 0 bytes spill stores, 0 bytes spill loads
  ptxas info    : Used 34 registers, 512 bytes smem, 352 bytes cmem[0], 4 bytes cmem[2]
  ptxas info    : Compiling entry function '_Z34straight_min_indexed_kernel_4_nextILi5EEvPKfiPfPi' for 'sm_52'
  ptxas info    : Function properties for _Z34straight_min_indexed_kernel_4_nextILi5EEvPKfiPfPi
      0 bytes stack frame, 0 bytes spill stores, 0 bytes spill loads
  ptxas info    : Used 34 registers, 256 bytes smem, 352 bytes cmem[0], 4 bytes cmem[2]
  ptxas info    : Compiling entry function '_Z29straight_min_indexed_kernel_4ILi6EEvPKfiPfPiii' for 'sm_52'
  ptxas info    : Function properties for _Z29straight_min_indexed_kernel_4ILi6EEvPKfiPfPiii
      0 bytes stack frame, 0 bytes spill stores, 0 bytes spill loads
  ptxas info    : Used 31 registers, 512 bytes smem, 360 bytes cmem[0], 4 bytes cmem[2]
  ptxas info    : Compiling entry function '_Z29straight_min_indexed_kernel_4ILi5EEvPKfiPfPiii' for 'sm_52'
  ptxas info    : Function properties for _Z29straight_min_indexed_kernel_4ILi5EEvPKfiPfPiii
      0 bytes stack frame, 0 bytes spill stores, 0 bytes spill loads
  ptxas info    : Used 31 registers, 256 bytes smem, 360 bytes cmem[0], 4 bytes cmem[2]
  ptxas info    : Compiling entry function '_Z21straight_max_kernel_4ILi6EEvPKfiPfii' for 'sm_52'
  ptxas info    : Function properties for _Z21straight_max_kernel_4ILi6EEvPKfiPfii
      0 bytes stack frame, 0 bytes spill stores, 0 bytes spill loads
  ptxas info    : Used 31 registers, 256 bytes smem, 352 bytes cmem[0], 8 bytes cmem[2]
  ptxas info    : Compiling entry function '_Z21straight_max_kernel_4ILi5EEvPKfiPfii' for 'sm_52'
  ptxas info    : Function properties for _Z21straight_max_kernel_4ILi5EEvPKfiPfii
      0 bytes stack frame, 0 bytes spill stores, 0 bytes spill loads
  ptxas info    : Used 31 registers, 128 bytes smem, 352 bytes cmem[0], 8 bytes cmem[2]
  ptxas info    : Compiling entry function '_Z21straight_min_kernel_4ILi6EEvPKfiPfii' for 'sm_52'
  ptxas info    : Function properties for _Z21straight_min_kernel_4ILi6EEvPKfiPfii
      0 bytes stack frame, 0 bytes spill stores, 0 bytes spill loads
  ptxas info    : Used 32 registers, 256 bytes smem, 352 bytes cmem[0], 4 bytes cmem[2]
  ptxas info    : Compiling entry function '_Z21straight_min_kernel_4ILi5EEvPKfiPfii' for 'sm_52'
  ptxas info    : Function properties for _Z21straight_min_kernel_4ILi5EEvPKfiPfii
      0 bytes stack frame, 0 bytes spill stores, 0 bytes spill loads
  ptxas info    : Used 32 registers, 128 bytes smem, 352 bytes cmem[0], 4 bytes cmem[2]
  ptxas info    : Compiling entry function '_Z27straight_quadratic_kernel_4ILi6EEvPKffffiPfii' for 'sm_52'
  ptxas info    : Function properties for _Z27straight_quadratic_kernel_4ILi6EEvPKffffiPfii
      0 bytes stack frame, 0 bytes spill stores, 0 bytes spill loads
  ptxas info    : Used 31 registers, 256 bytes smem, 360 bytes cmem[0]
  ptxas info    : Compiling entry function '_Z27straight_quadratic_kernel_4ILi5EEvPKffffiPfii' for 'sm_52'
  ptxas info    : Function properties for _Z27straight_quadratic_kernel_4ILi5EEvPKffffiPfii
      0 bytes stack frame, 0 bytes spill stores, 0 bytes spill loads
  ptxas info    : Used 31 registers, 128 bytes smem, 360 bytes cmem[0]
  ptxas info    : Compiling entry function '_Z24straight_linear_kernel_4ILi6EEvPKfffiPfii' for 'sm_52'
  ptxas info    : Function properties for _Z24straight_linear_kernel_4ILi6EEvPKfffiPfii
      0 bytes stack frame, 0 bytes spill stores, 0 bytes spill loads
  ptxas info    : Used 32 registers, 256 bytes smem, 360 bytes cmem[0]
  ptxas info    : Compiling entry function '_Z24straight_linear_kernel_4ILi5EEvPKfffiPfii' for 'sm_52'
  ptxas info    : Function properties for _Z24straight_linear_kernel_4ILi5EEvPKfffiPfii
      0 bytes stack frame, 0 bytes spill stores, 0 bytes spill loads
  ptxas info    : Used 32 registers, 128 bytes smem, 360 bytes cmem[0]
  A.cu
    正在创建库 D:\virtual-discC-code\Dragon-alpha-3060ti\engine-cuda-base\Cuda_reduce\x64\Release\Cuda_reduce.lib 和对象 D:\virtual-discC-code\Dragon-alpha-3060ti\engine-cuda-base\Cuda_reduce\x64\Release\Cuda_reduce.exp
  LINK : 已指定 /LTCG，但不需要生成代码；从链接命令行中移除 /LTCG 以提高链接器性能
  Cuda_reduce.vcxproj -> D:\virtual-discC-code\Dragon-alpha-3060ti\engine-cuda-base\Cuda_reduce\x64\Release\Cuda_reduce.dll
