  Compiling CUDA source file A.cu...
  
  D:\virtual-discC-code\Dragon-alpha-3060ti\engine-cuda-base\Cuda_matMul\Cuda_matMul>"C:\Program Files\NVIDIA GPU Computing Toolkit\CUDA\v11.5\bin\nvcc.exe" -gencode=arch=compute_52,code=\"sm_52,compute_52\" --use-local-env -ccbin "C:\Program Files (x86)\Microsoft Visual Studio\2017\Community\VC\Tools\MSVC\14.16.27023\bin\HostX86\x64" -x cu   -I"C:\Program Files\NVIDIA GPU Computing Toolkit\CUDA\v11.5\include" -I"C:\Program Files\NVIDIA GPU Computing Toolkit\CUDA\v11.5\include"     --keep-dir x64\Release  -maxrregcount=0 --ptxas-options=-v --machine 64 --compile -cudart static    -DWIN32 -DWIN64 -DNDEBUG -D_CONSOLE -D_WINDLL -D_MBCS -Xcompiler "/EHsc /W3 /nologo /O2 /Fdx64\Release\vc141.pdb /FS   /MD " -o x64\Release\A.cu.obj "D:\virtual-discC-code\Dragon-alpha-3060ti\engine-cuda-base\Cuda_matMul\Cuda_matMul\A.cu" 
  ptxas info    : 16816 bytes gmem
  ptxas info    : Compiling entry function '_Z16kernel_t2_SK_1_1ILi2ELi4EEvPKfS1_PfS2_iiii' for 'sm_52'
  ptxas info    : Function properties for _Z16kernel_t2_SK_1_1ILi2ELi4EEvPKfS1_PfS2_iiii
      0 bytes stack frame, 0 bytes spill stores, 0 bytes spill loads
  ptxas info    : Used 32 registers, 320 bytes smem, 368 bytes cmem[0]
  ptxas info    : Compiling entry function '_Z16kernel_t2_SK_1_8ILi2ELi4EEvPKfS1_PfS2_iiii' for 'sm_52'
  ptxas info    : Function properties for _Z16kernel_t2_SK_1_8ILi2ELi4EEvPKfS1_PfS2_iiii
      0 bytes stack frame, 0 bytes spill stores, 0 bytes spill loads
  ptxas info    : Used 56 registers, 1312 bytes smem, 368 bytes cmem[0]
  ptxas info    : Compiling entry function '_Z16kernel_t2_SK_2_2ILi2ELi4EEvPKfS1_PfS2_iiii' for 'sm_52'
  ptxas info    : Function properties for _Z16kernel_t2_SK_2_2ILi2ELi4EEvPKfS1_PfS2_iiii
      0 bytes stack frame, 0 bytes spill stores, 0 bytes spill loads
  ptxas info    : Used 56 registers, 768 bytes smem, 368 bytes cmem[0]
  ptxas info    : Compiling entry function '_Z16kernel_t2_SK_8_1ILi2ELi4EEvPKfS1_PfS2_iiii' for 'sm_52'
  ptxas info    : Function properties for _Z16kernel_t2_SK_8_1ILi2ELi4EEvPKfS1_PfS2_iiii
      0 bytes stack frame, 0 bytes spill stores, 0 bytes spill loads
  ptxas info    : Used 56 registers, 1312 bytes smem, 368 bytes cmem[0]
  ptxas info    : Compiling entry function '_Z16kernel_t2_SK_1_8ILi3ELi8EEvPKfS1_PfS2_iiii' for 'sm_52'
  ptxas info    : Function properties for _Z16kernel_t2_SK_1_8ILi3ELi8EEvPKfS1_PfS2_iiii
      0 bytes stack frame, 0 bytes spill stores, 0 bytes spill loads
  ptxas info    : Used 56 registers, 4928 bytes smem, 368 bytes cmem[0]
  ptxas info    : Compiling entry function '_Z16kernel_t2_SK_2_2ILi3ELi8EEvPKfS1_PfS2_iiii' for 'sm_52'
  ptxas info    : Function properties for _Z16kernel_t2_SK_2_2ILi3ELi8EEvPKfS1_PfS2_iiii
      0 bytes stack frame, 0 bytes spill stores, 0 bytes spill loads
  ptxas info    : Used 40 registers, 2560 bytes smem, 368 bytes cmem[0]
  ptxas info    : Compiling entry function '_Z16kernel_t2_SK_8_1ILi3ELi8EEvPKfS1_PfS2_iiii' for 'sm_52'
  ptxas info    : Function properties for _Z16kernel_t2_SK_8_1ILi3ELi8EEvPKfS1_PfS2_iiii
      0 bytes stack frame, 0 bytes spill stores, 0 bytes spill loads
  ptxas info    : Used 56 registers, 4928 bytes smem, 368 bytes cmem[0]
  ptxas info    : Compiling entry function '_Z16kernel_t2_SK_4_2ILi3ELi4EEvPKfS1_PfS2_iiii' for 'sm_52'
  ptxas info    : Function properties for _Z16kernel_t2_SK_4_2ILi3ELi4EEvPKfS1_PfS2_iiii
      0 bytes stack frame, 0 bytes spill stores, 0 bytes spill loads
  ptxas info    : Used 48 registers, 1728 bytes smem, 368 bytes cmem[0]
  ptxas info    : Compiling entry function '_Z16kernel_t2_SK_2_8ILi3ELi4ELi3EEvPKfS1_PfS2_iiii' for 'sm_52'
  ptxas info    : Function properties for _Z16kernel_t2_SK_2_8ILi3ELi4ELi3EEvPKfS1_PfS2_iiii
      0 bytes stack frame, 0 bytes spill stores, 0 bytes spill loads
  ptxas info    : Used 64 registers, 2880 bytes smem, 368 bytes cmem[0]
  ptxas info    : Compiling entry function '_Z16kernel_t2_SK_4_4ILi3ELi4EEvPKfS1_PfS2_iiii' for 'sm_52'
  ptxas info    : Function properties for _Z16kernel_t2_SK_4_4ILi3ELi4EEvPKfS1_PfS2_iiii
      0 bytes stack frame, 0 bytes spill stores, 0 bytes spill loads
  ptxas info    : Used 64 registers, 2304 bytes smem, 368 bytes cmem[0]
  ptxas info    : Compiling entry function '_Z16kernel_t2_SK_8_2ILi3ELi4ELi3EEvPKfS1_PfS2_iiii' for 'sm_52'
  ptxas info    : Function properties for _Z16kernel_t2_SK_8_2ILi3ELi4ELi3EEvPKfS1_PfS2_iiii
      0 bytes stack frame, 0 bytes spill stores, 0 bytes spill loads
  ptxas info    : Used 64 registers, 2880 bytes smem, 368 bytes cmem[0]
  ptxas info    : Compiling entry function '_Z16kernel_t2_SK_8_4ILi3ELi4ELi3EEvPKfS1_PfS2_iiii' for 'sm_52'
  ptxas info    : Function properties for _Z16kernel_t2_SK_8_4ILi3ELi4ELi3EEvPKfS1_PfS2_iiii
      0 bytes stack frame, 0 bytes spill stores, 0 bytes spill loads
  ptxas info    : Used 80 registers, 3456 bytes smem, 368 bytes cmem[0]
  ptxas info    : Compiling entry function '_Z20uernel_t2_SK_8_4_mgkILi3ELi4ELi8ELi3EEvPKfS1_PfS2_iiii' for 'sm_52'
  ptxas info    : Function properties for _Z20uernel_t2_SK_8_4_mgkILi3ELi4ELi8ELi3EEvPKfS1_PfS2_iiii
      0 bytes stack frame, 0 bytes spill stores, 0 bytes spill loads
  ptxas info    : Used 77 registers, 6912 bytes smem, 368 bytes cmem[0]
  ptxas info    : Compiling entry function '_Z16kernel_t2_SK_4_8ILi3ELi4ELi3EEvPKfS1_PfS2_iiii' for 'sm_52'
  ptxas info    : Function properties for _Z16kernel_t2_SK_4_8ILi3ELi4ELi3EEvPKfS1_PfS2_iiii
      0 bytes stack frame, 0 bytes spill stores, 0 bytes spill loads
  ptxas info    : Used 79 registers, 3456 bytes smem, 368 bytes cmem[0]
  ptxas info    : Compiling entry function '_Z20uernel_t2_SK_4_8_mgkILi3ELi4ELi8ELi3EEvPKfS1_PfS2_iiii' for 'sm_52'
  ptxas info    : Function properties for _Z20uernel_t2_SK_4_8_mgkILi3ELi4ELi8ELi3EEvPKfS1_PfS2_iiii
      0 bytes stack frame, 0 bytes spill stores, 0 bytes spill loads
  ptxas info    : Used 77 registers, 6912 bytes smem, 368 bytes cmem[0]
  ptxas info    : Compiling entry function '_Z16kernel_t2_SK_8_8ILi3ELi4ELi3EEvPKfS1_PfS2_iiii' for 'sm_52'
  ptxas info    : Function properties for _Z16kernel_t2_SK_8_8ILi3ELi4ELi3EEvPKfS1_PfS2_iiii
      0 bytes stack frame, 0 bytes spill stores, 0 bytes spill loads
  ptxas info    : Used 133 registers, 4352 bytes smem, 368 bytes cmem[0]
  ptxas info    : Compiling entry function '_Z20kernel_t2_SK_8_8_mgkILi3ELi4EEvPKfS1_PfS2_iiii' for 'sm_52'
  ptxas info    : Function properties for _Z20kernel_t2_SK_8_8_mgkILi3ELi4EEvPKfS1_PfS2_iiii
      0 bytes stack frame, 0 bytes spill stores, 0 bytes spill loads
  ptxas info    : Used 128 registers, 4352 bytes smem, 368 bytes cmem[0]
  ptxas info    : Compiling entry function '_Z20uernel_t2_SK_8_8_mgkILi3ELi4ELi8EEvPKfS1_PfS2_iiii' for 'sm_52'
  ptxas info    : Function properties for _Z20uernel_t2_SK_8_8_mgkILi3ELi4ELi8EEvPKfS1_PfS2_iiii
      0 bytes stack frame, 0 bytes spill stores, 0 bytes spill loads
  ptxas info    : Used 134 registers, 8704 bytes smem, 368 bytes cmem[0]
  ptxas info    : Compiling entry function '_Z16kernel_t2_SK_8_8ILi4ELi8ELi7EEvPKfS1_PfS2_iiii' for 'sm_52'
  ptxas info    : Function properties for _Z16kernel_t2_SK_8_8ILi4ELi8ELi7EEvPKfS1_PfS2_iiii
      0 bytes stack frame, 0 bytes spill stores, 0 bytes spill loads
  ptxas info    : Used 130 registers, 16896 bytes smem, 368 bytes cmem[0]
  ptxas info    : Compiling entry function '_Z20kernel_t2_SK_8_8_mgkILi4ELi8EEvPKfS1_PfS2_iiii' for 'sm_52'
  ptxas info    : Function properties for _Z20kernel_t2_SK_8_8_mgkILi4ELi8EEvPKfS1_PfS2_iiii
      0 bytes stack frame, 0 bytes spill stores, 0 bytes spill loads
  ptxas info    : Used 128 registers, 16896 bytes smem, 368 bytes cmem[0]
  ptxas info    : Compiling entry function '_Z20uernel_t2_SK_8_8_mgkILi4ELi8ELi16EEvPKfS1_PfS2_iiii' for 'sm_52'
  ptxas info    : Function properties for _Z20uernel_t2_SK_8_8_mgkILi4ELi8ELi16EEvPKfS1_PfS2_iiii
      0 bytes stack frame, 0 bytes spill stores, 0 bytes spill loads
  ptxas info    : Used 134 registers, 33792 bytes smem, 368 bytes cmem[0]
  ptxas info    : Compiling entry function '_Z13kernel_t2_1_1ILi2ELi4EEvPKfS1_Pfii' for 'sm_52'
  ptxas info    : Function properties for _Z13kernel_t2_1_1ILi2ELi4EEvPKfS1_Pfii
      0 bytes stack frame, 0 bytes spill stores, 0 bytes spill loads
  ptxas info    : Used 32 registers, 320 bytes smem, 352 bytes cmem[0]
  ptxas info    : Compiling entry function '_Z13kernel_t2_1_8ILi2ELi4EEvPKfS1_Pfii' for 'sm_52'
  ptxas info    : Function properties for _Z13kernel_t2_1_8ILi2ELi4EEvPKfS1_Pfii
      0 bytes stack frame, 0 bytes spill stores, 0 bytes spill loads
  ptxas info    : Used 56 registers, 1312 bytes smem, 352 bytes cmem[0]
  ptxas info    : Compiling entry function '_Z13kernel_t2_2_2ILi2ELi4EEvPKfS1_Pfii' for 'sm_52'
  ptxas info    : Function properties for _Z13kernel_t2_2_2ILi2ELi4EEvPKfS1_Pfii
      0 bytes stack frame, 0 bytes spill stores, 0 bytes spill loads
  ptxas info    : Used 64 registers, 640 bytes smem, 352 bytes cmem[0]
  ptxas info    : Compiling entry function '_Z13kernel_t2_8_1ILi2ELi4EEvPKfS1_Pfii' for 'sm_52'
  ptxas info    : Function properties for _Z13kernel_t2_8_1ILi2ELi4EEvPKfS1_Pfii
      0 bytes stack frame, 0 bytes spill stores, 0 bytes spill loads
  ptxas info    : Used 56 registers, 1312 bytes smem, 352 bytes cmem[0]
  ptxas info    : Compiling entry function '_Z13kernel_t2_4_2ILi2ELi2EEvPKfS1_Pfii' for 'sm_52'
  ptxas info    : Function properties for _Z13kernel_t2_4_2ILi2ELi2EEvPKfS1_Pfii
      0 bytes stack frame, 0 bytes spill stores, 0 bytes spill loads
  ptxas info    : Used 58 registers, 480 bytes smem, 352 bytes cmem[0]
  ptxas info    : Compiling entry function '_Z13kernel_t2_4_8ILi2ELi2ELi1EEvPKfS1_Pfii' for 'sm_52'
  ptxas info    : Function properties for _Z13kernel_t2_4_8ILi2ELi2ELi1EEvPKfS1_Pfii
      0 bytes stack frame, 0 bytes spill stores, 0 bytes spill loads
  ptxas info    : Used 79 registers, 960 bytes smem, 352 bytes cmem[0]
  ptxas info    : Compiling entry function '_Z13kernel_t2_8_4ILi2ELi2ELi1EEvPKfS1_Pfii' for 'sm_52'
  ptxas info    : Function properties for _Z13kernel_t2_8_4ILi2ELi2ELi1EEvPKfS1_Pfii
      0 bytes stack frame, 0 bytes spill stores, 0 bytes spill loads
  ptxas info    : Used 78 registers, 960 bytes smem, 352 bytes cmem[0]
  ptxas info    : Compiling entry function '_Z13kernel_t2_1_8ILi3ELi8EEvPKfS1_Pfii' for 'sm_52'
  ptxas info    : Function properties for _Z13kernel_t2_1_8ILi3ELi8EEvPKfS1_Pfii
      0 bytes stack frame, 0 bytes spill stores, 0 bytes spill loads
  ptxas info    : Used 56 registers, 4928 bytes smem, 352 bytes cmem[0]
  ptxas info    : Compiling entry function '_Z13kernel_t2_2_2ILi3ELi8EEvPKfS1_Pfii' for 'sm_52'
  ptxas info    : Function properties for _Z13kernel_t2_2_2ILi3ELi8EEvPKfS1_Pfii
      0 bytes stack frame, 0 bytes spill stores, 0 bytes spill loads
  ptxas info    : Used 40 registers, 2304 bytes smem, 352 bytes cmem[0]
  ptxas info    : Compiling entry function '_Z13kernel_t2_8_1ILi3ELi8EEvPKfS1_Pfii' for 'sm_52'
  ptxas info    : Function properties for _Z13kernel_t2_8_1ILi3ELi8EEvPKfS1_Pfii
      0 bytes stack frame, 0 bytes spill stores, 0 bytes spill loads
  ptxas info    : Used 56 registers, 4928 bytes smem, 352 bytes cmem[0]
  ptxas info    : Compiling entry function '_Z13kernel_t2_4_2ILi3ELi4EEvPKfS1_Pfii' for 'sm_52'
  ptxas info    : Function properties for _Z13kernel_t2_4_2ILi3ELi4EEvPKfS1_Pfii
      0 bytes stack frame, 0 bytes spill stores, 0 bytes spill loads
  ptxas info    : Used 48 registers, 1728 bytes smem, 352 bytes cmem[0]
  ptxas info    : Compiling entry function '_Z13kernel_t2_2_8ILi3ELi4ELi3EEvPKfS1_Pfii' for 'sm_52'
  ptxas info    : Function properties for _Z13kernel_t2_2_8ILi3ELi4ELi3EEvPKfS1_Pfii
      0 bytes stack frame, 0 bytes spill stores, 0 bytes spill loads
  ptxas info    : Used 64 registers, 2880 bytes smem, 352 bytes cmem[0]
  ptxas info    : Compiling entry function '_Z13kernel_t2_4_4ILi3ELi4EEvPKfS1_Pfii' for 'sm_52'
  ptxas info    : Function properties for _Z13kernel_t2_4_4ILi3ELi4EEvPKfS1_Pfii
      0 bytes stack frame, 0 bytes spill stores, 0 bytes spill loads
  ptxas info    : Used 63 registers, 2304 bytes smem, 352 bytes cmem[0]
  ptxas info    : Compiling entry function '_Z13kernel_t2_8_2ILi3ELi4ELi3EEvPKfS1_Pfii' for 'sm_52'
  ptxas info    : Function properties for _Z13kernel_t2_8_2ILi3ELi4ELi3EEvPKfS1_Pfii
      0 bytes stack frame, 0 bytes spill stores, 0 bytes spill loads
  ptxas info    : Used 62 registers, 2880 bytes smem, 352 bytes cmem[0]
  ptxas info    : Compiling entry function '_Z13kernel_t2_8_4ILi3ELi4ELi3EEvPKfS1_Pfii' for 'sm_52'
  ptxas info    : Function properties for _Z13kernel_t2_8_4ILi3ELi4ELi3EEvPKfS1_Pfii
      0 bytes stack frame, 0 bytes spill stores, 0 bytes spill loads
  ptxas info    : Used 96 registers, 3456 bytes smem, 352 bytes cmem[0]
  ptxas info    : Compiling entry function '_Z17uernel_t2_8_4_mgkILi3ELi4ELi8EEvPKfS1_Pfii' for 'sm_52'
  ptxas info    : Function properties for _Z17uernel_t2_8_4_mgkILi3ELi4ELi8EEvPKfS1_Pfii
      0 bytes stack frame, 0 bytes spill stores, 0 bytes spill loads
  ptxas info    : Used 80 registers, 6656 bytes smem, 352 bytes cmem[0]
  ptxas info    : Compiling entry function '_Z13kernel_t2_4_8ILi3ELi4ELi3EEvPKfS1_Pfii' for 'sm_52'
  ptxas info    : Function properties for _Z13kernel_t2_4_8ILi3ELi4ELi3EEvPKfS1_Pfii
      0 bytes stack frame, 0 bytes spill stores, 0 bytes spill loads
  ptxas info    : Used 82 registers, 3456 bytes smem, 352 bytes cmem[0]
  ptxas info    : Compiling entry function '_Z17uernel_t2_4_8_mgkILi3ELi4ELi8EEvPKfS1_Pfii' for 'sm_52'
  ptxas info    : Function properties for _Z17uernel_t2_4_8_mgkILi3ELi4ELi8EEvPKfS1_Pfii
      0 bytes stack frame, 0 bytes spill stores, 0 bytes spill loads
  ptxas info    : Used 77 registers, 6656 bytes smem, 352 bytes cmem[0]
  ptxas info    : Compiling entry function '_Z13kernel_t2_4_4ILi4ELi8EEvPKfS1_Pfii' for 'sm_52'
  ptxas info    : Function properties for _Z13kernel_t2_4_4ILi4ELi8EEvPKfS1_Pfii
      0 bytes stack frame, 0 bytes spill stores, 0 bytes spill loads
  ptxas info    : Used 60 registers, 8704 bytes smem, 352 bytes cmem[0]
  ptxas info    : Compiling entry function '_Z17uernel_t2_4_4_mgkILi4ELi8ELi16EEvPKfS1_Pfii' for 'sm_52'
  ptxas info    : Function properties for _Z17uernel_t2_4_4_mgkILi4ELi8ELi16EEvPKfS1_Pfii
      0 bytes stack frame, 0 bytes spill stores, 0 bytes spill loads
  ptxas info    : Used 56 registers, 17408 bytes smem, 352 bytes cmem[0]
  ptxas info    : Compiling entry function '_Z13kernel_t2_8_4ILi4ELi8ELi7EEvPKfS1_Pfii' for 'sm_52'
  ptxas info    : Function properties for _Z13kernel_t2_8_4ILi4ELi8ELi7EEvPKfS1_Pfii
      0 bytes stack frame, 0 bytes spill stores, 0 bytes spill loads
  ptxas info    : Used 90 registers, 13056 bytes smem, 352 bytes cmem[0]
  ptxas info    : Compiling entry function '_Z17uernel_t2_8_4_mgkILi4ELi8ELi16EEvPKfS1_Pfii' for 'sm_52'
  ptxas info    : Function properties for _Z17uernel_t2_8_4_mgkILi4ELi8ELi16EEvPKfS1_Pfii
      0 bytes stack frame, 0 bytes spill stores, 0 bytes spill loads
  ptxas info    : Used 80 registers, 25600 bytes smem, 352 bytes cmem[0]
  ptxas info    : Compiling entry function '_Z13kernel_t2_4_8ILi4ELi8ELi7EEvPKfS1_Pfii' for 'sm_52'
  ptxas info    : Function properties for _Z13kernel_t2_4_8ILi4ELi8ELi7EEvPKfS1_Pfii
      0 bytes stack frame, 0 bytes spill stores, 0 bytes spill loads
  ptxas info    : Used 79 registers, 13056 bytes smem, 352 bytes cmem[0]
  ptxas info    : Compiling entry function '_Z17uernel_t2_4_8_mgkILi4ELi8ELi16EEvPKfS1_Pfii' for 'sm_52'
  ptxas info    : Function properties for _Z17uernel_t2_4_8_mgkILi4ELi8ELi16EEvPKfS1_Pfii
      0 bytes stack frame, 0 bytes spill stores, 0 bytes spill loads
  ptxas info    : Used 77 registers, 25600 bytes smem, 352 bytes cmem[0]
  ptxas info    : Compiling entry function '_Z13kernel_t2_8_8ILi4ELi8ELi7EEvPKfS1_Pfii' for 'sm_52'
  ptxas info    : Function properties for _Z13kernel_t2_8_8ILi4ELi8ELi7EEvPKfS1_Pfii
      0 bytes stack frame, 0 bytes spill stores, 0 bytes spill loads
  ptxas info    : Used 142 registers, 16896 bytes smem, 352 bytes cmem[0]
  ptxas info    : Compiling entry function '_Z17uernel_t2_8_8_mgkILi4ELi8ELi16EEvPKfS1_Pfii' for 'sm_52'
  ptxas info    : Function properties for _Z17uernel_t2_8_8_mgkILi4ELi8ELi16EEvPKfS1_Pfii
      0 bytes stack frame, 0 bytes spill stores, 0 bytes spill loads
  ptxas info    : Used 128 registers, 33792 bytes smem, 352 bytes cmem[0]
  ptxas info    : Compiling entry function '_Z15kernel_t2_naivePKfS0_Pfii' for 'sm_52'
  ptxas info    : Function properties for _Z15kernel_t2_naivePKfS0_Pfii
      0 bytes stack frame, 0 bytes spill stores, 0 bytes spill loads
  ptxas info    : Used 31 registers, 352 bytes cmem[0]
  ptxas info    : Compiling entry function '_Z16kernel_t1_SK_1_1ILi2ELi4EEvPKfS1_PfS2_iiii' for 'sm_52'
  ptxas info    : Function properties for _Z16kernel_t1_SK_1_1ILi2ELi4EEvPKfS1_PfS2_iiii
      0 bytes stack frame, 0 bytes spill stores, 0 bytes spill loads
  ptxas info    : Used 55 registers, 320 bytes smem, 368 bytes cmem[0]
  ptxas info    : Compiling entry function '_Z16kernel_t1_SK_1_2ILi2ELi4EEvPKfS1_PfS2_iiii' for 'sm_52'
  ptxas info    : Function properties for _Z16kernel_t1_SK_1_2ILi2ELi4EEvPKfS1_PfS2_iiii
      0 bytes stack frame, 0 bytes spill stores, 0 bytes spill loads
  ptxas info    : Used 56 registers, 480 bytes smem, 368 bytes cmem[0]
  ptxas info    : Compiling entry function '_Z16kernel_t1_SK_2_1ILi2ELi4EEvPKfS1_PfS2_iiii' for 'sm_52'
  ptxas info    : Function properties for _Z16kernel_t1_SK_2_1ILi2ELi4EEvPKfS1_PfS2_iiii
      0 bytes stack frame, 0 bytes spill stores, 0 bytes spill loads
  ptxas info    : Used 56 registers, 480 bytes smem, 368 bytes cmem[0]
  ptxas info    : Compiling entry function '_Z16kernel_t1_SK_1_1ILi3ELi8EEvPKfS1_PfS2_iiii' for 'sm_52'
  ptxas info    : Function properties for _Z16kernel_t1_SK_1_1ILi3ELi8EEvPKfS1_PfS2_iiii
      0 bytes stack frame, 0 bytes spill stores, 0 bytes spill loads
  ptxas info    : Used 56 registers, 1152 bytes smem, 368 bytes cmem[0]
  ptxas info    : Compiling entry function '_Z16kernel_t1_SK_1_2ILi3ELi8EEvPKfS1_PfS2_iiii' for 'sm_52'
  ptxas info    : Function properties for _Z16kernel_t1_SK_1_2ILi3ELi8EEvPKfS1_PfS2_iiii
      0 bytes stack frame, 0 bytes spill stores, 0 bytes spill loads
  ptxas info    : Used 63 registers, 1728 bytes smem, 368 bytes cmem[0]
  ptxas info    : Compiling entry function '_Z16kernel_t1_SK_2_1ILi3ELi8EEvPKfS1_PfS2_iiii' for 'sm_52'
  ptxas info    : Function properties for _Z16kernel_t1_SK_2_1ILi3ELi8EEvPKfS1_PfS2_iiii
      0 bytes stack frame, 0 bytes spill stores, 0 bytes spill loads
  ptxas info    : Used 56 registers, 1728 bytes smem, 368 bytes cmem[0]
  ptxas info    : Compiling entry function '_Z16kernel_t1_SK_2_2ILi3ELi8EEvPKfS1_PfS2_iiii' for 'sm_52'
  ptxas info    : Function properties for _Z16kernel_t1_SK_2_2ILi3ELi8EEvPKfS1_PfS2_iiii
      0 bytes stack frame, 0 bytes spill stores, 0 bytes spill loads
  ptxas info    : Used 40 registers, 2304 bytes smem, 368 bytes cmem[0]
  ptxas info    : Compiling entry function '_Z16kernel_t1_SK_2_4ILi3ELi4EEvPKfS1_PfS2_iiii' for 'sm_52'
  ptxas info    : Function properties for _Z16kernel_t1_SK_2_4ILi3ELi4EEvPKfS1_PfS2_iiii
      0 bytes stack frame, 0 bytes spill stores, 0 bytes spill loads
  ptxas info    : Used 48 registers, 1728 bytes smem, 368 bytes cmem[0]
  ptxas info    : Compiling entry function '_Z16kernel_t1_SK_4_2ILi3ELi4EEvPKfS1_PfS2_iiii' for 'sm_52'
  ptxas info    : Function properties for _Z16kernel_t1_SK_4_2ILi3ELi4EEvPKfS1_PfS2_iiii
      0 bytes stack frame, 0 bytes spill stores, 0 bytes spill loads
  ptxas info    : Used 56 registers, 1728 bytes smem, 368 bytes cmem[0]
  ptxas info    : Compiling entry function '_Z16kernel_t1_SK_2_8ILi3ELi4EEvPKfS1_PfS2_iiii' for 'sm_52'
  ptxas info    : Function properties for _Z16kernel_t1_SK_2_8ILi3ELi4EEvPKfS1_PfS2_iiii
      0 bytes stack frame, 0 bytes spill stores, 0 bytes spill loads
  ptxas info    : Used 70 registers, 2880 bytes smem, 368 bytes cmem[0]
  ptxas info    : Compiling entry function '_Z16kernel_t1_SK_8_2ILi3ELi4EEvPKfS1_PfS2_iiii' for 'sm_52'
  ptxas info    : Function properties for _Z16kernel_t1_SK_8_2ILi3ELi4EEvPKfS1_PfS2_iiii
      0 bytes stack frame, 0 bytes spill stores, 0 bytes spill loads
  ptxas info    : Used 72 registers, 2880 bytes smem, 368 bytes cmem[0]
  ptxas info    : Compiling entry function '_Z16kernel_t1_SK_4_4ILi3ELi4EEvPKfS1_PfS2_iiii' for 'sm_52'
  ptxas info    : Function properties for _Z16kernel_t1_SK_4_4ILi3ELi4EEvPKfS1_PfS2_iiii
      0 bytes stack frame, 0 bytes spill stores, 0 bytes spill loads
  ptxas info    : Used 69 registers, 2304 bytes smem, 368 bytes cmem[0]
  ptxas info    : Compiling entry function '_Z16kernel_t1_SK_4_8ILi3ELi4EEvPKfS1_PfS2_iiii' for 'sm_52'
  ptxas info    : Function properties for _Z16kernel_t1_SK_4_8ILi3ELi4EEvPKfS1_PfS2_iiii
      0 bytes stack frame, 0 bytes spill stores, 0 bytes spill loads
  ptxas info    : Used 93 registers, 3456 bytes smem, 368 bytes cmem[0]
  ptxas info    : Compiling entry function '_Z16kernel_t1_SK_8_4ILi3ELi4EEvPKfS1_PfS2_iiii' for 'sm_52'
  ptxas info    : Function properties for _Z16kernel_t1_SK_8_4ILi3ELi4EEvPKfS1_PfS2_iiii
      0 bytes stack frame, 0 bytes spill stores, 0 bytes spill loads
  ptxas info    : Used 93 registers, 3456 bytes smem, 368 bytes cmem[0]
  ptxas info    : Compiling entry function '_Z16kernel_t1_SK_8_8ILi3ELi4ELi3EEvPKfS1_PfS2_iiii' for 'sm_52'
  ptxas info    : Function properties for _Z16kernel_t1_SK_8_8ILi3ELi4ELi3EEvPKfS1_PfS2_iiii
      0 bytes stack frame, 0 bytes spill stores, 0 bytes spill loads
  ptxas info    : Used 138 registers, 4352 bytes smem, 368 bytes cmem[0]
  ptxas info    : Compiling entry function '_Z20kernel_t1_SK_8_8_mgkILi3ELi4EEvPKfS1_PfS2_iiii' for 'sm_52'
  ptxas info    : Function properties for _Z20kernel_t1_SK_8_8_mgkILi3ELi4EEvPKfS1_PfS2_iiii
      0 bytes stack frame, 0 bytes spill stores, 0 bytes spill loads
  ptxas info    : Used 126 registers, 4352 bytes smem, 368 bytes cmem[0]
  ptxas info    : Compiling entry function '_Z16kernel_t1_SK_8_8ILi4ELi8ELi7EEvPKfS1_PfS2_iiii' for 'sm_52'
  ptxas info    : Function properties for _Z16kernel_t1_SK_8_8ILi4ELi8ELi7EEvPKfS1_PfS2_iiii
      0 bytes stack frame, 0 bytes spill stores, 0 bytes spill loads
  ptxas info    : Used 133 registers, 16896 bytes smem, 368 bytes cmem[0]
  ptxas info    : Compiling entry function '_Z13kernel_t1_1_8ILi2ELi4EEvPKfS1_Pfiii' for 'sm_52'
  ptxas info    : Function properties for _Z13kernel_t1_1_8ILi2ELi4EEvPKfS1_Pfiii
      0 bytes stack frame, 0 bytes spill stores, 0 bytes spill loads
  ptxas info    : Used 56 registers, 1440 bytes smem, 356 bytes cmem[0]
  ptxas info    : Compiling entry function '_Z13kernel_t1_2_2ILi1ELi2EEvPKfS1_Pfiii' for 'sm_52'
  ptxas info    : Function properties for _Z13kernel_t1_2_2ILi1ELi2EEvPKfS1_Pfiii
      0 bytes stack frame, 0 bytes spill stores, 0 bytes spill loads
  ptxas info    : Used 48 registers, 192 bytes smem, 356 bytes cmem[0]
  ptxas info    : Compiling entry function '_Z13kernel_t1_8_1ILi2ELi4EEvPKfS1_Pfiii' for 'sm_52'
  ptxas info    : Function properties for _Z13kernel_t1_8_1ILi2ELi4EEvPKfS1_Pfiii
      0 bytes stack frame, 0 bytes spill stores, 0 bytes spill loads
  ptxas info    : Used 56 registers, 1312 bytes smem, 356 bytes cmem[0]
  ptxas info    : Compiling entry function '_Z13kernel_t1_2_4ILi2ELi2EEvPKfS1_Pfiii' for 'sm_52'
  ptxas info    : Function properties for _Z13kernel_t1_2_4ILi2ELi2EEvPKfS1_Pfiii
      0 bytes stack frame, 0 bytes spill stores, 0 bytes spill loads
  ptxas info    : Used 64 registers, 480 bytes smem, 356 bytes cmem[0]
  ptxas info    : Compiling entry function '_Z13kernel_t1_4_2ILi2ELi2EEvPKfS1_Pfiii' for 'sm_52'
  ptxas info    : Function properties for _Z13kernel_t1_4_2ILi2ELi2EEvPKfS1_Pfiii
      0 bytes stack frame, 0 bytes spill stores, 0 bytes spill loads
  ptxas info    : Used 64 registers, 480 bytes smem, 356 bytes cmem[0]
  ptxas info    : Compiling entry function '_Z13kernel_t1_4_8ILi2ELi2EEvPKfS1_Pfiii' for 'sm_52'
  ptxas info    : Function properties for _Z13kernel_t1_4_8ILi2ELi2EEvPKfS1_Pfiii
      0 bytes stack frame, 0 bytes spill stores, 0 bytes spill loads
  ptxas info    : Used 85 registers, 960 bytes smem, 356 bytes cmem[0]
  ptxas info    : Compiling entry function '_Z13kernel_t1_8_4ILi2ELi2EEvPKfS1_Pfiii' for 'sm_52'
  ptxas info    : Function properties for _Z13kernel_t1_8_4ILi2ELi2EEvPKfS1_Pfiii
      0 bytes stack frame, 0 bytes spill stores, 0 bytes spill loads
  ptxas info    : Used 85 registers, 960 bytes smem, 356 bytes cmem[0]
  ptxas info    : Compiling entry function '_Z13kernel_t1_1_8ILi3ELi8EEvPKfS1_Pfiii' for 'sm_52'
  ptxas info    : Function properties for _Z13kernel_t1_1_8ILi3ELi8EEvPKfS1_Pfiii
      0 bytes stack frame, 0 bytes spill stores, 0 bytes spill loads
  ptxas info    : Used 56 registers, 5184 bytes smem, 356 bytes cmem[0]
  ptxas info    : Compiling entry function '_Z13kernel_t1_2_2ILi3ELi8EEvPKfS1_Pfiii' for 'sm_52'
  ptxas info    : Function properties for _Z13kernel_t1_2_2ILi3ELi8EEvPKfS1_Pfiii
      0 bytes stack frame, 0 bytes spill stores, 0 bytes spill loads
  ptxas info    : Used 40 registers, 2304 bytes smem, 356 bytes cmem[0]
  ptxas info    : Compiling entry function '_Z13kernel_t1_8_1ILi3ELi8EEvPKfS1_Pfiii' for 'sm_52'
  ptxas info    : Function properties for _Z13kernel_t1_8_1ILi3ELi8EEvPKfS1_Pfiii
      0 bytes stack frame, 0 bytes spill stores, 0 bytes spill loads
  ptxas info    : Used 56 registers, 4928 bytes smem, 356 bytes cmem[0]
  ptxas info    : Compiling entry function '_Z13kernel_t1_2_4ILi3ELi4EEvPKfS1_Pfiii' for 'sm_52'
  ptxas info    : Function properties for _Z13kernel_t1_2_4ILi3ELi4EEvPKfS1_Pfiii
      0 bytes stack frame, 0 bytes spill stores, 0 bytes spill loads
  ptxas info    : Used 48 registers, 1728 bytes smem, 356 bytes cmem[0]
  ptxas info    : Compiling entry function '_Z13kernel_t1_4_2ILi3ELi4EEvPKfS1_Pfiii' for 'sm_52'
  ptxas info    : Function properties for _Z13kernel_t1_4_2ILi3ELi4EEvPKfS1_Pfiii
      0 bytes stack frame, 0 bytes spill stores, 0 bytes spill loads
  ptxas info    : Used 48 registers, 1728 bytes smem, 356 bytes cmem[0]
  ptxas info    : Compiling entry function '_Z13kernel_t1_2_8ILi3ELi4EEvPKfS1_Pfiii' for 'sm_52'
  ptxas info    : Function properties for _Z13kernel_t1_2_8ILi3ELi4EEvPKfS1_Pfiii
      0 bytes stack frame, 0 bytes spill stores, 0 bytes spill loads
  ptxas info    : Used 71 registers, 2880 bytes smem, 356 bytes cmem[0]
  ptxas info    : Compiling entry function '_Z13kernel_t1_8_2ILi3ELi4EEvPKfS1_Pfiii' for 'sm_52'
  ptxas info    : Function properties for _Z13kernel_t1_8_2ILi3ELi4EEvPKfS1_Pfiii
      0 bytes stack frame, 0 bytes spill stores, 0 bytes spill loads
  ptxas info    : Used 69 registers, 2880 bytes smem, 356 bytes cmem[0]
  ptxas info    : Compiling entry function '_Z13kernel_t1_4_4ILi3ELi4EEvPKfS1_Pfiii' for 'sm_52'
  ptxas info    : Function properties for _Z13kernel_t1_4_4ILi3ELi4EEvPKfS1_Pfiii
      0 bytes stack frame, 0 bytes spill stores, 0 bytes spill loads
  ptxas info    : Used 66 registers, 2304 bytes smem, 356 bytes cmem[0]
  ptxas info    : Compiling entry function '_Z13kernel_t1_4_8ILi3ELi4EEvPKfS1_Pfiii' for 'sm_52'
  ptxas info    : Function properties for _Z13kernel_t1_4_8ILi3ELi4EEvPKfS1_Pfiii
      0 bytes stack frame, 0 bytes spill stores, 0 bytes spill loads
  ptxas info    : Used 78 registers, 3456 bytes smem, 356 bytes cmem[0]
  ptxas info    : Compiling entry function '_Z13kernel_t1_8_4ILi3ELi4EEvPKfS1_Pfiii' for 'sm_52'
  ptxas info    : Function properties for _Z13kernel_t1_8_4ILi3ELi4EEvPKfS1_Pfiii
      0 bytes stack frame, 0 bytes spill stores, 0 bytes spill loads
  ptxas info    : Used 80 registers, 3456 bytes smem, 356 bytes cmem[0]
  ptxas info    : Compiling entry function '_Z13kernel_t1_8_8ILi3ELi4ELi3EEvPKfS1_Pfiii' for 'sm_52'
  ptxas info    : Function properties for _Z13kernel_t1_8_8ILi3ELi4ELi3EEvPKfS1_Pfiii
      0 bytes stack frame, 0 bytes spill stores, 0 bytes spill loads
  ptxas info    : Used 135 registers, 4352 bytes smem, 356 bytes cmem[0]
  ptxas info    : Compiling entry function '_Z17kernel_t1_8_8_mgkILi3ELi4EEvPKfS1_Pfiii' for 'sm_52'
  ptxas info    : Function properties for _Z17kernel_t1_8_8_mgkILi3ELi4EEvPKfS1_Pfiii
      0 bytes stack frame, 0 bytes spill stores, 0 bytes spill loads
  ptxas info    : Used 124 registers, 4352 bytes smem, 356 bytes cmem[0]
  ptxas info    : Compiling entry function '_Z13kernel_t1_8_8ILi4ELi8ELi7EEvPKfS1_Pfiii' for 'sm_52'
  ptxas info    : Function properties for _Z13kernel_t1_8_8ILi4ELi8ELi7EEvPKfS1_Pfiii
      0 bytes stack frame, 0 bytes spill stores, 0 bytes spill loads
  ptxas info    : Used 131 registers, 16896 bytes smem, 356 bytes cmem[0]
  ptxas info    : Compiling entry function '_Z15kernel_t1_naivePKfS0_Pfiii' for 'sm_52'
  ptxas info    : Function properties for _Z15kernel_t1_naivePKfS0_Pfiii
      0 bytes stack frame, 0 bytes spill stores, 0 bytes spill loads
  ptxas info    : Used 40 registers, 356 bytes cmem[0]
  ptxas info    : Compiling entry function '_Z13kernel_SK_1_1ILi2ELi4EEvPKfS1_PfS2_iiii' for 'sm_52'
  ptxas info    : Function properties for _Z13kernel_SK_1_1ILi2ELi4EEvPKfS1_PfS2_iiii
      0 bytes stack frame, 0 bytes spill stores, 0 bytes spill loads
  ptxas info    : Used 48 registers, 320 bytes smem, 368 bytes cmem[0]
  ptxas info    : Compiling entry function '_Z13kernel_SK_1_2ILi2ELi4EEvPKfS1_PfS2_iiii' for 'sm_52'
  ptxas info    : Function properties for _Z13kernel_SK_1_2ILi2ELi4EEvPKfS1_PfS2_iiii
      0 bytes stack frame, 0 bytes spill stores, 0 bytes spill loads
  ptxas info    : Used 48 registers, 480 bytes smem, 368 bytes cmem[0]
  ptxas info    : Compiling entry function '_Z13kernel_SK_2_1ILi2ELi4EEvPKfS1_PfS2_iiii' for 'sm_52'
  ptxas info    : Function properties for _Z13kernel_SK_2_1ILi2ELi4EEvPKfS1_PfS2_iiii
      0 bytes stack frame, 0 bytes spill stores, 0 bytes spill loads
  ptxas info    : Used 48 registers, 480 bytes smem, 368 bytes cmem[0]
  ptxas info    : Compiling entry function '_Z13kernel_SK_2_2ILi2ELi4EEvPKfS1_PfS2_iiii' for 'sm_52'
  ptxas info    : Function properties for _Z13kernel_SK_2_2ILi2ELi4EEvPKfS1_PfS2_iiii
      0 bytes stack frame, 0 bytes spill stores, 0 bytes spill loads
  ptxas info    : Used 64 registers, 640 bytes smem, 368 bytes cmem[0]
  ptxas info    : Compiling entry function '_Z13kernel_SK_1_2ILi3ELi8EEvPKfS1_PfS2_iiii' for 'sm_52'
  ptxas info    : Function properties for _Z13kernel_SK_1_2ILi3ELi8EEvPKfS1_PfS2_iiii
      0 bytes stack frame, 0 bytes spill stores, 0 bytes spill loads
  ptxas info    : Used 48 registers, 1728 bytes smem, 368 bytes cmem[0]
  ptxas info    : Compiling entry function '_Z13kernel_SK_2_1ILi3ELi8EEvPKfS1_PfS2_iiii' for 'sm_52'
  ptxas info    : Function properties for _Z13kernel_SK_2_1ILi3ELi8EEvPKfS1_PfS2_iiii
      0 bytes stack frame, 0 bytes spill stores, 0 bytes spill loads
  ptxas info    : Used 56 registers, 1728 bytes smem, 368 bytes cmem[0]
  ptxas info    : Compiling entry function '_Z13kernel_SK_2_2ILi3ELi8EEvPKfS1_PfS2_iiii' for 'sm_52'
  ptxas info    : Function properties for _Z13kernel_SK_2_2ILi3ELi8EEvPKfS1_PfS2_iiii
      0 bytes stack frame, 0 bytes spill stores, 0 bytes spill loads
  ptxas info    : Used 40 registers, 2304 bytes smem, 368 bytes cmem[0]
  ptxas info    : Compiling entry function '_Z13kernel_SK_2_4ILi3ELi4EEvPKfS1_PfS2_iiii' for 'sm_52'
  ptxas info    : Function properties for _Z13kernel_SK_2_4ILi3ELi4EEvPKfS1_PfS2_iiii
      0 bytes stack frame, 0 bytes spill stores, 0 bytes spill loads
  ptxas info    : Used 48 registers, 1728 bytes smem, 368 bytes cmem[0]
  ptxas info    : Compiling entry function '_Z13kernel_SK_4_2ILi3ELi4EEvPKfS1_PfS2_iiii' for 'sm_52'
  ptxas info    : Function properties for _Z13kernel_SK_4_2ILi3ELi4EEvPKfS1_PfS2_iiii
      0 bytes stack frame, 0 bytes spill stores, 0 bytes spill loads
  ptxas info    : Used 56 registers, 1728 bytes smem, 368 bytes cmem[0]
  ptxas info    : Compiling entry function '_Z13kernel_SK_2_8ILi3ELi4EEvPKfS1_PfS2_iiii' for 'sm_52'
  ptxas info    : Function properties for _Z13kernel_SK_2_8ILi3ELi4EEvPKfS1_PfS2_iiii
      0 bytes stack frame, 0 bytes spill stores, 0 bytes spill loads
  ptxas info    : Used 64 registers, 2880 bytes smem, 368 bytes cmem[0]
  ptxas info    : Compiling entry function '_Z13kernel_SK_8_2ILi3ELi4EEvPKfS1_PfS2_iiii' for 'sm_52'
  ptxas info    : Function properties for _Z13kernel_SK_8_2ILi3ELi4EEvPKfS1_PfS2_iiii
      0 bytes stack frame, 0 bytes spill stores, 0 bytes spill loads
  ptxas info    : Used 72 registers, 2880 bytes smem, 368 bytes cmem[0]
  ptxas info    : Compiling entry function '_Z13kernel_SK_4_4ILi3ELi4EEvPKfS1_PfS2_iiii' for 'sm_52'
  ptxas info    : Function properties for _Z13kernel_SK_4_4ILi3ELi4EEvPKfS1_PfS2_iiii
      0 bytes stack frame, 0 bytes spill stores, 0 bytes spill loads
  ptxas info    : Used 64 registers, 2304 bytes smem, 368 bytes cmem[0]
  ptxas info    : Compiling entry function '_Z17uernel_SK_4_4_mgkILi3ELi4ELi8EEvPKfS1_PfS2_iiii' for 'sm_52'
  ptxas info    : Function properties for _Z17uernel_SK_4_4_mgkILi3ELi4ELi8EEvPKfS1_PfS2_iiii
      0 bytes stack frame, 0 bytes spill stores, 0 bytes spill loads
  ptxas info    : Used 64 registers, 4608 bytes smem, 368 bytes cmem[0]
  ptxas info    : Compiling entry function '_Z13kernel_SK_8_4ILi3ELi4EEvPKfS1_PfS2_iiii' for 'sm_52'
  ptxas info    : Function properties for _Z13kernel_SK_8_4ILi3ELi4EEvPKfS1_PfS2_iiii
      0 bytes stack frame, 0 bytes spill stores, 0 bytes spill loads
  ptxas info    : Used 88 registers, 3456 bytes smem, 368 bytes cmem[0]
  ptxas info    : Compiling entry function '_Z17uernel_SK_8_4_mgkILi3ELi4ELi8EEvPKfS1_PfS2_iiii' for 'sm_52'
  ptxas info    : Function properties for _Z17uernel_SK_8_4_mgkILi3ELi4ELi8EEvPKfS1_PfS2_iiii
      0 bytes stack frame, 0 bytes spill stores, 0 bytes spill loads
  ptxas info    : Used 87 registers, 6912 bytes smem, 368 bytes cmem[0]
  ptxas info    : Compiling entry function '_Z13kernel_SK_4_8ILi3ELi4EEvPKfS1_PfS2_iiii' for 'sm_52'
  ptxas info    : Function properties for _Z13kernel_SK_4_8ILi3ELi4EEvPKfS1_PfS2_iiii
      0 bytes stack frame, 0 bytes spill stores, 0 bytes spill loads
  ptxas info    : Used 92 registers, 3456 bytes smem, 368 bytes cmem[0]
  ptxas info    : Compiling entry function '_Z17uernel_SK_4_8_mgkILi3ELi4ELi8EEvPKfS1_PfS2_iiii' for 'sm_52'
  ptxas info    : Function properties for _Z17uernel_SK_4_8_mgkILi3ELi4ELi8EEvPKfS1_PfS2_iiii
      0 bytes stack frame, 0 bytes spill stores, 0 bytes spill loads
  ptxas info    : Used 85 registers, 6912 bytes smem, 368 bytes cmem[0]
  ptxas info    : Compiling entry function '_Z13kernel_SK_8_8ILi3ELi4ELi3EEvPKfS1_PfS2_iiii' for 'sm_52'
  ptxas info    : Function properties for _Z13kernel_SK_8_8ILi3ELi4ELi3EEvPKfS1_PfS2_iiii
      0 bytes stack frame, 0 bytes spill stores, 0 bytes spill loads
  ptxas info    : Used 128 registers, 4608 bytes smem, 368 bytes cmem[0]
  ptxas info    : Compiling entry function '_Z17uernel_SK_8_8_mgkILi3ELi4ELi8ELi3EEvPKfS1_PfS2_iiii' for 'sm_52'
  ptxas info    : Function properties for _Z17uernel_SK_8_8_mgkILi3ELi4ELi8ELi3EEvPKfS1_PfS2_iiii
      0 bytes stack frame, 0 bytes spill stores, 0 bytes spill loads
  ptxas info    : Used 128 registers, 9216 bytes smem, 368 bytes cmem[0]
  ptxas info    : Compiling entry function '_Z13kernel_SK_8_8ILi4ELi8ELi7EEvPKfS1_PfS2_iiii' for 'sm_52'
  ptxas info    : Function properties for _Z13kernel_SK_8_8ILi4ELi8ELi7EEvPKfS1_PfS2_iiii
      0 bytes stack frame, 0 bytes spill stores, 0 bytes spill loads
  ptxas info    : Used 131 registers, 17408 bytes smem, 368 bytes cmem[0]
  ptxas info    : Compiling entry function '_Z17uernel_SK_8_8_mgkILi4ELi8ELi16ELi7EEvPKfS1_PfS2_iiii' for 'sm_52'
  ptxas info    : Function properties for _Z17uernel_SK_8_8_mgkILi4ELi8ELi16ELi7EEvPKfS1_PfS2_iiii
      0 bytes stack frame, 0 bytes spill stores, 0 bytes spill loads
  ptxas info    : Used 128 registers, 34816 bytes smem, 368 bytes cmem[0]
  ptxas info    : Compiling entry function '_Z10kernel_1_1ILi2ELi4EEvPKfS1_Pfii' for 'sm_52'
  ptxas info    : Function properties for _Z10kernel_1_1ILi2ELi4EEvPKfS1_Pfii
      0 bytes stack frame, 0 bytes spill stores, 0 bytes spill loads
  ptxas info    : Used 40 registers, 320 bytes smem, 352 bytes cmem[0]
  ptxas info    : Compiling entry function '_Z10kernel_1_2ILi2ELi4EEvPKfS1_Pfii' for 'sm_52'
  ptxas info    : Function properties for _Z10kernel_1_2ILi2ELi4EEvPKfS1_Pfii
      0 bytes stack frame, 0 bytes spill stores, 0 bytes spill loads
  ptxas info    : Used 40 registers, 480 bytes smem, 352 bytes cmem[0]
  ptxas info    : Compiling entry function '_Z10kernel_1_4ILi2ELi4EEvPKfS1_Pfii' for 'sm_52'
  ptxas info    : Function properties for _Z10kernel_1_4ILi2ELi4EEvPKfS1_Pfii
      0 bytes stack frame, 0 bytes spill stores, 0 bytes spill loads
  ptxas info    : Used 62 registers, 800 bytes smem, 352 bytes cmem[0]
  ptxas info    : Compiling entry function '_Z10kernel_1_8ILi2ELi4EEvPKfS1_Pfii' for 'sm_52'
  ptxas info    : Function properties for _Z10kernel_1_8ILi2ELi4EEvPKfS1_Pfii
      0 bytes stack frame, 0 bytes spill stores, 0 bytes spill loads
  ptxas info    : Used 48 registers, 1312 bytes smem, 352 bytes cmem[0]
  ptxas info    : Compiling entry function '_Z10kernel_2_1ILi2ELi4EEvPKfS1_Pfii' for 'sm_52'
  ptxas info    : Function properties for _Z10kernel_2_1ILi2ELi4EEvPKfS1_Pfii
      0 bytes stack frame, 0 bytes spill stores, 0 bytes spill loads
  ptxas info    : Used 48 registers, 480 bytes smem, 352 bytes cmem[0]
  ptxas info    : Compiling entry function '_Z10kernel_4_1ILi2ELi4EEvPKfS1_Pfii' for 'sm_52'
  ptxas info    : Function properties for _Z10kernel_4_1ILi2ELi4EEvPKfS1_Pfii
      0 bytes stack frame, 0 bytes spill stores, 0 bytes spill loads
  ptxas info    : Used 64 registers, 800 bytes smem, 352 bytes cmem[0]
  ptxas info    : Compiling entry function '_Z10kernel_8_1ILi2ELi4EEvPKfS1_Pfii' for 'sm_52'
  ptxas info    : Function properties for _Z10kernel_8_1ILi2ELi4EEvPKfS1_Pfii
      0 bytes stack frame, 0 bytes spill stores, 0 bytes spill loads
  ptxas info    : Used 56 registers, 1312 bytes smem, 352 bytes cmem[0]
  ptxas info    : Compiling entry function '_Z10kernel_2_2ILi2ELi4EEvPKfS1_Pfii' for 'sm_52'
  ptxas info    : Function properties for _Z10kernel_2_2ILi2ELi4EEvPKfS1_Pfii
      0 bytes stack frame, 0 bytes spill stores, 0 bytes spill loads
  ptxas info    : Used 64 registers, 640 bytes smem, 352 bytes cmem[0]
  ptxas info    : Compiling entry function '_Z10kernel_1_2ILi3ELi8EEvPKfS1_Pfii' for 'sm_52'
  ptxas info    : Function properties for _Z10kernel_1_2ILi3ELi8EEvPKfS1_Pfii
      0 bytes stack frame, 0 bytes spill stores, 0 bytes spill loads
  ptxas info    : Used 48 registers, 1728 bytes smem, 352 bytes cmem[0]
  ptxas info    : Compiling entry function '_Z10kernel_1_4ILi3ELi8EEvPKfS1_Pfii' for 'sm_52'
  ptxas info    : Function properties for _Z10kernel_1_4ILi3ELi8EEvPKfS1_Pfii
      0 bytes stack frame, 0 bytes spill stores, 0 bytes spill loads
  ptxas info    : Used 40 registers, 2880 bytes smem, 352 bytes cmem[0]
  ptxas info    : Compiling entry function '_Z10kernel_1_8ILi3ELi8EEvPKfS1_Pfii' for 'sm_52'
  ptxas info    : Function properties for _Z10kernel_1_8ILi3ELi8EEvPKfS1_Pfii
      0 bytes stack frame, 0 bytes spill stores, 0 bytes spill loads
  ptxas info    : Used 48 registers, 4928 bytes smem, 352 bytes cmem[0]
  ptxas info    : Compiling entry function '_Z12sernel_2x2_1ILi3ELi8ELi4EEvPKfS1_Pfii' for 'sm_52'
  ptxas info    : Function properties for _Z12sernel_2x2_1ILi3ELi8ELi4EEvPKfS1_Pfii
      0 bytes stack frame, 0 bytes spill stores, 0 bytes spill loads
  ptxas info    : Used 48 registers, 1728 bytes smem, 352 bytes cmem[0]
  ptxas info    : Compiling entry function '_Z12sernel_4x2_1ILi3ELi8ELi4EEvPKfS1_Pfii' for 'sm_52'
  ptxas info    : Function properties for _Z12sernel_4x2_1ILi3ELi8ELi4EEvPKfS1_Pfii
      0 bytes stack frame, 0 bytes spill stores, 0 bytes spill loads
  ptxas info    : Used 54 registers, 2880 bytes smem, 352 bytes cmem[0]
  ptxas info    : Compiling entry function '_Z12sernel_8x2_1ILi3ELi8ELi4EEvPKfS1_Pfii' for 'sm_52'
  ptxas info    : Function properties for _Z12sernel_8x2_1ILi3ELi8ELi4EEvPKfS1_Pfii
      0 bytes stack frame, 0 bytes spill stores, 0 bytes spill loads
  ptxas info    : Used 56 registers, 4928 bytes smem, 352 bytes cmem[0]
  ptxas info    : Compiling entry function '_Z10kernel_2_1ILi3ELi8EEvPKfS1_Pfii' for 'sm_52'
  ptxas info    : Function properties for _Z10kernel_2_1ILi3ELi8EEvPKfS1_Pfii
      0 bytes stack frame, 0 bytes spill stores, 0 bytes spill loads
  ptxas info    : Used 56 registers, 1728 bytes smem, 352 bytes cmem[0]
  ptxas info    : Compiling entry function '_Z10kernel_4_1ILi3ELi8EEvPKfS1_Pfii' for 'sm_52'
  ptxas info    : Function properties for _Z10kernel_4_1ILi3ELi8EEvPKfS1_Pfii
      0 bytes stack frame, 0 bytes spill stores, 0 bytes spill loads
  ptxas info    : Used 40 registers, 2880 bytes smem, 352 bytes cmem[0]
  ptxas info    : Compiling entry function '_Z10kernel_8_1ILi3ELi8EEvPKfS1_Pfii' for 'sm_52'
  ptxas info    : Function properties for _Z10kernel_8_1ILi3ELi8EEvPKfS1_Pfii
      0 bytes stack frame, 0 bytes spill stores, 0 bytes spill loads
  ptxas info    : Used 62 registers, 4928 bytes smem, 352 bytes cmem[0]
  ptxas info    : Compiling entry function '_Z10kernel_2_2ILi3ELi8EEvPKfS1_Pfii' for 'sm_52'
  ptxas info    : Function properties for _Z10kernel_2_2ILi3ELi8EEvPKfS1_Pfii
      0 bytes stack frame, 0 bytes spill stores, 0 bytes spill loads
  ptxas info    : Used 40 registers, 2304 bytes smem, 352 bytes cmem[0]
  ptxas info    : Compiling entry function '_Z10kernel_2_4ILi3ELi4EEvPKfS1_Pfii' for 'sm_52'
  ptxas info    : Function properties for _Z10kernel_2_4ILi3ELi4EEvPKfS1_Pfii
      0 bytes stack frame, 0 bytes spill stores, 0 bytes spill loads
  ptxas info    : Used 48 registers, 1728 bytes smem, 352 bytes cmem[0]
  ptxas info    : Compiling entry function '_Z10kernel_4_2ILi3ELi4EEvPKfS1_Pfii' for 'sm_52'
  ptxas info    : Function properties for _Z10kernel_4_2ILi3ELi4EEvPKfS1_Pfii
      0 bytes stack frame, 0 bytes spill stores, 0 bytes spill loads
  ptxas info    : Used 56 registers, 1728 bytes smem, 352 bytes cmem[0]
  ptxas info    : Compiling entry function '_Z10kernel_2_8ILi3ELi4EEvPKfS1_Pfii' for 'sm_52'
  ptxas info    : Function properties for _Z10kernel_2_8ILi3ELi4EEvPKfS1_Pfii
      0 bytes stack frame, 0 bytes spill stores, 0 bytes spill loads
  ptxas info    : Used 64 registers, 2880 bytes smem, 352 bytes cmem[0]
  ptxas info    : Compiling entry function '_Z10kernel_8_2ILi3ELi4EEvPKfS1_Pfii' for 'sm_52'
  ptxas info    : Function properties for _Z10kernel_8_2ILi3ELi4EEvPKfS1_Pfii
      0 bytes stack frame, 0 bytes spill stores, 0 bytes spill loads
  ptxas info    : Used 64 registers, 2880 bytes smem, 352 bytes cmem[0]
  ptxas info    : Compiling entry function '_Z10kernel_4_4ILi3ELi4EEvPKfS1_Pfii' for 'sm_52'
  ptxas info    : Function properties for _Z10kernel_4_4ILi3ELi4EEvPKfS1_Pfii
      0 bytes stack frame, 0 bytes spill stores, 0 bytes spill loads
  ptxas info    : Used 68 registers, 2304 bytes smem, 352 bytes cmem[0]
  ptxas info    : Compiling entry function '_Z14uernel_4_4_mgkILi3ELi4ELi8EEvPKfS1_Pfii' for 'sm_52'
  ptxas info    : Function properties for _Z14uernel_4_4_mgkILi3ELi4ELi8EEvPKfS1_Pfii
      0 bytes stack frame, 0 bytes spill stores, 0 bytes spill loads
  ptxas info    : Used 65 registers, 4608 bytes smem, 352 bytes cmem[0]
  ptxas info    : Compiling entry function '_Z10kernel_8_4ILi3ELi4EEvPKfS1_Pfii' for 'sm_52'
  ptxas info    : Function properties for _Z10kernel_8_4ILi3ELi4EEvPKfS1_Pfii
      0 bytes stack frame, 0 bytes spill stores, 0 bytes spill loads
  ptxas info    : Used 80 registers, 3456 bytes smem, 352 bytes cmem[0]
  ptxas info    : Compiling entry function '_Z14uernel_8_4_mgkILi3ELi4ELi8EEvPKfS1_Pfii' for 'sm_52'
  ptxas info    : Function properties for _Z14uernel_8_4_mgkILi3ELi4ELi8EEvPKfS1_Pfii
      0 bytes stack frame, 0 bytes spill stores, 0 bytes spill loads
  ptxas info    : Used 79 registers, 6912 bytes smem, 352 bytes cmem[0]
  ptxas info    : Compiling entry function '_Z10kernel_4_8ILi3ELi4EEvPKfS1_Pfii' for 'sm_52'
  ptxas info    : Function properties for _Z10kernel_4_8ILi3ELi4EEvPKfS1_Pfii
      0 bytes stack frame, 0 bytes spill stores, 0 bytes spill loads
  ptxas info    : Used 91 registers, 3456 bytes smem, 352 bytes cmem[0]
  ptxas info    : Compiling entry function '_Z14uernel_4_8_mgkILi3ELi4ELi8EEvPKfS1_Pfii' for 'sm_52'
  ptxas info    : Function properties for _Z14uernel_4_8_mgkILi3ELi4ELi8EEvPKfS1_Pfii
      0 bytes stack frame, 0 bytes spill stores, 0 bytes spill loads
  ptxas info    : Used 80 registers, 6912 bytes smem, 352 bytes cmem[0]
  ptxas info    : Compiling entry function '_Z14kernel_8_8_mgkILi3ELi4ELi3EEvPKfS1_Pfii' for 'sm_52'
  ptxas info    : Function properties for _Z14kernel_8_8_mgkILi3ELi4ELi3EEvPKfS1_Pfii
      0 bytes stack frame, 0 bytes spill stores, 0 bytes spill loads
  ptxas info    : Used 125 registers, 4608 bytes smem, 352 bytes cmem[0]
  ptxas info    : Compiling entry function '_Z14uernel_8_8_mgkILi3ELi4ELi8ELi3EEvPKfS1_Pfii' for 'sm_52'
  ptxas info    : Function properties for _Z14uernel_8_8_mgkILi3ELi4ELi8ELi3EEvPKfS1_Pfii
      0 bytes stack frame, 0 bytes spill stores, 0 bytes spill loads
  ptxas info    : Used 127 registers, 9216 bytes smem, 352 bytes cmem[0]
  ptxas info    : Compiling entry function '_Z10kernel_8_8ILi4ELi8ELi7EEvPKfS1_Pfii' for 'sm_52'
  ptxas info    : Function properties for _Z10kernel_8_8ILi4ELi8ELi7EEvPKfS1_Pfii
      0 bytes stack frame, 0 bytes spill stores, 0 bytes spill loads
  ptxas info    : Used 139 registers, 17408 bytes smem, 352 bytes cmem[0]
  ptxas info    : Compiling entry function '_Z14kernel_8_8_mgkILi4ELi8ELi7EEvPKfS1_Pfii' for 'sm_52'
  ptxas info    : Function properties for _Z14kernel_8_8_mgkILi4ELi8ELi7EEvPKfS1_Pfii
      0 bytes stack frame, 0 bytes spill stores, 0 bytes spill loads
  ptxas info    : Used 126 registers, 17408 bytes smem, 352 bytes cmem[0], 4 bytes cmem[2]
  ptxas info    : Compiling entry function '_Z14uernel_8_8_mgkILi4ELi8ELi16ELi7EEvPKfS1_Pfii' for 'sm_52'
  ptxas info    : Function properties for _Z14uernel_8_8_mgkILi4ELi8ELi16ELi7EEvPKfS1_Pfii
      0 bytes stack frame, 0 bytes spill stores, 0 bytes spill loads
  ptxas info    : Used 127 registers, 34816 bytes smem, 352 bytes cmem[0]
  ptxas info    : Compiling entry function '_Z12kernel_naivePKfS0_Pfii' for 'sm_52'
  ptxas info    : Function properties for _Z12kernel_naivePKfS0_Pfii
      0 bytes stack frame, 0 bytes spill stores, 0 bytes spill loads
  ptxas info    : Used 32 registers, 352 bytes cmem[0]
  ptxas info    : Compiling entry function '_Z19buf_summary_kernel4PKfPfii' for 'sm_52'
  ptxas info    : Function properties for _Z19buf_summary_kernel4PKfPfii
      0 bytes stack frame, 0 bytes spill stores, 0 bytes spill loads
  ptxas info    : Used 32 registers, 344 bytes cmem[0]
  A.cu
d:\virtual-discc-code\dragon-alpha-3060ti\engine-cuda-base\cuda_matmul\cuda_matmul\micro.cuh(136): warning C4244: “初始化”: 从“float”转换到“int”，可能丢失数据
d:\virtual-discc-code\dragon-alpha-3060ti\engine-cuda-base\cuda_matmul\cuda_matmul\micro.cuh(163): warning C4244: “初始化”: 从“float”转换到“int”，可能丢失数据
    正在创建库 D:\virtual-discC-code\Dragon-alpha-3060ti\engine-cuda-base\Cuda_matMul\x64\Release\Cuda_matMul.lib 和对象 D:\virtual-discC-code\Dragon-alpha-3060ti\engine-cuda-base\Cuda_matMul\x64\Release\Cuda_matMul.exp
  LINK : 已指定 /LTCG，但不需要生成代码；从链接命令行中移除 /LTCG 以提高链接器性能
  Cuda_matMul.vcxproj -> D:\virtual-discC-code\Dragon-alpha-3060ti\engine-cuda-base\Cuda_matMul\x64\Release\Cuda_matMul.dll
