  Compiling CUDA source file A.cu...
  
  D:\virtual-discC-code\Dragon-alpha-3060ti\engine-cuda-base\Cuda_image\Cuda_image>"C:\Program Files\NVIDIA GPU Computing Toolkit\CUDA\v11.5\bin\nvcc.exe" -gencode=arch=compute_52,code=\"sm_52,compute_52\" --use-local-env -ccbin "C:\Program Files (x86)\Microsoft Visual Studio\2017\Community\VC\Tools\MSVC\14.16.27023\bin\HostX86\x64" -x cu   -I"C:\Program Files\NVIDIA GPU Computing Toolkit\CUDA\v11.5\include" -I"C:\Program Files\NVIDIA GPU Computing Toolkit\CUDA\v11.5\include"     --keep-dir x64\Release  -maxrregcount=0 --ptxas-options=-v --machine 64 --compile -cudart static    -DWIN32 -DWIN64 -DNDEBUG -D_CONSOLE -D_WINDLL -D_MBCS -Xcompiler "/EHsc /W3 /nologo /O2 /Fdx64\Release\vc141.pdb /FS   /MD " -o x64\Release\A.cu.obj "D:\virtual-discC-code\Dragon-alpha-3060ti\engine-cuda-base\Cuda_image\Cuda_image\A.cu" 
  ptxas info    : 0 bytes gmem
  ptxas info    : Compiling entry function '_Z24img_transpose4D_kernel_1PKcPciiiiiiiiiii' for 'sm_52'
  ptxas info    : Function properties for _Z24img_transpose4D_kernel_1PKcPciiiiiiiiiii
      0 bytes stack frame, 0 bytes spill stores, 0 bytes spill loads
  ptxas info    : Used 48 registers, 380 bytes cmem[0]
  ptxas info    : Compiling entry function '_Z24img_transpose4D_kernel_4PKcPciiiiiiii' for 'sm_52'
  ptxas info    : Function properties for _Z24img_transpose4D_kernel_4PKcPciiiiiiii
      0 bytes stack frame, 0 bytes spill stores, 0 bytes spill loads
  ptxas info    : Used 38 registers, 368 bytes cmem[0]
  ptxas info    : Compiling entry function '_Z24img_transpose4D_kernel_8PKcPciiiiiiii' for 'sm_52'
  ptxas info    : Function properties for _Z24img_transpose4D_kernel_8PKcPciiiiiiii
      0 bytes stack frame, 0 bytes spill stores, 0 bytes spill loads
  ptxas info    : Used 35 registers, 368 bytes cmem[0]
  ptxas info    : Compiling entry function '_Z25img_transpose4D_kernel_16PKcPciiiiiiii' for 'sm_52'
  ptxas info    : Function properties for _Z25img_transpose4D_kernel_16PKcPciiiiiiii
      0 bytes stack frame, 0 bytes spill stores, 0 bytes spill loads
  ptxas info    : Used 38 registers, 368 bytes cmem[0]
  ptxas info    : Compiling entry function '_Z24img_transpose3D_kernel_1PKcPciiiiiiiii' for 'sm_52'
  ptxas info    : Function properties for _Z24img_transpose3D_kernel_1PKcPciiiiiiiii
      0 bytes stack frame, 0 bytes spill stores, 0 bytes spill loads
  ptxas info    : Used 32 registers, 372 bytes cmem[0]
  ptxas info    : Compiling entry function '_Z24img_transpose3D_kernel_4PKcPciiiiii' for 'sm_52'
  ptxas info    : Function properties for _Z24img_transpose3D_kernel_4PKcPciiiiii
      0 bytes stack frame, 0 bytes spill stores, 0 bytes spill loads
  ptxas info    : Used 32 registers, 360 bytes cmem[0]
  ptxas info    : Compiling entry function '_Z24img_transpose3D_kernel_8PKcPciiiiii' for 'sm_52'
  ptxas info    : Function properties for _Z24img_transpose3D_kernel_8PKcPciiiiii
      0 bytes stack frame, 0 bytes spill stores, 0 bytes spill loads
  ptxas info    : Used 31 registers, 360 bytes cmem[0]
  ptxas info    : Compiling entry function '_Z25img_transpose3D_kernel_16PKcPciiiiii' for 'sm_52'
  ptxas info    : Function properties for _Z25img_transpose3D_kernel_16PKcPciiiiii
      0 bytes stack frame, 0 bytes spill stores, 0 bytes spill loads
  ptxas info    : Used 32 registers, 360 bytes cmem[0]
  ptxas info    : Compiling entry function '_Z24img_transpose2D_kernel_1PKcPciiiii' for 'sm_52'
  ptxas info    : Function properties for _Z24img_transpose2D_kernel_1PKcPciiiii
      0 bytes stack frame, 0 bytes spill stores, 0 bytes spill loads
  ptxas info    : Used 26 registers, 356 bytes cmem[0]
  ptxas info    : Compiling entry function '_Z34img_batch_mat_transpose_kernel_2_2PKcPciii' for 'sm_52'
  ptxas info    : Function properties for _Z34img_batch_mat_transpose_kernel_2_2PKcPciii
      0 bytes stack frame, 0 bytes spill stores, 0 bytes spill loads
  ptxas info    : Used 36 registers, 348 bytes cmem[0]
  ptxas info    : Compiling entry function '_Z34img_batch_mat_transpose_kernel_4_4PKcPciii' for 'sm_52'
  ptxas info    : Function properties for _Z34img_batch_mat_transpose_kernel_4_4PKcPciii
      0 bytes stack frame, 0 bytes spill stores, 0 bytes spill loads
  ptxas info    : Used 48 registers, 348 bytes cmem[0]
  ptxas info    : Compiling entry function '_Z34img_batch_mat_transpose_kernel_8_8PKcPciii' for 'sm_52'
  ptxas info    : Function properties for _Z34img_batch_mat_transpose_kernel_8_8PKcPciii
      0 bytes stack frame, 0 bytes spill stores, 0 bytes spill loads
  ptxas info    : Used 92 registers, 348 bytes cmem[0]
  ptxas info    : Compiling entry function '_Z29img_extract_3channels_kernel1PKciPciiii' for 'sm_52'
  ptxas info    : Function properties for _Z29img_extract_3channels_kernel1PKciPciiii
      0 bytes stack frame, 0 bytes spill stores, 0 bytes spill loads
  ptxas info    : Used 32 registers, 360 bytes cmem[0]
  ptxas info    : Compiling entry function '_Z29img_extract_3channels_kernel2PKciPciiii' for 'sm_52'
  ptxas info    : Function properties for _Z29img_extract_3channels_kernel2PKciPciiii
      0 bytes stack frame, 0 bytes spill stores, 0 bytes spill loads
  ptxas info    : Used 28 registers, 360 bytes cmem[0]
  ptxas info    : Compiling entry function '_Z29img_extract_3channels_kernel4PKciPciiii' for 'sm_52'
  ptxas info    : Function properties for _Z29img_extract_3channels_kernel4PKciPciiii
      0 bytes stack frame, 0 bytes spill stores, 0 bytes spill loads
  ptxas info    : Used 40 registers, 360 bytes cmem[0]
  ptxas info    : Compiling entry function '_Z24img_gappedMemcpy_kernel1PKciPciii' for 'sm_52'
  ptxas info    : Function properties for _Z24img_gappedMemcpy_kernel1PKciPciii
      0 bytes stack frame, 0 bytes spill stores, 0 bytes spill loads
  ptxas info    : Used 26 registers, 356 bytes cmem[0]
  ptxas info    : Compiling entry function '_Z24img_gappedMemcpy_kernel4PKciPciii' for 'sm_52'
  ptxas info    : Function properties for _Z24img_gappedMemcpy_kernel4PKciPciii
      0 bytes stack frame, 0 bytes spill stores, 0 bytes spill loads
  ptxas info    : Used 26 registers, 356 bytes cmem[0]
  ptxas info    : Compiling entry function '_Z24img_gappedMemcpy_kernel8PKciPciii' for 'sm_52'
  ptxas info    : Function properties for _Z24img_gappedMemcpy_kernel8PKciPciii
      0 bytes stack frame, 0 bytes spill stores, 0 bytes spill loads
  ptxas info    : Used 24 registers, 356 bytes cmem[0]
  ptxas info    : Compiling entry function '_Z25img_gappedMemcpy_kernel16PKciPciii' for 'sm_52'
  ptxas info    : Function properties for _Z25img_gappedMemcpy_kernel16PKciPciii
      0 bytes stack frame, 0 bytes spill stores, 0 bytes spill loads
  ptxas info    : Used 31 registers, 356 bytes cmem[0]
  ptxas info    : Compiling entry function '_Z19img_affine_kernel_4PKciiPciiiffffffi' for 'sm_52'
  ptxas info    : Function properties for _Z19img_affine_kernel_4PKciiPciiiffffffi
      0 bytes stack frame, 0 bytes spill stores, 0 bytes spill loads
  ptxas info    : Used 22 registers, 384 bytes cmem[0]
  ptxas info    : Compiling entry function '_Z19img_affine_kernel_8PKciiPciiiffffffi' for 'sm_52'
  ptxas info    : Function properties for _Z19img_affine_kernel_8PKciiPciiiffffffi
      0 bytes stack frame, 0 bytes spill stores, 0 bytes spill loads
  ptxas info    : Used 22 registers, 384 bytes cmem[0]
  ptxas info    : Compiling entry function '_Z20img_affine_kernel_16PKciiPciiiffffffi' for 'sm_52'
  ptxas info    : Function properties for _Z20img_affine_kernel_16PKciiPciiiffffffi
      0 bytes stack frame, 0 bytes spill stores, 0 bytes spill loads
  ptxas info    : Used 22 registers, 384 bytes cmem[0]
  ptxas info    : Compiling entry function '_Z19img_resize_kernel_4PKciiPciiii' for 'sm_52'
  ptxas info    : Function properties for _Z19img_resize_kernel_4PKciiPciiii
      0 bytes stack frame, 0 bytes spill stores, 0 bytes spill loads
  ptxas info    : Used 26 registers, 360 bytes cmem[0], 12 bytes cmem[2]
  ptxas info    : Compiling entry function '_Z19img_resize_kernel_8PKciiPciiii' for 'sm_52'
  ptxas info    : Function properties for _Z19img_resize_kernel_8PKciiPciiii
      0 bytes stack frame, 0 bytes spill stores, 0 bytes spill loads
  ptxas info    : Used 27 registers, 360 bytes cmem[0], 12 bytes cmem[2]
  ptxas info    : Compiling entry function '_Z20img_resize_kernel_16PKciiPciiii' for 'sm_52'
  ptxas info    : Function properties for _Z20img_resize_kernel_16PKciiPciiii
      0 bytes stack frame, 0 bytes spill stores, 0 bytes spill loads
  ptxas info    : Used 28 registers, 360 bytes cmem[0], 12 bytes cmem[2]
  ptxas info    : Compiling entry function '_Z22img_trim_kernel4_pc04xPKciiiPciiii' for 'sm_52'
  ptxas info    : Function properties for _Z22img_trim_kernel4_pc04xPKciiiPciiii
      0 bytes stack frame, 0 bytes spill stores, 0 bytes spill loads
  ptxas info    : Used 29 registers, 368 bytes cmem[0]
  ptxas info    : Compiling entry function '_Z22img_trim_kernel8_pc04xPKciiiPciiii' for 'sm_52'
  ptxas info    : Function properties for _Z22img_trim_kernel8_pc04xPKciiiPciiii
      0 bytes stack frame, 0 bytes spill stores, 0 bytes spill loads
  ptxas info    : Used 23 registers, 368 bytes cmem[0]
  ptxas info    : Compiling entry function '_Z23img_trim_kernel16_pc04xPKciiiPciiii' for 'sm_52'
  ptxas info    : Function properties for _Z23img_trim_kernel16_pc04xPKciiiPciiii
      0 bytes stack frame, 0 bytes spill stores, 0 bytes spill loads
  ptxas info    : Used 22 registers, 368 bytes cmem[0]
  ptxas info    : Compiling entry function '_Z16img_trim_kernel4PKciiiPciiii' for 'sm_52'
  ptxas info    : Function properties for _Z16img_trim_kernel4PKciiiPciiii
      0 bytes stack frame, 0 bytes spill stores, 0 bytes spill loads
  ptxas info    : Used 23 registers, 368 bytes cmem[0]
  ptxas info    : Compiling entry function '_Z16img_trim_kernel8PKciiiPciiii' for 'sm_52'
  ptxas info    : Function properties for _Z16img_trim_kernel8PKciiiPciiii
      0 bytes stack frame, 0 bytes spill stores, 0 bytes spill loads
  ptxas info    : Used 31 registers, 368 bytes cmem[0]
  ptxas info    : Compiling entry function '_Z21img_pad_kernel4_pc04xPKciiiPciiii' for 'sm_52'
  ptxas info    : Function properties for _Z21img_pad_kernel4_pc04xPKciiiPciiii
      0 bytes stack frame, 0 bytes spill stores, 0 bytes spill loads
  ptxas info    : Used 31 registers, 368 bytes cmem[0]
  ptxas info    : Compiling entry function '_Z21img_pad_kernel8_pc04xPKciiiPciiii' for 'sm_52'
  ptxas info    : Function properties for _Z21img_pad_kernel8_pc04xPKciiiPciiii
      0 bytes stack frame, 0 bytes spill stores, 0 bytes spill loads
  ptxas info    : Used 29 registers, 368 bytes cmem[0]
  ptxas info    : Compiling entry function '_Z22img_pad_kernel16_pc04xPKciiiPciiii' for 'sm_52'
  ptxas info    : Function properties for _Z22img_pad_kernel16_pc04xPKciiiPciiii
      0 bytes stack frame, 0 bytes spill stores, 0 bytes spill loads
  ptxas info    : Used 30 registers, 368 bytes cmem[0]
  ptxas info    : Compiling entry function '_Z15img_pad_kernel4PKciiiPciiii' for 'sm_52'
  ptxas info    : Function properties for _Z15img_pad_kernel4PKciiiPciiii
      0 bytes stack frame, 0 bytes spill stores, 0 bytes spill loads
  ptxas info    : Used 32 registers, 368 bytes cmem[0]
  ptxas info    : Compiling entry function '_Z15img_pad_kernel8PKciiiPciiii' for 'sm_52'
  ptxas info    : Function properties for _Z15img_pad_kernel8PKciiiPciiii
      0 bytes stack frame, 0 bytes spill stores, 0 bytes spill loads
  ptxas info    : Used 27 registers, 368 bytes cmem[0]
  ptxas info    : Compiling entry function '_Z30img_linear_dual2D_row_kernel_4PKcPKfifffPciii' for 'sm_52'
  ptxas info    : Function properties for _Z30img_linear_dual2D_row_kernel_4PKcPKfifffPciii
      0 bytes stack frame, 0 bytes spill stores, 0 bytes spill loads
  ptxas info    : Used 32 registers, 372 bytes cmem[0]
  ptxas info    : Compiling entry function '_Z30img_linear_dual2D_row_kernel_8PKcPKfifffPciii' for 'sm_52'
  ptxas info    : Function properties for _Z30img_linear_dual2D_row_kernel_8PKcPKfifffPciii
      0 bytes stack frame, 0 bytes spill stores, 0 bytes spill loads
  ptxas info    : Used 32 registers, 372 bytes cmem[0]
  ptxas info    : Compiling entry function '_Z31img_linear_dual2D_row_kernel_16PKcPKfifffPciii' for 'sm_52'
  ptxas info    : Function properties for _Z31img_linear_dual2D_row_kernel_16PKcPKfifffPciii
      0 bytes stack frame, 0 bytes spill stores, 0 bytes spill loads
  ptxas info    : Used 40 registers, 372 bytes cmem[0]
  ptxas info    : Compiling entry function '_Z32img_linear_dual2D_field_kernel_4PKcPKfifffPciii' for 'sm_52'
  ptxas info    : Function properties for _Z32img_linear_dual2D_field_kernel_4PKcPKfifffPciii
      0 bytes stack frame, 0 bytes spill stores, 0 bytes spill loads
  ptxas info    : Used 29 registers, 372 bytes cmem[0]
  ptxas info    : Compiling entry function '_Z32img_linear_dual2D_field_kernel_8PKcPKfifffPciii' for 'sm_52'
  ptxas info    : Function properties for _Z32img_linear_dual2D_field_kernel_8PKcPKfifffPciii
      0 bytes stack frame, 0 bytes spill stores, 0 bytes spill loads
  ptxas info    : Used 32 registers, 372 bytes cmem[0]
  ptxas info    : Compiling entry function '_Z33img_linear_dual2D_field_kernel_16PKcPKfifffPciii' for 'sm_52'
  ptxas info    : Function properties for _Z33img_linear_dual2D_field_kernel_16PKcPKfifffPciii
      0 bytes stack frame, 0 bytes spill stores, 0 bytes spill loads
  ptxas info    : Used 47 registers, 372 bytes cmem[0]
  ptxas info    : Compiling entry function '_Z18img_exp2D_kernel_4PKcPcfffiii' for 'sm_52'
  ptxas info    : Function properties for _Z18img_exp2D_kernel_4PKcPcfffiii
      0 bytes stack frame, 0 bytes spill stores, 0 bytes spill loads
  ptxas info    : Used 31 registers, 360 bytes cmem[0], 12 bytes cmem[2]
  ptxas info    : Compiling entry function '_Z18img_exp2D_kernel_8PKcPcfffiii' for 'sm_52'
  ptxas info    : Function properties for _Z18img_exp2D_kernel_8PKcPcfffiii
      0 bytes stack frame, 0 bytes spill stores, 0 bytes spill loads
  ptxas info    : Used 32 registers, 360 bytes cmem[0], 12 bytes cmem[2]
  ptxas info    : Compiling entry function '_Z19img_exp2D_kernel_16PKcPcfffiii' for 'sm_52'
  ptxas info    : Function properties for _Z19img_exp2D_kernel_16PKcPcfffiii
      0 bytes stack frame, 0 bytes spill stores, 0 bytes spill loads
  ptxas info    : Used 32 registers, 360 bytes cmem[0], 12 bytes cmem[2]
  ptxas info    : Compiling entry function '_Z18img_log2D_kernel_4PKcPcfffiii' for 'sm_52'
  ptxas info    : Function properties for _Z18img_log2D_kernel_4PKcPcfffiii
      0 bytes stack frame, 0 bytes spill stores, 0 bytes spill loads
  ptxas info    : Used 31 registers, 360 bytes cmem[0], 44 bytes cmem[2]
  ptxas info    : Compiling entry function '_Z18img_log2D_kernel_8PKcPcfffiii' for 'sm_52'
  ptxas info    : Function properties for _Z18img_log2D_kernel_8PKcPcfffiii
      0 bytes stack frame, 0 bytes spill stores, 0 bytes spill loads
  ptxas info    : Used 32 registers, 360 bytes cmem[0], 44 bytes cmem[2]
  ptxas info    : Compiling entry function '_Z19img_log2D_kernel_16PKcPcfffiii' for 'sm_52'
  ptxas info    : Function properties for _Z19img_log2D_kernel_16PKcPcfffiii
      0 bytes stack frame, 0 bytes spill stores, 0 bytes spill loads
  ptxas info    : Used 32 registers, 360 bytes cmem[0], 44 bytes cmem[2]
  ptxas info    : Compiling entry function '_Z24img_quadratic2D_kernel_4PKcfffPciii' for 'sm_52'
  ptxas info    : Function properties for _Z24img_quadratic2D_kernel_4PKcfffPciii
      0 bytes stack frame, 0 bytes spill stores, 0 bytes spill loads
  ptxas info    : Used 29 registers, 364 bytes cmem[0]
  ptxas info    : Compiling entry function '_Z24img_quadratic2D_kernel_8PKcfffPciii' for 'sm_52'
  ptxas info    : Function properties for _Z24img_quadratic2D_kernel_8PKcfffPciii
      0 bytes stack frame, 0 bytes spill stores, 0 bytes spill loads
  ptxas info    : Used 32 registers, 364 bytes cmem[0]
  ptxas info    : Compiling entry function '_Z25img_quadratic2D_kernel_16PKcfffPciii' for 'sm_52'
  ptxas info    : Function properties for _Z25img_quadratic2D_kernel_16PKcfffPciii
      0 bytes stack frame, 0 bytes spill stores, 0 bytes spill loads
  ptxas info    : Used 32 registers, 364 bytes cmem[0]
  ptxas info    : Compiling entry function '_Z21img_linear2D_kernel_4fPKcfPciii' for 'sm_52'
  ptxas info    : Function properties for _Z21img_linear2D_kernel_4fPKcfPciii
      0 bytes stack frame, 0 bytes spill stores, 0 bytes spill loads
  ptxas info    : Used 30 registers, 364 bytes cmem[0]
  ptxas info    : Compiling entry function '_Z21img_linear2D_kernel_8fPKcfPciii' for 'sm_52'
  ptxas info    : Function properties for _Z21img_linear2D_kernel_8fPKcfPciii
      0 bytes stack frame, 0 bytes spill stores, 0 bytes spill loads
  ptxas info    : Used 31 registers, 364 bytes cmem[0]
  ptxas info    : Compiling entry function '_Z22img_linear2D_kernel_16fPKcfPciii' for 'sm_52'
  ptxas info    : Function properties for _Z22img_linear2D_kernel_16fPKcfPciii
      0 bytes stack frame, 0 bytes spill stores, 0 bytes spill loads
  ptxas info    : Used 48 registers, 364 bytes cmem[0]
  ptxas info    : Compiling entry function '_Z33img_dualLinear2_divide2D_kernel_4PKcS0_S0_fffffffPfiii' for 'sm_52'
  ptxas info    : Function properties for _Z33img_dualLinear2_divide2D_kernel_4PKcS0_S0_fffffffPfiii
      0 bytes stack frame, 0 bytes spill stores, 0 bytes spill loads
  ptxas info    : Used 33 registers, 396 bytes cmem[0], 12 bytes cmem[2]
  ptxas info    : Compiling entry function '_Z33img_dualLinear2_divide2D_kernel_8PKcS0_S0_fffffffPfiii' for 'sm_52'
  ptxas info    : Function properties for _Z33img_dualLinear2_divide2D_kernel_8PKcS0_S0_fffffffPfiii
      0 bytes stack frame, 0 bytes spill stores, 0 bytes spill loads
  ptxas info    : Used 40 registers, 396 bytes cmem[0], 12 bytes cmem[2]
  ptxas info    : Compiling entry function '_Z34img_dualLinear2_divide2D_kernel_16PKcS0_S0_fffffffPfiii' for 'sm_52'
  ptxas info    : Function properties for _Z34img_dualLinear2_divide2D_kernel_16PKcS0_S0_fffffffPfiii
      0 bytes stack frame, 0 bytes spill stores, 0 bytes spill loads
  ptxas info    : Used 58 registers, 396 bytes cmem[0], 12 bytes cmem[2]
  ptxas info    : Compiling entry function '_Z32img_linear2_div2D_field_kernel_4PKcPKfS2_iffffffPfiii' for 'sm_52'
  ptxas info    : Function properties for _Z32img_linear2_div2D_field_kernel_4PKcPKfS2_iffffffPfiii
      0 bytes stack frame, 0 bytes spill stores, 0 bytes spill loads
  ptxas info    : Used 32 registers, 396 bytes cmem[0], 12 bytes cmem[2]
  ptxas info    : Compiling entry function '_Z32img_linear2_div2D_field_kernel_8PKcPKfS2_iffffffPfiii' for 'sm_52'
  ptxas info    : Function properties for _Z32img_linear2_div2D_field_kernel_8PKcPKfS2_iffffffPfiii
      0 bytes stack frame, 0 bytes spill stores, 0 bytes spill loads
  ptxas info    : Used 35 registers, 396 bytes cmem[0], 12 bytes cmem[2]
  ptxas info    : Compiling entry function '_Z33img_linear2_div2D_field_kernel_16PKcPKfS2_iffffffPfiii' for 'sm_52'
  ptxas info    : Function properties for _Z33img_linear2_div2D_field_kernel_16PKcPKfS2_iffffffPfiii
      0 bytes stack frame, 0 bytes spill stores, 0 bytes spill loads
  ptxas info    : Used 43 registers, 396 bytes cmem[0], 12 bytes cmem[2]
  ptxas info    : Compiling entry function '_Z30img_linear2_div2D_row_kernel_4PKcPKfS2_iffffffPfiii' for 'sm_52'
  ptxas info    : Function properties for _Z30img_linear2_div2D_row_kernel_4PKcPKfS2_iffffffPfiii
      0 bytes stack frame, 0 bytes spill stores, 0 bytes spill loads
  ptxas info    : Used 32 registers, 396 bytes cmem[0]
  ptxas info    : Compiling entry function '_Z29linear2D_pixel2float_kernel_4fPKcfPfiii' for 'sm_52'
  ptxas info    : Function properties for _Z29linear2D_pixel2float_kernel_4fPKcfPfiii
      0 bytes stack frame, 0 bytes spill stores, 0 bytes spill loads
  ptxas info    : Used 31 registers, 364 bytes cmem[0]
  ptxas info    : Compiling entry function '_Z29linear2D_float2pixel_kernel_4fPKffPciii' for 'sm_52'
  ptxas info    : Function properties for _Z29linear2D_float2pixel_kernel_4fPKffPciii
      0 bytes stack frame, 0 bytes spill stores, 0 bytes spill loads
  ptxas info    : Used 31 registers, 364 bytes cmem[0]
  A.cu
    正在创建库 D:\virtual-discC-code\Dragon-alpha-3060ti\engine-cuda-base\Cuda_image\x64\Release\Cuda_image.lib 和对象 D:\virtual-discC-code\Dragon-alpha-3060ti\engine-cuda-base\Cuda_image\x64\Release\Cuda_image.exp
  LINK : 已指定 /LTCG，但不需要生成代码；从链接命令行中移除 /LTCG 以提高链接器性能
  Cuda_image.vcxproj -> D:\virtual-discC-code\Dragon-alpha-3060ti\engine-cuda-base\Cuda_image\x64\Release\Cuda_image.dll
